TpTrace Verbose: 0 : 39732, 1, 2024/04/25, 14:17:19.733, 6163066554166, vstest.console.dll, Version: 17.9.0-release-24072-02 Current process architecture: X64
TpTrace Verbose: 0 : 39732, 1, 2024/04/25, 14:17:19.736, 6163066582298, vstest.console.dll, Runtime location: C:\Program Files\dotnet\shared\Microsoft.NETCore.App\8.0.3
TpTrace Verbose: 0 : 39732, 1, 2024/04/25, 14:17:19.738, 6163066605832, vstest.console.dll, ArtifactProcessingPostProcessModeProcessorExecutor.Initialize: ArtifactProcessingMode.Collect
TpTrace Verbose: 0 : 39732, 1, 2024/04/25, 14:17:19.738, 6163066608068, vstest.console.dll, TestSessionCorrelationIdProcessorModeProcessorExecutor.Initialize: TestSessionCorrelationId '38308_677ed6d0-254f-44a4-8c1c-ce4f4b289dec'
TpTrace Information: 0 : 39732, 1, 2024/04/25, 14:17:19.747, 6163066696262, vstest.console.dll, FilePatternParser: The given file C:\Users\VC\codestack\GenSpark\day11\ShoppingSolution\ShoppingDALTest\bin\Debug\net6.0\fine-code-coverage\build-output\ShoppingDALTest.dll is a full path.
TpTrace Verbose: 0 : 39732, 1, 2024/04/25, 14:17:19.751, 6163066738579, vstest.console.dll, TestPluginCache.DiscoverTestExtensions: finding test extensions in assemblies ends with: RuntimeProvider.dll TPluginInfo: Microsoft.VisualStudio.TestPlatform.Common.ExtensionFramework.Utilities.TestRuntimePluginInformation TExtension: Microsoft.VisualStudio.TestPlatform.ObjectModel.Host.ITestRuntimeProvider
TpTrace Verbose: 0 : 39732, 1, 2024/04/25, 14:17:19.752, 6163066742302, vstest.console.dll, TestPluginCache.GetExtensionPaths: Filtered extension paths: 
TpTrace Verbose: 0 : 39732, 1, 2024/04/25, 14:17:19.752, 6163066743161, vstest.console.dll, TestPluginCache.GetExtensionPaths: Added default extension paths: C:\Program Files\dotnet\sdk\8.0.202\Extensions\Microsoft.Diagnostics.NETCore.Client.dll
C:\Program Files\dotnet\sdk\8.0.202\Extensions\Microsoft.TestPlatform.Extensions.BlameDataCollector.dll
C:\Program Files\dotnet\sdk\8.0.202\Extensions\Microsoft.TestPlatform.Extensions.EventLogCollector.dll
C:\Program Files\dotnet\sdk\8.0.202\Extensions\Microsoft.TestPlatform.TestHostRuntimeProvider.dll
C:\Program Files\dotnet\sdk\8.0.202\Extensions\Microsoft.VisualStudio.TestPlatform.Extensions.Html.TestLogger.dll
C:\Program Files\dotnet\sdk\8.0.202\Extensions\Microsoft.VisualStudio.TestPlatform.Extensions.Trx.TestLogger.dll
TpTrace Verbose: 0 : 39732, 1, 2024/04/25, 14:17:19.752, 6163066743464, vstest.console.dll, TestPluginCache.GetExtensionPaths: Added unfilterableExtensionPaths: 
TpTrace Information: 0 : 39732, 1, 2024/04/25, 14:17:19.752, 6163066747907, vstest.console.dll, AssemblyResolver.ctor: Creating AssemblyResolver with searchDirectories C:\Program Files\dotnet\sdk\8.0.202\Extensions,C:\Program Files\dotnet\sdk\8.0.202
TpTrace Verbose: 0 : 39732, 1, 2024/04/25, 14:17:19.754, 6163066761646, vstest.console.dll, TestPluginCache.DiscoverTestExtensions: Discovering the extensions using extension path.
TpTrace Verbose: 0 : 39732, 1, 2024/04/25, 14:17:19.754, 6163066763159, vstest.console.dll, TestPluginCache.GetExtensionPaths: Filtered extension paths: 
TpTrace Verbose: 0 : 39732, 1, 2024/04/25, 14:17:19.754, 6163066763607, vstest.console.dll, TestPluginCache.GetExtensionPaths: Added default extension paths: C:\Program Files\dotnet\sdk\8.0.202\Extensions\Microsoft.Diagnostics.NETCore.Client.dll
C:\Program Files\dotnet\sdk\8.0.202\Extensions\Microsoft.TestPlatform.Extensions.BlameDataCollector.dll
C:\Program Files\dotnet\sdk\8.0.202\Extensions\Microsoft.TestPlatform.Extensions.EventLogCollector.dll
C:\Program Files\dotnet\sdk\8.0.202\Extensions\Microsoft.TestPlatform.TestHostRuntimeProvider.dll
C:\Program Files\dotnet\sdk\8.0.202\Extensions\Microsoft.VisualStudio.TestPlatform.Extensions.Html.TestLogger.dll
C:\Program Files\dotnet\sdk\8.0.202\Extensions\Microsoft.VisualStudio.TestPlatform.Extensions.Trx.TestLogger.dll
TpTrace Verbose: 0 : 39732, 1, 2024/04/25, 14:17:19.754, 6163066763877, vstest.console.dll, TestPluginCache.GetExtensionPaths: Added unfilterableExtensionPaths: 
TpTrace Verbose: 0 : 39732, 1, 2024/04/25, 14:17:19.754, 6163066764430, vstest.console.dll, TestPluginCache.DiscoverTestExtensions: Discovering the extensions using allExtensionPaths: C:\Program Files\dotnet\sdk\8.0.202\Extensions\Microsoft.Diagnostics.NETCore.Client.dll
C:\Program Files\dotnet\sdk\8.0.202\Extensions\Microsoft.TestPlatform.Extensions.BlameDataCollector.dll
C:\Program Files\dotnet\sdk\8.0.202\Extensions\Microsoft.TestPlatform.Extensions.EventLogCollector.dll
C:\Program Files\dotnet\sdk\8.0.202\Extensions\Microsoft.TestPlatform.TestHostRuntimeProvider.dll
C:\Program Files\dotnet\sdk\8.0.202\Extensions\Microsoft.VisualStudio.TestPlatform.Extensions.Html.TestLogger.dll
C:\Program Files\dotnet\sdk\8.0.202\Extensions\Microsoft.VisualStudio.TestPlatform.Extensions.Trx.TestLogger.dll
TpTrace Information: 0 : 39732, 1, 2024/04/25, 14:17:19.754, 6163066765759, vstest.console.dll, AssemblyResolver.AddSearchDirectories: Adding more searchDirectories C:\Program Files\dotnet\sdk\8.0.202\Extensions,C:\Program Files\dotnet\sdk\8.0.202
TpTrace Information: 0 : 39732, 1, 2024/04/25, 14:17:19.754, 6163066766239, vstest.console.dll, AssemblyResolver.AddSearchDirectories: Adding more searchDirectories C:\Program Files\dotnet\sdk\8.0.202\Extensions,C:\Program Files\dotnet\sdk\8.0.202
TpTrace Information: 0 : 39732, 1, 2024/04/25, 14:17:19.754, 6163066766566, vstest.console.dll, AssemblyResolver.AddSearchDirectories: Adding more searchDirectories C:\Program Files\dotnet\sdk\8.0.202\Extensions,C:\Program Files\dotnet\sdk\8.0.202
TpTrace Information: 0 : 39732, 1, 2024/04/25, 14:17:19.754, 6163066766818, vstest.console.dll, AssemblyResolver.AddSearchDirectories: Adding more searchDirectories C:\Program Files\dotnet\sdk\8.0.202\Extensions,C:\Program Files\dotnet\sdk\8.0.202
TpTrace Information: 0 : 39732, 1, 2024/04/25, 14:17:19.754, 6163066767059, vstest.console.dll, AssemblyResolver.AddSearchDirectories: Adding more searchDirectories C:\Program Files\dotnet\sdk\8.0.202\Extensions,C:\Program Files\dotnet\sdk\8.0.202
TpTrace Information: 0 : 39732, 1, 2024/04/25, 14:17:19.754, 6163066767346, vstest.console.dll, AssemblyResolver.AddSearchDirectories: Adding more searchDirectories C:\Program Files\dotnet\sdk\8.0.202\Extensions,C:\Program Files\dotnet\sdk\8.0.202
TpTrace Information: 0 : 39732, 1, 2024/04/25, 14:17:19.755, 6163066771457, vstest.console.dll, AssemblyResolver.OnResolve: Microsoft.Diagnostics.NETCore.Client: Resolving assembly.
TpTrace Information: 0 : 39732, 1, 2024/04/25, 14:17:19.755, 6163066772179, vstest.console.dll, AssemblyResolver.OnResolve: Microsoft.Diagnostics.NETCore.Client: Searching in: 'C:\Program Files\dotnet\sdk\8.0.202\Extensions'.
TpTrace Information: 0 : 39732, 1, 2024/04/25, 14:17:19.763, 6163066855792, vstest.console.dll, AssemblyResolver.OnResolve: Microsoft.Diagnostics.NETCore.Client: Loading assembly 'C:\Program Files\dotnet\sdk\8.0.202\Extensions\Microsoft.Diagnostics.NETCore.Client.dll'.
TpTrace Information: 0 : 39732, 1, 2024/04/25, 14:17:19.764, 6163066866247, vstest.console.dll, AssemblyResolver.OnResolve: Resolved assembly: Microsoft.Diagnostics.NETCore.Client, from path: C:\Program Files\dotnet\sdk\8.0.202\Extensions\Microsoft.Diagnostics.NETCore.Client.dll
TpTrace Verbose: 0 : 39732, 1, 2024/04/25, 14:17:19.771, 6163066940012, vstest.console.dll, MetadataReaderExtensionsHelper: Discovering extensions inside assembly 'Microsoft.Diagnostics.NETCore.Client, Version=0.2.9.2401, Culture=neutral, PublicKeyToken=31bf3856ad364e35' file path 'C:\Program Files\dotnet\sdk\8.0.202\Extensions\Microsoft.Diagnostics.NETCore.Client.dll'
TpTrace Information: 0 : 39732, 1, 2024/04/25, 14:17:19.778, 6163067001700, vstest.console.dll, AssemblyResolver.OnResolve: Microsoft.Bcl.AsyncInterfaces: Resolving assembly.
TpTrace Information: 0 : 39732, 1, 2024/04/25, 14:17:19.778, 6163067006251, vstest.console.dll, AssemblyResolver.OnResolve: Microsoft.Bcl.AsyncInterfaces: Searching in: 'C:\Program Files\dotnet\sdk\8.0.202\Extensions'.
TpTrace Information: 0 : 39732, 1, 2024/04/25, 14:17:19.779, 6163067018740, vstest.console.dll, AssemblyResolver.OnResolve: Microsoft.Bcl.AsyncInterfaces: Assembly path does not exist: 'C:\Program Files\dotnet\sdk\8.0.202\Extensions\Microsoft.Bcl.AsyncInterfaces.dll', returning.
TpTrace Information: 0 : 39732, 1, 2024/04/25, 14:17:19.780, 6163067022607, vstest.console.dll, AssemblyResolver.OnResolve: Microsoft.Bcl.AsyncInterfaces: Assembly path does not exist: 'C:\Program Files\dotnet\sdk\8.0.202\Extensions\Microsoft.Bcl.AsyncInterfaces.exe', returning.
TpTrace Information: 0 : 39732, 1, 2024/04/25, 14:17:19.780, 6163067023816, vstest.console.dll, AssemblyResolver.OnResolve: Microsoft.Bcl.AsyncInterfaces: Searching in: 'C:\Program Files\dotnet\sdk\8.0.202'.
TpTrace Information: 0 : 39732, 1, 2024/04/25, 14:17:19.780, 6163067024795, vstest.console.dll, AssemblyResolver.OnResolve: Microsoft.Bcl.AsyncInterfaces: Assembly path does not exist: 'C:\Program Files\dotnet\sdk\8.0.202\Microsoft.Bcl.AsyncInterfaces.dll', returning.
TpTrace Information: 0 : 39732, 1, 2024/04/25, 14:17:19.780, 6163067025527, vstest.console.dll, AssemblyResolver.OnResolve: Microsoft.Bcl.AsyncInterfaces: Assembly path does not exist: 'C:\Program Files\dotnet\sdk\8.0.202\Microsoft.Bcl.AsyncInterfaces.exe', returning.
TpTrace Information: 0 : 39732, 1, 2024/04/25, 14:17:19.780, 6163067025994, vstest.console.dll, AssemblyResolver.OnResolve: Microsoft.Bcl.AsyncInterfaces: Failed to load assembly.
TpTrace Verbose: 0 : 39732, 1, 2024/04/25, 14:17:19.780, 6163067026742, vstest.console.dll, CurrentDomainAssemblyResolve: Resolving assembly 'Microsoft.Bcl.AsyncInterfaces'.
TpTrace Information: 0 : 39732, 1, 2024/04/25, 14:17:19.780, 6163067028680, vstest.console.dll, AssemblyResolver.OnResolve: Microsoft.Bcl.AsyncInterfaces: Resolving assembly.
TpTrace Information: 0 : 39732, 1, 2024/04/25, 14:17:19.780, 6163067029663, vstest.console.dll, AssemblyResolver.OnResolve: Microsoft.Bcl.AsyncInterfaces: Resolved from cache.
TpTrace Verbose: 0 : 39732, 1, 2024/04/25, 14:17:19.781, 6163067030380, vstest.console.dll, CurrentDomainAssemblyResolve: Resolving assembly 'Microsoft.Bcl.AsyncInterfaces'.
TpTrace Verbose: 0 : 39732, 1, 2024/04/25, 14:17:19.781, 6163067030900, vstest.console.dll, CurrentDomainAssemblyResolve: Failed to resolve assembly 'Microsoft.Bcl.AsyncInterfaces'.
TpTrace Verbose: 0 : 39732, 1, 2024/04/25, 14:17:19.781, 6163067039195, vstest.console.dll, CurrentDomainAssemblyResolve: Failed to resolve assembly 'Microsoft.Bcl.AsyncInterfaces'.
TpTrace Warning: 0 : 39732, 1, 2024/04/25, 14:17:19.794, 6163067160432, vstest.console.dll, TestPluginDiscoverer: Failed to get types from assembly 'Microsoft.Diagnostics.NETCore.Client, Version=0.2.9.2401, Culture=neutral, PublicKeyToken=31bf3856ad364e35'. Error: System.Reflection.ReflectionTypeLoadException: Unable to load one or more of the requested types.
Could not load file or assembly 'Microsoft.Bcl.AsyncInterfaces, Version=6.0.0.0, Culture=neutral, PublicKeyToken=cc7b13ffcd2ddd51'. The system cannot find the file specified.
   at System.Reflection.RuntimeModule.GetTypes(RuntimeModule module)
   at System.Reflection.RuntimeModule.GetTypes()
   at Microsoft.VisualStudio.TestPlatform.Common.ExtensionFramework.TestPluginDiscoverer.GetTestExtensionsFromAssembly[TPluginInfo,TExtension](Assembly assembly, Dictionary`2 pluginInfos, String filePath) in /_/src/Microsoft.TestPlatform.Common/ExtensionFramework/TestPluginDiscoverer.cs:line 158
System.IO.FileNotFoundException: Could not load file or assembly 'Microsoft.Bcl.AsyncInterfaces, Version=6.0.0.0, Culture=neutral, PublicKeyToken=cc7b13ffcd2ddd51'. The system cannot find the file specified.
File name: 'Microsoft.Bcl.AsyncInterfaces, Version=6.0.0.0, Culture=neutral, PublicKeyToken=cc7b13ffcd2ddd51'
 ---> System.IO.FileNotFoundException: Could not load file or assembly 'Microsoft.Bcl.AsyncInterfaces, Culture=neutral, PublicKeyToken=null'. The system cannot find the file specified.
File name: 'Microsoft.Bcl.AsyncInterfaces, Culture=neutral, PublicKeyToken=null'
   at System.Reflection.RuntimeAssembly.InternalLoad(AssemblyName assemblyName, StackCrawlMark& stackMark, AssemblyLoadContext assemblyLoadContext, RuntimeAssembly requestingAssembly, Boolean throwOnFileNotFound)
   at System.Reflection.Assembly.Load(AssemblyName assemblyRef)
   at Microsoft.VisualStudio.TestPlatform.Common.ExtensionFramework.TestPluginCache.CurrentDomainAssemblyResolve(Object sender, AssemblyResolveEventArgs args) in /_/src/Microsoft.TestPlatform.Common/ExtensionFramework/TestPluginCache.cs:line 513
   at System.Runtime.Loader.AssemblyLoadContext.GetFirstResolvedAssemblyFromResolvingEvent(AssemblyName assemblyName)
   at System.Runtime.Loader.AssemblyLoadContext.ResolveUsingEvent(AssemblyName assemblyName)
   at System.Runtime.Loader.AssemblyLoadContext.ResolveUsingResolvingEvent(IntPtr gchManagedAssemblyLoadContext, AssemblyName assemblyName)
TpTrace Warning: 0 : 39732, 1, 2024/04/25, 14:17:19.794, 6163067163865, vstest.console.dll, LoaderExceptions: System.IO.FileNotFoundException: Could not load file or assembly 'Microsoft.Bcl.AsyncInterfaces, Version=6.0.0.0, Culture=neutral, PublicKeyToken=cc7b13ffcd2ddd51'. The system cannot find the file specified.
File name: 'Microsoft.Bcl.AsyncInterfaces, Version=6.0.0.0, Culture=neutral, PublicKeyToken=cc7b13ffcd2ddd51'
 ---> System.IO.FileNotFoundException: Could not load file or assembly 'Microsoft.Bcl.AsyncInterfaces, Culture=neutral, PublicKeyToken=null'. The system cannot find the file specified.
File name: 'Microsoft.Bcl.AsyncInterfaces, Culture=neutral, PublicKeyToken=null'
   at System.Reflection.RuntimeAssembly.InternalLoad(AssemblyName assemblyName, StackCrawlMark& stackMark, AssemblyLoadContext assemblyLoadContext, RuntimeAssembly requestingAssembly, Boolean throwOnFileNotFound)
   at System.Reflection.Assembly.Load(AssemblyName assemblyRef)
   at Microsoft.VisualStudio.TestPlatform.Common.ExtensionFramework.TestPluginCache.CurrentDomainAssemblyResolve(Object sender, AssemblyResolveEventArgs args) in /_/src/Microsoft.TestPlatform.Common/ExtensionFramework/TestPluginCache.cs:line 513
   at System.Runtime.Loader.AssemblyLoadContext.GetFirstResolvedAssemblyFromResolvingEvent(AssemblyName assemblyName)
   at System.Runtime.Loader.AssemblyLoadContext.ResolveUsingEvent(AssemblyName assemblyName)
   at System.Runtime.Loader.AssemblyLoadContext.ResolveUsingResolvingEvent(IntPtr gchManagedAssemblyLoadContext, AssemblyName assemblyName)
TpTrace Information: 0 : 39732, 1, 2024/04/25, 14:17:19.794, 6163067165434, vstest.console.dll, AssemblyResolver.OnResolve: Microsoft.TestPlatform.Extensions.BlameDataCollector: Resolving assembly.
TpTrace Information: 0 : 39732, 1, 2024/04/25, 14:17:19.794, 6163067165828, vstest.console.dll, AssemblyResolver.OnResolve: Microsoft.TestPlatform.Extensions.BlameDataCollector: Searching in: 'C:\Program Files\dotnet\sdk\8.0.202\Extensions'.
TpTrace Information: 0 : 39732, 1, 2024/04/25, 14:17:19.794, 6163067169049, vstest.console.dll, AssemblyResolver.OnResolve: Microsoft.TestPlatform.Extensions.BlameDataCollector: Loading assembly 'C:\Program Files\dotnet\sdk\8.0.202\Extensions\Microsoft.TestPlatform.Extensions.BlameDataCollector.dll'.
TpTrace Information: 0 : 39732, 1, 2024/04/25, 14:17:19.795, 6163067174958, vstest.console.dll, AssemblyResolver.OnResolve: Resolved assembly: Microsoft.TestPlatform.Extensions.BlameDataCollector, from path: C:\Program Files\dotnet\sdk\8.0.202\Extensions\Microsoft.TestPlatform.Extensions.BlameDataCollector.dll
TpTrace Verbose: 0 : 39732, 1, 2024/04/25, 14:17:19.795, 6163067175698, vstest.console.dll, MetadataReaderExtensionsHelper: Discovering extensions inside assembly 'Microsoft.TestPlatform.Extensions.BlameDataCollector, Version=15.0.0.0, Culture=neutral, PublicKeyToken=b03f5f7f11d50a3a' file path 'C:\Program Files\dotnet\sdk\8.0.202\Extensions\Microsoft.TestPlatform.Extensions.BlameDataCollector.dll'
TpTrace Information: 0 : 39732, 1, 2024/04/25, 14:17:19.796, 6163067187447, vstest.console.dll, AssemblyResolver.OnResolve: Microsoft.TestPlatform.Extensions.EventLogCollector: Resolving assembly.
TpTrace Information: 0 : 39732, 1, 2024/04/25, 14:17:19.796, 6163067188057, vstest.console.dll, AssemblyResolver.OnResolve: Microsoft.TestPlatform.Extensions.EventLogCollector: Searching in: 'C:\Program Files\dotnet\sdk\8.0.202\Extensions'.
TpTrace Information: 0 : 39732, 1, 2024/04/25, 14:17:19.797, 6163067190915, vstest.console.dll, AssemblyResolver.OnResolve: Microsoft.TestPlatform.Extensions.EventLogCollector: Loading assembly 'C:\Program Files\dotnet\sdk\8.0.202\Extensions\Microsoft.TestPlatform.Extensions.EventLogCollector.dll'.
TpTrace Information: 0 : 39732, 1, 2024/04/25, 14:17:19.797, 6163067195336, vstest.console.dll, AssemblyResolver.OnResolve: Resolved assembly: Microsoft.TestPlatform.Extensions.EventLogCollector, from path: C:\Program Files\dotnet\sdk\8.0.202\Extensions\Microsoft.TestPlatform.Extensions.EventLogCollector.dll
TpTrace Verbose: 0 : 39732, 1, 2024/04/25, 14:17:19.797, 6163067196034, vstest.console.dll, MetadataReaderExtensionsHelper: Discovering extensions inside assembly 'Microsoft.TestPlatform.Extensions.EventLogCollector, Version=15.0.0.0, Culture=neutral, PublicKeyToken=b03f5f7f11d50a3a' file path 'C:\Program Files\dotnet\sdk\8.0.202\Extensions\Microsoft.TestPlatform.Extensions.EventLogCollector.dll'
TpTrace Information: 0 : 39732, 1, 2024/04/25, 14:17:19.800, 6163067227193, vstest.console.dll, AssemblyResolver.OnResolve: Microsoft.TestPlatform.TestHostRuntimeProvider: Resolving assembly.
TpTrace Information: 0 : 39732, 1, 2024/04/25, 14:17:19.800, 6163067228575, vstest.console.dll, AssemblyResolver.OnResolve: Microsoft.TestPlatform.TestHostRuntimeProvider: Searching in: 'C:\Program Files\dotnet\sdk\8.0.202\Extensions'.
TpTrace Information: 0 : 39732, 1, 2024/04/25, 14:17:19.801, 6163067232542, vstest.console.dll, AssemblyResolver.OnResolve: Microsoft.TestPlatform.TestHostRuntimeProvider: Loading assembly 'C:\Program Files\dotnet\sdk\8.0.202\Extensions\Microsoft.TestPlatform.TestHostRuntimeProvider.dll'.
TpTrace Information: 0 : 39732, 1, 2024/04/25, 14:17:19.801, 6163067239575, vstest.console.dll, AssemblyResolver.OnResolve: Resolved assembly: Microsoft.TestPlatform.TestHostRuntimeProvider, from path: C:\Program Files\dotnet\sdk\8.0.202\Extensions\Microsoft.TestPlatform.TestHostRuntimeProvider.dll
TpTrace Verbose: 0 : 39732, 1, 2024/04/25, 14:17:19.802, 6163067240457, vstest.console.dll, MetadataReaderExtensionsHelper: Discovering extensions inside assembly 'Microsoft.TestPlatform.TestHostRuntimeProvider, Version=15.0.0.0, Culture=neutral, PublicKeyToken=b03f5f7f11d50a3a' file path 'C:\Program Files\dotnet\sdk\8.0.202\Extensions\Microsoft.TestPlatform.TestHostRuntimeProvider.dll'
TpTrace Information: 0 : 39732, 1, 2024/04/25, 14:17:19.803, 6163067257664, vstest.console.dll, GetTestExtensionFromType: Register extension with identifier data 'HostProvider://DefaultTestHost' and type 'Microsoft.VisualStudio.TestPlatform.CrossPlatEngine.Hosting.DefaultTestHostManager, Microsoft.TestPlatform.TestHostRuntimeProvider, Version=15.0.0.0, Culture=neutral, PublicKeyToken=b03f5f7f11d50a3a' inside file 'C:\Program Files\dotnet\sdk\8.0.202\Extensions\Microsoft.TestPlatform.TestHostRuntimeProvider.dll'
TpTrace Information: 0 : 39732, 1, 2024/04/25, 14:17:19.804, 6163067261855, vstest.console.dll, GetTestExtensionFromType: Register extension with identifier data 'HostProvider://DotnetTestHost' and type 'Microsoft.VisualStudio.TestPlatform.CrossPlatEngine.Hosting.DotnetTestHostManager, Microsoft.TestPlatform.TestHostRuntimeProvider, Version=15.0.0.0, Culture=neutral, PublicKeyToken=b03f5f7f11d50a3a' inside file 'C:\Program Files\dotnet\sdk\8.0.202\Extensions\Microsoft.TestPlatform.TestHostRuntimeProvider.dll'
TpTrace Information: 0 : 39732, 1, 2024/04/25, 14:17:19.804, 6163067262970, vstest.console.dll, AssemblyResolver.OnResolve: Microsoft.VisualStudio.TestPlatform.Extensions.Html.TestLogger: Resolving assembly.
TpTrace Information: 0 : 39732, 1, 2024/04/25, 14:17:19.804, 6163067263471, vstest.console.dll, AssemblyResolver.OnResolve: Microsoft.VisualStudio.TestPlatform.Extensions.Html.TestLogger: Searching in: 'C:\Program Files\dotnet\sdk\8.0.202\Extensions'.
TpTrace Information: 0 : 39732, 1, 2024/04/25, 14:17:19.804, 6163067267463, vstest.console.dll, AssemblyResolver.OnResolve: Microsoft.VisualStudio.TestPlatform.Extensions.Html.TestLogger: Loading assembly 'C:\Program Files\dotnet\sdk\8.0.202\Extensions\Microsoft.VisualStudio.TestPlatform.Extensions.Html.TestLogger.dll'.
TpTrace Information: 0 : 39732, 1, 2024/04/25, 14:17:19.805, 6163067273372, vstest.console.dll, AssemblyResolver.OnResolve: Resolved assembly: Microsoft.VisualStudio.TestPlatform.Extensions.Html.TestLogger, from path: C:\Program Files\dotnet\sdk\8.0.202\Extensions\Microsoft.VisualStudio.TestPlatform.Extensions.Html.TestLogger.dll
TpTrace Verbose: 0 : 39732, 1, 2024/04/25, 14:17:19.805, 6163067274194, vstest.console.dll, MetadataReaderExtensionsHelper: Discovering extensions inside assembly 'Microsoft.VisualStudio.TestPlatform.Extensions.Html.TestLogger, Version=15.0.0.0, Culture=neutral, PublicKeyToken=b03f5f7f11d50a3a' file path 'C:\Program Files\dotnet\sdk\8.0.202\Extensions\Microsoft.VisualStudio.TestPlatform.Extensions.Html.TestLogger.dll'
TpTrace Information: 0 : 39732, 1, 2024/04/25, 14:17:19.806, 6163067281832, vstest.console.dll, AssemblyResolver.OnResolve: Microsoft.VisualStudio.TestPlatform.Extensions.Trx.TestLogger: Resolving assembly.
TpTrace Information: 0 : 39732, 1, 2024/04/25, 14:17:19.806, 6163067282510, vstest.console.dll, AssemblyResolver.OnResolve: Microsoft.VisualStudio.TestPlatform.Extensions.Trx.TestLogger: Searching in: 'C:\Program Files\dotnet\sdk\8.0.202\Extensions'.
TpTrace Information: 0 : 39732, 1, 2024/04/25, 14:17:19.806, 6163067285423, vstest.console.dll, AssemblyResolver.OnResolve: Microsoft.VisualStudio.TestPlatform.Extensions.Trx.TestLogger: Loading assembly 'C:\Program Files\dotnet\sdk\8.0.202\Extensions\Microsoft.VisualStudio.TestPlatform.Extensions.Trx.TestLogger.dll'.
TpTrace Information: 0 : 39732, 1, 2024/04/25, 14:17:19.807, 6163067291879, vstest.console.dll, AssemblyResolver.OnResolve: Resolved assembly: Microsoft.VisualStudio.TestPlatform.Extensions.Trx.TestLogger, from path: C:\Program Files\dotnet\sdk\8.0.202\Extensions\Microsoft.VisualStudio.TestPlatform.Extensions.Trx.TestLogger.dll
TpTrace Verbose: 0 : 39732, 1, 2024/04/25, 14:17:19.807, 6163067292676, vstest.console.dll, MetadataReaderExtensionsHelper: Discovering extensions inside assembly 'Microsoft.VisualStudio.TestPlatform.Extensions.Trx.TestLogger, Version=15.0.0.0, Culture=neutral, PublicKeyToken=b03f5f7f11d50a3a' file path 'C:\Program Files\dotnet\sdk\8.0.202\Extensions\Microsoft.VisualStudio.TestPlatform.Extensions.Trx.TestLogger.dll'
TpTrace Verbose: 0 : 39732, 1, 2024/04/25, 14:17:19.808, 6163067301159, vstest.console.dll, TestPluginCache: Discovered the extensions using extension path ''.
TpTrace Verbose: 0 : 39732, 1, 2024/04/25, 14:17:19.808, 6163067302030, vstest.console.dll, TestPluginCache: Discoverers are ''.
TpTrace Verbose: 0 : 39732, 1, 2024/04/25, 14:17:19.808, 6163067302337, vstest.console.dll, TestPluginCache: Executors are ''.
TpTrace Verbose: 0 : 39732, 1, 2024/04/25, 14:17:19.808, 6163067302562, vstest.console.dll, TestPluginCache: Executors2 are ''.
TpTrace Verbose: 0 : 39732, 1, 2024/04/25, 14:17:19.808, 6163067302782, vstest.console.dll, TestPluginCache: Setting providers are ''.
TpTrace Verbose: 0 : 39732, 1, 2024/04/25, 14:17:19.808, 6163067302999, vstest.console.dll, TestPluginCache: Loggers are ''.
TpTrace Verbose: 0 : 39732, 1, 2024/04/25, 14:17:19.808, 6163067304461, vstest.console.dll, TestPluginCache: TestHosts are 'HostProvider://DefaultTestHost,HostProvider://DotnetTestHost'.
TpTrace Verbose: 0 : 39732, 1, 2024/04/25, 14:17:19.808, 6163067304771, vstest.console.dll, TestPluginCache: DataCollectors are ''.
TpTrace Information: 0 : 39732, 1, 2024/04/25, 14:17:19.823, 6163067451614, vstest.console.dll, RunTestsArgumentProcessor:Execute: Test run is starting.
TpTrace Verbose: 0 : 39732, 1, 2024/04/25, 14:17:19.823, 6163067452683, vstest.console.dll, RunTestsArgumentProcessor:Execute: Queuing Test run.
TpTrace Information: 0 : 39732, 1, 2024/04/25, 14:17:19.823, 6163067455994, vstest.console.dll, TestRequestManager.RunTests: run tests started.
TpTrace Information: 0 : 39732, 1, 2024/04/25, 14:17:19.824, 6163067468587, vstest.console.dll, AssemblyMetadataProvider.GetFrameworkName: Determined framework:'.NETCoreApp,Version=v6.0' for source: 'C:\Users\VC\codestack\GenSpark\day11\ShoppingSolution\ShoppingDALTest\bin\Debug\net6.0\fine-code-coverage\build-output\ShoppingDALTest.dll'
TpTrace Information: 0 : 39732, 1, 2024/04/25, 14:17:19.824, 6163067470136, vstest.console.dll, Determined framework for all sources: .NETCoreApp,Version=v6.0
TpTrace Verbose: 0 : 39732, 1, 2024/04/25, 14:17:19.825, 6163067474416, vstest.console.dll, TestRequestManager.UpdateRunSettingsIfRequired: Default architecture: X64 IsDefaultTargetArchitecture: True, Current process architecture: X64 OperatingSystem: Windows.
TpTrace Information: 0 : 39732, 1, 2024/04/25, 14:17:19.827, 6163067498825, vstest.console.dll, AssemblyMetadataProvider.GetArchitecture: Determined architecture:AnyCPU info for assembly: C:\Users\VC\codestack\GenSpark\day11\ShoppingSolution\ShoppingDALTest\bin\Debug\net6.0\fine-code-coverage\build-output\ShoppingDALTest.dll
TpTrace Information: 0 : 39732, 1, 2024/04/25, 14:17:19.827, 6163067500221, vstest.console.dll, Determined platform for source 'C:\Users\VC\codestack\GenSpark\day11\ShoppingSolution\ShoppingDALTest\bin\Debug\net6.0\fine-code-coverage\build-output\ShoppingDALTest.dll' was AnyCPU and it will use the default plaform X64.
TpTrace Information: 0 : 39732, 1, 2024/04/25, 14:17:19.828, 6163067500697, vstest.console.dll, None of the sources provided any runnable platform, using the default platform: X64
TpTrace Information: 0 : 39732, 1, 2024/04/25, 14:17:19.828, 6163067502140, vstest.console.dll, Platform was updated to 'X64'.
TpTrace Information: 0 : 39732, 1, 2024/04/25, 14:17:19.831, 6163067539189, vstest.console.dll, InferRunSettingsHelper.IsTestSettingsEnabled: Unable to navigate to RunSettings/MSTest. Current node: RunSettings
TpTrace Information: 0 : 39732, 1, 2024/04/25, 14:17:19.832, 6163067547182, vstest.console.dll, AssemblyResolver.OnResolve: Microsoft.VisualStudio.TestPlatform.Fakes: Resolving assembly.
TpTrace Information: 0 : 39732, 1, 2024/04/25, 14:17:19.832, 6163067547898, vstest.console.dll, AssemblyResolver.OnResolve: Microsoft.VisualStudio.TestPlatform.Fakes: Searching in: 'C:\Program Files\dotnet\sdk\8.0.202\Extensions'.
TpTrace Information: 0 : 39732, 1, 2024/04/25, 14:17:19.832, 6163067548771, vstest.console.dll, AssemblyResolver.OnResolve: Microsoft.VisualStudio.TestPlatform.Fakes: Assembly path does not exist: 'C:\Program Files\dotnet\sdk\8.0.202\Extensions\Microsoft.VisualStudio.TestPlatform.Fakes.dll', returning.
TpTrace Information: 0 : 39732, 1, 2024/04/25, 14:17:19.832, 6163067549318, vstest.console.dll, AssemblyResolver.OnResolve: Microsoft.VisualStudio.TestPlatform.Fakes: Assembly path does not exist: 'C:\Program Files\dotnet\sdk\8.0.202\Extensions\Microsoft.VisualStudio.TestPlatform.Fakes.exe', returning.
TpTrace Information: 0 : 39732, 1, 2024/04/25, 14:17:19.832, 6163067549668, vstest.console.dll, AssemblyResolver.OnResolve: Microsoft.VisualStudio.TestPlatform.Fakes: Searching in: 'C:\Program Files\dotnet\sdk\8.0.202'.
TpTrace Information: 0 : 39732, 1, 2024/04/25, 14:17:19.832, 6163067550160, vstest.console.dll, AssemblyResolver.OnResolve: Microsoft.VisualStudio.TestPlatform.Fakes: Assembly path does not exist: 'C:\Program Files\dotnet\sdk\8.0.202\Microsoft.VisualStudio.TestPlatform.Fakes.dll', returning.
TpTrace Information: 0 : 39732, 1, 2024/04/25, 14:17:19.833, 6163067550609, vstest.console.dll, AssemblyResolver.OnResolve: Microsoft.VisualStudio.TestPlatform.Fakes: Assembly path does not exist: 'C:\Program Files\dotnet\sdk\8.0.202\Microsoft.VisualStudio.TestPlatform.Fakes.exe', returning.
TpTrace Information: 0 : 39732, 1, 2024/04/25, 14:17:19.833, 6163067550854, vstest.console.dll, AssemblyResolver.OnResolve: Microsoft.VisualStudio.TestPlatform.Fakes: Failed to load assembly.
TpTrace Information: 0 : 39732, 1, 2024/04/25, 14:17:19.833, 6163067553243, vstest.console.dll, Failed to load assembly Microsoft.VisualStudio.TestPlatform.Fakes, Version=17.0.0.0, Culture=neutral. Reason:System.IO.FileNotFoundException: Could not load file or assembly 'Microsoft.VisualStudio.TestPlatform.Fakes, Version=17.0.0.0, Culture=neutral, PublicKeyToken=null'. The system cannot find the file specified.
File name: 'Microsoft.VisualStudio.TestPlatform.Fakes, Version=17.0.0.0, Culture=neutral, PublicKeyToken=null'
   at System.Reflection.RuntimeAssembly.InternalLoad(AssemblyName assemblyName, StackCrawlMark& stackMark, AssemblyLoadContext assemblyLoadContext, RuntimeAssembly requestingAssembly, Boolean throwOnFileNotFound)
   at System.Reflection.Assembly.Load(AssemblyName assemblyRef)
   at Microsoft.VisualStudio.TestPlatform.Common.Utilities.FakesUtilities.LoadTestPlatformAssembly() in /_/src/Microsoft.TestPlatform.Common/Utilities/FakesUtilities.cs:line 272
TpTrace Verbose: 0 : 39732, 1, 2024/04/25, 14:17:19.836, 6163067581842, vstest.console.dll, TestPluginCache.DiscoverTestExtensions: finding test extensions in assemblies ends with: TestLogger.dll TPluginInfo: Microsoft.VisualStudio.TestPlatform.Common.ExtensionFramework.Utilities.TestLoggerPluginInformation TExtension: Microsoft.VisualStudio.TestPlatform.ObjectModel.Client.ITestLogger
TpTrace Verbose: 0 : 39732, 1, 2024/04/25, 14:17:19.836, 6163067583097, vstest.console.dll, TestPluginCache.GetExtensionPaths: Filtered extension paths: 
TpTrace Verbose: 0 : 39732, 1, 2024/04/25, 14:17:19.836, 6163067583533, vstest.console.dll, TestPluginCache.GetExtensionPaths: Added default extension paths: C:\Program Files\dotnet\sdk\8.0.202\Extensions\Microsoft.Diagnostics.NETCore.Client.dll
C:\Program Files\dotnet\sdk\8.0.202\Extensions\Microsoft.TestPlatform.Extensions.BlameDataCollector.dll
C:\Program Files\dotnet\sdk\8.0.202\Extensions\Microsoft.TestPlatform.Extensions.EventLogCollector.dll
C:\Program Files\dotnet\sdk\8.0.202\Extensions\Microsoft.TestPlatform.TestHostRuntimeProvider.dll
C:\Program Files\dotnet\sdk\8.0.202\Extensions\Microsoft.VisualStudio.TestPlatform.Extensions.Html.TestLogger.dll
C:\Program Files\dotnet\sdk\8.0.202\Extensions\Microsoft.VisualStudio.TestPlatform.Extensions.Trx.TestLogger.dll
TpTrace Verbose: 0 : 39732, 1, 2024/04/25, 14:17:19.836, 6163067583789, vstest.console.dll, TestPluginCache.GetExtensionPaths: Added unfilterableExtensionPaths: 
TpTrace Information: 0 : 39732, 1, 2024/04/25, 14:17:19.836, 6163067585107, vstest.console.dll, AssemblyResolver.AddSearchDirectories: Adding more searchDirectories C:\Program Files\dotnet\sdk\8.0.202\Extensions,C:\Program Files\dotnet\sdk\8.0.202
TpTrace Verbose: 0 : 39732, 1, 2024/04/25, 14:17:19.836, 6163067585512, vstest.console.dll, TestPluginCache.DiscoverTestExtensions: Discovering the extensions using extension path.
TpTrace Verbose: 0 : 39732, 1, 2024/04/25, 14:17:19.836, 6163067585980, vstest.console.dll, TestPluginCache.GetExtensionPaths: Filtered extension paths: 
TpTrace Verbose: 0 : 39732, 1, 2024/04/25, 14:17:19.836, 6163067586475, vstest.console.dll, TestPluginCache.GetExtensionPaths: Added default extension paths: C:\Program Files\dotnet\sdk\8.0.202\Extensions\Microsoft.Diagnostics.NETCore.Client.dll
C:\Program Files\dotnet\sdk\8.0.202\Extensions\Microsoft.TestPlatform.Extensions.BlameDataCollector.dll
C:\Program Files\dotnet\sdk\8.0.202\Extensions\Microsoft.TestPlatform.Extensions.EventLogCollector.dll
C:\Program Files\dotnet\sdk\8.0.202\Extensions\Microsoft.TestPlatform.TestHostRuntimeProvider.dll
C:\Program Files\dotnet\sdk\8.0.202\Extensions\Microsoft.VisualStudio.TestPlatform.Extensions.Html.TestLogger.dll
C:\Program Files\dotnet\sdk\8.0.202\Extensions\Microsoft.VisualStudio.TestPlatform.Extensions.Trx.TestLogger.dll
TpTrace Verbose: 0 : 39732, 1, 2024/04/25, 14:17:19.836, 6163067586731, vstest.console.dll, TestPluginCache.GetExtensionPaths: Added unfilterableExtensionPaths: 
TpTrace Verbose: 0 : 39732, 1, 2024/04/25, 14:17:19.836, 6163067587020, vstest.console.dll, TestPluginCache.DiscoverTestExtensions: Discovering the extensions using allExtensionPaths: C:\Program Files\dotnet\sdk\8.0.202\Extensions\Microsoft.Diagnostics.NETCore.Client.dll
C:\Program Files\dotnet\sdk\8.0.202\Extensions\Microsoft.TestPlatform.Extensions.BlameDataCollector.dll
C:\Program Files\dotnet\sdk\8.0.202\Extensions\Microsoft.TestPlatform.Extensions.EventLogCollector.dll
C:\Program Files\dotnet\sdk\8.0.202\Extensions\Microsoft.TestPlatform.TestHostRuntimeProvider.dll
C:\Program Files\dotnet\sdk\8.0.202\Extensions\Microsoft.VisualStudio.TestPlatform.Extensions.Html.TestLogger.dll
C:\Program Files\dotnet\sdk\8.0.202\Extensions\Microsoft.VisualStudio.TestPlatform.Extensions.Trx.TestLogger.dll
TpTrace Information: 0 : 39732, 1, 2024/04/25, 14:17:19.836, 6163067587509, vstest.console.dll, AssemblyResolver.AddSearchDirectories: Adding more searchDirectories C:\Program Files\dotnet\sdk\8.0.202\Extensions,C:\Program Files\dotnet\sdk\8.0.202
TpTrace Information: 0 : 39732, 1, 2024/04/25, 14:17:19.836, 6163067587832, vstest.console.dll, AssemblyResolver.AddSearchDirectories: Adding more searchDirectories C:\Program Files\dotnet\sdk\8.0.202\Extensions,C:\Program Files\dotnet\sdk\8.0.202
TpTrace Information: 0 : 39732, 1, 2024/04/25, 14:17:19.836, 6163067588081, vstest.console.dll, AssemblyResolver.AddSearchDirectories: Adding more searchDirectories C:\Program Files\dotnet\sdk\8.0.202\Extensions,C:\Program Files\dotnet\sdk\8.0.202
TpTrace Information: 0 : 39732, 1, 2024/04/25, 14:17:19.836, 6163067588322, vstest.console.dll, AssemblyResolver.AddSearchDirectories: Adding more searchDirectories C:\Program Files\dotnet\sdk\8.0.202\Extensions,C:\Program Files\dotnet\sdk\8.0.202
TpTrace Information: 0 : 39732, 1, 2024/04/25, 14:17:19.836, 6163067588561, vstest.console.dll, AssemblyResolver.AddSearchDirectories: Adding more searchDirectories C:\Program Files\dotnet\sdk\8.0.202\Extensions,C:\Program Files\dotnet\sdk\8.0.202
TpTrace Information: 0 : 39732, 1, 2024/04/25, 14:17:19.836, 6163067588865, vstest.console.dll, AssemblyResolver.AddSearchDirectories: Adding more searchDirectories C:\Program Files\dotnet\sdk\8.0.202\Extensions,C:\Program Files\dotnet\sdk\8.0.202
TpTrace Verbose: 0 : 39732, 1, 2024/04/25, 14:17:19.836, 6163067589906, vstest.console.dll, MetadataReaderExtensionsHelper: Discovering extensions inside assembly 'Microsoft.Diagnostics.NETCore.Client, Version=0.2.9.2401, Culture=neutral, PublicKeyToken=31bf3856ad364e35' file path 'C:\Program Files\dotnet\sdk\8.0.202\Extensions\Microsoft.Diagnostics.NETCore.Client.dll'
TpTrace Information: 0 : 39732, 1, 2024/04/25, 14:17:19.837, 6163067598506, vstest.console.dll, AssemblyResolver.OnResolve: Microsoft.Bcl.AsyncInterfaces: Resolving assembly.
TpTrace Information: 0 : 39732, 1, 2024/04/25, 14:17:19.837, 6163067599376, vstest.console.dll, AssemblyResolver.OnResolve: Microsoft.Bcl.AsyncInterfaces: Resolved from cache.
TpTrace Verbose: 0 : 39732, 1, 2024/04/25, 14:17:19.837, 6163067599695, vstest.console.dll, CurrentDomainAssemblyResolve: Resolving assembly 'Microsoft.Bcl.AsyncInterfaces'.
TpTrace Information: 0 : 39732, 1, 2024/04/25, 14:17:19.837, 6163067600085, vstest.console.dll, AssemblyResolver.OnResolve: Microsoft.Bcl.AsyncInterfaces: Resolving assembly.
TpTrace Information: 0 : 39732, 1, 2024/04/25, 14:17:19.837, 6163067600330, vstest.console.dll, AssemblyResolver.OnResolve: Microsoft.Bcl.AsyncInterfaces: Resolved from cache.
TpTrace Verbose: 0 : 39732, 1, 2024/04/25, 14:17:19.838, 6163067600560, vstest.console.dll, CurrentDomainAssemblyResolve: Resolving assembly 'Microsoft.Bcl.AsyncInterfaces'.
TpTrace Verbose: 0 : 39732, 1, 2024/04/25, 14:17:19.838, 6163067600792, vstest.console.dll, CurrentDomainAssemblyResolve: Failed to resolve assembly 'Microsoft.Bcl.AsyncInterfaces'.
TpTrace Verbose: 0 : 39732, 1, 2024/04/25, 14:17:19.838, 6163067602495, vstest.console.dll, CurrentDomainAssemblyResolve: Failed to resolve assembly 'Microsoft.Bcl.AsyncInterfaces'.
TpTrace Warning: 0 : 39732, 1, 2024/04/25, 14:17:19.838, 6163067605969, vstest.console.dll, TestPluginDiscoverer: Failed to get types from assembly 'Microsoft.Diagnostics.NETCore.Client, Version=0.2.9.2401, Culture=neutral, PublicKeyToken=31bf3856ad364e35'. Error: System.Reflection.ReflectionTypeLoadException: Unable to load one or more of the requested types.
Could not load file or assembly 'Microsoft.Bcl.AsyncInterfaces, Version=6.0.0.0, Culture=neutral, PublicKeyToken=cc7b13ffcd2ddd51'. The system cannot find the file specified.
   at System.Reflection.RuntimeModule.GetTypes(RuntimeModule module)
   at System.Reflection.RuntimeModule.GetTypes()
   at Microsoft.VisualStudio.TestPlatform.Common.ExtensionFramework.TestPluginDiscoverer.GetTestExtensionsFromAssembly[TPluginInfo,TExtension](Assembly assembly, Dictionary`2 pluginInfos, String filePath) in /_/src/Microsoft.TestPlatform.Common/ExtensionFramework/TestPluginDiscoverer.cs:line 158
System.IO.FileNotFoundException: Could not load file or assembly 'Microsoft.Bcl.AsyncInterfaces, Version=6.0.0.0, Culture=neutral, PublicKeyToken=cc7b13ffcd2ddd51'. The system cannot find the file specified.
File name: 'Microsoft.Bcl.AsyncInterfaces, Version=6.0.0.0, Culture=neutral, PublicKeyToken=cc7b13ffcd2ddd51'
 ---> System.IO.FileNotFoundException: Could not load file or assembly 'Microsoft.Bcl.AsyncInterfaces, Culture=neutral, PublicKeyToken=null'. The system cannot find the file specified.
File name: 'Microsoft.Bcl.AsyncInterfaces, Culture=neutral, PublicKeyToken=null'
   at System.Reflection.RuntimeAssembly.InternalLoad(AssemblyName assemblyName, StackCrawlMark& stackMark, AssemblyLoadContext assemblyLoadContext, RuntimeAssembly requestingAssembly, Boolean throwOnFileNotFound)
   at System.Reflection.Assembly.Load(AssemblyName assemblyRef)
   at Microsoft.VisualStudio.TestPlatform.Common.ExtensionFramework.TestPluginCache.CurrentDomainAssemblyResolve(Object sender, AssemblyResolveEventArgs args) in /_/src/Microsoft.TestPlatform.Common/ExtensionFramework/TestPluginCache.cs:line 513
   at System.Runtime.Loader.AssemblyLoadContext.GetFirstResolvedAssemblyFromResolvingEvent(AssemblyName assemblyName)
   at System.Runtime.Loader.AssemblyLoadContext.ResolveUsingEvent(AssemblyName assemblyName)
   at System.Runtime.Loader.AssemblyLoadContext.ResolveUsingResolvingEvent(IntPtr gchManagedAssemblyLoadContext, AssemblyName assemblyName)
TpTrace Warning: 0 : 39732, 1, 2024/04/25, 14:17:19.838, 6163067608133, vstest.console.dll, LoaderExceptions: System.IO.FileNotFoundException: Could not load file or assembly 'Microsoft.Bcl.AsyncInterfaces, Version=6.0.0.0, Culture=neutral, PublicKeyToken=cc7b13ffcd2ddd51'. The system cannot find the file specified.
File name: 'Microsoft.Bcl.AsyncInterfaces, Version=6.0.0.0, Culture=neutral, PublicKeyToken=cc7b13ffcd2ddd51'
 ---> System.IO.FileNotFoundException: Could not load file or assembly 'Microsoft.Bcl.AsyncInterfaces, Culture=neutral, PublicKeyToken=null'. The system cannot find the file specified.
File name: 'Microsoft.Bcl.AsyncInterfaces, Culture=neutral, PublicKeyToken=null'
   at System.Reflection.RuntimeAssembly.InternalLoad(AssemblyName assemblyName, StackCrawlMark& stackMark, AssemblyLoadContext assemblyLoadContext, RuntimeAssembly requestingAssembly, Boolean throwOnFileNotFound)
   at System.Reflection.Assembly.Load(AssemblyName assemblyRef)
   at Microsoft.VisualStudio.TestPlatform.Common.ExtensionFramework.TestPluginCache.CurrentDomainAssemblyResolve(Object sender, AssemblyResolveEventArgs args) in /_/src/Microsoft.TestPlatform.Common/ExtensionFramework/TestPluginCache.cs:line 513
   at System.Runtime.Loader.AssemblyLoadContext.GetFirstResolvedAssemblyFromResolvingEvent(AssemblyName assemblyName)
   at System.Runtime.Loader.AssemblyLoadContext.ResolveUsingEvent(AssemblyName assemblyName)
   at System.Runtime.Loader.AssemblyLoadContext.ResolveUsingResolvingEvent(IntPtr gchManagedAssemblyLoadContext, AssemblyName assemblyName)
TpTrace Verbose: 0 : 39732, 1, 2024/04/25, 14:17:19.838, 6163067608979, vstest.console.dll, MetadataReaderExtensionsHelper: Discovering extensions inside assembly 'Microsoft.TestPlatform.Extensions.BlameDataCollector, Version=15.0.0.0, Culture=neutral, PublicKeyToken=b03f5f7f11d50a3a' file path 'C:\Program Files\dotnet\sdk\8.0.202\Extensions\Microsoft.TestPlatform.Extensions.BlameDataCollector.dll'
TpTrace Information: 0 : 39732, 1, 2024/04/25, 14:17:19.839, 6163067618392, vstest.console.dll, GetTestExtensionFromType: Register extension with identifier data 'logger://Microsoft/TestPlatform/Extensions/Blame/v1' and type 'Microsoft.TestPlatform.Extensions.BlameDataCollector.BlameLogger, Microsoft.TestPlatform.Extensions.BlameDataCollector, Version=15.0.0.0, Culture=neutral, PublicKeyToken=b03f5f7f11d50a3a' inside file 'C:\Program Files\dotnet\sdk\8.0.202\Extensions\Microsoft.TestPlatform.Extensions.BlameDataCollector.dll'
TpTrace Verbose: 0 : 39732, 1, 2024/04/25, 14:17:19.840, 6163067620457, vstest.console.dll, MetadataReaderExtensionsHelper: Discovering extensions inside assembly 'Microsoft.TestPlatform.Extensions.EventLogCollector, Version=15.0.0.0, Culture=neutral, PublicKeyToken=b03f5f7f11d50a3a' file path 'C:\Program Files\dotnet\sdk\8.0.202\Extensions\Microsoft.TestPlatform.Extensions.EventLogCollector.dll'
TpTrace Verbose: 0 : 39732, 1, 2024/04/25, 14:17:19.840, 6163067626015, vstest.console.dll, MetadataReaderExtensionsHelper: Discovering extensions inside assembly 'Microsoft.TestPlatform.TestHostRuntimeProvider, Version=15.0.0.0, Culture=neutral, PublicKeyToken=b03f5f7f11d50a3a' file path 'C:\Program Files\dotnet\sdk\8.0.202\Extensions\Microsoft.TestPlatform.TestHostRuntimeProvider.dll'
TpTrace Verbose: 0 : 39732, 1, 2024/04/25, 14:17:19.840, 6163067629980, vstest.console.dll, MetadataReaderExtensionsHelper: Discovering extensions inside assembly 'Microsoft.VisualStudio.TestPlatform.Extensions.Html.TestLogger, Version=15.0.0.0, Culture=neutral, PublicKeyToken=b03f5f7f11d50a3a' file path 'C:\Program Files\dotnet\sdk\8.0.202\Extensions\Microsoft.VisualStudio.TestPlatform.Extensions.Html.TestLogger.dll'
TpTrace Information: 0 : 39732, 1, 2024/04/25, 14:17:19.841, 6163067635453, vstest.console.dll, GetTestExtensionFromType: Register extension with identifier data 'logger://Microsoft/TestPlatform/HtmlLogger/v1' and type 'Microsoft.VisualStudio.TestPlatform.Extensions.HtmlLogger.HtmlLogger, Microsoft.VisualStudio.TestPlatform.Extensions.Html.TestLogger, Version=15.0.0.0, Culture=neutral, PublicKeyToken=b03f5f7f11d50a3a' inside file 'C:\Program Files\dotnet\sdk\8.0.202\Extensions\Microsoft.VisualStudio.TestPlatform.Extensions.Html.TestLogger.dll'
TpTrace Verbose: 0 : 39732, 1, 2024/04/25, 14:17:19.841, 6163067636025, vstest.console.dll, MetadataReaderExtensionsHelper: Discovering extensions inside assembly 'Microsoft.VisualStudio.TestPlatform.Extensions.Trx.TestLogger, Version=15.0.0.0, Culture=neutral, PublicKeyToken=b03f5f7f11d50a3a' file path 'C:\Program Files\dotnet\sdk\8.0.202\Extensions\Microsoft.VisualStudio.TestPlatform.Extensions.Trx.TestLogger.dll'
TpTrace Information: 0 : 39732, 1, 2024/04/25, 14:17:19.841, 6163067639079, vstest.console.dll, GetTestExtensionFromType: Register extension with identifier data 'logger://Microsoft/TestPlatform/TrxLogger/v1' and type 'Microsoft.VisualStudio.TestPlatform.Extensions.TrxLogger.TrxLogger, Microsoft.VisualStudio.TestPlatform.Extensions.Trx.TestLogger, Version=15.0.0.0, Culture=neutral, PublicKeyToken=b03f5f7f11d50a3a' inside file 'C:\Program Files\dotnet\sdk\8.0.202\Extensions\Microsoft.VisualStudio.TestPlatform.Extensions.Trx.TestLogger.dll'
TpTrace Verbose: 0 : 39732, 1, 2024/04/25, 14:17:19.841, 6163067639675, vstest.console.dll, TestPluginCache: Discovered the extensions using extension path ''.
TpTrace Verbose: 0 : 39732, 1, 2024/04/25, 14:17:19.841, 6163067639995, vstest.console.dll, TestPluginCache: Discoverers are ''.
TpTrace Verbose: 0 : 39732, 1, 2024/04/25, 14:17:19.841, 6163067640219, vstest.console.dll, TestPluginCache: Executors are ''.
TpTrace Verbose: 0 : 39732, 1, 2024/04/25, 14:17:19.842, 6163067640436, vstest.console.dll, TestPluginCache: Executors2 are ''.
TpTrace Verbose: 0 : 39732, 1, 2024/04/25, 14:17:19.842, 6163067640654, vstest.console.dll, TestPluginCache: Setting providers are ''.
TpTrace Verbose: 0 : 39732, 1, 2024/04/25, 14:17:19.842, 6163067641413, vstest.console.dll, TestPluginCache: Loggers are 'logger://Microsoft/TestPlatform/Extensions/Blame/v1,logger://Microsoft/TestPlatform/HtmlLogger/v1,logger://Microsoft/TestPlatform/TrxLogger/v1'.
TpTrace Verbose: 0 : 39732, 1, 2024/04/25, 14:17:19.842, 6163067641788, vstest.console.dll, TestPluginCache: TestHosts are 'HostProvider://DefaultTestHost,HostProvider://DotnetTestHost'.
TpTrace Verbose: 0 : 39732, 1, 2024/04/25, 14:17:19.842, 6163067642069, vstest.console.dll, TestPluginCache: DataCollectors are ''.
TpTrace Information: 0 : 39732, 1, 2024/04/25, 14:17:19.843, 6163067650410, vstest.console.dll, TestPluginManager.CreateTestExtension: Attempting to load test extension: Microsoft.TestPlatform.Extensions.BlameDataCollector.BlameLogger
TpTrace Verbose: 0 : 39732, 1, 2024/04/25, 14:17:19.849, 6163067715582, vstest.console.dll, TestEngine: Initializing Parallel Execution as MaxCpuCount is set to: 1
TpTrace Information: 0 : 39732, 1, 2024/04/25, 14:17:19.850, 6163067728951, vstest.console.dll, TestPluginManager.CreateTestExtension: Attempting to load test extension: Microsoft.VisualStudio.TestPlatform.CrossPlatEngine.Hosting.DefaultTestHostManager
TpTrace Information: 0 : 39732, 1, 2024/04/25, 14:17:19.851, 6163067738926, vstest.console.dll, TestPluginManager.CreateTestExtension: Attempting to load test extension: Microsoft.VisualStudio.TestPlatform.CrossPlatEngine.Hosting.DotnetTestHostManager
TpTrace Information: 0 : 39732, 1, 2024/04/25, 14:17:19.852, 6163067743955, vstest.console.dll, InferRunSettingsHelper.IsTestSettingsEnabled: Unable to navigate to RunSettings/MSTest. Current node: RunSettings
TpTrace Verbose: 0 : 39732, 1, 2024/04/25, 14:17:19.853, 6163067752375, vstest.console.dll, ParallelOperationManager.ClearSlots: Clearing all slots. Slots should accept more work: True
TpTrace Verbose: 0 : 39732, 1, 2024/04/25, 14:17:19.853, 6163067757514, vstest.console.dll, ParallelOperationManager.SetOccupiedSlotCount: Setting slot counts AvailableSlotCount = 1, OccupiedSlotCount = 0.
TpTrace Verbose: 0 : 39732, 1, 2024/04/25, 14:17:19.853, 6163067759919, vstest.console.dll, Occupied slots:

TpTrace Verbose: 0 : 39732, 1, 2024/04/25, 14:17:19.856, 6163067784643, vstest.console.dll, TestEngine.GetExecutionManager: Chosen execution manager 'Microsoft.VisualStudio.TestPlatform.CrossPlatEngine.Client.Parallel.ParallelProxyExecutionManager, Microsoft.TestPlatform.CrossPlatEngine, Version=15.0.0.0, Culture=neutral, PublicKeyToken=b03f5f7f11d50a3a' ParallelLevel '1'.
TpTrace Verbose: 0 : 39732, 1, 2024/04/25, 14:17:19.856, 6163067785797, vstest.console.dll, TestRunRequest.ExecuteAsync: Creating test run request.
TpTrace Verbose: 0 : 39732, 1, 2024/04/25, 14:17:19.856, 6163067787652, vstest.console.dll, TestRunRequest.ExecuteAsync: Starting.
TpTrace Information: 0 : 39732, 1, 2024/04/25, 14:17:19.857, 6163067797157, vstest.console.dll, TestRunRequest.ExecuteAsync: Starting run with settings:TestRunCriteria:
   KeepAlive=False,FrequencyOfRunStatsChangeEvent=10,RunStatsChangeEventTimeout=00:00:01.5000000,TestCaseFilter=,TestExecutorLauncher=
   Settingsxml=<RunSettings>
  <RunConfiguration>
    <ResultsDirectory>C:\Users\VC\codestack\GenSpark\day11\ShoppingSolution\ShoppingDALTest\bin\Debug\net6.0\fine-code-coverage\coverage-tool-output</ResultsDirectory>
    <TargetPlatform>X64</TargetPlatform>
    <TargetFrameworkVersion>.NETCoreApp,Version=v6.0</TargetFrameworkVersion>
    <DesignMode>False</DesignMode>
    <CollectSourceInformation>False</CollectSourceInformation>
  </RunConfiguration>
  <LoggerRunSettings>
    <Loggers>
      <Logger friendlyName="blame" enabled="True" />
      <Logger friendlyName="Console" uri="logger://microsoft/TestPlatform/ConsoleLogger/v1" assemblyQualifiedName="Microsoft.VisualStudio.TestPlatform.CommandLine.Internal.ConsoleLogger, vstest.console, Version=15.0.0.0, Culture=neutral, PublicKeyToken=b03f5f7f11d50a3a" codeBase="C:\Program Files\dotnet\sdk\8.0.202\vstest.console.dll" enabled="True" />
    </Loggers>
  </LoggerRunSettings>
  <DataCollectionRunSettings>
    <DataCollectors>
      <DataCollector friendlyName="blame" enabled="True">
        <Configuration>
          <ResultsDirectory>C:\Users\VC\codestack\GenSpark\day11\ShoppingSolution\ShoppingDALTest\bin\Debug\net6.0\fine-code-coverage\coverage-tool-output</ResultsDirectory>
        </Configuration>
      </DataCollector>
    </DataCollectors>
  </DataCollectionRunSettings>
</RunSettings>

TpTrace Verbose: 0 : 39732, 1, 2024/04/25, 14:17:19.857, 6163067797786, vstest.console.dll, TestRunRequest.ExecuteAsync: Wait for the first run request is over.
TpTrace Verbose: 0 : 39732, 1, 2024/04/25, 14:17:19.858, 6163067800396, vstest.console.dll, MulticastDelegateUtilities.SafeInvoke: TestRun.TestRunStart: Invoking callbacks was skipped because there are no subscribers.
TpTrace Verbose: 0 : 39732, 4, 2024/04/25, 14:17:19.858, 6163067803512, vstest.console.dll, MulticastDelegateUtilities.SafeInvoke: InternalTestLoggerEvents.SendTestRunStart: Invoking callback 1/1 for Microsoft.VisualStudio.TestPlatform.CommandLine.Internal.ConsoleLogger., took 0 ms.
TpTrace Verbose: 0 : 39732, 1, 2024/04/25, 14:17:19.859, 6163067810684, vstest.console.dll, ParallelProxyExecutionManager: Start execution. Total sources: 1
TpTrace Verbose: 0 : 39732, 1, 2024/04/25, 14:17:19.859, 6163067817612, vstest.console.dll, ParallelOperationManager.StartWork: Starting adding 1 workloads.
TpTrace Verbose: 0 : 39732, 1, 2024/04/25, 14:17:19.859, 6163067819238, vstest.console.dll, ParallelOperationManager.ClearSlots: Clearing all slots. Slots should accept more work: True
TpTrace Verbose: 0 : 39732, 1, 2024/04/25, 14:17:19.860, 6163067820993, vstest.console.dll, ParallelOperationManager.SetOccupiedSlotCount: Setting slot counts AvailableSlotCount = 1, OccupiedSlotCount = 0.
TpTrace Verbose: 0 : 39732, 1, 2024/04/25, 14:17:19.860, 6163067821560, vstest.console.dll, Occupied slots:

TpTrace Verbose: 0 : 39732, 1, 2024/04/25, 14:17:19.861, 6163067837912, vstest.console.dll, TestRequestSender is acting as server.
TpTrace Verbose: 0 : 39732, 1, 2024/04/25, 14:17:19.863, 6163067853104, vstest.console.dll, ParallelOperationManager.RunWorkInParallel: Adding 1 workload to slot, remaining workloads 0.
TpTrace Verbose: 0 : 39732, 1, 2024/04/25, 14:17:19.863, 6163067853890, vstest.console.dll, ParallelOperationManager.SetOccupiedSlotCount: Setting slot counts AvailableSlotCount = 0, OccupiedSlotCount = 1.
TpTrace Verbose: 0 : 39732, 1, 2024/04/25, 14:17:19.863, 6163067856606, vstest.console.dll, Occupied slots:
0: C:\Users\VC\codestack\GenSpark\day11\ShoppingSolution\ShoppingDALTest\bin\Debug\net6.0\fine-code-coverage\build-output\ShoppingDALTest.dll
TpTrace Verbose: 0 : 39732, 1, 2024/04/25, 14:17:19.864, 6163067868635, vstest.console.dll, ParallelOperationManager.RunWorkInParallel: Started host in slot number 0 for work (source): C:\Users\VC\codestack\GenSpark\day11\ShoppingSolution\ShoppingDALTest\bin\Debug\net6.0\fine-code-coverage\build-output\ShoppingDALTest.dll.
TpTrace Verbose: 0 : 39732, 1, 2024/04/25, 14:17:19.865, 6163067877515, vstest.console.dll, ParallelOperationManager.RunWorkInParallel: We started 1 work items, which is the max parallel level. Won't start more work.
TpTrace Verbose: 0 : 39732, 1, 2024/04/25, 14:17:19.865, 6163067878514, vstest.console.dll, ParallelOperationManager.RunWorkInParallel: We started 1 work items in here, returning True.
TpTrace Information: 0 : 39732, 1, 2024/04/25, 14:17:19.865, 6163067878960, vstest.console.dll, TestRunRequest.ExecuteAsync: Started.
TpTrace Verbose: 0 : 39732, 5, 2024/04/25, 14:17:19.865, 6163067879377, vstest.console.dll, ParallelProxyExecutionManager.StartTestRunOnConcurrentManager: Initializing uninitialized client. Started clients: 0
TpTrace Verbose: 0 : 39732, 5, 2024/04/25, 14:17:19.866, 6163067881486, vstest.console.dll, DataCollectionRequestSender.InitializeCommunication : Initialize communication. 
TpTrace Verbose: 0 : 39732, 1, 2024/04/25, 14:17:19.866, 6163067884801, vstest.console.dll, TestRunRequest.WaitForCompletion: Waiting with timeout -1.
TpTrace Information: 0 : 39732, 5, 2024/04/25, 14:17:19.875, 6163067976526, vstest.console.dll, Listening on Endpoint : 127.0.0.1:61492
TpTrace Verbose: 0 : 39732, 5, 2024/04/25, 14:17:19.883, 6163068054663, vstest.console.dll, DotnetDataCollectionLauncher: Adding  --runtimeconfig "C:\Program Files\dotnet\sdk\8.0.202\datacollector.runtimeconfig.json" in args
TpTrace Verbose: 0 : 39732, 5, 2024/04/25, 14:17:19.883, 6163068056347, vstest.console.dll, DotnetDataCollectionLauncher: Adding  --depsfile "C:\Program Files\dotnet\sdk\8.0.202\datacollector.deps.json" in args
TpTrace Verbose: 0 : 39732, 5, 2024/04/25, 14:17:19.884, 6163068063728, vstest.console.dll, DotnetDataCollectionLauncher: Full path of dotnet.exe is C:\Program Files\dotnet\dotnet.exe
TpTrace Information: 0 : 39732, 5, 2024/04/25, 14:17:19.892, 6163068141079, vstest.console.dll, ProxyDataCollectionManager.Initialize: Launched datacollector processId: 40412 port: 61492
TpTrace Information: 0 : 39732, 5, 2024/04/25, 14:17:19.892, 6163068144232, vstest.console.dll, ProxyDataCollectionManager.Initialize: waiting for connection with timeout: 90 seconds
TpTrace Verbose: 0 : 39732, 5, 2024/04/25, 14:17:19.892, 6163068145518, vstest.console.dll, DataCollectionRequestSender.WaitForRequestHandlerConnection : Waiting for connection with timeout: 90000
TpTrace Information: 0 : 39732, 7, 2024/04/25, 14:17:20.106, 6163070285567, vstest.console.dll, Using the buffer size of 16384 bytes
TpTrace Verbose: 0 : 39732, 5, 2024/04/25, 14:17:20.106, 6163070286107, vstest.console.dll, SocketCommunicationManager.WaitForClientConnection took: 213 ms, with 90000 ms timeout, and finished with True.
TpTrace Information: 0 : 39732, 7, 2024/04/25, 14:17:20.106, 6163070287173, vstest.console.dll, Accepted Client request and set the flag
TpTrace Verbose: 0 : 39732, 5, 2024/04/25, 14:17:20.106, 6163070288587, vstest.console.dll, ProxyDataCollectionManager.InvokeDataCollectionServiceAction: Starting.
TpTrace Information: 0 : 39732, 5, 2024/04/25, 14:17:20.106, 6163070289573, vstest.console.dll, ProxyDataCollectionManager.BeforeTestRunStart: Get environment variable and port for datacollector processId: 40412 port: 61492
TpTrace Verbose: 0 : 39732, 5, 2024/04/25, 14:17:20.107, 6163070290925, vstest.console.dll, DataCollectionRequestSender.SendBeforeTestRunStartAndGetResult: Send BeforeTestRunStart message with settingsXml <RunSettings><RunConfiguration><ResultsDirectory>C:\Users\VC\codestack\GenSpark\day11\ShoppingSolution\ShoppingDALTest\bin\Debug\net6.0\fine-code-coverage\coverage-tool-output</ResultsDirectory><TargetPlatform>X64</TargetPlatform><TargetFrameworkVersion>.NETCoreApp,Version=v6.0</TargetFrameworkVersion><DesignMode>False</DesignMode><CollectSourceInformation>False</CollectSourceInformation><TestAdaptersPaths>C:\Program Files\dotnet\sdk\8.0.202\Extensions</TestAdaptersPaths></RunConfiguration><LoggerRunSettings><Loggers><Logger friendlyName="blame" enabled="True" /><Logger friendlyName="Console" uri="logger://microsoft/TestPlatform/ConsoleLogger/v1" assemblyQualifiedName="Microsoft.VisualStudio.TestPlatform.CommandLine.Internal.ConsoleLogger, vstest.console, Version=15.0.0.0, Culture=neutral, PublicKeyToken=b03f5f7f11d50a3a" codeBase="C:\Program Files\dotnet\sdk\8.0.202\vstest.console.dll" enabled="True" /></Loggers></LoggerRunSettings><DataCollectionRunSettings><DataCollectors><DataCollector friendlyName="blame" enabled="True"><Configuration><ResultsDirectory>C:\Users\VC\codestack\GenSpark\day11\ShoppingSolution\ShoppingDALTest\bin\Debug\net6.0\fine-code-coverage\coverage-tool-output</ResultsDirectory></Configuration></DataCollector></DataCollectors></DataCollectionRunSettings></RunSettings> and sources System.Collections.Generic.List`1[System.String]: 
TpTrace Verbose: 0 : 39732, 5, 2024/04/25, 14:17:20.174, 6163070962441, vstest.console.dll, DataCollectionRequestSender.SendBeforeTestRunStartAndGetResult: Received message: (DataCollection.SendMessage) -> {"MessageType":"DataCollection.SendMessage","Payload":{"FriendlyName":null,"Uri":null,"TestCaseId":"00000000-0000-0000-0000-000000000000","Message":"Logging DataCollector Diagnostics in file: C:\\Users\\VC\\codestack\\GenSpark\\day11\\ShoppingSolution\\ShoppingDALTest\\bin\\Debug\\net6.0\\fine-code-coverage\\coverage-tool-output\\diagnostics.datacollector.24-04-25_14-17-19_88314_5.log","Level":0}}
TpTrace Verbose: 0 : 39732, 5, 2024/04/25, 14:17:20.254, 6163071769385, vstest.console.dll, DataCollectionRequestSender.SendBeforeTestRunStartAndGetResult: Received message: (DataCollection.BeforeTestRunStartResult) -> {"MessageType":"DataCollection.BeforeTestRunStartResult","Payload":{"EnvironmentVariables":{},"DataCollectionEventsPort":61494}}
TpTrace Information: 0 : 39732, 5, 2024/04/25, 14:17:20.260, 6163071829292, vstest.console.dll, ProxyDataCollectionManager.BeforeTestRunStart: SendBeforeTestRunStartAndGetResult successful, env variable from datacollector:   and testhost port: 61494
TpTrace Information: 0 : 39732, 5, 2024/04/25, 14:17:20.261, 6163071831365, vstest.console.dll, ProxyDataCollectionManager.InvokeDataCollectionServiceAction: Completed.
TpTrace Verbose: 0 : 39732, 5, 2024/04/25, 14:17:20.261, 6163071832128, vstest.console.dll, ParallelProxyExecutionManager.StartTestRunOnConcurrentManager: Initializing test run. Started clients: 0
TpTrace Verbose: 0 : 39732, 5, 2024/04/25, 14:17:20.261, 6163071833912, vstest.console.dll, ProxyExecutionManager: Test host is always Lazy initialize.
TpTrace Verbose: 0 : 39732, 5, 2024/04/25, 14:17:20.261, 6163071836870, vstest.console.dll, TestRequestSender.InitializeCommunication: initialize communication. 
TpTrace Information: 0 : 39732, 5, 2024/04/25, 14:17:20.262, 6163071844613, vstest.console.dll, SocketServer.Start: Listening on endpoint : 127.0.0.1:61495
TpTrace Verbose: 0 : 39732, 5, 2024/04/25, 14:17:20.263, 6163071853295, vstest.console.dll, DotnetTestHostmanager.GetTestHostProcessStartInfo: Platform environment 'X64' target architecture 'X64' framework '.NETCoreApp,Version=v6.0' OS 'Windows'
TpTrace Verbose: 0 : 39732, 5, 2024/04/25, 14:17:20.263, 6163071856076, vstest.console.dll, DotnetTestHostmanager: Adding  --runtimeconfig "C:\Users\VC\codestack\GenSpark\day11\ShoppingSolution\ShoppingDALTest\bin\Debug\net6.0\fine-code-coverage\build-output\ShoppingDALTest.runtimeconfig.json" in args
TpTrace Verbose: 0 : 39732, 5, 2024/04/25, 14:17:20.263, 6163071857277, vstest.console.dll, DotnetTestHostmanager: Adding  --depsfile "C:\Users\VC\codestack\GenSpark\day11\ShoppingSolution\ShoppingDALTest\bin\Debug\net6.0\fine-code-coverage\build-output\ShoppingDALTest.deps.json" in args
TpTrace Verbose: 0 : 39732, 5, 2024/04/25, 14:17:20.263, 6163071859995, vstest.console.dll, DotnetTestHostmanager.IsWinOnArm: Current PROCESSOR_ARCHITECTURE from environment variable 'AMD64'
TpTrace Verbose: 0 : 39732, 5, 2024/04/25, 14:17:20.264, 6163071860725, vstest.console.dll, DotnetTestHostmanager.IsWinOnArm: Is Windows on ARM 'False'
TpTrace Verbose: 0 : 39732, 5, 2024/04/25, 14:17:20.264, 6163071861741, vstest.console.dll, DotnetTestHostManager: testhost.exe found at path: C:\Users\VC\codestack\GenSpark\day11\ShoppingSolution\ShoppingDALTest\bin\Debug\net6.0\fine-code-coverage\build-output\testhost.exe
TpTrace Verbose: 0 : 39732, 5, 2024/04/25, 14:17:20.264, 6163071862310, vstest.console.dll, DotnetTestHostmanager: Full path of host exe is C:\Users\VC\codestack\GenSpark\day11\ShoppingSolution\ShoppingDALTest\bin\Debug\net6.0\fine-code-coverage\build-output\testhost.exe
TpTrace Verbose: 0 : 39732, 5, 2024/04/25, 14:17:20.264, 6163071863554, vstest.console.dll, DotnetTestHostmanager.LaunchTestHostAsync: Found 'VSTEST_WINAPPHOST_DOTNET_ROOT' in env variables, value 'C:\Program Files\dotnet', forwarding to 'DOTNET_ROOT'
TpTrace Verbose: 0 : 39732, 5, 2024/04/25, 14:17:20.264, 6163071864912, vstest.console.dll, DotnetTestHostManager: Starting process 'C:\Users\VC\codestack\GenSpark\day11\ShoppingSolution\ShoppingDALTest\bin\Debug\net6.0\fine-code-coverage\build-output\testhost.exe' with command line ' --runtimeconfig "C:\Users\VC\codestack\GenSpark\day11\ShoppingSolution\ShoppingDALTest\bin\Debug\net6.0\fine-code-coverage\build-output\ShoppingDALTest.runtimeconfig.json" --depsfile "C:\Users\VC\codestack\GenSpark\day11\ShoppingSolution\ShoppingDALTest\bin\Debug\net6.0\fine-code-coverage\build-output\ShoppingDALTest.deps.json" --port 61495 --endpoint 127.0.0.1:061495 --role client --parentprocessid 39732 --diag "C:\Users\VC\codestack\GenSpark\day11\ShoppingSolution\ShoppingDALTest\bin\Debug\net6.0\fine-code-coverage\coverage-tool-output\diagnostics.host.24-04-25_14-17-20_26289_5.log" --tracelevel 4 --datacollectionport 61494 --telemetryoptedin false'
TpTrace Verbose: 0 : 39732, 5, 2024/04/25, 14:17:20.272, 6163071941199, vstest.console.dll, MulticastDelegateUtilities.SafeInvoke: HostProviderEvents.OnHostLaunched: Invoking callback 1/2 for Microsoft.VisualStudio.TestPlatform.CrossPlatEngine.Client.ProxyExecutionManagerWithDataCollection., took 1 ms.
TpTrace Verbose: 0 : 39732, 5, 2024/04/25, 14:17:20.272, 6163071945519, vstest.console.dll, Test Runtime launched
TpTrace Verbose: 0 : 39732, 5, 2024/04/25, 14:17:20.272, 6163071946628, vstest.console.dll, MulticastDelegateUtilities.SafeInvoke: HostProviderEvents.OnHostLaunched: Invoking callback 2/2 for Microsoft.VisualStudio.TestPlatform.CrossPlatEngine.Client.ProxyOperationManager., took 0 ms.
TpTrace Verbose: 0 : 39732, 5, 2024/04/25, 14:17:20.272, 6163071948670, vstest.console.dll, TestRequestSender.WaitForRequestHandlerConnection: waiting for connection with timeout: 90000.
TpTrace Verbose: 0 : 39732, 7, 2024/04/25, 14:17:20.673, 6163075952624, vstest.console.dll, MulticastDelegateUtilities.SafeInvoke: SocketServer: ClientConnected: Invoking callback 1/1 for Microsoft.VisualStudio.TestPlatform.CommunicationUtilities.TestRequestSender., took 0 ms.
TpTrace Verbose: 0 : 39732, 5, 2024/04/25, 14:17:20.673, 6163075952624, vstest.console.dll, TestRequestSender.WaitForRequestHandlerConnection: waiting took 400 ms, with timeout 90000 ms, and result 0, which is success.
TpTrace Verbose: 0 : 39732, 7, 2024/04/25, 14:17:20.673, 6163075955016, vstest.console.dll, SocketServer.OnClientConnected: Client connected for endPoint: 127.0.0.1:61495, starting MessageLoopAsync:
TpTrace Verbose: 0 : 39732, 7, 2024/04/25, 14:17:20.674, 6163075962921, vstest.console.dll, TcpClientExtensions.MessageLoopAsync: Polling on remoteEndPoint: 127.0.0.1:61496 localEndPoint: 127.0.0.1:61495 after 0 ms
TpTrace Verbose: 0 : 39732, 5, 2024/04/25, 14:17:20.674, 6163075970279, vstest.console.dll, TestRequestSender.CheckVersionWithTestHost: Sending check version message: {"MessageType":"ProtocolVersion","Payload":7}
TpTrace Verbose: 0 : 39732, 7, 2024/04/25, 14:17:20.877, 6163077998479, vstest.console.dll, TcpClientExtensions.MessageLoopAsync: NotifyDataAvailable remoteEndPoint: 127.0.0.1:61496 localEndPoint: 127.0.0.1:61495
TpTrace Verbose: 0 : 39732, 7, 2024/04/25, 14:17:20.878, 6163078006158, vstest.console.dll, TestRequestSender.CheckVersionWithTestHost: onMessageReceived received message: (ProtocolVersion) -> {"MessageType":"ProtocolVersion","Payload":7}
TpTrace Verbose: 0 : 39732, 7, 2024/04/25, 14:17:20.879, 6163078018608, vstest.console.dll, MulticastDelegateUtilities.SafeInvoke: LengthPrefixCommunicationChannel: MessageReceived: Invoking callback 1/1 for Microsoft.VisualStudio.TestPlatform.CommunicationUtilities.TestRequestSender+<>c__DisplayClass29_0., took 1 ms.
TpTrace Verbose: 0 : 39732, 5, 2024/04/25, 14:17:20.879, 6163078019881, vstest.console.dll, TestPluginCache.GetExtensionPaths: Filtered extension paths: 
TpTrace Verbose: 0 : 39732, 7, 2024/04/25, 14:17:20.880, 6163078020384, vstest.console.dll, TcpClientExtensions.MessageLoopAsync: Polling on remoteEndPoint: 127.0.0.1:61496 localEndPoint: 127.0.0.1:61495 after 205 ms
TpTrace Verbose: 0 : 39732, 5, 2024/04/25, 14:17:20.880, 6163078020688, vstest.console.dll, TestPluginCache.GetExtensionPaths: Added default extension paths: C:\Program Files\dotnet\sdk\8.0.202\Extensions\Microsoft.Diagnostics.NETCore.Client.dll
C:\Program Files\dotnet\sdk\8.0.202\Extensions\Microsoft.TestPlatform.Extensions.BlameDataCollector.dll
C:\Program Files\dotnet\sdk\8.0.202\Extensions\Microsoft.TestPlatform.Extensions.EventLogCollector.dll
C:\Program Files\dotnet\sdk\8.0.202\Extensions\Microsoft.TestPlatform.TestHostRuntimeProvider.dll
C:\Program Files\dotnet\sdk\8.0.202\Extensions\Microsoft.VisualStudio.TestPlatform.Extensions.Html.TestLogger.dll
C:\Program Files\dotnet\sdk\8.0.202\Extensions\Microsoft.VisualStudio.TestPlatform.Extensions.Trx.TestLogger.dll
TpTrace Verbose: 0 : 39732, 5, 2024/04/25, 14:17:20.880, 6163078021650, vstest.console.dll, TestPluginCache.GetExtensionPaths: Added unfilterableExtensionPaths: 
TpTrace Verbose: 0 : 39732, 5, 2024/04/25, 14:17:20.883, 6163078056556, vstest.console.dll, TestRequestSender.InitializeExecution: Sending initialize execution with message: {"Version":7,"MessageType":"TestExecution.Initialize","Payload":["C:\\Users\\VC\\codestack\\GenSpark\\day11\\ShoppingSolution\\ShoppingDALTest\\bin\\Debug\\net6.0\\fine-code-coverage\\build-output\\NUnit3.TestAdapter.dll"]}
TpTrace Verbose: 0 : 39732, 5, 2024/04/25, 14:17:20.883, 6163078059930, vstest.console.dll, ParallelProxyExecutionManager.StartTestRunOnConcurrentManager: Execution starting. Started clients: 1
TpTrace Verbose: 0 : 39732, 5, 2024/04/25, 14:17:20.884, 6163078065872, vstest.console.dll, TestRunRequest:SendTestRunMessage: Starting.
TpTrace Verbose: 0 : 39732, 4, 2024/04/25, 14:17:20.884, 6163078068250, vstest.console.dll, MulticastDelegateUtilities.SafeInvoke: InternalTestLoggerEvents.SendTestRunMessage: Invoking callback 1/1 for Microsoft.VisualStudio.TestPlatform.CommandLine.Internal.ConsoleLogger., took 0 ms.
TpTrace Verbose: 0 : 39732, 5, 2024/04/25, 14:17:20.884, 6163078068323, vstest.console.dll, MulticastDelegateUtilities.SafeInvoke: TestRun.LogMessages: Invoking callback 1/1 for Microsoft.VisualStudio.TestPlatform.CommandLine.TestRunResultAggregator., took 0 ms.
TpTrace Information: 0 : 39732, 5, 2024/04/25, 14:17:20.884, 6163078069291, vstest.console.dll, TestRunRequest:SendTestRunMessage: Completed.
TpTrace Warning: 0 : 39732, 5, 2024/04/25, 14:17:20.885, 6163078074754, vstest.console.dll, InferRunSettingsHelper.MakeRunsettingsCompatible: Removing the following settings: TargetPlatform from RunSettings file. To use those settings please move to latest version of Microsoft.NET.Test.Sdk
TpTrace Verbose: 0 : 39732, 7, 2024/04/25, 14:17:20.887, 6163078090902, vstest.console.dll, TcpClientExtensions.MessageLoopAsync: NotifyDataAvailable remoteEndPoint: 127.0.0.1:61496 localEndPoint: 127.0.0.1:61495
TpTrace Verbose: 0 : 39732, 7, 2024/04/25, 14:17:20.889, 6163078116701, vstest.console.dll, TestRequestSender.OnExecutionMessageReceived: Received message: {"Version":7,"MessageType":"TestSession.Message","Payload":{"MessageLevel":0,"Message":"Logging TestHost Diagnostics in file: C:\\Users\\VC\\codestack\\GenSpark\\day11\\ShoppingSolution\\ShoppingDALTest\\bin\\Debug\\net6.0\\fine-code-coverage\\coverage-tool-output\\diagnostics.host.24-04-25_14-17-20_26289_5.log"}}
TpTrace Verbose: 0 : 39732, 7, 2024/04/25, 14:17:20.893, 6163078158001, vstest.console.dll, TestRunRequest:SendTestRunMessage: Starting.
TpTrace Verbose: 0 : 39732, 7, 2024/04/25, 14:17:20.894, 6163078164993, vstest.console.dll, MulticastDelegateUtilities.SafeInvoke: TestRun.LogMessages: Invoking callback 1/1 for Microsoft.VisualStudio.TestPlatform.CommandLine.TestRunResultAggregator., took 0 ms.
TpTrace Verbose: 0 : 39732, 4, 2024/04/25, 14:17:20.894, 6163078164993, vstest.console.dll, MulticastDelegateUtilities.SafeInvoke: InternalTestLoggerEvents.SendTestRunMessage: Invoking callback 1/1 for Microsoft.VisualStudio.TestPlatform.CommandLine.Internal.ConsoleLogger., took 0 ms.
TpTrace Information: 0 : 39732, 7, 2024/04/25, 14:17:20.894, 6163078166663, vstest.console.dll, TestRunRequest:SendTestRunMessage: Completed.
TpTrace Verbose: 0 : 39732, 7, 2024/04/25, 14:17:20.894, 6163078168390, vstest.console.dll, MulticastDelegateUtilities.SafeInvoke: LengthPrefixCommunicationChannel: MessageReceived: Invoking callback 1/1 for Microsoft.VisualStudio.TestPlatform.CommunicationUtilities.TestRequestSender+<>c__DisplayClass34_0., took 6 ms.
TpTrace Verbose: 0 : 39732, 7, 2024/04/25, 14:17:20.894, 6163078169056, vstest.console.dll, TcpClientExtensions.MessageLoopAsync: Polling on remoteEndPoint: 127.0.0.1:61496 localEndPoint: 127.0.0.1:61495 after 14 ms
TpTrace Verbose: 0 : 39732, 5, 2024/04/25, 14:17:20.904, 6163078261409, vstest.console.dll, TestRequestSender.StartTestRun: Sending test run with message: {"Version":7,"MessageType":"TestExecution.StartWithSources","Payload":{"AdapterSourceMap":{"_none_":["C:\\Users\\VC\\codestack\\GenSpark\\day11\\ShoppingSolution\\ShoppingDALTest\\bin\\Debug\\net6.0\\fine-code-coverage\\build-output\\ShoppingDALTest.dll"]},"RunSettings":"<RunSettings>\r\n  <RunConfiguration>\r\n    <ResultsDirectory>C:\\Users\\VC\\codestack\\GenSpark\\day11\\ShoppingSolution\\ShoppingDALTest\\bin\\Debug\\net6.0\\fine-code-coverage\\coverage-tool-output</ResultsDirectory>\r\n    <TargetFrameworkVersion>.NETCoreApp,Version=v6.0</TargetFrameworkVersion>\r\n    <DesignMode>False</DesignMode>\r\n    <CollectSourceInformation>False</CollectSourceInformation>\r\n  </RunConfiguration>\r\n  <LoggerRunSettings>\r\n    <Loggers>\r\n      <Logger friendlyName=\"blame\" enabled=\"True\" />\r\n      <Logger friendlyName=\"Console\" uri=\"logger://microsoft/TestPlatform/ConsoleLogger/v1\" assemblyQualifiedName=\"Microsoft.VisualStudio.TestPlatform.CommandLine.Internal.ConsoleLogger, vstest.console, Version=15.0.0.0, Culture=neutral, PublicKeyToken=b03f5f7f11d50a3a\" codeBase=\"C:\\Program Files\\dotnet\\sdk\\8.0.202\\vstest.console.dll\" enabled=\"True\" />\r\n    </Loggers>\r\n  </LoggerRunSettings>\r\n  <DataCollectionRunSettings>\r\n    <DataCollectors>\r\n      <DataCollector friendlyName=\"blame\" enabled=\"True\">\r\n        <Configuration>\r\n          <ResultsDirectory>C:\\Users\\VC\\codestack\\GenSpark\\day11\\ShoppingSolution\\ShoppingDALTest\\bin\\Debug\\net6.0\\fine-code-coverage\\coverage-tool-output</ResultsDirectory>\r\n        </Configuration>\r\n      </DataCollector>\r\n    </DataCollectors>\r\n  </DataCollectionRunSettings>\r\n</RunSettings>","TestExecutionContext":{"FrequencyOfRunStatsChangeEvent":10,"RunStatsChangeEventTimeout":"00:00:01.5000000","InIsolation":false,"KeepAlive":false,"AreTestCaseLevelEventsRequired":false,"IsDebug":false,"TestCaseFilter":null,"FilterOptions":null},"Package":null}}
TpTrace Verbose: 0 : 39732, 5, 2024/04/25, 14:17:20.904, 6163078268350, vstest.console.dll, ParallelProxyExecutionManager.StartTestRunOnConcurrentManager: Execution started. Started clients: 1
TpTrace Verbose: 0 : 39732, 7, 2024/04/25, 14:17:21.182, 6163081045870, vstest.console.dll, TcpClientExtensions.MessageLoopAsync: NotifyDataAvailable remoteEndPoint: 127.0.0.1:61496 localEndPoint: 127.0.0.1:61495
TpTrace Verbose: 0 : 39732, 7, 2024/04/25, 14:17:21.182, 6163081048538, vstest.console.dll, TestRequestSender.OnExecutionMessageReceived: Received message: {"Version":7,"MessageType":"TestSession.Message","Payload":{"MessageLevel":0,"Message":"NUnit Adapter 4.4.0.0: Test execution started"}}
TpTrace Verbose: 0 : 39732, 7, 2024/04/25, 14:17:21.183, 6163081053233, vstest.console.dll, TestRunRequest:SendTestRunMessage: Starting.
TpTrace Verbose: 0 : 39732, 7, 2024/04/25, 14:17:21.183, 6163081054871, vstest.console.dll, MulticastDelegateUtilities.SafeInvoke: TestRun.LogMessages: Invoking callback 1/1 for Microsoft.VisualStudio.TestPlatform.CommandLine.TestRunResultAggregator., took 0 ms.
TpTrace Verbose: 0 : 39732, 4, 2024/04/25, 14:17:21.183, 6163081055089, vstest.console.dll, MulticastDelegateUtilities.SafeInvoke: InternalTestLoggerEvents.SendTestRunMessage: Invoking callback 1/1 for Microsoft.VisualStudio.TestPlatform.CommandLine.Internal.ConsoleLogger., took 0 ms.
TpTrace Information: 0 : 39732, 7, 2024/04/25, 14:17:21.183, 6163081055265, vstest.console.dll, TestRunRequest:SendTestRunMessage: Completed.
TpTrace Verbose: 0 : 39732, 7, 2024/04/25, 14:17:21.183, 6163081056892, vstest.console.dll, MulticastDelegateUtilities.SafeInvoke: LengthPrefixCommunicationChannel: MessageReceived: Invoking callback 1/1 for Microsoft.VisualStudio.TestPlatform.CommunicationUtilities.TestRequestSender+<>c__DisplayClass34_0., took 0 ms.
TpTrace Verbose: 0 : 39732, 7, 2024/04/25, 14:17:21.183, 6163081057442, vstest.console.dll, TcpClientExtensions.MessageLoopAsync: Polling on remoteEndPoint: 127.0.0.1:61496 localEndPoint: 127.0.0.1:61495 after 288 ms
TpTrace Verbose: 0 : 39732, 7, 2024/04/25, 14:17:21.228, 6163081502459, vstest.console.dll, TcpClientExtensions.MessageLoopAsync: NotifyDataAvailable remoteEndPoint: 127.0.0.1:61496 localEndPoint: 127.0.0.1:61495
TpTrace Verbose: 0 : 39732, 7, 2024/04/25, 14:17:21.228, 6163081504472, vstest.console.dll, TestRequestSender.OnExecutionMessageReceived: Received message: {"Version":7,"MessageType":"TestSession.Message","Payload":{"MessageLevel":0,"Message":"Running all tests in C:\\Users\\VC\\codestack\\GenSpark\\day11\\ShoppingSolution\\ShoppingDALTest\\bin\\Debug\\net6.0\\fine-code-coverage\\build-output\\ShoppingDALTest.dll"}}
TpTrace Verbose: 0 : 39732, 7, 2024/04/25, 14:17:21.228, 6163081506122, vstest.console.dll, TestRunRequest:SendTestRunMessage: Starting.
TpTrace Verbose: 0 : 39732, 7, 2024/04/25, 14:17:21.228, 6163081506736, vstest.console.dll, MulticastDelegateUtilities.SafeInvoke: TestRun.LogMessages: Invoking callback 1/1 for Microsoft.VisualStudio.TestPlatform.CommandLine.TestRunResultAggregator., took 0 ms.
TpTrace Information: 0 : 39732, 7, 2024/04/25, 14:17:21.228, 6163081507046, vstest.console.dll, TestRunRequest:SendTestRunMessage: Completed.
TpTrace Verbose: 0 : 39732, 7, 2024/04/25, 14:17:21.228, 6163081507413, vstest.console.dll, MulticastDelegateUtilities.SafeInvoke: LengthPrefixCommunicationChannel: MessageReceived: Invoking callback 1/1 for Microsoft.VisualStudio.TestPlatform.CommunicationUtilities.TestRequestSender+<>c__DisplayClass34_0., took 0 ms.
TpTrace Verbose: 0 : 39732, 4, 2024/04/25, 14:17:21.228, 6163081507347, vstest.console.dll, MulticastDelegateUtilities.SafeInvoke: InternalTestLoggerEvents.SendTestRunMessage: Invoking callback 1/1 for Microsoft.VisualStudio.TestPlatform.CommandLine.Internal.ConsoleLogger., took 0 ms.
TpTrace Verbose: 0 : 39732, 7, 2024/04/25, 14:17:21.228, 6163081507803, vstest.console.dll, TcpClientExtensions.MessageLoopAsync: Polling on remoteEndPoint: 127.0.0.1:61496 localEndPoint: 127.0.0.1:61495 after 44 ms
TpTrace Verbose: 0 : 39732, 7, 2024/04/25, 14:17:21.363, 6163082852940, vstest.console.dll, TcpClientExtensions.MessageLoopAsync: NotifyDataAvailable remoteEndPoint: 127.0.0.1:61496 localEndPoint: 127.0.0.1:61495
TpTrace Verbose: 0 : 39732, 7, 2024/04/25, 14:17:21.363, 6163082854875, vstest.console.dll, TestRequestSender.OnExecutionMessageReceived: Received message: {"Version":7,"MessageType":"TestSession.Message","Payload":{"MessageLevel":0,"Message":"   NUnit3TestExecutor discovered 25 of 25 NUnit test cases using Current Discovery mode, Non-Explicit run"}}
TpTrace Verbose: 0 : 39732, 7, 2024/04/25, 14:17:21.363, 6163082856676, vstest.console.dll, TestRunRequest:SendTestRunMessage: Starting.
TpTrace Verbose: 0 : 39732, 7, 2024/04/25, 14:17:21.363, 6163082857249, vstest.console.dll, MulticastDelegateUtilities.SafeInvoke: TestRun.LogMessages: Invoking callback 1/1 for Microsoft.VisualStudio.TestPlatform.CommandLine.TestRunResultAggregator., took 0 ms.
TpTrace Information: 0 : 39732, 7, 2024/04/25, 14:17:21.363, 6163082857610, vstest.console.dll, TestRunRequest:SendTestRunMessage: Completed.
TpTrace Verbose: 0 : 39732, 7, 2024/04/25, 14:17:21.363, 6163082857930, vstest.console.dll, MulticastDelegateUtilities.SafeInvoke: LengthPrefixCommunicationChannel: MessageReceived: Invoking callback 1/1 for Microsoft.VisualStudio.TestPlatform.CommunicationUtilities.TestRequestSender+<>c__DisplayClass34_0., took 0 ms.
TpTrace Verbose: 0 : 39732, 4, 2024/04/25, 14:17:21.363, 6163082857963, vstest.console.dll, MulticastDelegateUtilities.SafeInvoke: InternalTestLoggerEvents.SendTestRunMessage: Invoking callback 1/1 for Microsoft.VisualStudio.TestPlatform.CommandLine.Internal.ConsoleLogger., took 0 ms.
TpTrace Verbose: 0 : 39732, 7, 2024/04/25, 14:17:21.363, 6163082859244, vstest.console.dll, TcpClientExtensions.MessageLoopAsync: Polling on remoteEndPoint: 127.0.0.1:61496 localEndPoint: 127.0.0.1:61495 after 135 ms
TpTrace Verbose: 0 : 39732, 7, 2024/04/25, 14:17:21.565, 6163084876844, vstest.console.dll, TcpClientExtensions.MessageLoopAsync: NotifyDataAvailable remoteEndPoint: 127.0.0.1:61496 localEndPoint: 127.0.0.1:61495
TpTrace Verbose: 0 : 39732, 7, 2024/04/25, 14:17:21.566, 6163084881116, vstest.console.dll, TestRequestSender.OnExecutionMessageReceived: Received message: {"Version":7,"MessageType":"TestExecution.StatsChange","Payload":{"NewTestResults":[{"TestCase":{"Id":"a8279a95-462a-c10c-de5f-6f0729f0df42","FullyQualifiedName":"ShoppingDALTest.CartDALTest.AddCartTest","DisplayName":"AddCartTest","ExecutorUri":"executor://NUnit3TestExecutor","Source":"C:\\Users\\VC\\codestack\\GenSpark\\day11\\ShoppingSolution\\ShoppingDALTest\\bin\\Debug\\net6.0\\fine-code-coverage\\build-output\\ShoppingDALTest.dll","CodeFilePath":null,"LineNumber":0,"Properties":[{"Key":{"Id":"NUnit.Seed","Label":"Seed","Category":"","Description":"","Attributes":0,"ValueType":"System.String"},"Value":"2078310370"}]},"Attachments":[],"Outcome":1,"ErrorMessage":null,"ErrorStackTrace":null,"DisplayName":"AddCartTest","Messages":[],"ComputerName":"J9GCBX3","Duration":"00:00:00.0164690","StartTime":"2024-04-25T08:47:21.3955825+00:00","EndTime":"2024-04-25T08:47:21.4119796+00:00","Properties":[{"Key":{"Id":"NUnit.Seed","Label":"Seed","Category":"","Description":"","Attributes":0,"ValueType":"System.String"},"Value":"2078310370"}]},{"TestCase":{"Id":"a050006d-5f37-43cd-df2d-40938805f24b","FullyQualifiedName":"ShoppingDALTest.CustomerDALTest.AddCustomerTest","DisplayName":"AddCustomerTest","ExecutorUri":"executor://NUnit3TestExecutor","Source":"C:\\Users\\VC\\codestack\\GenSpark\\day11\\ShoppingSolution\\ShoppingDALTest\\bin\\Debug\\net6.0\\fine-code-coverage\\build-output\\ShoppingDALTest.dll","CodeFilePath":null,"LineNumber":0,"Properties":[{"Key":{"Id":"NUnit.Seed","Label":"Seed","Category":"","Description":"","Attributes":0,"ValueType":"System.String"},"Value":"886627330"}]},"Attachments":[],"Outcome":1,"ErrorMessage":null,"ErrorStackTrace":null,"DisplayName":"AddCustomerTest","Messages":[],"ComputerName":"J9GCBX3","Duration":"00:00:00.0005030","StartTime":"2024-04-25T08:47:21.4166425+00:00","EndTime":"2024-04-25T08:47:21.417145+00:00","Properties":[{"Key":{"Id":"NUnit.Seed","Label":"Seed","Category":"","Description":"","Attributes":0,"ValueType":"System.String"},"Value":"886627330"}]},{"TestCase":{"Id":"a9b4ecdc-abb9-c453-8cb5-6e199a664b8a","FullyQualifiedName":"ShoppingDALTest.CustomerDALTest.DeleteCustomerEmptyDataBaseExceptionTest","DisplayName":"DeleteCustomerEmptyDataBaseExceptionTest","ExecutorUri":"executor://NUnit3TestExecutor","Source":"C:\\Users\\VC\\codestack\\GenSpark\\day11\\ShoppingSolution\\ShoppingDALTest\\bin\\Debug\\net6.0\\fine-code-coverage\\build-output\\ShoppingDALTest.dll","CodeFilePath":null,"LineNumber":0,"Properties":[{"Key":{"Id":"NUnit.Seed","Label":"Seed","Category":"","Description":"","Attributes":0,"ValueType":"System.String"},"Value":"1838628803"}]},"Attachments":[],"Outcome":1,"ErrorMessage":null,"ErrorStackTrace":null,"DisplayName":"DeleteCustomerEmptyDataBaseExceptionTest","Messages":[],"ComputerName":"J9GCBX3","Duration":"00:00:00.0106850","StartTime":"2024-04-25T08:47:21.417175+00:00","EndTime":"2024-04-25T08:47:21.4278583+00:00","Properties":[{"Key":{"Id":"NUnit.Seed","Label":"Seed","Category":"","Description":"","Attributes":0,"ValueType":"System.String"},"Value":"1838628803"}]},{"TestCase":{"Id":"34c02418-a369-7071-e2de-47f1b3b4d596","FullyQualifiedName":"ShoppingDALTest.CustomerDALTest.DeleteCustomerExceptionTest","DisplayName":"DeleteCustomerExceptionTest","ExecutorUri":"executor://NUnit3TestExecutor","Source":"C:\\Users\\VC\\codestack\\GenSpark\\day11\\ShoppingSolution\\ShoppingDALTest\\bin\\Debug\\net6.0\\fine-code-coverage\\build-output\\ShoppingDALTest.dll","CodeFilePath":null,"LineNumber":0,"Properties":[{"Key":{"Id":"NUnit.Seed","Label":"Seed","Category":"","Description":"","Attributes":0,"ValueType":"System.String"},"Value":"1666990336"}]},"Attachments":[],"Outcome":1,"ErrorMessage":null,"ErrorStackTrace":null,"DisplayName":"DeleteCustomerExceptionTest","Messages":[],"ComputerName":"J9GCBX3","Duration":"00:00:00.0008520","StartTime":"2024-04-25T08:47:21.4281009+00:00","EndTime":"2024-04-25T08:47:21.4289526+00:00","Properties":[{"Key":{"Id":"NUnit.Seed","Label":"Seed","Category":"","Description":"","Attributes":0,"ValueType":"System.String"},"Value":"1666990336"}]},{"TestCase":{"Id":"fb97d37c-c93e-8f41-caad-3e321e8d78b2","FullyQualifiedName":"ShoppingDALTest.CustomerDALTest.DeleteCustomerTest","DisplayName":"DeleteCustomerTest","ExecutorUri":"executor://NUnit3TestExecutor","Source":"C:\\Users\\VC\\codestack\\GenSpark\\day11\\ShoppingSolution\\ShoppingDALTest\\bin\\Debug\\net6.0\\fine-code-coverage\\build-output\\ShoppingDALTest.dll","CodeFilePath":null,"LineNumber":0,"Properties":[{"Key":{"Id":"NUnit.Seed","Label":"Seed","Category":"","Description":"","Attributes":0,"ValueType":"System.String"},"Value":"1290916744"}]},"Attachments":[],"Outcome":1,"ErrorMessage":null,"ErrorStackTrace":null,"DisplayName":"DeleteCustomerTest","Messages":[],"ComputerName":"J9GCBX3","Duration":"00:00:00.0006300","StartTime":"2024-04-25T08:47:21.4292712+00:00","EndTime":"2024-04-25T08:47:21.4299005+00:00","Properties":[{"Key":{"Id":"NUnit.Seed","Label":"Seed","Category":"","Description":"","Attributes":0,"ValueType":"System.String"},"Value":"1290916744"}]},{"TestCase":{"Id":"a590db7c-b60b-9e54-62ec-e4926a3f66c0","FullyQualifiedName":"ShoppingDALTest.CustomerDALTest.GetAllCustomersExceptionTest","DisplayName":"GetAllCustomersExceptionTest","ExecutorUri":"executor://NUnit3TestExecutor","Source":"C:\\Users\\VC\\codestack\\GenSpark\\day11\\ShoppingSolution\\ShoppingDALTest\\bin\\Debug\\net6.0\\fine-code-coverage\\build-output\\ShoppingDALTest.dll","CodeFilePath":null,"LineNumber":0,"Properties":[{"Key":{"Id":"NUnit.Seed","Label":"Seed","Category":"","Description":"","Attributes":0,"ValueType":"System.String"},"Value":"1389334897"}]},"Attachments":[],"Outcome":1,"ErrorMessage":null,"ErrorStackTrace":null,"DisplayName":"GetAllCustomersExceptionTest","Messages":[],"ComputerName":"J9GCBX3","Duration":"00:00:00.0005390","StartTime":"2024-04-25T08:47:21.4299232+00:00","EndTime":"2024-04-25T08:47:21.4304614+00:00","Properties":[{"Key":{"Id":"NUnit.Seed","Label":"Seed","Category":"","Description":"","Attributes":0,"ValueType":"System.String"},"Value":"1389334897"}]},{"TestCase":{"Id":"cc764822-adaf-bbfc-eb64-a5968ab64ef4","FullyQualifiedName":"ShoppingDALTest.CustomerDALTest.GetAllCustomersTest","DisplayName":"GetAllCustomersTest","ExecutorUri":"executor://NUnit3TestExecutor","Source":"C:\\Users\\VC\\codestack\\GenSpark\\day11\\ShoppingSolution\\ShoppingDALTest\\bin\\Debug\\net6.0\\fine-code-coverage\\build-output\\ShoppingDALTest.dll","CodeFilePath":null,"LineNumber":0,"Properties":[{"Key":{"Id":"NUnit.Seed","Label":"Seed","Category":"","Description":"","Attributes":0,"ValueType":"System.String"},"Value":"1675385990"}]},"Attachments":[],"Outcome":1,"ErrorMessage":null,"ErrorStackTrace":null,"DisplayName":"GetAllCustomersTest","Messages":[],"ComputerName":"J9GCBX3","Duration":"00:00:00.0128270","StartTime":"2024-04-25T08:47:21.430479+00:00","EndTime":"2024-04-25T08:47:21.4433049+00:00","Properties":[{"Key":{"Id":"NUnit.Seed","Label":"Seed","Category":"","Description":"","Attributes":0,"ValueType":"System.String"},"Value":"1675385990"}]},{"TestCase":{"Id":"6dece5ad-282e-e08b-7dc1-1be206b3c702","FullyQualifiedName":"ShoppingDALTest.CustomerDALTest.GetCustomerByIDEmptyDataBaseExceptionTest","DisplayName":"GetCustomerByIDEmptyDataBaseExceptionTest","ExecutorUri":"executor://NUnit3TestExecutor","Source":"C:\\Users\\VC\\codestack\\GenSpark\\day11\\ShoppingSolution\\ShoppingDALTest\\bin\\Debug\\net6.0\\fine-code-coverage\\build-output\\ShoppingDALTest.dll","CodeFilePath":null,"LineNumber":0,"Properties":[{"Key":{"Id":"NUnit.Seed","Label":"Seed","Category":"","Description":"","Attributes":0,"ValueType":"System.String"},"Value":"1976789354"}]},"Attachments":[],"Outcome":1,"ErrorMessage":null,"ErrorStackTrace":null,"DisplayName":"GetCustomerByIDEmptyDataBaseExceptionTest","Messages":[],"ComputerName":"J9GCBX3","Duration":"00:00:00.0009700","StartTime":"2024-04-25T08:47:21.4442346+00:00","EndTime":"2024-04-25T08:47:21.4452054+00:00","Properties":[{"Key":{"Id":"NUnit.Seed","Label":"Seed","Category":"","Description":"","Attributes":0,"ValueType":"System.String"},"Value":"1976789354"}]},{"TestCase":{"Id":"c00aaeb6-ce92-0b9a-0023-3fd26602d6e9","FullyQualifiedName":"ShoppingDALTest.CustomerDALTest.GetCustomerByIDExceptionTest","DisplayName":"GetCustomerByIDExceptionTest","ExecutorUri":"executor://NUnit3TestExecutor","Source":"C:\\Users\\VC\\codestack\\GenSpark\\day11\\ShoppingSolution\\ShoppingDALTest\\bin\\Debug\\net6.0\\fine-code-coverage\\build-output\\ShoppingDALTest.dll","CodeFilePath":null,"LineNumber":0,"Properties":[{"Key":{"Id":"NUnit.Seed","Label":"Seed","Category":"","Description":"","Attributes":0,"ValueType":"System.String"},"Value":"1637994021"}]},"Attachments":[],"Outcome":1,"ErrorMessage":null,"ErrorStackTrace":null,"DisplayName":"GetCustomerByIDExceptionTest","Messages":[],"ComputerName":"J9GCBX3","Duration":"00:00:00.0006489","StartTime":"2024-04-25T08:47:21.4452585+00:00","EndTime":"2024-04-25T08:47:21.4459054+00:00","Properties":[{"Key":{"Id":"NUnit.Seed","Label":"Seed","Category":"","Description":"","Attributes":0,"ValueType":"System.String"},"Value":"1637994021"}]}],"TestRunStatistics":{"ExecutedTests":9,"Stats":{"Passed":9}},"ActiveTests":[{"Id":"c073ddfa-5462-22b8-ba3d-cea3a83e1c46","FullyQualifiedName":"ShoppingDALTest.CustomerDALTest.GetCustomerByIDTest","DisplayName":"GetCustomerByIDTest","ExecutorUri":"executor://NUnit3TestExecutor","Source":"C:\\Users\\VC\\codestack\\GenSpark\\day11\\ShoppingSolution\\ShoppingDALTest\\bin\\Debug\\net6.0\\fine-code-coverage\\build-output\\ShoppingDALTest.dll","CodeFilePath":null,"LineNumber":0,"Properties":[{"Key":{"Id":"NUnit.Seed","Label":"Seed","Category":"","Description":"","Attributes":0,"ValueType":"System.String"},"Value":"534125750"}]}]}}
TpTrace Verbose: 0 : 39732, 7, 2024/04/25, 14:17:21.592, 6163085148554, vstest.console.dll, TestRunRequest:SendTestRunStatsChange: Starting.
TpTrace Verbose: 0 : 39732, 7, 2024/04/25, 14:17:21.593, 6163085151409, vstest.console.dll, InProgress is GetCustomerByIDTest
TpTrace Verbose: 0 : 39732, 7, 2024/04/25, 14:17:21.593, 6163085154511, vstest.console.dll, MulticastDelegateUtilities.SafeInvoke: TestRun.RunStatsChanged: Invoking callbacks was skipped because there are no subscribers.
TpTrace Information: 0 : 39732, 7, 2024/04/25, 14:17:21.593, 6163085155287, vstest.console.dll, TestRunRequest:SendTestRunStatsChange: Completed.
TpTrace Verbose: 0 : 39732, 7, 2024/04/25, 14:17:21.593, 6163085155831, vstest.console.dll, MulticastDelegateUtilities.SafeInvoke: LengthPrefixCommunicationChannel: MessageReceived: Invoking callback 1/1 for Microsoft.VisualStudio.TestPlatform.CommunicationUtilities.TestRequestSender+<>c__DisplayClass34_0., took 27 ms.
TpTrace Verbose: 0 : 39732, 7, 2024/04/25, 14:17:21.593, 6163085156640, vstest.console.dll, TcpClientExtensions.MessageLoopAsync: Polling on remoteEndPoint: 127.0.0.1:61496 localEndPoint: 127.0.0.1:61495 after 229 ms
TpTrace Verbose: 0 : 39732, 4, 2024/04/25, 14:17:21.595, 6163085172250, vstest.console.dll, MulticastDelegateUtilities.SafeInvoke: InternalTestLoggerEvents.SendTestResult: Invoking callback 1/1 for Microsoft.VisualStudio.TestPlatform.CommandLine.Internal.ConsoleLogger., took 1 ms.
TpTrace Verbose: 0 : 39732, 4, 2024/04/25, 14:17:21.595, 6163085177376, vstest.console.dll, MulticastDelegateUtilities.SafeInvoke: InternalTestLoggerEvents.SendTestResult: Invoking callback 1/1 for Microsoft.VisualStudio.TestPlatform.CommandLine.Internal.ConsoleLogger., took 0 ms.
TpTrace Verbose: 0 : 39732, 4, 2024/04/25, 14:17:21.595, 6163085178417, vstest.console.dll, MulticastDelegateUtilities.SafeInvoke: InternalTestLoggerEvents.SendTestResult: Invoking callback 1/1 for Microsoft.VisualStudio.TestPlatform.CommandLine.Internal.ConsoleLogger., took 0 ms.
TpTrace Verbose: 0 : 39732, 4, 2024/04/25, 14:17:21.595, 6163085178878, vstest.console.dll, MulticastDelegateUtilities.SafeInvoke: InternalTestLoggerEvents.SendTestResult: Invoking callback 1/1 for Microsoft.VisualStudio.TestPlatform.CommandLine.Internal.ConsoleLogger., took 0 ms.
TpTrace Verbose: 0 : 39732, 4, 2024/04/25, 14:17:21.595, 6163085179373, vstest.console.dll, MulticastDelegateUtilities.SafeInvoke: InternalTestLoggerEvents.SendTestResult: Invoking callback 1/1 for Microsoft.VisualStudio.TestPlatform.CommandLine.Internal.ConsoleLogger., took 0 ms.
TpTrace Verbose: 0 : 39732, 4, 2024/04/25, 14:17:21.595, 6163085179812, vstest.console.dll, MulticastDelegateUtilities.SafeInvoke: InternalTestLoggerEvents.SendTestResult: Invoking callback 1/1 for Microsoft.VisualStudio.TestPlatform.CommandLine.Internal.ConsoleLogger., took 0 ms.
TpTrace Verbose: 0 : 39732, 4, 2024/04/25, 14:17:21.595, 6163085180230, vstest.console.dll, MulticastDelegateUtilities.SafeInvoke: InternalTestLoggerEvents.SendTestResult: Invoking callback 1/1 for Microsoft.VisualStudio.TestPlatform.CommandLine.Internal.ConsoleLogger., took 0 ms.
TpTrace Verbose: 0 : 39732, 4, 2024/04/25, 14:17:21.596, 6163085180657, vstest.console.dll, MulticastDelegateUtilities.SafeInvoke: InternalTestLoggerEvents.SendTestResult: Invoking callback 1/1 for Microsoft.VisualStudio.TestPlatform.CommandLine.Internal.ConsoleLogger., took 0 ms.
TpTrace Verbose: 0 : 39732, 4, 2024/04/25, 14:17:21.596, 6163085181015, vstest.console.dll, MulticastDelegateUtilities.SafeInvoke: InternalTestLoggerEvents.SendTestResult: Invoking callback 1/1 for Microsoft.VisualStudio.TestPlatform.CommandLine.Internal.ConsoleLogger., took 0 ms.
TpTrace Verbose: 0 : 39732, 7, 2024/04/25, 14:17:21.597, 6163085194030, vstest.console.dll, TcpClientExtensions.MessageLoopAsync: NotifyDataAvailable remoteEndPoint: 127.0.0.1:61496 localEndPoint: 127.0.0.1:61495
TpTrace Verbose: 0 : 39732, 7, 2024/04/25, 14:17:21.597, 6163085197390, vstest.console.dll, TestRequestSender.OnExecutionMessageReceived: Received message: {"Version":7,"MessageType":"TestExecution.StatsChange","Payload":{"NewTestResults":[{"TestCase":{"Id":"c073ddfa-5462-22b8-ba3d-cea3a83e1c46","FullyQualifiedName":"ShoppingDALTest.CustomerDALTest.GetCustomerByIDTest","DisplayName":"GetCustomerByIDTest","ExecutorUri":"executor://NUnit3TestExecutor","Source":"C:\\Users\\VC\\codestack\\GenSpark\\day11\\ShoppingSolution\\ShoppingDALTest\\bin\\Debug\\net6.0\\fine-code-coverage\\build-output\\ShoppingDALTest.dll","CodeFilePath":null,"LineNumber":0,"Properties":[{"Key":{"Id":"NUnit.Seed","Label":"Seed","Category":"","Description":"","Attributes":0,"ValueType":"System.String"},"Value":"534125750"}]},"Attachments":[],"Outcome":1,"ErrorMessage":null,"ErrorStackTrace":null,"DisplayName":"GetCustomerByIDTest","Messages":[],"ComputerName":"J9GCBX3","Duration":"00:00:00.0001470","StartTime":"2024-04-25T08:47:21.4459275+00:00","EndTime":"2024-04-25T08:47:21.4460739+00:00","Properties":[{"Key":{"Id":"NUnit.Seed","Label":"Seed","Category":"","Description":"","Attributes":0,"ValueType":"System.String"},"Value":"534125750"}]},{"TestCase":{"Id":"5e648d65-7953-dc81-b6b0-d89c362e94b7","FullyQualifiedName":"ShoppingDALTest.CustomerDALTest.UpdateCustomerEmptyDataBaseExceptionTest","DisplayName":"UpdateCustomerEmptyDataBaseExceptionTest","ExecutorUri":"executor://NUnit3TestExecutor","Source":"C:\\Users\\VC\\codestack\\GenSpark\\day11\\ShoppingSolution\\ShoppingDALTest\\bin\\Debug\\net6.0\\fine-code-coverage\\build-output\\ShoppingDALTest.dll","CodeFilePath":null,"LineNumber":0,"Properties":[{"Key":{"Id":"NUnit.Seed","Label":"Seed","Category":"","Description":"","Attributes":0,"ValueType":"System.String"},"Value":"1580910029"}]},"Attachments":[],"Outcome":1,"ErrorMessage":null,"ErrorStackTrace":null,"DisplayName":"UpdateCustomerEmptyDataBaseExceptionTest","Messages":[],"ComputerName":"J9GCBX3","Duration":"00:00:00.0004170","StartTime":"2024-04-25T08:47:21.4460848+00:00","EndTime":"2024-04-25T08:47:21.4465009+00:00","Properties":[{"Key":{"Id":"NUnit.Seed","Label":"Seed","Category":"","Description":"","Attributes":0,"ValueType":"System.String"},"Value":"1580910029"}]},{"TestCase":{"Id":"bade736d-7f23-e8c5-8f9d-e4d2c3a1fa3e","FullyQualifiedName":"ShoppingDALTest.CustomerDALTest.UpdateCustomerExceptionTest","DisplayName":"UpdateCustomerExceptionTest","ExecutorUri":"executor://NUnit3TestExecutor","Source":"C:\\Users\\VC\\codestack\\GenSpark\\day11\\ShoppingSolution\\ShoppingDALTest\\bin\\Debug\\net6.0\\fine-code-coverage\\build-output\\ShoppingDALTest.dll","CodeFilePath":null,"LineNumber":0,"Properties":[{"Key":{"Id":"NUnit.Seed","Label":"Seed","Category":"","Description":"","Attributes":0,"ValueType":"System.String"},"Value":"1924636618"}]},"Attachments":[],"Outcome":1,"ErrorMessage":null,"ErrorStackTrace":null,"DisplayName":"UpdateCustomerExceptionTest","Messages":[],"ComputerName":"J9GCBX3","Duration":"00:00:00.0007210","StartTime":"2024-04-25T08:47:21.4465167+00:00","EndTime":"2024-04-25T08:47:21.4472373+00:00","Properties":[{"Key":{"Id":"NUnit.Seed","Label":"Seed","Category":"","Description":"","Attributes":0,"ValueType":"System.String"},"Value":"1924636618"}]},{"TestCase":{"Id":"598ff530-1a81-5d60-fd93-36ea9069a833","FullyQualifiedName":"ShoppingDALTest.CustomerDALTest.UpdateCustomerTest","DisplayName":"UpdateCustomerTest","ExecutorUri":"executor://NUnit3TestExecutor","Source":"C:\\Users\\VC\\codestack\\GenSpark\\day11\\ShoppingSolution\\ShoppingDALTest\\bin\\Debug\\net6.0\\fine-code-coverage\\build-output\\ShoppingDALTest.dll","CodeFilePath":null,"LineNumber":0,"Properties":[{"Key":{"Id":"NUnit.Seed","Label":"Seed","Category":"","Description":"","Attributes":0,"ValueType":"System.String"},"Value":"355961749"}]},"Attachments":[],"Outcome":1,"ErrorMessage":null,"ErrorStackTrace":null,"DisplayName":"UpdateCustomerTest","Messages":[],"ComputerName":"J9GCBX3","Duration":"00:00:00.0001360","StartTime":"2024-04-25T08:47:21.4472512+00:00","EndTime":"2024-04-25T08:47:21.4473872+00:00","Properties":[{"Key":{"Id":"NUnit.Seed","Label":"Seed","Category":"","Description":"","Attributes":0,"ValueType":"System.String"},"Value":"355961749"}]},{"TestCase":{"Id":"d9d4d082-5bdf-9820-7df8-39be69b39819","FullyQualifiedName":"ShoppingDALTest.ProductDALTest.AddProductTest","DisplayName":"AddProductTest","ExecutorUri":"executor://NUnit3TestExecutor","Source":"C:\\Users\\VC\\codestack\\GenSpark\\day11\\ShoppingSolution\\ShoppingDALTest\\bin\\Debug\\net6.0\\fine-code-coverage\\build-output\\ShoppingDALTest.dll","CodeFilePath":null,"LineNumber":0,"Properties":[{"Key":{"Id":"NUnit.Seed","Label":"Seed","Category":"","Description":"","Attributes":0,"ValueType":"System.String"},"Value":"1891443590"}]},"Attachments":[],"Outcome":1,"ErrorMessage":null,"ErrorStackTrace":null,"DisplayName":"AddProductTest","Messages":[],"ComputerName":"J9GCBX3","Duration":"00:00:00.0008190","StartTime":"2024-04-25T08:47:21.4476092+00:00","EndTime":"2024-04-25T08:47:21.4484268+00:00","Properties":[{"Key":{"Id":"NUnit.Seed","Label":"Seed","Category":"","Description":"","Attributes":0,"ValueType":"System.String"},"Value":"1891443590"}]},{"TestCase":{"Id":"67ac6116-b6f6-e40b-d902-7a9bd67ea714","FullyQualifiedName":"ShoppingDALTest.ProductDALTest.DeleteProductEmptyDataBaseExceptionTest","DisplayName":"DeleteProductEmptyDataBaseExceptionTest","ExecutorUri":"executor://NUnit3TestExecutor","Source":"C:\\Users\\VC\\codestack\\GenSpark\\day11\\ShoppingSolution\\ShoppingDALTest\\bin\\Debug\\net6.0\\fine-code-coverage\\build-output\\ShoppingDALTest.dll","CodeFilePath":null,"LineNumber":0,"Properties":[{"Key":{"Id":"NUnit.Seed","Label":"Seed","Category":"","Description":"","Attributes":0,"ValueType":"System.String"},"Value":"1019576068"}]},"Attachments":[],"Outcome":1,"ErrorMessage":null,"ErrorStackTrace":null,"DisplayName":"DeleteProductEmptyDataBaseExceptionTest","Messages":[],"ComputerName":"J9GCBX3","Duration":"00:00:00.0009540","StartTime":"2024-04-25T08:47:21.4485027+00:00","EndTime":"2024-04-25T08:47:21.4494568+00:00","Properties":[{"Key":{"Id":"NUnit.Seed","Label":"Seed","Category":"","Description":"","Attributes":0,"ValueType":"System.String"},"Value":"1019576068"}]},{"TestCase":{"Id":"3568a4f5-70f0-42cd-a792-10475471ceea","FullyQualifiedName":"ShoppingDALTest.ProductDALTest.DeleteProductExceptionTest","DisplayName":"DeleteProductExceptionTest","ExecutorUri":"executor://NUnit3TestExecutor","Source":"C:\\Users\\VC\\codestack\\GenSpark\\day11\\ShoppingSolution\\ShoppingDALTest\\bin\\Debug\\net6.0\\fine-code-coverage\\build-output\\ShoppingDALTest.dll","CodeFilePath":null,"LineNumber":0,"Properties":[{"Key":{"Id":"NUnit.Seed","Label":"Seed","Category":"","Description":"","Attributes":0,"ValueType":"System.String"},"Value":"1650023466"}]},"Attachments":[],"Outcome":1,"ErrorMessage":null,"ErrorStackTrace":null,"DisplayName":"DeleteProductExceptionTest","Messages":[],"ComputerName":"J9GCBX3","Duration":"00:00:00.0004210","StartTime":"2024-04-25T08:47:21.4495134+00:00","EndTime":"2024-04-25T08:47:21.4499338+00:00","Properties":[{"Key":{"Id":"NUnit.Seed","Label":"Seed","Category":"","Description":"","Attributes":0,"ValueType":"System.String"},"Value":"1650023466"}]},{"TestCase":{"Id":"82bc6693-a69b-e8b8-3d30-c106fa787540","FullyQualifiedName":"ShoppingDALTest.ProductDALTest.DeleteProductTest","DisplayName":"DeleteProductTest","ExecutorUri":"executor://NUnit3TestExecutor","Source":"C:\\Users\\VC\\codestack\\GenSpark\\day11\\ShoppingSolution\\ShoppingDALTest\\bin\\Debug\\net6.0\\fine-code-coverage\\build-output\\ShoppingDALTest.dll","CodeFilePath":null,"LineNumber":0,"Properties":[{"Key":{"Id":"NUnit.Seed","Label":"Seed","Category":"","Description":"","Attributes":0,"ValueType":"System.String"},"Value":"2018168754"}]},"Attachments":[],"Outcome":1,"ErrorMessage":null,"ErrorStackTrace":null,"DisplayName":"DeleteProductTest","Messages":[],"ComputerName":"J9GCBX3","Duration":"00:00:00.0002780","StartTime":"2024-04-25T08:47:21.4500564+00:00","EndTime":"2024-04-25T08:47:21.4503341+00:00","Properties":[{"Key":{"Id":"NUnit.Seed","Label":"Seed","Category":"","Description":"","Attributes":0,"ValueType":"System.String"},"Value":"2018168754"}]},{"TestCase":{"Id":"091a796c-276d-7867-8d6a-b64bcf8fc205","FullyQualifiedName":"ShoppingDALTest.ProductDALTest.GetAllProductsExceptionTest","DisplayName":"GetAllProductsExceptionTest","ExecutorUri":"executor://NUnit3TestExecutor","Source":"C:\\Users\\VC\\codestack\\GenSpark\\day11\\ShoppingSolution\\ShoppingDALTest\\bin\\Debug\\net6.0\\fine-code-coverage\\build-output\\ShoppingDALTest.dll","CodeFilePath":null,"LineNumber":0,"Properties":[{"Key":{"Id":"NUnit.Seed","Label":"Seed","Category":"","Description":"","Attributes":0,"ValueType":"System.String"},"Value":"325017952"}]},"Attachments":[],"Outcome":1,"ErrorMessage":null,"ErrorStackTrace":null,"DisplayName":"GetAllProductsExceptionTest","Messages":[],"ComputerName":"J9GCBX3","Duration":"00:00:00.0003590","StartTime":"2024-04-25T08:47:21.45051+00:00","EndTime":"2024-04-25T08:47:21.4508687+00:00","Properties":[{"Key":{"Id":"NUnit.Seed","Label":"Seed","Category":"","Description":"","Attributes":0,"ValueType":"System.String"},"Value":"325017952"}]}],"TestRunStatistics":{"ExecutedTests":18,"Stats":{"Passed":18}},"ActiveTests":[{"Id":"12821203-e5ac-f22a-caba-f0c1e4dbd30d","FullyQualifiedName":"ShoppingDALTest.ProductDALTest.GetAllProductsTest","DisplayName":"GetAllProductsTest","ExecutorUri":"executor://NUnit3TestExecutor","Source":"C:\\Users\\VC\\codestack\\GenSpark\\day11\\ShoppingSolution\\ShoppingDALTest\\bin\\Debug\\net6.0\\fine-code-coverage\\build-output\\ShoppingDALTest.dll","CodeFilePath":null,"LineNumber":0,"Properties":[{"Key":{"Id":"NUnit.Seed","Label":"Seed","Category":"","Description":"","Attributes":0,"ValueType":"System.String"},"Value":"1541805928"}]}]}}
TpTrace Verbose: 0 : 39732, 7, 2024/04/25, 14:17:21.600, 6163085227609, vstest.console.dll, TestRunRequest:SendTestRunStatsChange: Starting.
TpTrace Verbose: 0 : 39732, 7, 2024/04/25, 14:17:21.600, 6163085228727, vstest.console.dll, InProgress is GetAllProductsTest
TpTrace Verbose: 0 : 39732, 7, 2024/04/25, 14:17:21.600, 6163085229486, vstest.console.dll, MulticastDelegateUtilities.SafeInvoke: TestRun.RunStatsChanged: Invoking callbacks was skipped because there are no subscribers.
TpTrace Information: 0 : 39732, 7, 2024/04/25, 14:17:21.600, 6163085229798, vstest.console.dll, TestRunRequest:SendTestRunStatsChange: Completed.
TpTrace Verbose: 0 : 39732, 7, 2024/04/25, 14:17:21.600, 6163085230159, vstest.console.dll, MulticastDelegateUtilities.SafeInvoke: LengthPrefixCommunicationChannel: MessageReceived: Invoking callback 1/1 for Microsoft.VisualStudio.TestPlatform.CommunicationUtilities.TestRequestSender+<>c__DisplayClass34_0., took 3 ms.
TpTrace Verbose: 0 : 39732, 4, 2024/04/25, 14:17:21.600, 6163085230137, vstest.console.dll, MulticastDelegateUtilities.SafeInvoke: InternalTestLoggerEvents.SendTestResult: Invoking callback 1/1 for Microsoft.VisualStudio.TestPlatform.CommandLine.Internal.ConsoleLogger., took 0 ms.
TpTrace Verbose: 0 : 39732, 7, 2024/04/25, 14:17:21.601, 6163085230530, vstest.console.dll, TcpClientExtensions.MessageLoopAsync: Polling on remoteEndPoint: 127.0.0.1:61496 localEndPoint: 127.0.0.1:61495 after 7 ms
TpTrace Verbose: 0 : 39732, 4, 2024/04/25, 14:17:21.601, 6163085231100, vstest.console.dll, MulticastDelegateUtilities.SafeInvoke: InternalTestLoggerEvents.SendTestResult: Invoking callback 1/1 for Microsoft.VisualStudio.TestPlatform.CommandLine.Internal.ConsoleLogger., took 0 ms.
TpTrace Verbose: 0 : 39732, 4, 2024/04/25, 14:17:21.601, 6163085231985, vstest.console.dll, MulticastDelegateUtilities.SafeInvoke: InternalTestLoggerEvents.SendTestResult: Invoking callback 1/1 for Microsoft.VisualStudio.TestPlatform.CommandLine.Internal.ConsoleLogger., took 0 ms.
TpTrace Verbose: 0 : 39732, 4, 2024/04/25, 14:17:21.601, 6163085232464, vstest.console.dll, MulticastDelegateUtilities.SafeInvoke: InternalTestLoggerEvents.SendTestResult: Invoking callback 1/1 for Microsoft.VisualStudio.TestPlatform.CommandLine.Internal.ConsoleLogger., took 0 ms.
TpTrace Verbose: 0 : 39732, 4, 2024/04/25, 14:17:21.601, 6163085232950, vstest.console.dll, MulticastDelegateUtilities.SafeInvoke: InternalTestLoggerEvents.SendTestResult: Invoking callback 1/1 for Microsoft.VisualStudio.TestPlatform.CommandLine.Internal.ConsoleLogger., took 0 ms.
TpTrace Verbose: 0 : 39732, 4, 2024/04/25, 14:17:21.601, 6163085233637, vstest.console.dll, MulticastDelegateUtilities.SafeInvoke: InternalTestLoggerEvents.SendTestResult: Invoking callback 1/1 for Microsoft.VisualStudio.TestPlatform.CommandLine.Internal.ConsoleLogger., took 0 ms.
TpTrace Verbose: 0 : 39732, 4, 2024/04/25, 14:17:21.601, 6163085234157, vstest.console.dll, MulticastDelegateUtilities.SafeInvoke: InternalTestLoggerEvents.SendTestResult: Invoking callback 1/1 for Microsoft.VisualStudio.TestPlatform.CommandLine.Internal.ConsoleLogger., took 0 ms.
TpTrace Verbose: 0 : 39732, 4, 2024/04/25, 14:17:21.601, 6163085234560, vstest.console.dll, MulticastDelegateUtilities.SafeInvoke: InternalTestLoggerEvents.SendTestResult: Invoking callback 1/1 for Microsoft.VisualStudio.TestPlatform.CommandLine.Internal.ConsoleLogger., took 0 ms.
TpTrace Verbose: 0 : 39732, 4, 2024/04/25, 14:17:21.601, 6163085234975, vstest.console.dll, MulticastDelegateUtilities.SafeInvoke: InternalTestLoggerEvents.SendTestResult: Invoking callback 1/1 for Microsoft.VisualStudio.TestPlatform.CommandLine.Internal.ConsoleLogger., took 0 ms.
TpTrace Verbose: 0 : 39732, 7, 2024/04/25, 14:17:21.623, 6163085455327, vstest.console.dll, TcpClientExtensions.MessageLoopAsync: NotifyDataAvailable remoteEndPoint: 127.0.0.1:61496 localEndPoint: 127.0.0.1:61495
TpTrace Verbose: 0 : 39732, 7, 2024/04/25, 14:17:21.623, 6163085457127, vstest.console.dll, TestRequestSender.OnExecutionMessageReceived: Received message: {"Version":7,"MessageType":"TestSession.Message","Payload":{"MessageLevel":0,"Message":"NUnit Adapter 4.4.0.0: Test execution complete"}}
TpTrace Verbose: 0 : 39732, 7, 2024/04/25, 14:17:21.623, 6163085458399, vstest.console.dll, TestRunRequest:SendTestRunMessage: Starting.
TpTrace Verbose: 0 : 39732, 7, 2024/04/25, 14:17:21.623, 6163085458977, vstest.console.dll, MulticastDelegateUtilities.SafeInvoke: TestRun.LogMessages: Invoking callback 1/1 for Microsoft.VisualStudio.TestPlatform.CommandLine.TestRunResultAggregator., took 0 ms.
TpTrace Information: 0 : 39732, 7, 2024/04/25, 14:17:21.623, 6163085459284, vstest.console.dll, TestRunRequest:SendTestRunMessage: Completed.
TpTrace Verbose: 0 : 39732, 4, 2024/04/25, 14:17:21.623, 6163085459332, vstest.console.dll, MulticastDelegateUtilities.SafeInvoke: InternalTestLoggerEvents.SendTestRunMessage: Invoking callback 1/1 for Microsoft.VisualStudio.TestPlatform.CommandLine.Internal.ConsoleLogger., took 0 ms.
TpTrace Verbose: 0 : 39732, 7, 2024/04/25, 14:17:21.623, 6163085459584, vstest.console.dll, MulticastDelegateUtilities.SafeInvoke: LengthPrefixCommunicationChannel: MessageReceived: Invoking callback 1/1 for Microsoft.VisualStudio.TestPlatform.CommunicationUtilities.TestRequestSender+<>c__DisplayClass34_0., took 0 ms.
TpTrace Verbose: 0 : 39732, 7, 2024/04/25, 14:17:21.624, 6163085460557, vstest.console.dll, TcpClientExtensions.MessageLoopAsync: Polling on remoteEndPoint: 127.0.0.1:61496 localEndPoint: 127.0.0.1:61495 after 22 ms
TpTrace Verbose: 0 : 39732, 7, 2024/04/25, 14:17:21.640, 6163085620677, vstest.console.dll, TcpClientExtensions.MessageLoopAsync: NotifyDataAvailable remoteEndPoint: 127.0.0.1:61496 localEndPoint: 127.0.0.1:61495
TpTrace Verbose: 0 : 39732, 7, 2024/04/25, 14:17:21.640, 6163085624073, vstest.console.dll, TestRequestSender.OnExecutionMessageReceived: Received message: {"Version":7,"MessageType":"TestExecution.Completed","Payload":{"TestRunCompleteArgs":{"TestRunStatistics":{"ExecutedTests":25,"Stats":{"Passed":25}},"IsCanceled":false,"IsAborted":false,"Error":null,"AttachmentSets":[],"InvokedDataCollectors":[],"ElapsedTimeInRunningTests":"00:00:00.5035525","Metrics":{},"DiscoveredExtensions":{"TestDiscoverers":["NUnit.VisualStudio.TestAdapter.NUnit3TestDiscoverer, NUnit3.TestAdapter, Version=4.4.0.0, Culture=neutral, PublicKeyToken=4cb40d35494691ac"],"TestExecutors":["executor://NUnit3TestExecutor"],"TestExecutors2":[],"TestSettingsProviders":[]}},"LastRunTests":{"NewTestResults":[{"TestCase":{"Id":"12821203-e5ac-f22a-caba-f0c1e4dbd30d","FullyQualifiedName":"ShoppingDALTest.ProductDALTest.GetAllProductsTest","DisplayName":"GetAllProductsTest","ExecutorUri":"executor://NUnit3TestExecutor","Source":"C:\\Users\\VC\\codestack\\GenSpark\\day11\\ShoppingSolution\\ShoppingDALTest\\bin\\Debug\\net6.0\\fine-code-coverage\\build-output\\ShoppingDALTest.dll","CodeFilePath":null,"LineNumber":0,"Properties":[{"Key":{"Id":"NUnit.Seed","Label":"Seed","Category":"","Description":"","Attributes":0,"ValueType":"System.String"},"Value":"1541805928"}]},"Attachments":[],"Outcome":1,"ErrorMessage":null,"ErrorStackTrace":null,"DisplayName":"GetAllProductsTest","Messages":[],"ComputerName":"J9GCBX3","Duration":"00:00:00.0003840","StartTime":"2024-04-25T08:47:21.4508816+00:00","EndTime":"2024-04-25T08:47:21.451265+00:00","Properties":[{"Key":{"Id":"NUnit.Seed","Label":"Seed","Category":"","Description":"","Attributes":0,"ValueType":"System.String"},"Value":"1541805928"}]},{"TestCase":{"Id":"1d9d9590-afb3-1560-4555-f328098778b7","FullyQualifiedName":"ShoppingDALTest.ProductDALTest.GetProductByIDEmptyDataBaseExceptionTest","DisplayName":"GetProductByIDEmptyDataBaseExceptionTest","ExecutorUri":"executor://NUnit3TestExecutor","Source":"C:\\Users\\VC\\codestack\\GenSpark\\day11\\ShoppingSolution\\ShoppingDALTest\\bin\\Debug\\net6.0\\fine-code-coverage\\build-output\\ShoppingDALTest.dll","CodeFilePath":null,"LineNumber":0,"Properties":[{"Key":{"Id":"NUnit.Seed","Label":"Seed","Category":"","Description":"","Attributes":0,"ValueType":"System.String"},"Value":"660367121"}]},"Attachments":[],"Outcome":1,"ErrorMessage":null,"ErrorStackTrace":null,"DisplayName":"GetProductByIDEmptyDataBaseExceptionTest","Messages":[],"ComputerName":"J9GCBX3","Duration":"00:00:00.0003180","StartTime":"2024-04-25T08:47:21.4512789+00:00","EndTime":"2024-04-25T08:47:21.4515966+00:00","Properties":[{"Key":{"Id":"NUnit.Seed","Label":"Seed","Category":"","Description":"","Attributes":0,"ValueType":"System.String"},"Value":"660367121"}]},{"TestCase":{"Id":"def737bf-c142-ebfc-6a50-139c3cd7fdf7","FullyQualifiedName":"ShoppingDALTest.ProductDALTest.GetProductByIDExceptionTest","DisplayName":"GetProductByIDExceptionTest","ExecutorUri":"executor://NUnit3TestExecutor","Source":"C:\\Users\\VC\\codestack\\GenSpark\\day11\\ShoppingSolution\\ShoppingDALTest\\bin\\Debug\\net6.0\\fine-code-coverage\\build-output\\ShoppingDALTest.dll","CodeFilePath":null,"LineNumber":0,"Properties":[{"Key":{"Id":"NUnit.Seed","Label":"Seed","Category":"","Description":"","Attributes":0,"ValueType":"System.String"},"Value":"101848566"}]},"Attachments":[],"Outcome":1,"ErrorMessage":null,"ErrorStackTrace":null,"DisplayName":"GetProductByIDExceptionTest","Messages":[],"ComputerName":"J9GCBX3","Duration":"00:00:00.0004550","StartTime":"2024-04-25T08:47:21.4516077+00:00","EndTime":"2024-04-25T08:47:21.4520595+00:00","Properties":[{"Key":{"Id":"NUnit.Seed","Label":"Seed","Category":"","Description":"","Attributes":0,"ValueType":"System.String"},"Value":"101848566"}]},{"TestCase":{"Id":"da6d8150-cf4e-cbf9-2566-694c45222b05","FullyQualifiedName":"ShoppingDALTest.ProductDALTest.GetProductByIDTest","DisplayName":"GetProductByIDTest","ExecutorUri":"executor://NUnit3TestExecutor","Source":"C:\\Users\\VC\\codestack\\GenSpark\\day11\\ShoppingSolution\\ShoppingDALTest\\bin\\Debug\\net6.0\\fine-code-coverage\\build-output\\ShoppingDALTest.dll","CodeFilePath":null,"LineNumber":0,"Properties":[{"Key":{"Id":"NUnit.Seed","Label":"Seed","Category":"","Description":"","Attributes":0,"ValueType":"System.String"},"Value":"880390010"}]},"Attachments":[],"Outcome":1,"ErrorMessage":null,"ErrorStackTrace":null,"DisplayName":"GetProductByIDTest","Messages":[],"ComputerName":"J9GCBX3","Duration":"00:00:00.0001660","StartTime":"2024-04-25T08:47:21.4521083+00:00","EndTime":"2024-04-25T08:47:21.4522761+00:00","Properties":[{"Key":{"Id":"NUnit.Seed","Label":"Seed","Category":"","Description":"","Attributes":0,"ValueType":"System.String"},"Value":"880390010"}]},{"TestCase":{"Id":"abfbf156-6e44-8dc1-eaf9-95331297baf0","FullyQualifiedName":"ShoppingDALTest.ProductDALTest.UpdateProductEmptyDataBaseExceptionTest","DisplayName":"UpdateProductEmptyDataBaseExceptionTest","ExecutorUri":"executor://NUnit3TestExecutor","Source":"C:\\Users\\VC\\codestack\\GenSpark\\day11\\ShoppingSolution\\ShoppingDALTest\\bin\\Debug\\net6.0\\fine-code-coverage\\build-output\\ShoppingDALTest.dll","CodeFilePath":null,"LineNumber":0,"Properties":[{"Key":{"Id":"NUnit.Seed","Label":"Seed","Category":"","Description":"","Attributes":0,"ValueType":"System.String"},"Value":"921652652"}]},"Attachments":[],"Outcome":1,"ErrorMessage":null,"ErrorStackTrace":null,"DisplayName":"UpdateProductEmptyDataBaseExceptionTest","Messages":[],"ComputerName":"J9GCBX3","Duration":"00:00:00.0006200","StartTime":"2024-04-25T08:47:21.4523827+00:00","EndTime":"2024-04-25T08:47:21.4530026+00:00","Properties":[{"Key":{"Id":"NUnit.Seed","Label":"Seed","Category":"","Description":"","Attributes":0,"ValueType":"System.String"},"Value":"921652652"}]},{"TestCase":{"Id":"2b874b84-4645-2f77-ce89-186a63ca18e5","FullyQualifiedName":"ShoppingDALTest.ProductDALTest.UpdateProductExceptionTest","DisplayName":"UpdateProductExceptionTest","ExecutorUri":"executor://NUnit3TestExecutor","Source":"C:\\Users\\VC\\codestack\\GenSpark\\day11\\ShoppingSolution\\ShoppingDALTest\\bin\\Debug\\net6.0\\fine-code-coverage\\build-output\\ShoppingDALTest.dll","CodeFilePath":null,"LineNumber":0,"Properties":[{"Key":{"Id":"NUnit.Seed","Label":"Seed","Category":"","Description":"","Attributes":0,"ValueType":"System.String"},"Value":"2114015004"}]},"Attachments":[],"Outcome":1,"ErrorMessage":null,"ErrorStackTrace":null,"DisplayName":"UpdateProductExceptionTest","Messages":[],"ComputerName":"J9GCBX3","Duration":"00:00:00.0003630","StartTime":"2024-04-25T08:47:21.4530158+00:00","EndTime":"2024-04-25T08:47:21.4533788+00:00","Properties":[{"Key":{"Id":"NUnit.Seed","Label":"Seed","Category":"","Description":"","Attributes":0,"ValueType":"System.String"},"Value":"2114015004"}]},{"TestCase":{"Id":"c5c68814-0714-eef4-d203-77d31ff4a0b8","FullyQualifiedName":"ShoppingDALTest.ProductDALTest.UpdateProductTest","DisplayName":"UpdateProductTest","ExecutorUri":"executor://NUnit3TestExecutor","Source":"C:\\Users\\VC\\codestack\\GenSpark\\day11\\ShoppingSolution\\ShoppingDALTest\\bin\\Debug\\net6.0\\fine-code-coverage\\build-output\\ShoppingDALTest.dll","CodeFilePath":null,"LineNumber":0,"Properties":[{"Key":{"Id":"NUnit.Seed","Label":"Seed","Category":"","Description":"","Attributes":0,"ValueType":"System.String"},"Value":"1735917642"}]},"Attachments":[],"Outcome":1,"ErrorMessage":null,"ErrorStackTrace":null,"DisplayName":"UpdateProductTest","Messages":[],"ComputerName":"J9GCBX3","Duration":"00:00:00.0001930","StartTime":"2024-04-25T08:47:21.4533893+00:00","EndTime":"2024-04-25T08:47:21.4535824+00:00","Properties":[{"Key":{"Id":"NUnit.Seed","Label":"Seed","Category":"","Description":"","Attributes":0,"ValueType":"System.String"},"Value":"1735917642"}]}],"TestRunStatistics":{"ExecutedTests":25,"Stats":{"Passed":25}},"ActiveTests":[]},"RunAttachments":[],"ExecutorUris":["executor://nunit3testexecutor/"]}}
TpTrace Verbose: 0 : 39732, 7, 2024/04/25, 14:17:21.640, 6163085625739, vstest.console.dll, TestRequestSender.EndSession: Sending end session.
TpTrace Verbose: 0 : 39732, 7, 2024/04/25, 14:17:21.640, 6163085627635, vstest.console.dll, ProxyOperationManager.Close: waiting for test host to exit for 100 ms
TpTrace Verbose: 0 : 39732, 12, 2024/04/25, 14:17:21.667, 6163085895499, vstest.console.dll, TestHostManagerCallbacks.ctor: Experimental forwarding output is disabled.
TpTrace Warning: 0 : 39732, 12, 2024/04/25, 14:17:21.667, 6163085898031, vstest.console.dll, TestHostManagerCallbacks.ErrorReceivedCallback Test host standard error line: 
TpTrace Verbose: 0 : 39732, 12, 2024/04/25, 14:17:21.681, 6163086031909, vstest.console.dll, TestHostProvider.ExitCallBack: Host exited starting callback.
TpTrace Information: 0 : 39732, 12, 2024/04/25, 14:17:21.681, 6163086034719, vstest.console.dll, TestHostManagerCallbacks.ExitCallBack: Testhost processId: 40468 exited with exitcode: 0 error: ''
TpTrace Verbose: 0 : 39732, 12, 2024/04/25, 14:17:21.681, 6163086035551, vstest.console.dll, DotnetTestHostManager.OnHostExited: invoking OnHostExited callback
TpTrace Verbose: 0 : 39732, 12, 2024/04/25, 14:17:21.681, 6163086036554, vstest.console.dll, CrossPlatEngine.TestHostManagerHostExited: calling on client process exit callback.
TpTrace Information: 0 : 39732, 12, 2024/04/25, 14:17:21.681, 6163086037557, vstest.console.dll, TestRequestSender.OnClientProcessExit: Test host process exited. Standard error: 
TpTrace Information: 0 : 39732, 12, 2024/04/25, 14:17:21.681, 6163086038297, vstest.console.dll, SocketServer.Stop: Stop server endPoint: 127.0.0.1:61495
TpTrace Information: 0 : 39732, 7, 2024/04/25, 14:17:21.681, 6163086038192, vstest.console.dll, SocketServer.Stop: Stop server endPoint: 127.0.0.1:61495
TpTrace Information: 0 : 39732, 7, 2024/04/25, 14:17:21.682, 6163086040570, vstest.console.dll, SocketServer.Stop: Cancellation requested. Stopping message loop.
TpTrace Information: 0 : 39732, 12, 2024/04/25, 14:17:21.681, 6163086038955, vstest.console.dll, SocketServer.Stop: Cancellation requested. Stopping message loop.
TpTrace Information: 0 : 39732, 7, 2024/04/25, 14:17:21.682, 6163086042882, vstest.console.dll, Closing the connection
TpTrace Verbose: 0 : 39732, 12, 2024/04/25, 14:17:21.682, 6163086043958, vstest.console.dll, MulticastDelegateUtilities.SafeInvoke: HostProviderEvents.OnHostExited: Invoking callback 1/1 for Microsoft.VisualStudio.TestPlatform.CrossPlatEngine.Client.ProxyOperationManager., took 0 ms.
TpTrace Verbose: 0 : 39732, 7, 2024/04/25, 14:17:21.682, 6163086048927, vstest.console.dll, ProxyDataCollectionManager.InvokeDataCollectionServiceAction: Starting.
TpTrace Information: 0 : 39732, 7, 2024/04/25, 14:17:21.682, 6163086049904, vstest.console.dll, ProxyDataCollectionManager.AfterTestRunEnd: Get attachment set and invoked data collectors processId: 40412 port: 61492
TpTrace Verbose: 0 : 39732, 7, 2024/04/25, 14:17:21.683, 6163086050836, vstest.console.dll, DataCollectionRequestSender.SendAfterTestRunStartAndGetResult: Send AfterTestRunEnd message with isCancelled: False
TpTrace Verbose: 0 : 39732, 7, 2024/04/25, 14:17:21.694, 6163086169488, vstest.console.dll, DataCollectionRequestSender.SendAfterTestRunStartAndGetResult: Received message: (DataCollection.AfterTestRunEndResult) -> {"MessageType":"DataCollection.AfterTestRunEndResult","Payload":{"AttachmentSets":[],"InvokedDataCollectors":[{"Uri":"datacollector://Microsoft/TestPlatform/Extensions/Blame/v1","FriendlyName":"Blame","AssemblyQualifiedName":"Microsoft.TestPlatform.Extensions.BlameDataCollector.BlameCollector, Microsoft.TestPlatform.Extensions.BlameDataCollector, Version=15.0.0.0, Culture=neutral, PublicKeyToken=b03f5f7f11d50a3a","FilePath":"C:\\Program Files\\dotnet\\sdk\\8.0.202\\Extensions\\Microsoft.TestPlatform.Extensions.BlameDataCollector.dll","HasAttachmentProcessor":false}],"Metrics":{}}}
TpTrace Information: 0 : 39732, 7, 2024/04/25, 14:17:21.705, 6163086270875, vstest.console.dll, ProxyDataCollectionManager.InvokeDataCollectionServiceAction: Completed.
TpTrace Warning: 0 : 39732, 10, 2024/04/25, 14:17:21.715, 6163086372628, vstest.console.dll, DataCollectionLauncher.ErrorReceivedCallback datacollector standard error line: 
TpTrace Information: 0 : 39732, 10, 2024/04/25, 14:17:21.724, 6163086461447, vstest.console.dll, DataCollectionLauncher.ExitCallBack: Data collector exited with exitcode: 0 error: ''
TpTrace Verbose: 0 : 39732, 7, 2024/04/25, 14:17:21.743, 6163086657350, vstest.console.dll, TestRunRequest:SendTestRunStatsChange: Starting.
TpTrace Verbose: 0 : 39732, 7, 2024/04/25, 14:17:21.743, 6163086659382, vstest.console.dll, MulticastDelegateUtilities.SafeInvoke: TestRun.RunStatsChanged: Invoking callbacks was skipped because there are no subscribers.
TpTrace Information: 0 : 39732, 7, 2024/04/25, 14:17:21.743, 6163086659747, vstest.console.dll, TestRunRequest:SendTestRunStatsChange: Completed.
TpTrace Verbose: 0 : 39732, 4, 2024/04/25, 14:17:21.744, 6163086660542, vstest.console.dll, MulticastDelegateUtilities.SafeInvoke: InternalTestLoggerEvents.SendTestResult: Invoking callback 1/1 for Microsoft.VisualStudio.TestPlatform.CommandLine.Internal.ConsoleLogger., took 0 ms.
TpTrace Verbose: 0 : 39732, 7, 2024/04/25, 14:17:21.744, 6163086662804, vstest.console.dll, ParallelProxyExecutionManager: HandlePartialRunComplete: Total workloads = 1, Total started clients = 1 Total completed clients = 1, Run complete = True, Run canceled: False.
TpTrace Verbose: 0 : 39732, 7, 2024/04/25, 14:17:21.744, 6163086663256, vstest.console.dll, ParallelProxyExecutionManager: HandlePartialRunComplete: All runs completed stopping all managers.
TpTrace Verbose: 0 : 39732, 7, 2024/04/25, 14:17:21.744, 6163086663651, vstest.console.dll, ParallelOperationManager.StopAllManagers: Stopping all managers.
TpTrace Verbose: 0 : 39732, 7, 2024/04/25, 14:17:21.744, 6163086663999, vstest.console.dll, ParallelOperationManager.ClearSlots: Clearing all slots. Slots should accept more work: False
TpTrace Verbose: 0 : 39732, 7, 2024/04/25, 14:17:21.744, 6163086664442, vstest.console.dll, ParallelOperationManager.SetOccupiedSlotCount: Setting slot counts AvailableSlotCount = 1, OccupiedSlotCount = 0.
TpTrace Verbose: 0 : 39732, 7, 2024/04/25, 14:17:21.744, 6163086664958, vstest.console.dll, Occupied slots:

TpTrace Verbose: 0 : 39732, 4, 2024/04/25, 14:17:21.745, 6163086671337, vstest.console.dll, MulticastDelegateUtilities.SafeInvoke: InternalTestLoggerEvents.SendTestResult: Invoking callback 1/1 for Microsoft.VisualStudio.TestPlatform.CommandLine.Internal.ConsoleLogger., took 0 ms.
TpTrace Verbose: 0 : 39732, 4, 2024/04/25, 14:17:21.745, 6163086672205, vstest.console.dll, MulticastDelegateUtilities.SafeInvoke: InternalTestLoggerEvents.SendTestResult: Invoking callback 1/1 for Microsoft.VisualStudio.TestPlatform.CommandLine.Internal.ConsoleLogger., took 0 ms.
TpTrace Verbose: 0 : 39732, 4, 2024/04/25, 14:17:21.745, 6163086672731, vstest.console.dll, MulticastDelegateUtilities.SafeInvoke: InternalTestLoggerEvents.SendTestResult: Invoking callback 1/1 for Microsoft.VisualStudio.TestPlatform.CommandLine.Internal.ConsoleLogger., took 0 ms.
TpTrace Verbose: 0 : 39732, 4, 2024/04/25, 14:17:21.745, 6163086673184, vstest.console.dll, MulticastDelegateUtilities.SafeInvoke: InternalTestLoggerEvents.SendTestResult: Invoking callback 1/1 for Microsoft.VisualStudio.TestPlatform.CommandLine.Internal.ConsoleLogger., took 0 ms.
TpTrace Verbose: 0 : 39732, 4, 2024/04/25, 14:17:21.745, 6163086673681, vstest.console.dll, MulticastDelegateUtilities.SafeInvoke: InternalTestLoggerEvents.SendTestResult: Invoking callback 1/1 for Microsoft.VisualStudio.TestPlatform.CommandLine.Internal.ConsoleLogger., took 0 ms.
TpTrace Verbose: 0 : 39732, 4, 2024/04/25, 14:17:21.745, 6163086674305, vstest.console.dll, MulticastDelegateUtilities.SafeInvoke: InternalTestLoggerEvents.SendTestResult: Invoking callback 1/1 for Microsoft.VisualStudio.TestPlatform.CommandLine.Internal.ConsoleLogger., took 0 ms.
TpTrace Verbose: 0 : 39732, 4, 2024/04/25, 14:17:21.752, 6163086748748, vstest.console.dll, MulticastDelegateUtilities.SafeInvoke: InternalTestLoggerEvents.SendTestRunComplete: Invoking callback 1/2 for Microsoft.TestPlatform.Extensions.BlameDataCollector.BlameLogger., took 0 ms.
TpTrace Verbose: 0 : 39732, 4, 2024/04/25, 14:17:21.758, 6163086807100, vstest.console.dll, MulticastDelegateUtilities.SafeInvoke: InternalTestLoggerEvents.SendTestRunComplete: Invoking callback 2/2 for Microsoft.VisualStudio.TestPlatform.CommandLine.Internal.ConsoleLogger., took 5 ms.
TpTrace Verbose: 0 : 39732, 7, 2024/04/25, 14:17:21.759, 6163086812647, vstest.console.dll, TestRunRequest:TestRunComplete: Starting. IsAborted:False IsCanceled:False.
TpTrace Verbose: 0 : 39732, 7, 2024/04/25, 14:17:21.759, 6163086817029, vstest.console.dll, ParallelOperationManager.DoActionOnAllManagers: Calling an action on all managers.
TpTrace Verbose: 0 : 39732, 7, 2024/04/25, 14:17:21.761, 6163086830793, vstest.console.dll, TestLoggerManager.HandleTestRunComplete: Ignoring as the object is disposed.
TpTrace Verbose: 0 : 39732, 7, 2024/04/25, 14:17:21.761, 6163086833840, vstest.console.dll, MulticastDelegateUtilities.SafeInvoke: TestRun.TestRunComplete: Invoking callback 1/2 for Microsoft.VisualStudio.TestPlatform.CommandLine.TestRunResultAggregator., took 0 ms.
TpTrace Verbose: 0 : 39732, 7, 2024/04/25, 14:17:21.761, 6163086835536, vstest.console.dll, MulticastDelegateUtilities.SafeInvoke: TestRun.TestRunComplete: Invoking callback 2/2 for Microsoft.VisualStudio.TestPlatform.CommandLine.Processors.RunTestsArgumentExecutor+TestRunRequestEventsRegistrar., took 0 ms.
TpTrace Information: 0 : 39732, 7, 2024/04/25, 14:17:21.761, 6163086836861, vstest.console.dll, TestRunRequest:TestRunComplete: Completed.
TpTrace Verbose: 0 : 39732, 7, 2024/04/25, 14:17:21.761, 6163086837444, vstest.console.dll, TestRequestSender.SetOperationComplete: Setting operation complete.
TpTrace Verbose: 0 : 39732, 1, 2024/04/25, 14:17:21.761, 6163086837624, vstest.console.dll, TestRunRequest.Dispose: Starting.
TpTrace Information: 0 : 39732, 1, 2024/04/25, 14:17:21.761, 6163086838809, vstest.console.dll, TestRunRequest.Dispose: Completed.
TpTrace Information: 0 : 39732, 1, 2024/04/25, 14:17:21.761, 6163086839226, vstest.console.dll, TestRequestManager.RunTests: run tests completed.
TpTrace Information: 0 : 39732, 7, 2024/04/25, 14:17:21.761, 6163086839243, vstest.console.dll, SocketServer.Stop: Stop server endPoint: 127.0.0.1:61495
TpTrace Information: 0 : 39732, 1, 2024/04/25, 14:17:21.761, 6163086839991, vstest.console.dll, RunTestsArgumentProcessor:Execute: Test run is completed.
TpTrace Information: 0 : 39732, 7, 2024/04/25, 14:17:21.762, 6163086840375, vstest.console.dll, SocketServer.Stop: Cancellation requested. Stopping message loop.
TpTrace Verbose: 0 : 39732, 7, 2024/04/25, 14:17:21.762, 6163086841337, vstest.console.dll, MulticastDelegateUtilities.SafeInvoke: LengthPrefixCommunicationChannel: MessageReceived: Invoking callback 1/1 for Microsoft.VisualStudio.TestPlatform.CommunicationUtilities.TestRequestSender+<>c__DisplayClass34_0., took 121 ms.
TpTrace Information: 0 : 39732, 7, 2024/04/25, 14:17:21.762, 6163086842294, vstest.console.dll, SocketServer.PrivateStop: Stopping server endPoint: 127.0.0.1:61495 error: 
TpTrace Verbose: 0 : 39732, 1, 2024/04/25, 14:17:21.762, 6163086843541, vstest.console.dll, Executor.Execute: Exiting with exit code of 0
TpTrace Verbose: 0 : 39732, 7, 2024/04/25, 14:17:21.762, 6163086848658, vstest.console.dll, LengthPrefixCommunicationChannel.Dispose: Dispose reader and writer.
