TpTrace Verbose: 0 : 15196, 1, 2024/04/23, 18:23:14.232, 5086799880599, vstest.console.dll, Version: 17.9.0-release-24072-02 Current process architecture: X64
TpTrace Verbose: 0 : 15196, 1, 2024/04/23, 18:23:14.235, 5086799906756, vstest.console.dll, Runtime location: C:\Program Files\dotnet\shared\Microsoft.NETCore.App\8.0.3
TpTrace Verbose: 0 : 15196, 1, 2024/04/23, 18:23:14.236, 5086799923974, vstest.console.dll, ArtifactProcessingPostProcessModeProcessorExecutor.Initialize: ArtifactProcessingMode.Collect
TpTrace Verbose: 0 : 15196, 1, 2024/04/23, 18:23:14.237, 5086799924993, vstest.console.dll, TestSessionCorrelationIdProcessorModeProcessorExecutor.Initialize: TestSessionCorrelationId '5244_680a3515-133d-41c1-80ca-13910509b856'
TpTrace Information: 0 : 15196, 1, 2024/04/23, 18:23:14.243, 5086799993220, vstest.console.dll, FilePatternParser: The given file C:\Users\VC\codestack\GenSpark\HospitalSolution\HospitalBLTest\bin\Debug\net6.0\fine-code-coverage\build-output\HospitalBLTest.dll is a full path.
TpTrace Verbose: 0 : 15196, 1, 2024/04/23, 18:23:14.247, 5086800031070, vstest.console.dll, TestPluginCache.DiscoverTestExtensions: finding test extensions in assemblies ends with: RuntimeProvider.dll TPluginInfo: Microsoft.VisualStudio.TestPlatform.Common.ExtensionFramework.Utilities.TestRuntimePluginInformation TExtension: Microsoft.VisualStudio.TestPlatform.ObjectModel.Host.ITestRuntimeProvider
TpTrace Verbose: 0 : 15196, 1, 2024/04/23, 18:23:14.247, 5086800033889, vstest.console.dll, TestPluginCache.GetExtensionPaths: Filtered extension paths: 
TpTrace Verbose: 0 : 15196, 1, 2024/04/23, 18:23:14.248, 5086800034567, vstest.console.dll, TestPluginCache.GetExtensionPaths: Added default extension paths: C:\Program Files\dotnet\sdk\8.0.202\Extensions\Microsoft.Diagnostics.NETCore.Client.dll
C:\Program Files\dotnet\sdk\8.0.202\Extensions\Microsoft.TestPlatform.Extensions.BlameDataCollector.dll
C:\Program Files\dotnet\sdk\8.0.202\Extensions\Microsoft.TestPlatform.Extensions.EventLogCollector.dll
C:\Program Files\dotnet\sdk\8.0.202\Extensions\Microsoft.TestPlatform.TestHostRuntimeProvider.dll
C:\Program Files\dotnet\sdk\8.0.202\Extensions\Microsoft.VisualStudio.TestPlatform.Extensions.Html.TestLogger.dll
C:\Program Files\dotnet\sdk\8.0.202\Extensions\Microsoft.VisualStudio.TestPlatform.Extensions.Trx.TestLogger.dll
TpTrace Verbose: 0 : 15196, 1, 2024/04/23, 18:23:14.248, 5086800034836, vstest.console.dll, TestPluginCache.GetExtensionPaths: Added unfilterableExtensionPaths: 
TpTrace Information: 0 : 15196, 1, 2024/04/23, 18:23:14.248, 5086800039217, vstest.console.dll, AssemblyResolver.ctor: Creating AssemblyResolver with searchDirectories C:\Program Files\dotnet\sdk\8.0.202\Extensions,C:\Program Files\dotnet\sdk\8.0.202
TpTrace Verbose: 0 : 15196, 1, 2024/04/23, 18:23:14.249, 5086800050554, vstest.console.dll, TestPluginCache.DiscoverTestExtensions: Discovering the extensions using extension path.
TpTrace Verbose: 0 : 15196, 1, 2024/04/23, 18:23:14.249, 5086800051611, vstest.console.dll, TestPluginCache.GetExtensionPaths: Filtered extension paths: 
TpTrace Verbose: 0 : 15196, 1, 2024/04/23, 18:23:14.249, 5086800051967, vstest.console.dll, TestPluginCache.GetExtensionPaths: Added default extension paths: C:\Program Files\dotnet\sdk\8.0.202\Extensions\Microsoft.Diagnostics.NETCore.Client.dll
C:\Program Files\dotnet\sdk\8.0.202\Extensions\Microsoft.TestPlatform.Extensions.BlameDataCollector.dll
C:\Program Files\dotnet\sdk\8.0.202\Extensions\Microsoft.TestPlatform.Extensions.EventLogCollector.dll
C:\Program Files\dotnet\sdk\8.0.202\Extensions\Microsoft.TestPlatform.TestHostRuntimeProvider.dll
C:\Program Files\dotnet\sdk\8.0.202\Extensions\Microsoft.VisualStudio.TestPlatform.Extensions.Html.TestLogger.dll
C:\Program Files\dotnet\sdk\8.0.202\Extensions\Microsoft.VisualStudio.TestPlatform.Extensions.Trx.TestLogger.dll
TpTrace Verbose: 0 : 15196, 1, 2024/04/23, 18:23:14.249, 5086800052217, vstest.console.dll, TestPluginCache.GetExtensionPaths: Added unfilterableExtensionPaths: 
TpTrace Verbose: 0 : 15196, 1, 2024/04/23, 18:23:14.249, 5086800052656, vstest.console.dll, TestPluginCache.DiscoverTestExtensions: Discovering the extensions using allExtensionPaths: C:\Program Files\dotnet\sdk\8.0.202\Extensions\Microsoft.Diagnostics.NETCore.Client.dll
C:\Program Files\dotnet\sdk\8.0.202\Extensions\Microsoft.TestPlatform.Extensions.BlameDataCollector.dll
C:\Program Files\dotnet\sdk\8.0.202\Extensions\Microsoft.TestPlatform.Extensions.EventLogCollector.dll
C:\Program Files\dotnet\sdk\8.0.202\Extensions\Microsoft.TestPlatform.TestHostRuntimeProvider.dll
C:\Program Files\dotnet\sdk\8.0.202\Extensions\Microsoft.VisualStudio.TestPlatform.Extensions.Html.TestLogger.dll
C:\Program Files\dotnet\sdk\8.0.202\Extensions\Microsoft.VisualStudio.TestPlatform.Extensions.Trx.TestLogger.dll
TpTrace Information: 0 : 15196, 1, 2024/04/23, 18:23:14.249, 5086800053721, vstest.console.dll, AssemblyResolver.AddSearchDirectories: Adding more searchDirectories C:\Program Files\dotnet\sdk\8.0.202\Extensions,C:\Program Files\dotnet\sdk\8.0.202
TpTrace Information: 0 : 15196, 1, 2024/04/23, 18:23:14.250, 5086800054113, vstest.console.dll, AssemblyResolver.AddSearchDirectories: Adding more searchDirectories C:\Program Files\dotnet\sdk\8.0.202\Extensions,C:\Program Files\dotnet\sdk\8.0.202
TpTrace Information: 0 : 15196, 1, 2024/04/23, 18:23:14.250, 5086800054393, vstest.console.dll, AssemblyResolver.AddSearchDirectories: Adding more searchDirectories C:\Program Files\dotnet\sdk\8.0.202\Extensions,C:\Program Files\dotnet\sdk\8.0.202
TpTrace Information: 0 : 15196, 1, 2024/04/23, 18:23:14.250, 5086800054613, vstest.console.dll, AssemblyResolver.AddSearchDirectories: Adding more searchDirectories C:\Program Files\dotnet\sdk\8.0.202\Extensions,C:\Program Files\dotnet\sdk\8.0.202
TpTrace Information: 0 : 15196, 1, 2024/04/23, 18:23:14.250, 5086800054826, vstest.console.dll, AssemblyResolver.AddSearchDirectories: Adding more searchDirectories C:\Program Files\dotnet\sdk\8.0.202\Extensions,C:\Program Files\dotnet\sdk\8.0.202
TpTrace Information: 0 : 15196, 1, 2024/04/23, 18:23:14.250, 5086800055072, vstest.console.dll, AssemblyResolver.AddSearchDirectories: Adding more searchDirectories C:\Program Files\dotnet\sdk\8.0.202\Extensions,C:\Program Files\dotnet\sdk\8.0.202
TpTrace Information: 0 : 15196, 1, 2024/04/23, 18:23:14.250, 5086800058625, vstest.console.dll, AssemblyResolver.OnResolve: Microsoft.Diagnostics.NETCore.Client: Resolving assembly.
TpTrace Information: 0 : 15196, 1, 2024/04/23, 18:23:14.250, 5086800059290, vstest.console.dll, AssemblyResolver.OnResolve: Microsoft.Diagnostics.NETCore.Client: Searching in: 'C:\Program Files\dotnet\sdk\8.0.202\Extensions'.
TpTrace Information: 0 : 15196, 1, 2024/04/23, 18:23:14.256, 5086800117508, vstest.console.dll, AssemblyResolver.OnResolve: Microsoft.Diagnostics.NETCore.Client: Loading assembly 'C:\Program Files\dotnet\sdk\8.0.202\Extensions\Microsoft.Diagnostics.NETCore.Client.dll'.
TpTrace Information: 0 : 15196, 1, 2024/04/23, 18:23:14.257, 5086800125055, vstest.console.dll, AssemblyResolver.OnResolve: Resolved assembly: Microsoft.Diagnostics.NETCore.Client, from path: C:\Program Files\dotnet\sdk\8.0.202\Extensions\Microsoft.Diagnostics.NETCore.Client.dll
TpTrace Verbose: 0 : 15196, 1, 2024/04/23, 18:23:14.260, 5086800159680, vstest.console.dll, MetadataReaderExtensionsHelper: Discovering extensions inside assembly 'Microsoft.Diagnostics.NETCore.Client, Version=0.2.9.2401, Culture=neutral, PublicKeyToken=31bf3856ad364e35' file path 'C:\Program Files\dotnet\sdk\8.0.202\Extensions\Microsoft.Diagnostics.NETCore.Client.dll'
TpTrace Information: 0 : 15196, 1, 2024/04/23, 18:23:14.263, 5086800190260, vstest.console.dll, AssemblyResolver.OnResolve: Microsoft.Bcl.AsyncInterfaces: Resolving assembly.
TpTrace Information: 0 : 15196, 1, 2024/04/23, 18:23:14.263, 5086800190978, vstest.console.dll, AssemblyResolver.OnResolve: Microsoft.Bcl.AsyncInterfaces: Searching in: 'C:\Program Files\dotnet\sdk\8.0.202\Extensions'.
TpTrace Information: 0 : 15196, 1, 2024/04/23, 18:23:14.263, 5086800191645, vstest.console.dll, AssemblyResolver.OnResolve: Microsoft.Bcl.AsyncInterfaces: Assembly path does not exist: 'C:\Program Files\dotnet\sdk\8.0.202\Extensions\Microsoft.Bcl.AsyncInterfaces.dll', returning.
TpTrace Information: 0 : 15196, 1, 2024/04/23, 18:23:14.263, 5086800192410, vstest.console.dll, AssemblyResolver.OnResolve: Microsoft.Bcl.AsyncInterfaces: Assembly path does not exist: 'C:\Program Files\dotnet\sdk\8.0.202\Extensions\Microsoft.Bcl.AsyncInterfaces.exe', returning.
TpTrace Information: 0 : 15196, 1, 2024/04/23, 18:23:14.263, 5086800192719, vstest.console.dll, AssemblyResolver.OnResolve: Microsoft.Bcl.AsyncInterfaces: Searching in: 'C:\Program Files\dotnet\sdk\8.0.202'.
TpTrace Information: 0 : 15196, 1, 2024/04/23, 18:23:14.263, 5086800193143, vstest.console.dll, AssemblyResolver.OnResolve: Microsoft.Bcl.AsyncInterfaces: Assembly path does not exist: 'C:\Program Files\dotnet\sdk\8.0.202\Microsoft.Bcl.AsyncInterfaces.dll', returning.
TpTrace Information: 0 : 15196, 1, 2024/04/23, 18:23:14.263, 5086800193515, vstest.console.dll, AssemblyResolver.OnResolve: Microsoft.Bcl.AsyncInterfaces: Assembly path does not exist: 'C:\Program Files\dotnet\sdk\8.0.202\Microsoft.Bcl.AsyncInterfaces.exe', returning.
TpTrace Information: 0 : 15196, 1, 2024/04/23, 18:23:14.263, 5086800193729, vstest.console.dll, AssemblyResolver.OnResolve: Microsoft.Bcl.AsyncInterfaces: Failed to load assembly.
TpTrace Verbose: 0 : 15196, 1, 2024/04/23, 18:23:14.263, 5086800194009, vstest.console.dll, CurrentDomainAssemblyResolve: Resolving assembly 'Microsoft.Bcl.AsyncInterfaces'.
TpTrace Information: 0 : 15196, 1, 2024/04/23, 18:23:14.264, 5086800194500, vstest.console.dll, AssemblyResolver.OnResolve: Microsoft.Bcl.AsyncInterfaces: Resolving assembly.
TpTrace Information: 0 : 15196, 1, 2024/04/23, 18:23:14.264, 5086800194780, vstest.console.dll, AssemblyResolver.OnResolve: Microsoft.Bcl.AsyncInterfaces: Resolved from cache.
TpTrace Verbose: 0 : 15196, 1, 2024/04/23, 18:23:14.264, 5086800194989, vstest.console.dll, CurrentDomainAssemblyResolve: Resolving assembly 'Microsoft.Bcl.AsyncInterfaces'.
TpTrace Verbose: 0 : 15196, 1, 2024/04/23, 18:23:14.264, 5086800195231, vstest.console.dll, CurrentDomainAssemblyResolve: Failed to resolve assembly 'Microsoft.Bcl.AsyncInterfaces'.
TpTrace Verbose: 0 : 15196, 1, 2024/04/23, 18:23:14.264, 5086800200072, vstest.console.dll, CurrentDomainAssemblyResolve: Failed to resolve assembly 'Microsoft.Bcl.AsyncInterfaces'.
TpTrace Warning: 0 : 15196, 1, 2024/04/23, 18:23:14.272, 5086800275051, vstest.console.dll, TestPluginDiscoverer: Failed to get types from assembly 'Microsoft.Diagnostics.NETCore.Client, Version=0.2.9.2401, Culture=neutral, PublicKeyToken=31bf3856ad364e35'. Error: System.Reflection.ReflectionTypeLoadException: Unable to load one or more of the requested types.
Could not load file or assembly 'Microsoft.Bcl.AsyncInterfaces, Version=6.0.0.0, Culture=neutral, PublicKeyToken=cc7b13ffcd2ddd51'. The system cannot find the file specified.
   at System.Reflection.RuntimeModule.GetTypes(RuntimeModule module)
   at System.Reflection.RuntimeModule.GetTypes()
   at Microsoft.VisualStudio.TestPlatform.Common.ExtensionFramework.TestPluginDiscoverer.GetTestExtensionsFromAssembly[TPluginInfo,TExtension](Assembly assembly, Dictionary`2 pluginInfos, String filePath) in /_/src/Microsoft.TestPlatform.Common/ExtensionFramework/TestPluginDiscoverer.cs:line 158
System.IO.FileNotFoundException: Could not load file or assembly 'Microsoft.Bcl.AsyncInterfaces, Version=6.0.0.0, Culture=neutral, PublicKeyToken=cc7b13ffcd2ddd51'. The system cannot find the file specified.
File name: 'Microsoft.Bcl.AsyncInterfaces, Version=6.0.0.0, Culture=neutral, PublicKeyToken=cc7b13ffcd2ddd51'
 ---> System.IO.FileNotFoundException: Could not load file or assembly 'Microsoft.Bcl.AsyncInterfaces, Culture=neutral, PublicKeyToken=null'. The system cannot find the file specified.
File name: 'Microsoft.Bcl.AsyncInterfaces, Culture=neutral, PublicKeyToken=null'
   at System.Reflection.RuntimeAssembly.InternalLoad(AssemblyName assemblyName, StackCrawlMark& stackMark, AssemblyLoadContext assemblyLoadContext, RuntimeAssembly requestingAssembly, Boolean throwOnFileNotFound)
   at System.Reflection.Assembly.Load(AssemblyName assemblyRef)
   at Microsoft.VisualStudio.TestPlatform.Common.ExtensionFramework.TestPluginCache.CurrentDomainAssemblyResolve(Object sender, AssemblyResolveEventArgs args) in /_/src/Microsoft.TestPlatform.Common/ExtensionFramework/TestPluginCache.cs:line 513
   at System.Runtime.Loader.AssemblyLoadContext.GetFirstResolvedAssemblyFromResolvingEvent(AssemblyName assemblyName)
   at System.Runtime.Loader.AssemblyLoadContext.ResolveUsingEvent(AssemblyName assemblyName)
   at System.Runtime.Loader.AssemblyLoadContext.ResolveUsingResolvingEvent(IntPtr gchManagedAssemblyLoadContext, AssemblyName assemblyName)
TpTrace Warning: 0 : 15196, 1, 2024/04/23, 18:23:14.272, 5086800277807, vstest.console.dll, LoaderExceptions: System.IO.FileNotFoundException: Could not load file or assembly 'Microsoft.Bcl.AsyncInterfaces, Version=6.0.0.0, Culture=neutral, PublicKeyToken=cc7b13ffcd2ddd51'. The system cannot find the file specified.
File name: 'Microsoft.Bcl.AsyncInterfaces, Version=6.0.0.0, Culture=neutral, PublicKeyToken=cc7b13ffcd2ddd51'
 ---> System.IO.FileNotFoundException: Could not load file or assembly 'Microsoft.Bcl.AsyncInterfaces, Culture=neutral, PublicKeyToken=null'. The system cannot find the file specified.
File name: 'Microsoft.Bcl.AsyncInterfaces, Culture=neutral, PublicKeyToken=null'
   at System.Reflection.RuntimeAssembly.InternalLoad(AssemblyName assemblyName, StackCrawlMark& stackMark, AssemblyLoadContext assemblyLoadContext, RuntimeAssembly requestingAssembly, Boolean throwOnFileNotFound)
   at System.Reflection.Assembly.Load(AssemblyName assemblyRef)
   at Microsoft.VisualStudio.TestPlatform.Common.ExtensionFramework.TestPluginCache.CurrentDomainAssemblyResolve(Object sender, AssemblyResolveEventArgs args) in /_/src/Microsoft.TestPlatform.Common/ExtensionFramework/TestPluginCache.cs:line 513
   at System.Runtime.Loader.AssemblyLoadContext.GetFirstResolvedAssemblyFromResolvingEvent(AssemblyName assemblyName)
   at System.Runtime.Loader.AssemblyLoadContext.ResolveUsingEvent(AssemblyName assemblyName)
   at System.Runtime.Loader.AssemblyLoadContext.ResolveUsingResolvingEvent(IntPtr gchManagedAssemblyLoadContext, AssemblyName assemblyName)
TpTrace Information: 0 : 15196, 1, 2024/04/23, 18:23:14.272, 5086800278909, vstest.console.dll, AssemblyResolver.OnResolve: Microsoft.TestPlatform.Extensions.BlameDataCollector: Resolving assembly.
TpTrace Information: 0 : 15196, 1, 2024/04/23, 18:23:14.272, 5086800279229, vstest.console.dll, AssemblyResolver.OnResolve: Microsoft.TestPlatform.Extensions.BlameDataCollector: Searching in: 'C:\Program Files\dotnet\sdk\8.0.202\Extensions'.
TpTrace Information: 0 : 15196, 1, 2024/04/23, 18:23:14.272, 5086800281656, vstest.console.dll, AssemblyResolver.OnResolve: Microsoft.TestPlatform.Extensions.BlameDataCollector: Loading assembly 'C:\Program Files\dotnet\sdk\8.0.202\Extensions\Microsoft.TestPlatform.Extensions.BlameDataCollector.dll'.
TpTrace Information: 0 : 15196, 1, 2024/04/23, 18:23:14.273, 5086800286341, vstest.console.dll, AssemblyResolver.OnResolve: Resolved assembly: Microsoft.TestPlatform.Extensions.BlameDataCollector, from path: C:\Program Files\dotnet\sdk\8.0.202\Extensions\Microsoft.TestPlatform.Extensions.BlameDataCollector.dll
TpTrace Verbose: 0 : 15196, 1, 2024/04/23, 18:23:14.273, 5086800287020, vstest.console.dll, MetadataReaderExtensionsHelper: Discovering extensions inside assembly 'Microsoft.TestPlatform.Extensions.BlameDataCollector, Version=15.0.0.0, Culture=neutral, PublicKeyToken=b03f5f7f11d50a3a' file path 'C:\Program Files\dotnet\sdk\8.0.202\Extensions\Microsoft.TestPlatform.Extensions.BlameDataCollector.dll'
TpTrace Information: 0 : 15196, 1, 2024/04/23, 18:23:14.274, 5086800297080, vstest.console.dll, AssemblyResolver.OnResolve: Microsoft.TestPlatform.Extensions.EventLogCollector: Resolving assembly.
TpTrace Information: 0 : 15196, 1, 2024/04/23, 18:23:14.274, 5086800297551, vstest.console.dll, AssemblyResolver.OnResolve: Microsoft.TestPlatform.Extensions.EventLogCollector: Searching in: 'C:\Program Files\dotnet\sdk\8.0.202\Extensions'.
TpTrace Information: 0 : 15196, 1, 2024/04/23, 18:23:14.274, 5086800299655, vstest.console.dll, AssemblyResolver.OnResolve: Microsoft.TestPlatform.Extensions.EventLogCollector: Loading assembly 'C:\Program Files\dotnet\sdk\8.0.202\Extensions\Microsoft.TestPlatform.Extensions.EventLogCollector.dll'.
TpTrace Information: 0 : 15196, 1, 2024/04/23, 18:23:14.274, 5086800303041, vstest.console.dll, AssemblyResolver.OnResolve: Resolved assembly: Microsoft.TestPlatform.Extensions.EventLogCollector, from path: C:\Program Files\dotnet\sdk\8.0.202\Extensions\Microsoft.TestPlatform.Extensions.EventLogCollector.dll
TpTrace Verbose: 0 : 15196, 1, 2024/04/23, 18:23:14.274, 5086800303507, vstest.console.dll, MetadataReaderExtensionsHelper: Discovering extensions inside assembly 'Microsoft.TestPlatform.Extensions.EventLogCollector, Version=15.0.0.0, Culture=neutral, PublicKeyToken=b03f5f7f11d50a3a' file path 'C:\Program Files\dotnet\sdk\8.0.202\Extensions\Microsoft.TestPlatform.Extensions.EventLogCollector.dll'
TpTrace Information: 0 : 15196, 1, 2024/04/23, 18:23:14.276, 5086800319579, vstest.console.dll, AssemblyResolver.OnResolve: Microsoft.TestPlatform.TestHostRuntimeProvider: Resolving assembly.
TpTrace Information: 0 : 15196, 1, 2024/04/23, 18:23:14.276, 5086800320051, vstest.console.dll, AssemblyResolver.OnResolve: Microsoft.TestPlatform.TestHostRuntimeProvider: Searching in: 'C:\Program Files\dotnet\sdk\8.0.202\Extensions'.
TpTrace Information: 0 : 15196, 1, 2024/04/23, 18:23:14.276, 5086800321722, vstest.console.dll, AssemblyResolver.OnResolve: Microsoft.TestPlatform.TestHostRuntimeProvider: Loading assembly 'C:\Program Files\dotnet\sdk\8.0.202\Extensions\Microsoft.TestPlatform.TestHostRuntimeProvider.dll'.
TpTrace Information: 0 : 15196, 1, 2024/04/23, 18:23:14.277, 5086800325293, vstest.console.dll, AssemblyResolver.OnResolve: Resolved assembly: Microsoft.TestPlatform.TestHostRuntimeProvider, from path: C:\Program Files\dotnet\sdk\8.0.202\Extensions\Microsoft.TestPlatform.TestHostRuntimeProvider.dll
TpTrace Verbose: 0 : 15196, 1, 2024/04/23, 18:23:14.277, 5086800325760, vstest.console.dll, MetadataReaderExtensionsHelper: Discovering extensions inside assembly 'Microsoft.TestPlatform.TestHostRuntimeProvider, Version=15.0.0.0, Culture=neutral, PublicKeyToken=b03f5f7f11d50a3a' file path 'C:\Program Files\dotnet\sdk\8.0.202\Extensions\Microsoft.TestPlatform.TestHostRuntimeProvider.dll'
TpTrace Information: 0 : 15196, 1, 2024/04/23, 18:23:14.278, 5086800335308, vstest.console.dll, GetTestExtensionFromType: Register extension with identifier data 'HostProvider://DefaultTestHost' and type 'Microsoft.VisualStudio.TestPlatform.CrossPlatEngine.Hosting.DefaultTestHostManager, Microsoft.TestPlatform.TestHostRuntimeProvider, Version=15.0.0.0, Culture=neutral, PublicKeyToken=b03f5f7f11d50a3a' inside file 'C:\Program Files\dotnet\sdk\8.0.202\Extensions\Microsoft.TestPlatform.TestHostRuntimeProvider.dll'
TpTrace Information: 0 : 15196, 1, 2024/04/23, 18:23:14.278, 5086800337350, vstest.console.dll, GetTestExtensionFromType: Register extension with identifier data 'HostProvider://DotnetTestHost' and type 'Microsoft.VisualStudio.TestPlatform.CrossPlatEngine.Hosting.DotnetTestHostManager, Microsoft.TestPlatform.TestHostRuntimeProvider, Version=15.0.0.0, Culture=neutral, PublicKeyToken=b03f5f7f11d50a3a' inside file 'C:\Program Files\dotnet\sdk\8.0.202\Extensions\Microsoft.TestPlatform.TestHostRuntimeProvider.dll'
TpTrace Information: 0 : 15196, 1, 2024/04/23, 18:23:14.278, 5086800337986, vstest.console.dll, AssemblyResolver.OnResolve: Microsoft.VisualStudio.TestPlatform.Extensions.Html.TestLogger: Resolving assembly.
TpTrace Information: 0 : 15196, 1, 2024/04/23, 18:23:14.278, 5086800338237, vstest.console.dll, AssemblyResolver.OnResolve: Microsoft.VisualStudio.TestPlatform.Extensions.Html.TestLogger: Searching in: 'C:\Program Files\dotnet\sdk\8.0.202\Extensions'.
TpTrace Information: 0 : 15196, 1, 2024/04/23, 18:23:14.278, 5086800340218, vstest.console.dll, AssemblyResolver.OnResolve: Microsoft.VisualStudio.TestPlatform.Extensions.Html.TestLogger: Loading assembly 'C:\Program Files\dotnet\sdk\8.0.202\Extensions\Microsoft.VisualStudio.TestPlatform.Extensions.Html.TestLogger.dll'.
TpTrace Information: 0 : 15196, 1, 2024/04/23, 18:23:14.278, 5086800344079, vstest.console.dll, AssemblyResolver.OnResolve: Resolved assembly: Microsoft.VisualStudio.TestPlatform.Extensions.Html.TestLogger, from path: C:\Program Files\dotnet\sdk\8.0.202\Extensions\Microsoft.VisualStudio.TestPlatform.Extensions.Html.TestLogger.dll
TpTrace Verbose: 0 : 15196, 1, 2024/04/23, 18:23:14.279, 5086800344613, vstest.console.dll, MetadataReaderExtensionsHelper: Discovering extensions inside assembly 'Microsoft.VisualStudio.TestPlatform.Extensions.Html.TestLogger, Version=15.0.0.0, Culture=neutral, PublicKeyToken=b03f5f7f11d50a3a' file path 'C:\Program Files\dotnet\sdk\8.0.202\Extensions\Microsoft.VisualStudio.TestPlatform.Extensions.Html.TestLogger.dll'
TpTrace Information: 0 : 15196, 1, 2024/04/23, 18:23:14.279, 5086800349120, vstest.console.dll, AssemblyResolver.OnResolve: Microsoft.VisualStudio.TestPlatform.Extensions.Trx.TestLogger: Resolving assembly.
TpTrace Information: 0 : 15196, 1, 2024/04/23, 18:23:14.279, 5086800349531, vstest.console.dll, AssemblyResolver.OnResolve: Microsoft.VisualStudio.TestPlatform.Extensions.Trx.TestLogger: Searching in: 'C:\Program Files\dotnet\sdk\8.0.202\Extensions'.
TpTrace Information: 0 : 15196, 1, 2024/04/23, 18:23:14.279, 5086800351452, vstest.console.dll, AssemblyResolver.OnResolve: Microsoft.VisualStudio.TestPlatform.Extensions.Trx.TestLogger: Loading assembly 'C:\Program Files\dotnet\sdk\8.0.202\Extensions\Microsoft.VisualStudio.TestPlatform.Extensions.Trx.TestLogger.dll'.
TpTrace Information: 0 : 15196, 1, 2024/04/23, 18:23:14.280, 5086800356283, vstest.console.dll, AssemblyResolver.OnResolve: Resolved assembly: Microsoft.VisualStudio.TestPlatform.Extensions.Trx.TestLogger, from path: C:\Program Files\dotnet\sdk\8.0.202\Extensions\Microsoft.VisualStudio.TestPlatform.Extensions.Trx.TestLogger.dll
TpTrace Verbose: 0 : 15196, 1, 2024/04/23, 18:23:14.280, 5086800356756, vstest.console.dll, MetadataReaderExtensionsHelper: Discovering extensions inside assembly 'Microsoft.VisualStudio.TestPlatform.Extensions.Trx.TestLogger, Version=15.0.0.0, Culture=neutral, PublicKeyToken=b03f5f7f11d50a3a' file path 'C:\Program Files\dotnet\sdk\8.0.202\Extensions\Microsoft.VisualStudio.TestPlatform.Extensions.Trx.TestLogger.dll'
TpTrace Verbose: 0 : 15196, 1, 2024/04/23, 18:23:14.280, 5086800363018, vstest.console.dll, TestPluginCache: Discovered the extensions using extension path ''.
TpTrace Verbose: 0 : 15196, 1, 2024/04/23, 18:23:14.280, 5086800363650, vstest.console.dll, TestPluginCache: Discoverers are ''.
TpTrace Verbose: 0 : 15196, 1, 2024/04/23, 18:23:14.280, 5086800363860, vstest.console.dll, TestPluginCache: Executors are ''.
TpTrace Verbose: 0 : 15196, 1, 2024/04/23, 18:23:14.280, 5086800364052, vstest.console.dll, TestPluginCache: Executors2 are ''.
TpTrace Verbose: 0 : 15196, 1, 2024/04/23, 18:23:14.281, 5086800364241, vstest.console.dll, TestPluginCache: Setting providers are ''.
TpTrace Verbose: 0 : 15196, 1, 2024/04/23, 18:23:14.281, 5086800364434, vstest.console.dll, TestPluginCache: Loggers are ''.
TpTrace Verbose: 0 : 15196, 1, 2024/04/23, 18:23:14.281, 5086800365641, vstest.console.dll, TestPluginCache: TestHosts are 'HostProvider://DefaultTestHost,HostProvider://DotnetTestHost'.
TpTrace Verbose: 0 : 15196, 1, 2024/04/23, 18:23:14.281, 5086800366003, vstest.console.dll, TestPluginCache: DataCollectors are ''.
TpTrace Information: 0 : 15196, 1, 2024/04/23, 18:23:14.291, 5086800465843, vstest.console.dll, RunTestsArgumentProcessor:Execute: Test run is starting.
TpTrace Verbose: 0 : 15196, 1, 2024/04/23, 18:23:14.291, 5086800466670, vstest.console.dll, RunTestsArgumentProcessor:Execute: Queuing Test run.
TpTrace Information: 0 : 15196, 1, 2024/04/23, 18:23:14.291, 5086800469047, vstest.console.dll, TestRequestManager.RunTests: run tests started.
TpTrace Information: 0 : 15196, 1, 2024/04/23, 18:23:14.292, 5086800479769, vstest.console.dll, AssemblyMetadataProvider.GetFrameworkName: Determined framework:'.NETCoreApp,Version=v6.0' for source: 'C:\Users\VC\codestack\GenSpark\HospitalSolution\HospitalBLTest\bin\Debug\net6.0\fine-code-coverage\build-output\HospitalBLTest.dll'
TpTrace Information: 0 : 15196, 1, 2024/04/23, 18:23:14.292, 5086800481281, vstest.console.dll, Determined framework for all sources: .NETCoreApp,Version=v6.0
TpTrace Verbose: 0 : 15196, 1, 2024/04/23, 18:23:14.292, 5086800484076, vstest.console.dll, TestRequestManager.UpdateRunSettingsIfRequired: Default architecture: X64 IsDefaultTargetArchitecture: True, Current process architecture: X64 OperatingSystem: Windows.
TpTrace Information: 0 : 15196, 1, 2024/04/23, 18:23:14.294, 5086800496862, vstest.console.dll, AssemblyMetadataProvider.GetArchitecture: Determined architecture:AnyCPU info for assembly: C:\Users\VC\codestack\GenSpark\HospitalSolution\HospitalBLTest\bin\Debug\net6.0\fine-code-coverage\build-output\HospitalBLTest.dll
TpTrace Information: 0 : 15196, 1, 2024/04/23, 18:23:14.294, 5086800497313, vstest.console.dll, Determined platform for source 'C:\Users\VC\codestack\GenSpark\HospitalSolution\HospitalBLTest\bin\Debug\net6.0\fine-code-coverage\build-output\HospitalBLTest.dll' was AnyCPU and it will use the default plaform X64.
TpTrace Information: 0 : 15196, 1, 2024/04/23, 18:23:14.294, 5086800497530, vstest.console.dll, None of the sources provided any runnable platform, using the default platform: X64
TpTrace Information: 0 : 15196, 1, 2024/04/23, 18:23:14.294, 5086800498244, vstest.console.dll, Platform was updated to 'X64'.
TpTrace Information: 0 : 15196, 1, 2024/04/23, 18:23:14.296, 5086800521881, vstest.console.dll, InferRunSettingsHelper.IsTestSettingsEnabled: Unable to navigate to RunSettings/MSTest. Current node: RunSettings
TpTrace Information: 0 : 15196, 1, 2024/04/23, 18:23:14.297, 5086800527099, vstest.console.dll, AssemblyResolver.OnResolve: Microsoft.VisualStudio.TestPlatform.Fakes: Resolving assembly.
TpTrace Information: 0 : 15196, 1, 2024/04/23, 18:23:14.297, 5086800527663, vstest.console.dll, AssemblyResolver.OnResolve: Microsoft.VisualStudio.TestPlatform.Fakes: Searching in: 'C:\Program Files\dotnet\sdk\8.0.202\Extensions'.
TpTrace Information: 0 : 15196, 1, 2024/04/23, 18:23:14.297, 5086800528549, vstest.console.dll, AssemblyResolver.OnResolve: Microsoft.VisualStudio.TestPlatform.Fakes: Assembly path does not exist: 'C:\Program Files\dotnet\sdk\8.0.202\Extensions\Microsoft.VisualStudio.TestPlatform.Fakes.dll', returning.
TpTrace Information: 0 : 15196, 1, 2024/04/23, 18:23:14.297, 5086800529015, vstest.console.dll, AssemblyResolver.OnResolve: Microsoft.VisualStudio.TestPlatform.Fakes: Assembly path does not exist: 'C:\Program Files\dotnet\sdk\8.0.202\Extensions\Microsoft.VisualStudio.TestPlatform.Fakes.exe', returning.
TpTrace Information: 0 : 15196, 1, 2024/04/23, 18:23:14.297, 5086800529259, vstest.console.dll, AssemblyResolver.OnResolve: Microsoft.VisualStudio.TestPlatform.Fakes: Searching in: 'C:\Program Files\dotnet\sdk\8.0.202'.
TpTrace Information: 0 : 15196, 1, 2024/04/23, 18:23:14.297, 5086800530208, vstest.console.dll, AssemblyResolver.OnResolve: Microsoft.VisualStudio.TestPlatform.Fakes: Assembly path does not exist: 'C:\Program Files\dotnet\sdk\8.0.202\Microsoft.VisualStudio.TestPlatform.Fakes.dll', returning.
TpTrace Information: 0 : 15196, 1, 2024/04/23, 18:23:14.297, 5086800530830, vstest.console.dll, AssemblyResolver.OnResolve: Microsoft.VisualStudio.TestPlatform.Fakes: Assembly path does not exist: 'C:\Program Files\dotnet\sdk\8.0.202\Microsoft.VisualStudio.TestPlatform.Fakes.exe', returning.
TpTrace Information: 0 : 15196, 1, 2024/04/23, 18:23:14.297, 5086800531152, vstest.console.dll, AssemblyResolver.OnResolve: Microsoft.VisualStudio.TestPlatform.Fakes: Failed to load assembly.
TpTrace Information: 0 : 15196, 1, 2024/04/23, 18:23:14.298, 5086800534770, vstest.console.dll, Failed to load assembly Microsoft.VisualStudio.TestPlatform.Fakes, Version=17.0.0.0, Culture=neutral. Reason:System.IO.FileNotFoundException: Could not load file or assembly 'Microsoft.VisualStudio.TestPlatform.Fakes, Version=17.0.0.0, Culture=neutral, PublicKeyToken=null'. The system cannot find the file specified.
File name: 'Microsoft.VisualStudio.TestPlatform.Fakes, Version=17.0.0.0, Culture=neutral, PublicKeyToken=null'
   at System.Reflection.RuntimeAssembly.InternalLoad(AssemblyName assemblyName, StackCrawlMark& stackMark, AssemblyLoadContext assemblyLoadContext, RuntimeAssembly requestingAssembly, Boolean throwOnFileNotFound)
   at System.Reflection.Assembly.Load(AssemblyName assemblyRef)
   at Microsoft.VisualStudio.TestPlatform.Common.Utilities.FakesUtilities.LoadTestPlatformAssembly() in /_/src/Microsoft.TestPlatform.Common/Utilities/FakesUtilities.cs:line 272
TpTrace Verbose: 0 : 15196, 1, 2024/04/23, 18:23:14.301, 5086800569640, vstest.console.dll, TestPluginCache.DiscoverTestExtensions: finding test extensions in assemblies ends with: TestLogger.dll TPluginInfo: Microsoft.VisualStudio.TestPlatform.Common.ExtensionFramework.Utilities.TestLoggerPluginInformation TExtension: Microsoft.VisualStudio.TestPlatform.ObjectModel.Client.ITestLogger
TpTrace Verbose: 0 : 15196, 1, 2024/04/23, 18:23:14.301, 5086800570856, vstest.console.dll, TestPluginCache.GetExtensionPaths: Filtered extension paths: 
TpTrace Verbose: 0 : 15196, 1, 2024/04/23, 18:23:14.301, 5086800571168, vstest.console.dll, TestPluginCache.GetExtensionPaths: Added default extension paths: C:\Program Files\dotnet\sdk\8.0.202\Extensions\Microsoft.Diagnostics.NETCore.Client.dll
C:\Program Files\dotnet\sdk\8.0.202\Extensions\Microsoft.TestPlatform.Extensions.BlameDataCollector.dll
C:\Program Files\dotnet\sdk\8.0.202\Extensions\Microsoft.TestPlatform.Extensions.EventLogCollector.dll
C:\Program Files\dotnet\sdk\8.0.202\Extensions\Microsoft.TestPlatform.TestHostRuntimeProvider.dll
C:\Program Files\dotnet\sdk\8.0.202\Extensions\Microsoft.VisualStudio.TestPlatform.Extensions.Html.TestLogger.dll
C:\Program Files\dotnet\sdk\8.0.202\Extensions\Microsoft.VisualStudio.TestPlatform.Extensions.Trx.TestLogger.dll
TpTrace Verbose: 0 : 15196, 1, 2024/04/23, 18:23:14.301, 5086800571400, vstest.console.dll, TestPluginCache.GetExtensionPaths: Added unfilterableExtensionPaths: 
TpTrace Information: 0 : 15196, 1, 2024/04/23, 18:23:14.301, 5086800572582, vstest.console.dll, AssemblyResolver.AddSearchDirectories: Adding more searchDirectories C:\Program Files\dotnet\sdk\8.0.202\Extensions,C:\Program Files\dotnet\sdk\8.0.202
TpTrace Verbose: 0 : 15196, 1, 2024/04/23, 18:23:14.301, 5086800572929, vstest.console.dll, TestPluginCache.DiscoverTestExtensions: Discovering the extensions using extension path.
TpTrace Verbose: 0 : 15196, 1, 2024/04/23, 18:23:14.301, 5086800573207, vstest.console.dll, TestPluginCache.GetExtensionPaths: Filtered extension paths: 
TpTrace Verbose: 0 : 15196, 1, 2024/04/23, 18:23:14.301, 5086800573465, vstest.console.dll, TestPluginCache.GetExtensionPaths: Added default extension paths: C:\Program Files\dotnet\sdk\8.0.202\Extensions\Microsoft.Diagnostics.NETCore.Client.dll
C:\Program Files\dotnet\sdk\8.0.202\Extensions\Microsoft.TestPlatform.Extensions.BlameDataCollector.dll
C:\Program Files\dotnet\sdk\8.0.202\Extensions\Microsoft.TestPlatform.Extensions.EventLogCollector.dll
C:\Program Files\dotnet\sdk\8.0.202\Extensions\Microsoft.TestPlatform.TestHostRuntimeProvider.dll
C:\Program Files\dotnet\sdk\8.0.202\Extensions\Microsoft.VisualStudio.TestPlatform.Extensions.Html.TestLogger.dll
C:\Program Files\dotnet\sdk\8.0.202\Extensions\Microsoft.VisualStudio.TestPlatform.Extensions.Trx.TestLogger.dll
TpTrace Verbose: 0 : 15196, 1, 2024/04/23, 18:23:14.301, 5086800573738, vstest.console.dll, TestPluginCache.GetExtensionPaths: Added unfilterableExtensionPaths: 
TpTrace Verbose: 0 : 15196, 1, 2024/04/23, 18:23:14.301, 5086800574004, vstest.console.dll, TestPluginCache.DiscoverTestExtensions: Discovering the extensions using allExtensionPaths: C:\Program Files\dotnet\sdk\8.0.202\Extensions\Microsoft.Diagnostics.NETCore.Client.dll
C:\Program Files\dotnet\sdk\8.0.202\Extensions\Microsoft.TestPlatform.Extensions.BlameDataCollector.dll
C:\Program Files\dotnet\sdk\8.0.202\Extensions\Microsoft.TestPlatform.Extensions.EventLogCollector.dll
C:\Program Files\dotnet\sdk\8.0.202\Extensions\Microsoft.TestPlatform.TestHostRuntimeProvider.dll
C:\Program Files\dotnet\sdk\8.0.202\Extensions\Microsoft.VisualStudio.TestPlatform.Extensions.Html.TestLogger.dll
C:\Program Files\dotnet\sdk\8.0.202\Extensions\Microsoft.VisualStudio.TestPlatform.Extensions.Trx.TestLogger.dll
TpTrace Information: 0 : 15196, 1, 2024/04/23, 18:23:14.302, 5086800574747, vstest.console.dll, AssemblyResolver.AddSearchDirectories: Adding more searchDirectories C:\Program Files\dotnet\sdk\8.0.202\Extensions,C:\Program Files\dotnet\sdk\8.0.202
TpTrace Information: 0 : 15196, 1, 2024/04/23, 18:23:14.302, 5086800575104, vstest.console.dll, AssemblyResolver.AddSearchDirectories: Adding more searchDirectories C:\Program Files\dotnet\sdk\8.0.202\Extensions,C:\Program Files\dotnet\sdk\8.0.202
TpTrace Information: 0 : 15196, 1, 2024/04/23, 18:23:14.302, 5086800575342, vstest.console.dll, AssemblyResolver.AddSearchDirectories: Adding more searchDirectories C:\Program Files\dotnet\sdk\8.0.202\Extensions,C:\Program Files\dotnet\sdk\8.0.202
TpTrace Information: 0 : 15196, 1, 2024/04/23, 18:23:14.302, 5086800575566, vstest.console.dll, AssemblyResolver.AddSearchDirectories: Adding more searchDirectories C:\Program Files\dotnet\sdk\8.0.202\Extensions,C:\Program Files\dotnet\sdk\8.0.202
TpTrace Information: 0 : 15196, 1, 2024/04/23, 18:23:14.302, 5086800575788, vstest.console.dll, AssemblyResolver.AddSearchDirectories: Adding more searchDirectories C:\Program Files\dotnet\sdk\8.0.202\Extensions,C:\Program Files\dotnet\sdk\8.0.202
TpTrace Information: 0 : 15196, 1, 2024/04/23, 18:23:14.302, 5086800576061, vstest.console.dll, AssemblyResolver.AddSearchDirectories: Adding more searchDirectories C:\Program Files\dotnet\sdk\8.0.202\Extensions,C:\Program Files\dotnet\sdk\8.0.202
TpTrace Verbose: 0 : 15196, 1, 2024/04/23, 18:23:14.302, 5086800577078, vstest.console.dll, MetadataReaderExtensionsHelper: Discovering extensions inside assembly 'Microsoft.Diagnostics.NETCore.Client, Version=0.2.9.2401, Culture=neutral, PublicKeyToken=31bf3856ad364e35' file path 'C:\Program Files\dotnet\sdk\8.0.202\Extensions\Microsoft.Diagnostics.NETCore.Client.dll'
TpTrace Information: 0 : 15196, 1, 2024/04/23, 18:23:14.302, 5086800583408, vstest.console.dll, AssemblyResolver.OnResolve: Microsoft.Bcl.AsyncInterfaces: Resolving assembly.
TpTrace Information: 0 : 15196, 1, 2024/04/23, 18:23:14.302, 5086800583978, vstest.console.dll, AssemblyResolver.OnResolve: Microsoft.Bcl.AsyncInterfaces: Resolved from cache.
TpTrace Verbose: 0 : 15196, 1, 2024/04/23, 18:23:14.303, 5086800584202, vstest.console.dll, CurrentDomainAssemblyResolve: Resolving assembly 'Microsoft.Bcl.AsyncInterfaces'.
TpTrace Information: 0 : 15196, 1, 2024/04/23, 18:23:14.303, 5086800584532, vstest.console.dll, AssemblyResolver.OnResolve: Microsoft.Bcl.AsyncInterfaces: Resolving assembly.
TpTrace Information: 0 : 15196, 1, 2024/04/23, 18:23:14.303, 5086800584786, vstest.console.dll, AssemblyResolver.OnResolve: Microsoft.Bcl.AsyncInterfaces: Resolved from cache.
TpTrace Verbose: 0 : 15196, 1, 2024/04/23, 18:23:14.303, 5086800584988, vstest.console.dll, CurrentDomainAssemblyResolve: Resolving assembly 'Microsoft.Bcl.AsyncInterfaces'.
TpTrace Verbose: 0 : 15196, 1, 2024/04/23, 18:23:14.303, 5086800585186, vstest.console.dll, CurrentDomainAssemblyResolve: Failed to resolve assembly 'Microsoft.Bcl.AsyncInterfaces'.
TpTrace Verbose: 0 : 15196, 1, 2024/04/23, 18:23:14.303, 5086800586291, vstest.console.dll, CurrentDomainAssemblyResolve: Failed to resolve assembly 'Microsoft.Bcl.AsyncInterfaces'.
TpTrace Warning: 0 : 15196, 1, 2024/04/23, 18:23:14.303, 5086800588868, vstest.console.dll, TestPluginDiscoverer: Failed to get types from assembly 'Microsoft.Diagnostics.NETCore.Client, Version=0.2.9.2401, Culture=neutral, PublicKeyToken=31bf3856ad364e35'. Error: System.Reflection.ReflectionTypeLoadException: Unable to load one or more of the requested types.
Could not load file or assembly 'Microsoft.Bcl.AsyncInterfaces, Version=6.0.0.0, Culture=neutral, PublicKeyToken=cc7b13ffcd2ddd51'. The system cannot find the file specified.
   at System.Reflection.RuntimeModule.GetTypes(RuntimeModule module)
   at System.Reflection.RuntimeModule.GetTypes()
   at Microsoft.VisualStudio.TestPlatform.Common.ExtensionFramework.TestPluginDiscoverer.GetTestExtensionsFromAssembly[TPluginInfo,TExtension](Assembly assembly, Dictionary`2 pluginInfos, String filePath) in /_/src/Microsoft.TestPlatform.Common/ExtensionFramework/TestPluginDiscoverer.cs:line 158
System.IO.FileNotFoundException: Could not load file or assembly 'Microsoft.Bcl.AsyncInterfaces, Version=6.0.0.0, Culture=neutral, PublicKeyToken=cc7b13ffcd2ddd51'. The system cannot find the file specified.
File name: 'Microsoft.Bcl.AsyncInterfaces, Version=6.0.0.0, Culture=neutral, PublicKeyToken=cc7b13ffcd2ddd51'
 ---> System.IO.FileNotFoundException: Could not load file or assembly 'Microsoft.Bcl.AsyncInterfaces, Culture=neutral, PublicKeyToken=null'. The system cannot find the file specified.
File name: 'Microsoft.Bcl.AsyncInterfaces, Culture=neutral, PublicKeyToken=null'
   at System.Reflection.RuntimeAssembly.InternalLoad(AssemblyName assemblyName, StackCrawlMark& stackMark, AssemblyLoadContext assemblyLoadContext, RuntimeAssembly requestingAssembly, Boolean throwOnFileNotFound)
   at System.Reflection.Assembly.Load(AssemblyName assemblyRef)
   at Microsoft.VisualStudio.TestPlatform.Common.ExtensionFramework.TestPluginCache.CurrentDomainAssemblyResolve(Object sender, AssemblyResolveEventArgs args) in /_/src/Microsoft.TestPlatform.Common/ExtensionFramework/TestPluginCache.cs:line 513
   at System.Runtime.Loader.AssemblyLoadContext.GetFirstResolvedAssemblyFromResolvingEvent(AssemblyName assemblyName)
   at System.Runtime.Loader.AssemblyLoadContext.ResolveUsingEvent(AssemblyName assemblyName)
   at System.Runtime.Loader.AssemblyLoadContext.ResolveUsingResolvingEvent(IntPtr gchManagedAssemblyLoadContext, AssemblyName assemblyName)
TpTrace Warning: 0 : 15196, 1, 2024/04/23, 18:23:14.303, 5086800590344, vstest.console.dll, LoaderExceptions: System.IO.FileNotFoundException: Could not load file or assembly 'Microsoft.Bcl.AsyncInterfaces, Version=6.0.0.0, Culture=neutral, PublicKeyToken=cc7b13ffcd2ddd51'. The system cannot find the file specified.
File name: 'Microsoft.Bcl.AsyncInterfaces, Version=6.0.0.0, Culture=neutral, PublicKeyToken=cc7b13ffcd2ddd51'
 ---> System.IO.FileNotFoundException: Could not load file or assembly 'Microsoft.Bcl.AsyncInterfaces, Culture=neutral, PublicKeyToken=null'. The system cannot find the file specified.
File name: 'Microsoft.Bcl.AsyncInterfaces, Culture=neutral, PublicKeyToken=null'
   at System.Reflection.RuntimeAssembly.InternalLoad(AssemblyName assemblyName, StackCrawlMark& stackMark, AssemblyLoadContext assemblyLoadContext, RuntimeAssembly requestingAssembly, Boolean throwOnFileNotFound)
   at System.Reflection.Assembly.Load(AssemblyName assemblyRef)
   at Microsoft.VisualStudio.TestPlatform.Common.ExtensionFramework.TestPluginCache.CurrentDomainAssemblyResolve(Object sender, AssemblyResolveEventArgs args) in /_/src/Microsoft.TestPlatform.Common/ExtensionFramework/TestPluginCache.cs:line 513
   at System.Runtime.Loader.AssemblyLoadContext.GetFirstResolvedAssemblyFromResolvingEvent(AssemblyName assemblyName)
   at System.Runtime.Loader.AssemblyLoadContext.ResolveUsingEvent(AssemblyName assemblyName)
   at System.Runtime.Loader.AssemblyLoadContext.ResolveUsingResolvingEvent(IntPtr gchManagedAssemblyLoadContext, AssemblyName assemblyName)
TpTrace Verbose: 0 : 15196, 1, 2024/04/23, 18:23:14.303, 5086800590964, vstest.console.dll, MetadataReaderExtensionsHelper: Discovering extensions inside assembly 'Microsoft.TestPlatform.Extensions.BlameDataCollector, Version=15.0.0.0, Culture=neutral, PublicKeyToken=b03f5f7f11d50a3a' file path 'C:\Program Files\dotnet\sdk\8.0.202\Extensions\Microsoft.TestPlatform.Extensions.BlameDataCollector.dll'
TpTrace Information: 0 : 15196, 1, 2024/04/23, 18:23:14.304, 5086800594270, vstest.console.dll, GetTestExtensionFromType: Register extension with identifier data 'logger://Microsoft/TestPlatform/Extensions/Blame/v1' and type 'Microsoft.TestPlatform.Extensions.BlameDataCollector.BlameLogger, Microsoft.TestPlatform.Extensions.BlameDataCollector, Version=15.0.0.0, Culture=neutral, PublicKeyToken=b03f5f7f11d50a3a' inside file 'C:\Program Files\dotnet\sdk\8.0.202\Extensions\Microsoft.TestPlatform.Extensions.BlameDataCollector.dll'
TpTrace Verbose: 0 : 15196, 1, 2024/04/23, 18:23:14.304, 5086800594926, vstest.console.dll, MetadataReaderExtensionsHelper: Discovering extensions inside assembly 'Microsoft.TestPlatform.Extensions.EventLogCollector, Version=15.0.0.0, Culture=neutral, PublicKeyToken=b03f5f7f11d50a3a' file path 'C:\Program Files\dotnet\sdk\8.0.202\Extensions\Microsoft.TestPlatform.Extensions.EventLogCollector.dll'
TpTrace Verbose: 0 : 15196, 1, 2024/04/23, 18:23:14.304, 5086800596882, vstest.console.dll, MetadataReaderExtensionsHelper: Discovering extensions inside assembly 'Microsoft.TestPlatform.TestHostRuntimeProvider, Version=15.0.0.0, Culture=neutral, PublicKeyToken=b03f5f7f11d50a3a' file path 'C:\Program Files\dotnet\sdk\8.0.202\Extensions\Microsoft.TestPlatform.TestHostRuntimeProvider.dll'
TpTrace Verbose: 0 : 15196, 1, 2024/04/23, 18:23:14.304, 5086800599067, vstest.console.dll, MetadataReaderExtensionsHelper: Discovering extensions inside assembly 'Microsoft.VisualStudio.TestPlatform.Extensions.Html.TestLogger, Version=15.0.0.0, Culture=neutral, PublicKeyToken=b03f5f7f11d50a3a' file path 'C:\Program Files\dotnet\sdk\8.0.202\Extensions\Microsoft.VisualStudio.TestPlatform.Extensions.Html.TestLogger.dll'
TpTrace Information: 0 : 15196, 1, 2024/04/23, 18:23:14.304, 5086800602823, vstest.console.dll, GetTestExtensionFromType: Register extension with identifier data 'logger://Microsoft/TestPlatform/HtmlLogger/v1' and type 'Microsoft.VisualStudio.TestPlatform.Extensions.HtmlLogger.HtmlLogger, Microsoft.VisualStudio.TestPlatform.Extensions.Html.TestLogger, Version=15.0.0.0, Culture=neutral, PublicKeyToken=b03f5f7f11d50a3a' inside file 'C:\Program Files\dotnet\sdk\8.0.202\Extensions\Microsoft.VisualStudio.TestPlatform.Extensions.Html.TestLogger.dll'
TpTrace Verbose: 0 : 15196, 1, 2024/04/23, 18:23:14.304, 5086800603354, vstest.console.dll, MetadataReaderExtensionsHelper: Discovering extensions inside assembly 'Microsoft.VisualStudio.TestPlatform.Extensions.Trx.TestLogger, Version=15.0.0.0, Culture=neutral, PublicKeyToken=b03f5f7f11d50a3a' file path 'C:\Program Files\dotnet\sdk\8.0.202\Extensions\Microsoft.VisualStudio.TestPlatform.Extensions.Trx.TestLogger.dll'
TpTrace Information: 0 : 15196, 1, 2024/04/23, 18:23:14.305, 5086800605862, vstest.console.dll, GetTestExtensionFromType: Register extension with identifier data 'logger://Microsoft/TestPlatform/TrxLogger/v1' and type 'Microsoft.VisualStudio.TestPlatform.Extensions.TrxLogger.TrxLogger, Microsoft.VisualStudio.TestPlatform.Extensions.Trx.TestLogger, Version=15.0.0.0, Culture=neutral, PublicKeyToken=b03f5f7f11d50a3a' inside file 'C:\Program Files\dotnet\sdk\8.0.202\Extensions\Microsoft.VisualStudio.TestPlatform.Extensions.Trx.TestLogger.dll'
TpTrace Verbose: 0 : 15196, 1, 2024/04/23, 18:23:14.305, 5086800606354, vstest.console.dll, TestPluginCache: Discovered the extensions using extension path ''.
TpTrace Verbose: 0 : 15196, 1, 2024/04/23, 18:23:14.305, 5086800606625, vstest.console.dll, TestPluginCache: Discoverers are ''.
TpTrace Verbose: 0 : 15196, 1, 2024/04/23, 18:23:14.305, 5086800606828, vstest.console.dll, TestPluginCache: Executors are ''.
TpTrace Verbose: 0 : 15196, 1, 2024/04/23, 18:23:14.305, 5086800607025, vstest.console.dll, TestPluginCache: Executors2 are ''.
TpTrace Verbose: 0 : 15196, 1, 2024/04/23, 18:23:14.305, 5086800607239, vstest.console.dll, TestPluginCache: Setting providers are ''.
TpTrace Verbose: 0 : 15196, 1, 2024/04/23, 18:23:14.305, 5086800608130, vstest.console.dll, TestPluginCache: Loggers are 'logger://Microsoft/TestPlatform/Extensions/Blame/v1,logger://Microsoft/TestPlatform/HtmlLogger/v1,logger://Microsoft/TestPlatform/TrxLogger/v1'.
TpTrace Verbose: 0 : 15196, 1, 2024/04/23, 18:23:14.305, 5086800608521, vstest.console.dll, TestPluginCache: TestHosts are 'HostProvider://DefaultTestHost,HostProvider://DotnetTestHost'.
TpTrace Verbose: 0 : 15196, 1, 2024/04/23, 18:23:14.305, 5086800608775, vstest.console.dll, TestPluginCache: DataCollectors are ''.
TpTrace Information: 0 : 15196, 1, 2024/04/23, 18:23:14.306, 5086800615524, vstest.console.dll, TestPluginManager.CreateTestExtension: Attempting to load test extension: Microsoft.TestPlatform.Extensions.BlameDataCollector.BlameLogger
TpTrace Verbose: 0 : 15196, 1, 2024/04/23, 18:23:14.311, 5086800668104, vstest.console.dll, TestEngine: Initializing Parallel Execution as MaxCpuCount is set to: 1
TpTrace Information: 0 : 15196, 1, 2024/04/23, 18:23:14.312, 5086800680400, vstest.console.dll, TestPluginManager.CreateTestExtension: Attempting to load test extension: Microsoft.VisualStudio.TestPlatform.CrossPlatEngine.Hosting.DefaultTestHostManager
TpTrace Information: 0 : 15196, 1, 2024/04/23, 18:23:14.313, 5086800690006, vstest.console.dll, TestPluginManager.CreateTestExtension: Attempting to load test extension: Microsoft.VisualStudio.TestPlatform.CrossPlatEngine.Hosting.DotnetTestHostManager
TpTrace Information: 0 : 15196, 1, 2024/04/23, 18:23:14.314, 5086800695256, vstest.console.dll, InferRunSettingsHelper.IsTestSettingsEnabled: Unable to navigate to RunSettings/MSTest. Current node: RunSettings
TpTrace Verbose: 0 : 15196, 1, 2024/04/23, 18:23:14.314, 5086800703539, vstest.console.dll, ParallelOperationManager.ClearSlots: Clearing all slots. Slots should accept more work: True
TpTrace Verbose: 0 : 15196, 1, 2024/04/23, 18:23:14.315, 5086800708577, vstest.console.dll, ParallelOperationManager.SetOccupiedSlotCount: Setting slot counts AvailableSlotCount = 1, OccupiedSlotCount = 0.
TpTrace Verbose: 0 : 15196, 1, 2024/04/23, 18:23:14.315, 5086800710886, vstest.console.dll, Occupied slots:

TpTrace Verbose: 0 : 15196, 1, 2024/04/23, 18:23:14.318, 5086800736818, vstest.console.dll, TestEngine.GetExecutionManager: Chosen execution manager 'Microsoft.VisualStudio.TestPlatform.CrossPlatEngine.Client.Parallel.ParallelProxyExecutionManager, Microsoft.TestPlatform.CrossPlatEngine, Version=15.0.0.0, Culture=neutral, PublicKeyToken=b03f5f7f11d50a3a' ParallelLevel '1'.
TpTrace Verbose: 0 : 15196, 1, 2024/04/23, 18:23:14.318, 5086800738379, vstest.console.dll, TestRunRequest.ExecuteAsync: Creating test run request.
TpTrace Verbose: 0 : 15196, 1, 2024/04/23, 18:23:14.318, 5086800740221, vstest.console.dll, TestRunRequest.ExecuteAsync: Starting.
TpTrace Information: 0 : 15196, 1, 2024/04/23, 18:23:14.319, 5086800750606, vstest.console.dll, TestRunRequest.ExecuteAsync: Starting run with settings:TestRunCriteria:
   KeepAlive=False,FrequencyOfRunStatsChangeEvent=10,RunStatsChangeEventTimeout=00:00:01.5000000,TestCaseFilter=,TestExecutorLauncher=
   Settingsxml=<RunSettings>
  <RunConfiguration>
    <ResultsDirectory>C:\Users\VC\codestack\GenSpark\HospitalSolution\HospitalBLTest\bin\Debug\net6.0\fine-code-coverage\coverage-tool-output</ResultsDirectory>
    <TargetPlatform>X64</TargetPlatform>
    <TargetFrameworkVersion>.NETCoreApp,Version=v6.0</TargetFrameworkVersion>
    <DesignMode>False</DesignMode>
    <CollectSourceInformation>False</CollectSourceInformation>
  </RunConfiguration>
  <LoggerRunSettings>
    <Loggers>
      <Logger friendlyName="blame" enabled="True" />
      <Logger friendlyName="Console" uri="logger://microsoft/TestPlatform/ConsoleLogger/v1" assemblyQualifiedName="Microsoft.VisualStudio.TestPlatform.CommandLine.Internal.ConsoleLogger, vstest.console, Version=15.0.0.0, Culture=neutral, PublicKeyToken=b03f5f7f11d50a3a" codeBase="C:\Program Files\dotnet\sdk\8.0.202\vstest.console.dll" enabled="True" />
    </Loggers>
  </LoggerRunSettings>
  <DataCollectionRunSettings>
    <DataCollectors>
      <DataCollector friendlyName="blame" enabled="True">
        <Configuration>
          <ResultsDirectory>C:\Users\VC\codestack\GenSpark\HospitalSolution\HospitalBLTest\bin\Debug\net6.0\fine-code-coverage\coverage-tool-output</ResultsDirectory>
        </Configuration>
      </DataCollector>
    </DataCollectors>
  </DataCollectionRunSettings>
</RunSettings>

TpTrace Verbose: 0 : 15196, 1, 2024/04/23, 18:23:14.319, 5086800751254, vstest.console.dll, TestRunRequest.ExecuteAsync: Wait for the first run request is over.
TpTrace Verbose: 0 : 15196, 1, 2024/04/23, 18:23:14.319, 5086800754002, vstest.console.dll, MulticastDelegateUtilities.SafeInvoke: TestRun.TestRunStart: Invoking callbacks was skipped because there are no subscribers.
TpTrace Verbose: 0 : 15196, 4, 2024/04/23, 18:23:14.320, 5086800756639, vstest.console.dll, MulticastDelegateUtilities.SafeInvoke: InternalTestLoggerEvents.SendTestRunStart: Invoking callback 1/1 for Microsoft.VisualStudio.TestPlatform.CommandLine.Internal.ConsoleLogger., took 0 ms.
TpTrace Verbose: 0 : 15196, 1, 2024/04/23, 18:23:14.320, 5086800761305, vstest.console.dll, ParallelProxyExecutionManager: Start execution. Total sources: 1
TpTrace Verbose: 0 : 15196, 1, 2024/04/23, 18:23:14.321, 5086800764313, vstest.console.dll, ParallelOperationManager.StartWork: Starting adding 1 workloads.
TpTrace Verbose: 0 : 15196, 1, 2024/04/23, 18:23:14.321, 5086800765194, vstest.console.dll, ParallelOperationManager.ClearSlots: Clearing all slots. Slots should accept more work: True
TpTrace Verbose: 0 : 15196, 1, 2024/04/23, 18:23:14.321, 5086800765725, vstest.console.dll, ParallelOperationManager.SetOccupiedSlotCount: Setting slot counts AvailableSlotCount = 1, OccupiedSlotCount = 0.
TpTrace Verbose: 0 : 15196, 1, 2024/04/23, 18:23:14.321, 5086800766166, vstest.console.dll, Occupied slots:

TpTrace Verbose: 0 : 15196, 1, 2024/04/23, 18:23:14.322, 5086800776520, vstest.console.dll, TestRequestSender is acting as server.
TpTrace Verbose: 0 : 15196, 1, 2024/04/23, 18:23:14.323, 5086800788357, vstest.console.dll, ParallelOperationManager.RunWorkInParallel: Adding 1 workload to slot, remaining workloads 0.
TpTrace Verbose: 0 : 15196, 1, 2024/04/23, 18:23:14.323, 5086800788873, vstest.console.dll, ParallelOperationManager.SetOccupiedSlotCount: Setting slot counts AvailableSlotCount = 0, OccupiedSlotCount = 1.
TpTrace Verbose: 0 : 15196, 1, 2024/04/23, 18:23:14.323, 5086800789761, vstest.console.dll, Occupied slots:
0: C:\Users\VC\codestack\GenSpark\HospitalSolution\HospitalBLTest\bin\Debug\net6.0\fine-code-coverage\build-output\HospitalBLTest.dll
TpTrace Verbose: 0 : 15196, 1, 2024/04/23, 18:23:14.324, 5086800797300, vstest.console.dll, ParallelOperationManager.RunWorkInParallel: Started host in slot number 0 for work (source): C:\Users\VC\codestack\GenSpark\HospitalSolution\HospitalBLTest\bin\Debug\net6.0\fine-code-coverage\build-output\HospitalBLTest.dll.
TpTrace Verbose: 0 : 15196, 1, 2024/04/23, 18:23:14.325, 5086800808016, vstest.console.dll, ParallelOperationManager.RunWorkInParallel: We started 1 work items, which is the max parallel level. Won't start more work.
TpTrace Verbose: 0 : 15196, 1, 2024/04/23, 18:23:14.325, 5086800808557, vstest.console.dll, ParallelOperationManager.RunWorkInParallel: We started 1 work items in here, returning True.
TpTrace Information: 0 : 15196, 1, 2024/04/23, 18:23:14.325, 5086800808842, vstest.console.dll, TestRunRequest.ExecuteAsync: Started.
TpTrace Verbose: 0 : 15196, 5, 2024/04/23, 18:23:14.325, 5086800809266, vstest.console.dll, ParallelProxyExecutionManager.StartTestRunOnConcurrentManager: Initializing uninitialized client. Started clients: 0
TpTrace Verbose: 0 : 15196, 5, 2024/04/23, 18:23:14.325, 5086800810537, vstest.console.dll, DataCollectionRequestSender.InitializeCommunication : Initialize communication. 
TpTrace Verbose: 0 : 15196, 1, 2024/04/23, 18:23:14.325, 5086800812866, vstest.console.dll, TestRunRequest.WaitForCompletion: Waiting with timeout -1.
TpTrace Information: 0 : 15196, 5, 2024/04/23, 18:23:14.331, 5086800869629, vstest.console.dll, Listening on Endpoint : 127.0.0.1:61571
TpTrace Verbose: 0 : 15196, 5, 2024/04/23, 18:23:14.336, 5086800918156, vstest.console.dll, DotnetDataCollectionLauncher: Adding  --runtimeconfig "C:\Program Files\dotnet\sdk\8.0.202\datacollector.runtimeconfig.json" in args
TpTrace Verbose: 0 : 15196, 5, 2024/04/23, 18:23:14.336, 5086800919278, vstest.console.dll, DotnetDataCollectionLauncher: Adding  --depsfile "C:\Program Files\dotnet\sdk\8.0.202\datacollector.deps.json" in args
TpTrace Verbose: 0 : 15196, 5, 2024/04/23, 18:23:14.337, 5086800924404, vstest.console.dll, DotnetDataCollectionLauncher: Full path of dotnet.exe is C:\Program Files\dotnet\dotnet.exe
TpTrace Information: 0 : 15196, 5, 2024/04/23, 18:23:14.342, 5086800980193, vstest.console.dll, ProxyDataCollectionManager.Initialize: Launched datacollector processId: 12068 port: 61571
TpTrace Information: 0 : 15196, 5, 2024/04/23, 18:23:14.342, 5086800981567, vstest.console.dll, ProxyDataCollectionManager.Initialize: waiting for connection with timeout: 90 seconds
TpTrace Verbose: 0 : 15196, 5, 2024/04/23, 18:23:14.342, 5086800981961, vstest.console.dll, DataCollectionRequestSender.WaitForRequestHandlerConnection : Waiting for connection with timeout: 90000
TpTrace Information: 0 : 15196, 7, 2024/04/23, 18:23:14.521, 5086802764151, vstest.console.dll, Using the buffer size of 16384 bytes
TpTrace Verbose: 0 : 15196, 5, 2024/04/23, 18:23:14.521, 5086802764343, vstest.console.dll, SocketCommunicationManager.WaitForClientConnection took: 178 ms, with 90000 ms timeout, and finished with True.
TpTrace Information: 0 : 15196, 7, 2024/04/23, 18:23:14.521, 5086802765882, vstest.console.dll, Accepted Client request and set the flag
TpTrace Verbose: 0 : 15196, 5, 2024/04/23, 18:23:14.521, 5086802767223, vstest.console.dll, ProxyDataCollectionManager.InvokeDataCollectionServiceAction: Starting.
TpTrace Information: 0 : 15196, 5, 2024/04/23, 18:23:14.521, 5086802768187, vstest.console.dll, ProxyDataCollectionManager.BeforeTestRunStart: Get environment variable and port for datacollector processId: 12068 port: 61571
TpTrace Verbose: 0 : 15196, 5, 2024/04/23, 18:23:14.521, 5086802769484, vstest.console.dll, DataCollectionRequestSender.SendBeforeTestRunStartAndGetResult: Send BeforeTestRunStart message with settingsXml <RunSettings><RunConfiguration><ResultsDirectory>C:\Users\VC\codestack\GenSpark\HospitalSolution\HospitalBLTest\bin\Debug\net6.0\fine-code-coverage\coverage-tool-output</ResultsDirectory><TargetPlatform>X64</TargetPlatform><TargetFrameworkVersion>.NETCoreApp,Version=v6.0</TargetFrameworkVersion><DesignMode>False</DesignMode><CollectSourceInformation>False</CollectSourceInformation><TestAdaptersPaths>C:\Program Files\dotnet\sdk\8.0.202\Extensions</TestAdaptersPaths></RunConfiguration><LoggerRunSettings><Loggers><Logger friendlyName="blame" enabled="True" /><Logger friendlyName="Console" uri="logger://microsoft/TestPlatform/ConsoleLogger/v1" assemblyQualifiedName="Microsoft.VisualStudio.TestPlatform.CommandLine.Internal.ConsoleLogger, vstest.console, Version=15.0.0.0, Culture=neutral, PublicKeyToken=b03f5f7f11d50a3a" codeBase="C:\Program Files\dotnet\sdk\8.0.202\vstest.console.dll" enabled="True" /></Loggers></LoggerRunSettings><DataCollectionRunSettings><DataCollectors><DataCollector friendlyName="blame" enabled="True"><Configuration><ResultsDirectory>C:\Users\VC\codestack\GenSpark\HospitalSolution\HospitalBLTest\bin\Debug\net6.0\fine-code-coverage\coverage-tool-output</ResultsDirectory></Configuration></DataCollector></DataCollectors></DataCollectionRunSettings></RunSettings> and sources System.Collections.Generic.List`1[System.String]: 
TpTrace Verbose: 0 : 15196, 5, 2024/04/23, 18:23:14.576, 5086803315176, vstest.console.dll, DataCollectionRequestSender.SendBeforeTestRunStartAndGetResult: Received message: (DataCollection.SendMessage) -> {"MessageType":"DataCollection.SendMessage","Payload":{"FriendlyName":null,"Uri":null,"TestCaseId":"00000000-0000-0000-0000-000000000000","Message":"Logging DataCollector Diagnostics in file: C:\\Users\\VC\\codestack\\GenSpark\\HospitalSolution\\HospitalBLTest\\bin\\Debug\\net6.0\\fine-code-coverage\\coverage-tool-output\\diagnostics.datacollector.24-04-23_18-23-14_33619_5.log","Level":0}}
TpTrace Verbose: 0 : 15196, 5, 2024/04/23, 18:23:14.647, 5086804029895, vstest.console.dll, DataCollectionRequestSender.SendBeforeTestRunStartAndGetResult: Received message: (DataCollection.BeforeTestRunStartResult) -> {"MessageType":"DataCollection.BeforeTestRunStartResult","Payload":{"EnvironmentVariables":{},"DataCollectionEventsPort":61573}}
TpTrace Information: 0 : 15196, 5, 2024/04/23, 18:23:14.650, 5086804061818, vstest.console.dll, ProxyDataCollectionManager.BeforeTestRunStart: SendBeforeTestRunStartAndGetResult successful, env variable from datacollector:   and testhost port: 61573
TpTrace Information: 0 : 15196, 5, 2024/04/23, 18:23:14.650, 5086804062559, vstest.console.dll, ProxyDataCollectionManager.InvokeDataCollectionServiceAction: Completed.
TpTrace Verbose: 0 : 15196, 5, 2024/04/23, 18:23:14.650, 5086804062880, vstest.console.dll, ParallelProxyExecutionManager.StartTestRunOnConcurrentManager: Initializing test run. Started clients: 0
TpTrace Verbose: 0 : 15196, 5, 2024/04/23, 18:23:14.650, 5086804063513, vstest.console.dll, ProxyExecutionManager: Test host is always Lazy initialize.
TpTrace Verbose: 0 : 15196, 5, 2024/04/23, 18:23:14.651, 5086804064984, vstest.console.dll, TestRequestSender.InitializeCommunication: initialize communication. 
TpTrace Information: 0 : 15196, 5, 2024/04/23, 18:23:14.651, 5086804070382, vstest.console.dll, SocketServer.Start: Listening on endpoint : 127.0.0.1:61574
TpTrace Verbose: 0 : 15196, 5, 2024/04/23, 18:23:14.652, 5086804079185, vstest.console.dll, DotnetTestHostmanager.GetTestHostProcessStartInfo: Platform environment 'X64' target architecture 'X64' framework '.NETCoreApp,Version=v6.0' OS 'Windows'
TpTrace Verbose: 0 : 15196, 5, 2024/04/23, 18:23:14.652, 5086804081770, vstest.console.dll, DotnetTestHostmanager: Adding  --runtimeconfig "C:\Users\VC\codestack\GenSpark\HospitalSolution\HospitalBLTest\bin\Debug\net6.0\fine-code-coverage\build-output\HospitalBLTest.runtimeconfig.json" in args
TpTrace Verbose: 0 : 15196, 5, 2024/04/23, 18:23:14.652, 5086804082654, vstest.console.dll, DotnetTestHostmanager: Adding  --depsfile "C:\Users\VC\codestack\GenSpark\HospitalSolution\HospitalBLTest\bin\Debug\net6.0\fine-code-coverage\build-output\HospitalBLTest.deps.json" in args
TpTrace Verbose: 0 : 15196, 5, 2024/04/23, 18:23:14.653, 5086804085067, vstest.console.dll, DotnetTestHostmanager.IsWinOnArm: Current PROCESSOR_ARCHITECTURE from environment variable 'AMD64'
TpTrace Verbose: 0 : 15196, 5, 2024/04/23, 18:23:14.653, 5086804085658, vstest.console.dll, DotnetTestHostmanager.IsWinOnArm: Is Windows on ARM 'False'
TpTrace Verbose: 0 : 15196, 5, 2024/04/23, 18:23:14.653, 5086804086499, vstest.console.dll, DotnetTestHostManager: testhost.exe found at path: C:\Users\VC\codestack\GenSpark\HospitalSolution\HospitalBLTest\bin\Debug\net6.0\fine-code-coverage\build-output\testhost.exe
TpTrace Verbose: 0 : 15196, 5, 2024/04/23, 18:23:14.653, 5086804086856, vstest.console.dll, DotnetTestHostmanager: Full path of host exe is C:\Users\VC\codestack\GenSpark\HospitalSolution\HospitalBLTest\bin\Debug\net6.0\fine-code-coverage\build-output\testhost.exe
TpTrace Verbose: 0 : 15196, 5, 2024/04/23, 18:23:14.653, 5086804087950, vstest.console.dll, DotnetTestHostmanager.LaunchTestHostAsync: Found 'VSTEST_WINAPPHOST_DOTNET_ROOT' in env variables, value 'C:\Program Files\dotnet', forwarding to 'DOTNET_ROOT'
TpTrace Verbose: 0 : 15196, 5, 2024/04/23, 18:23:14.653, 5086804089067, vstest.console.dll, DotnetTestHostManager: Starting process 'C:\Users\VC\codestack\GenSpark\HospitalSolution\HospitalBLTest\bin\Debug\net6.0\fine-code-coverage\build-output\testhost.exe' with command line ' --runtimeconfig "C:\Users\VC\codestack\GenSpark\HospitalSolution\HospitalBLTest\bin\Debug\net6.0\fine-code-coverage\build-output\HospitalBLTest.runtimeconfig.json" --depsfile "C:\Users\VC\codestack\GenSpark\HospitalSolution\HospitalBLTest\bin\Debug\net6.0\fine-code-coverage\build-output\HospitalBLTest.deps.json" --port 61574 --endpoint 127.0.0.1:061574 --role client --parentprocessid 15196 --diag "C:\Users\VC\codestack\GenSpark\HospitalSolution\HospitalBLTest\bin\Debug\net6.0\fine-code-coverage\coverage-tool-output\diagnostics.host.24-04-23_18-23-14_65214_5.log" --tracelevel 4 --datacollectionport 61573 --telemetryoptedin false'
TpTrace Verbose: 0 : 15196, 5, 2024/04/23, 18:23:14.658, 5086804135173, vstest.console.dll, MulticastDelegateUtilities.SafeInvoke: HostProviderEvents.OnHostLaunched: Invoking callback 1/2 for Microsoft.VisualStudio.TestPlatform.CrossPlatEngine.Client.ProxyExecutionManagerWithDataCollection., took 0 ms.
TpTrace Verbose: 0 : 15196, 5, 2024/04/23, 18:23:14.658, 5086804138721, vstest.console.dll, Test Runtime launched
TpTrace Verbose: 0 : 15196, 5, 2024/04/23, 18:23:14.658, 5086804139660, vstest.console.dll, MulticastDelegateUtilities.SafeInvoke: HostProviderEvents.OnHostLaunched: Invoking callback 2/2 for Microsoft.VisualStudio.TestPlatform.CrossPlatEngine.Client.ProxyOperationManager., took 0 ms.
TpTrace Verbose: 0 : 15196, 5, 2024/04/23, 18:23:14.658, 5086804141208, vstest.console.dll, TestRequestSender.WaitForRequestHandlerConnection: waiting for connection with timeout: 90000.
TpTrace Verbose: 0 : 15196, 7, 2024/04/23, 18:23:14.830, 5086805855286, vstest.console.dll, MulticastDelegateUtilities.SafeInvoke: SocketServer: ClientConnected: Invoking callback 1/1 for Microsoft.VisualStudio.TestPlatform.CommunicationUtilities.TestRequestSender., took 0 ms.
TpTrace Verbose: 0 : 15196, 5, 2024/04/23, 18:23:14.830, 5086805855285, vstest.console.dll, TestRequestSender.WaitForRequestHandlerConnection: waiting took 171 ms, with timeout 90000 ms, and result 0, which is success.
TpTrace Verbose: 0 : 15196, 7, 2024/04/23, 18:23:14.830, 5086805856825, vstest.console.dll, SocketServer.OnClientConnected: Client connected for endPoint: 127.0.0.1:61574, starting MessageLoopAsync:
TpTrace Verbose: 0 : 15196, 13, 2024/04/23, 18:23:14.830, 5086805863992, vstest.console.dll, TcpClientExtensions.MessageLoopAsync: Polling on remoteEndPoint: 127.0.0.1:61575 localEndPoint: 127.0.0.1:61574 after 0 ms
TpTrace Verbose: 0 : 15196, 5, 2024/04/23, 18:23:14.831, 5086805870138, vstest.console.dll, TestRequestSender.CheckVersionWithTestHost: Sending check version message: {"MessageType":"ProtocolVersion","Payload":7}
TpTrace Verbose: 0 : 15196, 13, 2024/04/23, 18:23:14.931, 5086806873443, vstest.console.dll, TcpClientExtensions.MessageLoopAsync: NotifyDataAvailable remoteEndPoint: 127.0.0.1:61575 localEndPoint: 127.0.0.1:61574
TpTrace Verbose: 0 : 15196, 13, 2024/04/23, 18:23:14.932, 5086806878216, vstest.console.dll, TestRequestSender.CheckVersionWithTestHost: onMessageReceived received message: (ProtocolVersion) -> {"MessageType":"ProtocolVersion","Payload":7}
TpTrace Verbose: 0 : 15196, 13, 2024/04/23, 18:23:14.932, 5086806883985, vstest.console.dll, MulticastDelegateUtilities.SafeInvoke: LengthPrefixCommunicationChannel: MessageReceived: Invoking callback 1/1 for Microsoft.VisualStudio.TestPlatform.CommunicationUtilities.TestRequestSender+<>c__DisplayClass29_0., took 0 ms.
TpTrace Verbose: 0 : 15196, 13, 2024/04/23, 18:23:14.933, 5086806884841, vstest.console.dll, TcpClientExtensions.MessageLoopAsync: Polling on remoteEndPoint: 127.0.0.1:61575 localEndPoint: 127.0.0.1:61574 after 102 ms
TpTrace Verbose: 0 : 15196, 5, 2024/04/23, 18:23:14.933, 5086806885275, vstest.console.dll, TestPluginCache.GetExtensionPaths: Filtered extension paths: 
TpTrace Verbose: 0 : 15196, 5, 2024/04/23, 18:23:14.933, 5086806886149, vstest.console.dll, TestPluginCache.GetExtensionPaths: Added default extension paths: C:\Program Files\dotnet\sdk\8.0.202\Extensions\Microsoft.Diagnostics.NETCore.Client.dll
C:\Program Files\dotnet\sdk\8.0.202\Extensions\Microsoft.TestPlatform.Extensions.BlameDataCollector.dll
C:\Program Files\dotnet\sdk\8.0.202\Extensions\Microsoft.TestPlatform.Extensions.EventLogCollector.dll
C:\Program Files\dotnet\sdk\8.0.202\Extensions\Microsoft.TestPlatform.TestHostRuntimeProvider.dll
C:\Program Files\dotnet\sdk\8.0.202\Extensions\Microsoft.VisualStudio.TestPlatform.Extensions.Html.TestLogger.dll
C:\Program Files\dotnet\sdk\8.0.202\Extensions\Microsoft.VisualStudio.TestPlatform.Extensions.Trx.TestLogger.dll
TpTrace Verbose: 0 : 15196, 5, 2024/04/23, 18:23:14.933, 5086806886720, vstest.console.dll, TestPluginCache.GetExtensionPaths: Added unfilterableExtensionPaths: 
TpTrace Verbose: 0 : 15196, 5, 2024/04/23, 18:23:14.936, 5086806916611, vstest.console.dll, TestRequestSender.InitializeExecution: Sending initialize execution with message: {"Version":7,"MessageType":"TestExecution.Initialize","Payload":["C:\\Users\\VC\\codestack\\GenSpark\\HospitalSolution\\HospitalBLTest\\bin\\Debug\\net6.0\\fine-code-coverage\\build-output\\NUnit3.TestAdapter.dll"]}
TpTrace Verbose: 0 : 15196, 5, 2024/04/23, 18:23:14.936, 5086806918549, vstest.console.dll, ParallelProxyExecutionManager.StartTestRunOnConcurrentManager: Execution starting. Started clients: 1
TpTrace Verbose: 0 : 15196, 5, 2024/04/23, 18:23:14.936, 5086806921227, vstest.console.dll, TestRunRequest:SendTestRunMessage: Starting.
TpTrace Verbose: 0 : 15196, 5, 2024/04/23, 18:23:14.936, 5086806922948, vstest.console.dll, MulticastDelegateUtilities.SafeInvoke: TestRun.LogMessages: Invoking callback 1/1 for Microsoft.VisualStudio.TestPlatform.CommandLine.TestRunResultAggregator., took 0 ms.
TpTrace Information: 0 : 15196, 5, 2024/04/23, 18:23:14.936, 5086806923477, vstest.console.dll, TestRunRequest:SendTestRunMessage: Completed.
TpTrace Verbose: 0 : 15196, 13, 2024/04/23, 18:23:14.937, 5086806925347, vstest.console.dll, TcpClientExtensions.MessageLoopAsync: NotifyDataAvailable remoteEndPoint: 127.0.0.1:61575 localEndPoint: 127.0.0.1:61574
TpTrace Verbose: 0 : 15196, 4, 2024/04/23, 18:23:14.937, 5086806925352, vstest.console.dll, MulticastDelegateUtilities.SafeInvoke: InternalTestLoggerEvents.SendTestRunMessage: Invoking callback 1/1 for Microsoft.VisualStudio.TestPlatform.CommandLine.Internal.ConsoleLogger., took 0 ms.
TpTrace Warning: 0 : 15196, 5, 2024/04/23, 18:23:14.937, 5086806927098, vstest.console.dll, InferRunSettingsHelper.MakeRunsettingsCompatible: Removing the following settings: TargetPlatform from RunSettings file. To use those settings please move to latest version of Microsoft.NET.Test.Sdk
TpTrace Verbose: 0 : 15196, 13, 2024/04/23, 18:23:14.937, 5086806932442, vstest.console.dll, TestRequestSender.OnExecutionMessageReceived: Received message: {"Version":7,"MessageType":"TestSession.Message","Payload":{"MessageLevel":0,"Message":"Logging TestHost Diagnostics in file: C:\\Users\\VC\\codestack\\GenSpark\\HospitalSolution\\HospitalBLTest\\bin\\Debug\\net6.0\\fine-code-coverage\\coverage-tool-output\\diagnostics.host.24-04-23_18-23-14_65214_5.log"}}
TpTrace Verbose: 0 : 15196, 13, 2024/04/23, 18:23:14.940, 5086806956218, vstest.console.dll, TestRunRequest:SendTestRunMessage: Starting.
TpTrace Verbose: 0 : 15196, 13, 2024/04/23, 18:23:14.940, 5086806957714, vstest.console.dll, MulticastDelegateUtilities.SafeInvoke: TestRun.LogMessages: Invoking callback 1/1 for Microsoft.VisualStudio.TestPlatform.CommandLine.TestRunResultAggregator., took 0 ms.
TpTrace Verbose: 0 : 15196, 4, 2024/04/23, 18:23:14.940, 5086806957908, vstest.console.dll, MulticastDelegateUtilities.SafeInvoke: InternalTestLoggerEvents.SendTestRunMessage: Invoking callback 1/1 for Microsoft.VisualStudio.TestPlatform.CommandLine.Internal.ConsoleLogger., took 0 ms.
TpTrace Information: 0 : 15196, 13, 2024/04/23, 18:23:14.940, 5086806958749, vstest.console.dll, TestRunRequest:SendTestRunMessage: Completed.
TpTrace Verbose: 0 : 15196, 13, 2024/04/23, 18:23:14.940, 5086806959392, vstest.console.dll, MulticastDelegateUtilities.SafeInvoke: LengthPrefixCommunicationChannel: MessageReceived: Invoking callback 1/1 for Microsoft.VisualStudio.TestPlatform.CommunicationUtilities.TestRequestSender+<>c__DisplayClass34_0., took 2 ms.
TpTrace Verbose: 0 : 15196, 13, 2024/04/23, 18:23:14.940, 5086806959821, vstest.console.dll, TcpClientExtensions.MessageLoopAsync: Polling on remoteEndPoint: 127.0.0.1:61575 localEndPoint: 127.0.0.1:61574 after 7 ms
TpTrace Verbose: 0 : 15196, 5, 2024/04/23, 18:23:14.944, 5086806995780, vstest.console.dll, TestRequestSender.StartTestRun: Sending test run with message: {"Version":7,"MessageType":"TestExecution.StartWithSources","Payload":{"AdapterSourceMap":{"_none_":["C:\\Users\\VC\\codestack\\GenSpark\\HospitalSolution\\HospitalBLTest\\bin\\Debug\\net6.0\\fine-code-coverage\\build-output\\HospitalBLTest.dll"]},"RunSettings":"<RunSettings>\r\n  <RunConfiguration>\r\n    <ResultsDirectory>C:\\Users\\VC\\codestack\\GenSpark\\HospitalSolution\\HospitalBLTest\\bin\\Debug\\net6.0\\fine-code-coverage\\coverage-tool-output</ResultsDirectory>\r\n    <TargetFrameworkVersion>.NETCoreApp,Version=v6.0</TargetFrameworkVersion>\r\n    <DesignMode>False</DesignMode>\r\n    <CollectSourceInformation>False</CollectSourceInformation>\r\n  </RunConfiguration>\r\n  <LoggerRunSettings>\r\n    <Loggers>\r\n      <Logger friendlyName=\"blame\" enabled=\"True\" />\r\n      <Logger friendlyName=\"Console\" uri=\"logger://microsoft/TestPlatform/ConsoleLogger/v1\" assemblyQualifiedName=\"Microsoft.VisualStudio.TestPlatform.CommandLine.Internal.ConsoleLogger, vstest.console, Version=15.0.0.0, Culture=neutral, PublicKeyToken=b03f5f7f11d50a3a\" codeBase=\"C:\\Program Files\\dotnet\\sdk\\8.0.202\\vstest.console.dll\" enabled=\"True\" />\r\n    </Loggers>\r\n  </LoggerRunSettings>\r\n  <DataCollectionRunSettings>\r\n    <DataCollectors>\r\n      <DataCollector friendlyName=\"blame\" enabled=\"True\">\r\n        <Configuration>\r\n          <ResultsDirectory>C:\\Users\\VC\\codestack\\GenSpark\\HospitalSolution\\HospitalBLTest\\bin\\Debug\\net6.0\\fine-code-coverage\\coverage-tool-output</ResultsDirectory>\r\n        </Configuration>\r\n      </DataCollector>\r\n    </DataCollectors>\r\n  </DataCollectionRunSettings>\r\n</RunSettings>","TestExecutionContext":{"FrequencyOfRunStatsChangeEvent":10,"RunStatsChangeEventTimeout":"00:00:01.5000000","InIsolation":false,"KeepAlive":false,"AreTestCaseLevelEventsRequired":false,"IsDebug":false,"TestCaseFilter":null,"FilterOptions":null},"Package":null}}
TpTrace Verbose: 0 : 15196, 5, 2024/04/23, 18:23:14.944, 5086806997769, vstest.console.dll, ParallelProxyExecutionManager.StartTestRunOnConcurrentManager: Execution started. Started clients: 1
TpTrace Verbose: 0 : 15196, 13, 2024/04/23, 18:23:15.103, 5086808590812, vstest.console.dll, TcpClientExtensions.MessageLoopAsync: NotifyDataAvailable remoteEndPoint: 127.0.0.1:61575 localEndPoint: 127.0.0.1:61574
TpTrace Verbose: 0 : 15196, 13, 2024/04/23, 18:23:15.103, 5086808592860, vstest.console.dll, TestRequestSender.OnExecutionMessageReceived: Received message: {"Version":7,"MessageType":"TestSession.Message","Payload":{"MessageLevel":0,"Message":"NUnit Adapter 4.4.0.0: Test execution started"}}
TpTrace Verbose: 0 : 15196, 13, 2024/04/23, 18:23:15.104, 5086808594821, vstest.console.dll, TestRunRequest:SendTestRunMessage: Starting.
TpTrace Verbose: 0 : 15196, 13, 2024/04/23, 18:23:15.104, 5086808595477, vstest.console.dll, MulticastDelegateUtilities.SafeInvoke: TestRun.LogMessages: Invoking callback 1/1 for Microsoft.VisualStudio.TestPlatform.CommandLine.TestRunResultAggregator., took 0 ms.
TpTrace Information: 0 : 15196, 13, 2024/04/23, 18:23:15.104, 5086808595744, vstest.console.dll, TestRunRequest:SendTestRunMessage: Completed.
TpTrace Verbose: 0 : 15196, 13, 2024/04/23, 18:23:15.104, 5086808596082, vstest.console.dll, MulticastDelegateUtilities.SafeInvoke: LengthPrefixCommunicationChannel: MessageReceived: Invoking callback 1/1 for Microsoft.VisualStudio.TestPlatform.CommunicationUtilities.TestRequestSender+<>c__DisplayClass34_0., took 0 ms.
TpTrace Verbose: 0 : 15196, 13, 2024/04/23, 18:23:15.104, 5086808596374, vstest.console.dll, TcpClientExtensions.MessageLoopAsync: Polling on remoteEndPoint: 127.0.0.1:61575 localEndPoint: 127.0.0.1:61574 after 163 ms
TpTrace Verbose: 0 : 15196, 4, 2024/04/23, 18:23:15.104, 5086808596595, vstest.console.dll, MulticastDelegateUtilities.SafeInvoke: InternalTestLoggerEvents.SendTestRunMessage: Invoking callback 1/1 for Microsoft.VisualStudio.TestPlatform.CommandLine.Internal.ConsoleLogger., took 0 ms.
TpTrace Verbose: 0 : 15196, 13, 2024/04/23, 18:23:15.127, 5086808829997, vstest.console.dll, TcpClientExtensions.MessageLoopAsync: NotifyDataAvailable remoteEndPoint: 127.0.0.1:61575 localEndPoint: 127.0.0.1:61574
TpTrace Verbose: 0 : 15196, 13, 2024/04/23, 18:23:15.127, 5086808831794, vstest.console.dll, TestRequestSender.OnExecutionMessageReceived: Received message: {"Version":7,"MessageType":"TestSession.Message","Payload":{"MessageLevel":0,"Message":"Running all tests in C:\\Users\\VC\\codestack\\GenSpark\\HospitalSolution\\HospitalBLTest\\bin\\Debug\\net6.0\\fine-code-coverage\\build-output\\HospitalBLTest.dll"}}
TpTrace Verbose: 0 : 15196, 13, 2024/04/23, 18:23:15.127, 5086808833018, vstest.console.dll, TestRunRequest:SendTestRunMessage: Starting.
TpTrace Verbose: 0 : 15196, 13, 2024/04/23, 18:23:15.127, 5086808833547, vstest.console.dll, MulticastDelegateUtilities.SafeInvoke: TestRun.LogMessages: Invoking callback 1/1 for Microsoft.VisualStudio.TestPlatform.CommandLine.TestRunResultAggregator., took 0 ms.
TpTrace Information: 0 : 15196, 13, 2024/04/23, 18:23:15.127, 5086808833808, vstest.console.dll, TestRunRequest:SendTestRunMessage: Completed.
TpTrace Verbose: 0 : 15196, 13, 2024/04/23, 18:23:15.128, 5086808834096, vstest.console.dll, MulticastDelegateUtilities.SafeInvoke: LengthPrefixCommunicationChannel: MessageReceived: Invoking callback 1/1 for Microsoft.VisualStudio.TestPlatform.CommunicationUtilities.TestRequestSender+<>c__DisplayClass34_0., took 0 ms.
TpTrace Verbose: 0 : 15196, 13, 2024/04/23, 18:23:15.128, 5086808834382, vstest.console.dll, TcpClientExtensions.MessageLoopAsync: Polling on remoteEndPoint: 127.0.0.1:61575 localEndPoint: 127.0.0.1:61574 after 23 ms
TpTrace Verbose: 0 : 15196, 4, 2024/04/23, 18:23:15.128, 5086808834773, vstest.console.dll, MulticastDelegateUtilities.SafeInvoke: InternalTestLoggerEvents.SendTestRunMessage: Invoking callback 1/1 for Microsoft.VisualStudio.TestPlatform.CommandLine.Internal.ConsoleLogger., took 0 ms.
TpTrace Verbose: 0 : 15196, 13, 2024/04/23, 18:23:15.240, 5086809958406, vstest.console.dll, TcpClientExtensions.MessageLoopAsync: NotifyDataAvailable remoteEndPoint: 127.0.0.1:61575 localEndPoint: 127.0.0.1:61574
TpTrace Verbose: 0 : 15196, 13, 2024/04/23, 18:23:15.240, 5086809960186, vstest.console.dll, TestRequestSender.OnExecutionMessageReceived: Received message: {"Version":7,"MessageType":"TestSession.Message","Payload":{"MessageLevel":0,"Message":"   NUnit3TestExecutor discovered 25 of 25 NUnit test cases using Current Discovery mode, Non-Explicit run"}}
TpTrace Verbose: 0 : 15196, 13, 2024/04/23, 18:23:15.240, 5086809961431, vstest.console.dll, TestRunRequest:SendTestRunMessage: Starting.
TpTrace Verbose: 0 : 15196, 13, 2024/04/23, 18:23:15.240, 5086809961953, vstest.console.dll, MulticastDelegateUtilities.SafeInvoke: TestRun.LogMessages: Invoking callback 1/1 for Microsoft.VisualStudio.TestPlatform.CommandLine.TestRunResultAggregator., took 0 ms.
TpTrace Verbose: 0 : 15196, 4, 2024/04/23, 18:23:15.240, 5086809962128, vstest.console.dll, MulticastDelegateUtilities.SafeInvoke: InternalTestLoggerEvents.SendTestRunMessage: Invoking callback 1/1 for Microsoft.VisualStudio.TestPlatform.CommandLine.Internal.ConsoleLogger., took 0 ms.
TpTrace Information: 0 : 15196, 13, 2024/04/23, 18:23:15.240, 5086809962316, vstest.console.dll, TestRunRequest:SendTestRunMessage: Completed.
TpTrace Verbose: 0 : 15196, 13, 2024/04/23, 18:23:15.240, 5086809963009, vstest.console.dll, MulticastDelegateUtilities.SafeInvoke: LengthPrefixCommunicationChannel: MessageReceived: Invoking callback 1/1 for Microsoft.VisualStudio.TestPlatform.CommunicationUtilities.TestRequestSender+<>c__DisplayClass34_0., took 0 ms.
TpTrace Verbose: 0 : 15196, 13, 2024/04/23, 18:23:15.240, 5086809963304, vstest.console.dll, TcpClientExtensions.MessageLoopAsync: Polling on remoteEndPoint: 127.0.0.1:61575 localEndPoint: 127.0.0.1:61574 after 112 ms
TpTrace Verbose: 0 : 15196, 13, 2024/04/23, 18:23:15.363, 5086811190101, vstest.console.dll, TcpClientExtensions.MessageLoopAsync: NotifyDataAvailable remoteEndPoint: 127.0.0.1:61575 localEndPoint: 127.0.0.1:61574
TpTrace Verbose: 0 : 15196, 13, 2024/04/23, 18:23:15.364, 5086811194295, vstest.console.dll, TestRequestSender.OnExecutionMessageReceived: Received message: {"Version":7,"MessageType":"TestExecution.StatsChange","Payload":{"NewTestResults":[{"TestCase":{"Id":"cb1b1f0f-41c4-fc90-1e90-2ef39ed4763a","FullyQualifiedName":"HospitalBLTest.DoctorBLUnitTest.AddDocter_WhenDoctorDetailsAlreadyExists_ShouldReturnException","DisplayName":"AddDocter_WhenDoctorDetailsAlreadyExists_ShouldReturnException","ExecutorUri":"executor://NUnit3TestExecutor","Source":"C:\\Users\\VC\\codestack\\GenSpark\\HospitalSolution\\HospitalBLTest\\bin\\Debug\\net6.0\\fine-code-coverage\\build-output\\HospitalBLTest.dll","CodeFilePath":null,"LineNumber":0,"Properties":[{"Key":{"Id":"NUnit.Seed","Label":"Seed","Category":"","Description":"","Attributes":0,"ValueType":"System.String"},"Value":"1372703881"}]},"Attachments":[],"Outcome":1,"ErrorMessage":null,"ErrorStackTrace":null,"DisplayName":"AddDocter_WhenDoctorDetailsAlreadyExists_ShouldReturnException","Messages":[],"ComputerName":"J9GCBX3","Duration":"00:00:00.0149400","StartTime":"2024-04-23T12:53:15.2614353+00:00","EndTime":"2024-04-23T12:53:15.2763102+00:00","Properties":[{"Key":{"Id":"NUnit.Seed","Label":"Seed","Category":"","Description":"","Attributes":0,"ValueType":"System.String"},"Value":"1372703881"}]},{"TestCase":{"Id":"f8f3bcdb-f49d-b776-f5c3-f11e0a338947","FullyQualifiedName":"HospitalBLTest.DoctorBLUnitTest.AddDoctorFailureTest","DisplayName":"AddDoctorFailureTest","ExecutorUri":"executor://NUnit3TestExecutor","Source":"C:\\Users\\VC\\codestack\\GenSpark\\HospitalSolution\\HospitalBLTest\\bin\\Debug\\net6.0\\fine-code-coverage\\build-output\\HospitalBLTest.dll","CodeFilePath":null,"LineNumber":0,"Properties":[{"Key":{"Id":"NUnit.Seed","Label":"Seed","Category":"","Description":"","Attributes":0,"ValueType":"System.String"},"Value":"1847663841"}]},"Attachments":[],"Outcome":1,"ErrorMessage":null,"ErrorStackTrace":null,"DisplayName":"AddDoctorFailureTest","Messages":[],"ComputerName":"J9GCBX3","Duration":"00:00:00.0041420","StartTime":"2024-04-23T12:53:15.2774366+00:00","EndTime":"2024-04-23T12:53:15.2815786+00:00","Properties":[{"Key":{"Id":"NUnit.Seed","Label":"Seed","Category":"","Description":"","Attributes":0,"ValueType":"System.String"},"Value":"1847663841"}]},{"TestCase":{"Id":"cad3f119-4797-fb88-c420-4e7645807367","FullyQualifiedName":"HospitalBLTest.DoctorBLUnitTest.AddSuccessTest","DisplayName":"AddSuccessTest","ExecutorUri":"executor://NUnit3TestExecutor","Source":"C:\\Users\\VC\\codestack\\GenSpark\\HospitalSolution\\HospitalBLTest\\bin\\Debug\\net6.0\\fine-code-coverage\\build-output\\HospitalBLTest.dll","CodeFilePath":null,"LineNumber":0,"Properties":[{"Key":{"Id":"NUnit.Seed","Label":"Seed","Category":"","Description":"","Attributes":0,"ValueType":"System.String"},"Value":"297464087"}]},"Attachments":[],"Outcome":1,"ErrorMessage":null,"ErrorStackTrace":null,"DisplayName":"AddSuccessTest","Messages":[],"ComputerName":"J9GCBX3","Duration":"00:00:00.0001350","StartTime":"2024-04-23T12:53:15.2816034+00:00","EndTime":"2024-04-23T12:53:15.2817386+00:00","Properties":[{"Key":{"Id":"NUnit.Seed","Label":"Seed","Category":"","Description":"","Attributes":0,"ValueType":"System.String"},"Value":"297464087"}]},{"TestCase":{"Id":"61b9c825-03d4-5de9-2043-1318e7149600","FullyQualifiedName":"HospitalBLTest.DoctorBLUnitTest.DeleteDoctor","DisplayName":"DeleteDoctor","ExecutorUri":"executor://NUnit3TestExecutor","Source":"C:\\Users\\VC\\codestack\\GenSpark\\HospitalSolution\\HospitalBLTest\\bin\\Debug\\net6.0\\fine-code-coverage\\build-output\\HospitalBLTest.dll","CodeFilePath":null,"LineNumber":0,"Properties":[{"Key":{"Id":"NUnit.Seed","Label":"Seed","Category":"","Description":"","Attributes":0,"ValueType":"System.String"},"Value":"1317151690"}]},"Attachments":[],"Outcome":1,"ErrorMessage":null,"ErrorStackTrace":null,"DisplayName":"DeleteDoctor","Messages":[],"ComputerName":"J9GCBX3","Duration":"00:00:00.0018580","StartTime":"2024-04-23T12:53:15.2817469+00:00","EndTime":"2024-04-23T12:53:15.2836045+00:00","Properties":[{"Key":{"Id":"NUnit.Seed","Label":"Seed","Category":"","Description":"","Attributes":0,"ValueType":"System.String"},"Value":"1317151690"}]},{"TestCase":{"Id":"4b111e4f-621f-efe0-f819-48974f7ad28b","FullyQualifiedName":"HospitalBLTest.DoctorBLUnitTest.DeleteDoctor_EmptyDataBaseException","DisplayName":"DeleteDoctor_EmptyDataBaseException","ExecutorUri":"executor://NUnit3TestExecutor","Source":"C:\\Users\\VC\\codestack\\GenSpark\\HospitalSolution\\HospitalBLTest\\bin\\Debug\\net6.0\\fine-code-coverage\\build-output\\HospitalBLTest.dll","CodeFilePath":null,"LineNumber":0,"Properties":[{"Key":{"Id":"NUnit.Seed","Label":"Seed","Category":"","Description":"","Attributes":0,"ValueType":"System.String"},"Value":"410727483"}]},"Attachments":[],"Outcome":1,"ErrorMessage":null,"ErrorStackTrace":null,"DisplayName":"DeleteDoctor_EmptyDataBaseException","Messages":[],"ComputerName":"J9GCBX3","Duration":"00:00:00.0003200","StartTime":"2024-04-23T12:53:15.2836242+00:00","EndTime":"2024-04-23T12:53:15.2839441+00:00","Properties":[{"Key":{"Id":"NUnit.Seed","Label":"Seed","Category":"","Description":"","Attributes":0,"ValueType":"System.String"},"Value":"410727483"}]},{"TestCase":{"Id":"4e46a4a7-0118-aec6-74d5-35553b8053bd","FullyQualifiedName":"HospitalBLTest.DoctorBLUnitTest.DeleteDoctor_WhenDoctorIDIsNotPresent","DisplayName":"DeleteDoctor_WhenDoctorIDIsNotPresent","ExecutorUri":"executor://NUnit3TestExecutor","Source":"C:\\Users\\VC\\codestack\\GenSpark\\HospitalSolution\\HospitalBLTest\\bin\\Debug\\net6.0\\fine-code-coverage\\build-output\\HospitalBLTest.dll","CodeFilePath":null,"LineNumber":0,"Properties":[{"Key":{"Id":"NUnit.Seed","Label":"Seed","Category":"","Description":"","Attributes":0,"ValueType":"System.String"},"Value":"2033213791"}]},"Attachments":[],"Outcome":1,"ErrorMessage":null,"ErrorStackTrace":null,"DisplayName":"DeleteDoctor_WhenDoctorIDIsNotPresent","Messages":[],"ComputerName":"J9GCBX3","Duration":"00:00:00.0003210","StartTime":"2024-04-23T12:53:15.2839537+00:00","EndTime":"2024-04-23T12:53:15.2842747+00:00","Properties":[{"Key":{"Id":"NUnit.Seed","Label":"Seed","Category":"","Description":"","Attributes":0,"ValueType":"System.String"},"Value":"2033213791"}]},{"TestCase":{"Id":"9c1b111d-2efc-fd16-2e6b-af3df4aff75c","FullyQualifiedName":"HospitalBLTest.DoctorBLUnitTest.DeleteDoctorFailure","DisplayName":"DeleteDoctorFailure","ExecutorUri":"executor://NUnit3TestExecutor","Source":"C:\\Users\\VC\\codestack\\GenSpark\\HospitalSolution\\HospitalBLTest\\bin\\Debug\\net6.0\\fine-code-coverage\\build-output\\HospitalBLTest.dll","CodeFilePath":null,"LineNumber":0,"Properties":[{"Key":{"Id":"NUnit.Seed","Label":"Seed","Category":"","Description":"","Attributes":0,"ValueType":"System.String"},"Value":"359442430"}]},"Attachments":[],"Outcome":1,"ErrorMessage":null,"ErrorStackTrace":null,"DisplayName":"DeleteDoctorFailure","Messages":[],"ComputerName":"J9GCBX3","Duration":"00:00:00.0001280","StartTime":"2024-04-23T12:53:15.2842878+00:00","EndTime":"2024-04-23T12:53:15.2844157+00:00","Properties":[{"Key":{"Id":"NUnit.Seed","Label":"Seed","Category":"","Description":"","Attributes":0,"ValueType":"System.String"},"Value":"359442430"}]},{"TestCase":{"Id":"41105a54-c451-67d9-56c7-a3b9af4c5e00","FullyQualifiedName":"HospitalBLTest.DoctorBLUnitTest.GetAllDoctor","DisplayName":"GetAllDoctor","ExecutorUri":"executor://NUnit3TestExecutor","Source":"C:\\Users\\VC\\codestack\\GenSpark\\HospitalSolution\\HospitalBLTest\\bin\\Debug\\net6.0\\fine-code-coverage\\build-output\\HospitalBLTest.dll","CodeFilePath":null,"LineNumber":0,"Properties":[{"Key":{"Id":"NUnit.Seed","Label":"Seed","Category":"","Description":"","Attributes":0,"ValueType":"System.String"},"Value":"1729126089"}]},"Attachments":[],"Outcome":1,"ErrorMessage":null,"ErrorStackTrace":null,"DisplayName":"GetAllDoctor","Messages":[],"ComputerName":"J9GCBX3","Duration":"00:00:00.0003869","StartTime":"2024-04-23T12:53:15.2844255+00:00","EndTime":"2024-04-23T12:53:15.2848123+00:00","Properties":[{"Key":{"Id":"NUnit.Seed","Label":"Seed","Category":"","Description":"","Attributes":0,"ValueType":"System.String"},"Value":"1729126089"}]},{"TestCase":{"Id":"f0e5ef9d-a178-174d-58dc-5734b900c1cc","FullyQualifiedName":"HospitalBLTest.DoctorBLUnitTest.GetAllDoctor_EmptyDataBaseException","DisplayName":"GetAllDoctor_EmptyDataBaseException","ExecutorUri":"executor://NUnit3TestExecutor","Source":"C:\\Users\\VC\\codestack\\GenSpark\\HospitalSolution\\HospitalBLTest\\bin\\Debug\\net6.0\\fine-code-coverage\\build-output\\HospitalBLTest.dll","CodeFilePath":null,"LineNumber":0,"Properties":[{"Key":{"Id":"NUnit.Seed","Label":"Seed","Category":"","Description":"","Attributes":0,"ValueType":"System.String"},"Value":"1338374637"}]},"Attachments":[],"Outcome":1,"ErrorMessage":null,"ErrorStackTrace":null,"DisplayName":"GetAllDoctor_EmptyDataBaseException","Messages":[],"ComputerName":"J9GCBX3","Duration":"00:00:00.0001740","StartTime":"2024-04-23T12:53:15.2848214+00:00","EndTime":"2024-04-23T12:53:15.2849951+00:00","Properties":[{"Key":{"Id":"NUnit.Seed","Label":"Seed","Category":"","Description":"","Attributes":0,"ValueType":"System.String"},"Value":"1338374637"}]}],"TestRunStatistics":{"ExecutedTests":9,"Stats":{"Passed":9}},"ActiveTests":[{"Id":"9f0396e5-8989-a885-b1b4-43ee0da21b75","FullyQualifiedName":"HospitalBLTest.DoctorBLUnitTest.GetAllDoctorFailure","DisplayName":"GetAllDoctorFailure","ExecutorUri":"executor://NUnit3TestExecutor","Source":"C:\\Users\\VC\\codestack\\GenSpark\\HospitalSolution\\HospitalBLTest\\bin\\Debug\\net6.0\\fine-code-coverage\\build-output\\HospitalBLTest.dll","CodeFilePath":null,"LineNumber":0,"Properties":[{"Key":{"Id":"NUnit.Seed","Label":"Seed","Category":"","Description":"","Attributes":0,"ValueType":"System.String"},"Value":"2127142688"}]}]}}
TpTrace Verbose: 0 : 15196, 13, 2024/04/23, 18:23:15.389, 5086811449822, vstest.console.dll, TestRunRequest:SendTestRunStatsChange: Starting.
TpTrace Verbose: 0 : 15196, 13, 2024/04/23, 18:23:15.389, 5086811451112, vstest.console.dll, InProgress is GetAllDoctorFailure
TpTrace Verbose: 0 : 15196, 13, 2024/04/23, 18:23:15.390, 5086811454839, vstest.console.dll, MulticastDelegateUtilities.SafeInvoke: TestRun.RunStatsChanged: Invoking callbacks was skipped because there are no subscribers.
TpTrace Information: 0 : 15196, 13, 2024/04/23, 18:23:15.390, 5086811459540, vstest.console.dll, TestRunRequest:SendTestRunStatsChange: Completed.
TpTrace Verbose: 0 : 15196, 13, 2024/04/23, 18:23:15.390, 5086811459941, vstest.console.dll, MulticastDelegateUtilities.SafeInvoke: LengthPrefixCommunicationChannel: MessageReceived: Invoking callback 1/1 for Microsoft.VisualStudio.TestPlatform.CommunicationUtilities.TestRequestSender+<>c__DisplayClass34_0., took 26 ms.
TpTrace Verbose: 0 : 15196, 13, 2024/04/23, 18:23:15.390, 5086811460343, vstest.console.dll, TcpClientExtensions.MessageLoopAsync: Polling on remoteEndPoint: 127.0.0.1:61575 localEndPoint: 127.0.0.1:61574 after 149 ms
TpTrace Verbose: 0 : 15196, 4, 2024/04/23, 18:23:15.391, 5086811471160, vstest.console.dll, MulticastDelegateUtilities.SafeInvoke: InternalTestLoggerEvents.SendTestResult: Invoking callback 1/1 for Microsoft.VisualStudio.TestPlatform.CommandLine.Internal.ConsoleLogger., took 1 ms.
TpTrace Verbose: 0 : 15196, 4, 2024/04/23, 18:23:15.391, 5086811474024, vstest.console.dll, MulticastDelegateUtilities.SafeInvoke: InternalTestLoggerEvents.SendTestResult: Invoking callback 1/1 for Microsoft.VisualStudio.TestPlatform.CommandLine.Internal.ConsoleLogger., took 0 ms.
TpTrace Verbose: 0 : 15196, 4, 2024/04/23, 18:23:15.392, 5086811474646, vstest.console.dll, MulticastDelegateUtilities.SafeInvoke: InternalTestLoggerEvents.SendTestResult: Invoking callback 1/1 for Microsoft.VisualStudio.TestPlatform.CommandLine.Internal.ConsoleLogger., took 0 ms.
TpTrace Verbose: 0 : 15196, 4, 2024/04/23, 18:23:15.392, 5086811475069, vstest.console.dll, MulticastDelegateUtilities.SafeInvoke: InternalTestLoggerEvents.SendTestResult: Invoking callback 1/1 for Microsoft.VisualStudio.TestPlatform.CommandLine.Internal.ConsoleLogger., took 0 ms.
TpTrace Verbose: 0 : 15196, 4, 2024/04/23, 18:23:15.392, 5086811475431, vstest.console.dll, MulticastDelegateUtilities.SafeInvoke: InternalTestLoggerEvents.SendTestResult: Invoking callback 1/1 for Microsoft.VisualStudio.TestPlatform.CommandLine.Internal.ConsoleLogger., took 0 ms.
TpTrace Verbose: 0 : 15196, 4, 2024/04/23, 18:23:15.392, 5086811475798, vstest.console.dll, MulticastDelegateUtilities.SafeInvoke: InternalTestLoggerEvents.SendTestResult: Invoking callback 1/1 for Microsoft.VisualStudio.TestPlatform.CommandLine.Internal.ConsoleLogger., took 0 ms.
TpTrace Verbose: 0 : 15196, 4, 2024/04/23, 18:23:15.392, 5086811476328, vstest.console.dll, MulticastDelegateUtilities.SafeInvoke: InternalTestLoggerEvents.SendTestResult: Invoking callback 1/1 for Microsoft.VisualStudio.TestPlatform.CommandLine.Internal.ConsoleLogger., took 0 ms.
TpTrace Verbose: 0 : 15196, 4, 2024/04/23, 18:23:15.392, 5086811476748, vstest.console.dll, MulticastDelegateUtilities.SafeInvoke: InternalTestLoggerEvents.SendTestResult: Invoking callback 1/1 for Microsoft.VisualStudio.TestPlatform.CommandLine.Internal.ConsoleLogger., took 0 ms.
TpTrace Verbose: 0 : 15196, 4, 2024/04/23, 18:23:15.392, 5086811477311, vstest.console.dll, MulticastDelegateUtilities.SafeInvoke: InternalTestLoggerEvents.SendTestResult: Invoking callback 1/1 for Microsoft.VisualStudio.TestPlatform.CommandLine.Internal.ConsoleLogger., took 0 ms.
TpTrace Verbose: 0 : 15196, 13, 2024/04/23, 18:23:15.392, 5086811481324, vstest.console.dll, TcpClientExtensions.MessageLoopAsync: NotifyDataAvailable remoteEndPoint: 127.0.0.1:61575 localEndPoint: 127.0.0.1:61574
TpTrace Verbose: 0 : 15196, 13, 2024/04/23, 18:23:15.392, 5086811483915, vstest.console.dll, TestRequestSender.OnExecutionMessageReceived: Received message: {"Version":7,"MessageType":"TestExecution.StatsChange","Payload":{"NewTestResults":[{"TestCase":{"Id":"9f0396e5-8989-a885-b1b4-43ee0da21b75","FullyQualifiedName":"HospitalBLTest.DoctorBLUnitTest.GetAllDoctorFailure","DisplayName":"GetAllDoctorFailure","ExecutorUri":"executor://NUnit3TestExecutor","Source":"C:\\Users\\VC\\codestack\\GenSpark\\HospitalSolution\\HospitalBLTest\\bin\\Debug\\net6.0\\fine-code-coverage\\build-output\\HospitalBLTest.dll","CodeFilePath":null,"LineNumber":0,"Properties":[{"Key":{"Id":"NUnit.Seed","Label":"Seed","Category":"","Description":"","Attributes":0,"ValueType":"System.String"},"Value":"2127142688"}]},"Attachments":[],"Outcome":1,"ErrorMessage":null,"ErrorStackTrace":null,"DisplayName":"GetAllDoctorFailure","Messages":[],"ComputerName":"J9GCBX3","Duration":"00:00:00.0001740","StartTime":"2024-04-23T12:53:15.2850073+00:00","EndTime":"2024-04-23T12:53:15.2851809+00:00","Properties":[{"Key":{"Id":"NUnit.Seed","Label":"Seed","Category":"","Description":"","Attributes":0,"ValueType":"System.String"},"Value":"2127142688"}]},{"TestCase":{"Id":"d7a68afc-dce7-17ca-457f-24f5d9c15977","FullyQualifiedName":"HospitalBLTest.DoctorBLUnitTest.GetDoctorByID","DisplayName":"GetDoctorByID","ExecutorUri":"executor://NUnit3TestExecutor","Source":"C:\\Users\\VC\\codestack\\GenSpark\\HospitalSolution\\HospitalBLTest\\bin\\Debug\\net6.0\\fine-code-coverage\\build-output\\HospitalBLTest.dll","CodeFilePath":null,"LineNumber":0,"Properties":[{"Key":{"Id":"NUnit.Seed","Label":"Seed","Category":"","Description":"","Attributes":0,"ValueType":"System.String"},"Value":"2032896537"}]},"Attachments":[],"Outcome":1,"ErrorMessage":null,"ErrorStackTrace":null,"DisplayName":"GetDoctorByID","Messages":[],"ComputerName":"J9GCBX3","Duration":"00:00:00.0003100","StartTime":"2024-04-23T12:53:15.2851902+00:00","EndTime":"2024-04-23T12:53:15.2854996+00:00","Properties":[{"Key":{"Id":"NUnit.Seed","Label":"Seed","Category":"","Description":"","Attributes":0,"ValueType":"System.String"},"Value":"2032896537"}]},{"TestCase":{"Id":"bedface6-b9eb-3a63-ad3b-b67925d54a8e","FullyQualifiedName":"HospitalBLTest.DoctorBLUnitTest.GetDoctorByID_WhenDoctorIDIsNotPresent_ShouldReturnException","DisplayName":"GetDoctorByID_WhenDoctorIDIsNotPresent_ShouldReturnException","ExecutorUri":"executor://NUnit3TestExecutor","Source":"C:\\Users\\VC\\codestack\\GenSpark\\HospitalSolution\\HospitalBLTest\\bin\\Debug\\net6.0\\fine-code-coverage\\build-output\\HospitalBLTest.dll","CodeFilePath":null,"LineNumber":0,"Properties":[{"Key":{"Id":"NUnit.Seed","Label":"Seed","Category":"","Description":"","Attributes":0,"ValueType":"System.String"},"Value":"148452791"}]},"Attachments":[],"Outcome":1,"ErrorMessage":null,"ErrorStackTrace":null,"DisplayName":"GetDoctorByID_WhenDoctorIDIsNotPresent_ShouldReturnException","Messages":[],"ComputerName":"J9GCBX3","Duration":"00:00:00.0002750","StartTime":"2024-04-23T12:53:15.2855084+00:00","EndTime":"2024-04-23T12:53:15.2857832+00:00","Properties":[{"Key":{"Id":"NUnit.Seed","Label":"Seed","Category":"","Description":"","Attributes":0,"ValueType":"System.String"},"Value":"148452791"}]},{"TestCase":{"Id":"aface4c9-c5a2-408b-562e-80affc4ae0ce","FullyQualifiedName":"HospitalBLTest.DoctorBLUnitTest.UpdateDoctor","DisplayName":"UpdateDoctor","ExecutorUri":"executor://NUnit3TestExecutor","Source":"C:\\Users\\VC\\codestack\\GenSpark\\HospitalSolution\\HospitalBLTest\\bin\\Debug\\net6.0\\fine-code-coverage\\build-output\\HospitalBLTest.dll","CodeFilePath":null,"LineNumber":0,"Properties":[{"Key":{"Id":"NUnit.Seed","Label":"Seed","Category":"","Description":"","Attributes":0,"ValueType":"System.String"},"Value":"546500664"}]},"Attachments":[],"Outcome":1,"ErrorMessage":null,"ErrorStackTrace":null,"DisplayName":"UpdateDoctor","Messages":[],"ComputerName":"J9GCBX3","Duration":"00:00:00.0037620","StartTime":"2024-04-23T12:53:15.2857915+00:00","EndTime":"2024-04-23T12:53:15.2895528+00:00","Properties":[{"Key":{"Id":"NUnit.Seed","Label":"Seed","Category":"","Description":"","Attributes":0,"ValueType":"System.String"},"Value":"546500664"}]},{"TestCase":{"Id":"bd58dc85-f328-f76b-5b44-f5dd46214b57","FullyQualifiedName":"HospitalBLTest.DoctorBLUnitTest.UpdateDoctor_EmptyDataBaseException","DisplayName":"UpdateDoctor_EmptyDataBaseException","ExecutorUri":"executor://NUnit3TestExecutor","Source":"C:\\Users\\VC\\codestack\\GenSpark\\HospitalSolution\\HospitalBLTest\\bin\\Debug\\net6.0\\fine-code-coverage\\build-output\\HospitalBLTest.dll","CodeFilePath":null,"LineNumber":0,"Properties":[{"Key":{"Id":"NUnit.Seed","Label":"Seed","Category":"","Description":"","Attributes":0,"ValueType":"System.String"},"Value":"468970277"}]},"Attachments":[],"Outcome":1,"ErrorMessage":null,"ErrorStackTrace":null,"DisplayName":"UpdateDoctor_EmptyDataBaseException","Messages":[],"ComputerName":"J9GCBX3","Duration":"00:00:00.0002550","StartTime":"2024-04-23T12:53:15.2895702+00:00","EndTime":"2024-04-23T12:53:15.2898255+00:00","Properties":[{"Key":{"Id":"NUnit.Seed","Label":"Seed","Category":"","Description":"","Attributes":0,"ValueType":"System.String"},"Value":"468970277"}]},{"TestCase":{"Id":"3e95ab41-a8cc-fb94-24ce-572ba14a7358","FullyQualifiedName":"HospitalBLTest.DoctorBLUnitTest.UpdateDoctor_WhenDoctorIDIsNotPresent","DisplayName":"UpdateDoctor_WhenDoctorIDIsNotPresent","ExecutorUri":"executor://NUnit3TestExecutor","Source":"C:\\Users\\VC\\codestack\\GenSpark\\HospitalSolution\\HospitalBLTest\\bin\\Debug\\net6.0\\fine-code-coverage\\build-output\\HospitalBLTest.dll","CodeFilePath":null,"LineNumber":0,"Properties":[{"Key":{"Id":"NUnit.Seed","Label":"Seed","Category":"","Description":"","Attributes":0,"ValueType":"System.String"},"Value":"1938110416"}]},"Attachments":[],"Outcome":1,"ErrorMessage":null,"ErrorStackTrace":null,"DisplayName":"UpdateDoctor_WhenDoctorIDIsNotPresent","Messages":[],"ComputerName":"J9GCBX3","Duration":"00:00:00.0001920","StartTime":"2024-04-23T12:53:15.2898346+00:00","EndTime":"2024-04-23T12:53:15.2900262+00:00","Properties":[{"Key":{"Id":"NUnit.Seed","Label":"Seed","Category":"","Description":"","Attributes":0,"ValueType":"System.String"},"Value":"1938110416"}]},{"TestCase":{"Id":"f712a535-d4da-da8b-9056-0875bb6d133d","FullyQualifiedName":"HospitalBLTest.patientBLUnitTest.AddPatient_WhenPatientDetailsAlreadyExists_ShouldReturnException","DisplayName":"AddPatient_WhenPatientDetailsAlreadyExists_ShouldReturnException","ExecutorUri":"executor://NUnit3TestExecutor","Source":"C:\\Users\\VC\\codestack\\GenSpark\\HospitalSolution\\HospitalBLTest\\bin\\Debug\\net6.0\\fine-code-coverage\\build-output\\HospitalBLTest.dll","CodeFilePath":null,"LineNumber":0,"Properties":[{"Key":{"Id":"NUnit.Seed","Label":"Seed","Category":"","Description":"","Attributes":0,"ValueType":"System.String"},"Value":"719605793"}]},"Attachments":[],"Outcome":1,"ErrorMessage":null,"ErrorStackTrace":null,"DisplayName":"AddPatient_WhenPatientDetailsAlreadyExists_ShouldReturnException","Messages":[],"ComputerName":"J9GCBX3","Duration":"00:00:00.0009960","StartTime":"2024-04-23T12:53:15.2916894+00:00","EndTime":"2024-04-23T12:53:15.2926849+00:00","Properties":[{"Key":{"Id":"NUnit.Seed","Label":"Seed","Category":"","Description":"","Attributes":0,"ValueType":"System.String"},"Value":"719605793"}]},{"TestCase":{"Id":"4719fa7b-7dca-eb41-6072-955d32f0df76","FullyQualifiedName":"HospitalBLTest.patientBLUnitTest.AddPatientFailureTest","DisplayName":"AddPatientFailureTest","ExecutorUri":"executor://NUnit3TestExecutor","Source":"C:\\Users\\VC\\codestack\\GenSpark\\HospitalSolution\\HospitalBLTest\\bin\\Debug\\net6.0\\fine-code-coverage\\build-output\\HospitalBLTest.dll","CodeFilePath":null,"LineNumber":0,"Properties":[{"Key":{"Id":"NUnit.Seed","Label":"Seed","Category":"","Description":"","Attributes":0,"ValueType":"System.String"},"Value":"434497274"}]},"Attachments":[],"Outcome":1,"ErrorMessage":null,"ErrorStackTrace":null,"DisplayName":"AddPatientFailureTest","Messages":[],"ComputerName":"J9GCBX3","Duration":"00:00:00.0001130","StartTime":"2024-04-23T12:53:15.2927032+00:00","EndTime":"2024-04-23T12:53:15.2928165+00:00","Properties":[{"Key":{"Id":"NUnit.Seed","Label":"Seed","Category":"","Description":"","Attributes":0,"ValueType":"System.String"},"Value":"434497274"}]},{"TestCase":{"Id":"9fd21fe0-8cef-7571-14d1-2f48f202ae35","FullyQualifiedName":"HospitalBLTest.patientBLUnitTest.AddPatientTest","DisplayName":"AddPatientTest","ExecutorUri":"executor://NUnit3TestExecutor","Source":"C:\\Users\\VC\\codestack\\GenSpark\\HospitalSolution\\HospitalBLTest\\bin\\Debug\\net6.0\\fine-code-coverage\\build-output\\HospitalBLTest.dll","CodeFilePath":null,"LineNumber":0,"Properties":[{"Key":{"Id":"NUnit.Seed","Label":"Seed","Category":"","Description":"","Attributes":0,"ValueType":"System.String"},"Value":"231971904"}]},"Attachments":[],"Outcome":1,"ErrorMessage":null,"ErrorStackTrace":null,"DisplayName":"AddPatientTest","Messages":[],"ComputerName":"J9GCBX3","Duration":"00:00:00.0000800","StartTime":"2024-04-23T12:53:15.2928238+00:00","EndTime":"2024-04-23T12:53:15.2929032+00:00","Properties":[{"Key":{"Id":"NUnit.Seed","Label":"Seed","Category":"","Description":"","Attributes":0,"ValueType":"System.String"},"Value":"231971904"}]}],"TestRunStatistics":{"ExecutedTests":18,"Stats":{"Passed":18}},"ActiveTests":[{"Id":"58a1ece0-2e48-68ba-8bc2-844577b20989","FullyQualifiedName":"HospitalBLTest.patientBLUnitTest.DeletePatient","DisplayName":"DeletePatient","ExecutorUri":"executor://NUnit3TestExecutor","Source":"C:\\Users\\VC\\codestack\\GenSpark\\HospitalSolution\\HospitalBLTest\\bin\\Debug\\net6.0\\fine-code-coverage\\build-output\\HospitalBLTest.dll","CodeFilePath":null,"LineNumber":0,"Properties":[{"Key":{"Id":"NUnit.Seed","Label":"Seed","Category":"","Description":"","Attributes":0,"ValueType":"System.String"},"Value":"1250652742"}]}]}}
TpTrace Verbose: 0 : 15196, 13, 2024/04/23, 18:23:15.394, 5086811499896, vstest.console.dll, TestRunRequest:SendTestRunStatsChange: Starting.
TpTrace Verbose: 0 : 15196, 13, 2024/04/23, 18:23:15.394, 5086811500605, vstest.console.dll, InProgress is DeletePatient
TpTrace Verbose: 0 : 15196, 13, 2024/04/23, 18:23:15.394, 5086811501158, vstest.console.dll, MulticastDelegateUtilities.SafeInvoke: TestRun.RunStatsChanged: Invoking callbacks was skipped because there are no subscribers.
TpTrace Information: 0 : 15196, 13, 2024/04/23, 18:23:15.394, 5086811501665, vstest.console.dll, TestRunRequest:SendTestRunStatsChange: Completed.
TpTrace Verbose: 0 : 15196, 13, 2024/04/23, 18:23:15.394, 5086811502076, vstest.console.dll, MulticastDelegateUtilities.SafeInvoke: LengthPrefixCommunicationChannel: MessageReceived: Invoking callback 1/1 for Microsoft.VisualStudio.TestPlatform.CommunicationUtilities.TestRequestSender+<>c__DisplayClass34_0., took 1 ms.
TpTrace Verbose: 0 : 15196, 13, 2024/04/23, 18:23:15.394, 5086811502514, vstest.console.dll, TcpClientExtensions.MessageLoopAsync: Polling on remoteEndPoint: 127.0.0.1:61575 localEndPoint: 127.0.0.1:61574 after 4 ms
TpTrace Verbose: 0 : 15196, 4, 2024/04/23, 18:23:15.394, 5086811502552, vstest.console.dll, MulticastDelegateUtilities.SafeInvoke: InternalTestLoggerEvents.SendTestResult: Invoking callback 1/1 for Microsoft.VisualStudio.TestPlatform.CommandLine.Internal.ConsoleLogger., took 0 ms.
TpTrace Verbose: 0 : 15196, 4, 2024/04/23, 18:23:15.395, 5086811504196, vstest.console.dll, MulticastDelegateUtilities.SafeInvoke: InternalTestLoggerEvents.SendTestResult: Invoking callback 1/1 for Microsoft.VisualStudio.TestPlatform.CommandLine.Internal.ConsoleLogger., took 0 ms.
TpTrace Verbose: 0 : 15196, 4, 2024/04/23, 18:23:15.395, 5086811505861, vstest.console.dll, MulticastDelegateUtilities.SafeInvoke: InternalTestLoggerEvents.SendTestResult: Invoking callback 1/1 for Microsoft.VisualStudio.TestPlatform.CommandLine.Internal.ConsoleLogger., took 0 ms.
TpTrace Verbose: 0 : 15196, 4, 2024/04/23, 18:23:15.395, 5086811506464, vstest.console.dll, MulticastDelegateUtilities.SafeInvoke: InternalTestLoggerEvents.SendTestResult: Invoking callback 1/1 for Microsoft.VisualStudio.TestPlatform.CommandLine.Internal.ConsoleLogger., took 0 ms.
TpTrace Verbose: 0 : 15196, 4, 2024/04/23, 18:23:15.395, 5086811506785, vstest.console.dll, MulticastDelegateUtilities.SafeInvoke: InternalTestLoggerEvents.SendTestResult: Invoking callback 1/1 for Microsoft.VisualStudio.TestPlatform.CommandLine.Internal.ConsoleLogger., took 0 ms.
TpTrace Verbose: 0 : 15196, 4, 2024/04/23, 18:23:15.395, 5086811507098, vstest.console.dll, MulticastDelegateUtilities.SafeInvoke: InternalTestLoggerEvents.SendTestResult: Invoking callback 1/1 for Microsoft.VisualStudio.TestPlatform.CommandLine.Internal.ConsoleLogger., took 0 ms.
TpTrace Verbose: 0 : 15196, 4, 2024/04/23, 18:23:15.395, 5086811507396, vstest.console.dll, MulticastDelegateUtilities.SafeInvoke: InternalTestLoggerEvents.SendTestResult: Invoking callback 1/1 for Microsoft.VisualStudio.TestPlatform.CommandLine.Internal.ConsoleLogger., took 0 ms.
TpTrace Verbose: 0 : 15196, 4, 2024/04/23, 18:23:15.395, 5086811507680, vstest.console.dll, MulticastDelegateUtilities.SafeInvoke: InternalTestLoggerEvents.SendTestResult: Invoking callback 1/1 for Microsoft.VisualStudio.TestPlatform.CommandLine.Internal.ConsoleLogger., took 0 ms.
TpTrace Verbose: 0 : 15196, 4, 2024/04/23, 18:23:15.395, 5086811507964, vstest.console.dll, MulticastDelegateUtilities.SafeInvoke: InternalTestLoggerEvents.SendTestResult: Invoking callback 1/1 for Microsoft.VisualStudio.TestPlatform.CommandLine.Internal.ConsoleLogger., took 0 ms.
TpTrace Verbose: 0 : 15196, 13, 2024/04/23, 18:23:15.414, 5086811701337, vstest.console.dll, TcpClientExtensions.MessageLoopAsync: NotifyDataAvailable remoteEndPoint: 127.0.0.1:61575 localEndPoint: 127.0.0.1:61574
TpTrace Verbose: 0 : 15196, 13, 2024/04/23, 18:23:15.414, 5086811704004, vstest.console.dll, TestRequestSender.OnExecutionMessageReceived: Received message: {"Version":7,"MessageType":"TestSession.Message","Payload":{"MessageLevel":0,"Message":"NUnit Adapter 4.4.0.0: Test execution complete"}}
TpTrace Verbose: 0 : 15196, 13, 2024/04/23, 18:23:15.415, 5086811706175, vstest.console.dll, TestRunRequest:SendTestRunMessage: Starting.
TpTrace Verbose: 0 : 15196, 13, 2024/04/23, 18:23:15.415, 5086811706919, vstest.console.dll, MulticastDelegateUtilities.SafeInvoke: TestRun.LogMessages: Invoking callback 1/1 for Microsoft.VisualStudio.TestPlatform.CommandLine.TestRunResultAggregator., took 0 ms.
TpTrace Information: 0 : 15196, 13, 2024/04/23, 18:23:15.415, 5086811707360, vstest.console.dll, TestRunRequest:SendTestRunMessage: Completed.
TpTrace Verbose: 0 : 15196, 4, 2024/04/23, 18:23:15.415, 5086811707527, vstest.console.dll, MulticastDelegateUtilities.SafeInvoke: InternalTestLoggerEvents.SendTestRunMessage: Invoking callback 1/1 for Microsoft.VisualStudio.TestPlatform.CommandLine.Internal.ConsoleLogger., took 0 ms.
TpTrace Verbose: 0 : 15196, 13, 2024/04/23, 18:23:15.415, 5086811708910, vstest.console.dll, MulticastDelegateUtilities.SafeInvoke: LengthPrefixCommunicationChannel: MessageReceived: Invoking callback 1/1 for Microsoft.VisualStudio.TestPlatform.CommunicationUtilities.TestRequestSender+<>c__DisplayClass34_0., took 0 ms.
TpTrace Verbose: 0 : 15196, 13, 2024/04/23, 18:23:15.415, 5086811709438, vstest.console.dll, TcpClientExtensions.MessageLoopAsync: Polling on remoteEndPoint: 127.0.0.1:61575 localEndPoint: 127.0.0.1:61574 after 20 ms
TpTrace Verbose: 0 : 15196, 13, 2024/04/23, 18:23:15.429, 5086811847655, vstest.console.dll, TcpClientExtensions.MessageLoopAsync: NotifyDataAvailable remoteEndPoint: 127.0.0.1:61575 localEndPoint: 127.0.0.1:61574
TpTrace Verbose: 0 : 15196, 13, 2024/04/23, 18:23:15.429, 5086811851041, vstest.console.dll, TestRequestSender.OnExecutionMessageReceived: Received message: {"Version":7,"MessageType":"TestExecution.Completed","Payload":{"TestRunCompleteArgs":{"TestRunStatistics":{"ExecutedTests":25,"Stats":{"Passed":25}},"IsCanceled":false,"IsAborted":false,"Error":null,"AttachmentSets":[],"InvokedDataCollectors":[],"ElapsedTimeInRunningTests":"00:00:00.3381019","Metrics":{},"DiscoveredExtensions":{"TestDiscoverers":["NUnit.VisualStudio.TestAdapter.NUnit3TestDiscoverer, NUnit3.TestAdapter, Version=4.4.0.0, Culture=neutral, PublicKeyToken=4cb40d35494691ac"],"TestExecutors":["executor://NUnit3TestExecutor"],"TestExecutors2":[],"TestSettingsProviders":[]}},"LastRunTests":{"NewTestResults":[{"TestCase":{"Id":"58a1ece0-2e48-68ba-8bc2-844577b20989","FullyQualifiedName":"HospitalBLTest.patientBLUnitTest.DeletePatient","DisplayName":"DeletePatient","ExecutorUri":"executor://NUnit3TestExecutor","Source":"C:\\Users\\VC\\codestack\\GenSpark\\HospitalSolution\\HospitalBLTest\\bin\\Debug\\net6.0\\fine-code-coverage\\build-output\\HospitalBLTest.dll","CodeFilePath":null,"LineNumber":0,"Properties":[{"Key":{"Id":"NUnit.Seed","Label":"Seed","Category":"","Description":"","Attributes":0,"ValueType":"System.String"},"Value":"1250652742"}]},"Attachments":[],"Outcome":1,"ErrorMessage":null,"ErrorStackTrace":null,"DisplayName":"DeletePatient","Messages":[],"ComputerName":"J9GCBX3","Duration":"00:00:00.0002690","StartTime":"2024-04-23T12:53:15.2929101+00:00","EndTime":"2024-04-23T12:53:15.293179+00:00","Properties":[{"Key":{"Id":"NUnit.Seed","Label":"Seed","Category":"","Description":"","Attributes":0,"ValueType":"System.String"},"Value":"1250652742"}]},{"TestCase":{"Id":"a23743a6-85ba-a886-dc8c-9d8b43665029","FullyQualifiedName":"HospitalBLTest.patientBLUnitTest.DeletePatient_WithPatientIdNotFoundException","DisplayName":"DeletePatient_WithPatientIdNotFoundException","ExecutorUri":"executor://NUnit3TestExecutor","Source":"C:\\Users\\VC\\codestack\\GenSpark\\HospitalSolution\\HospitalBLTest\\bin\\Debug\\net6.0\\fine-code-coverage\\build-output\\HospitalBLTest.dll","CodeFilePath":null,"LineNumber":0,"Properties":[{"Key":{"Id":"NUnit.Seed","Label":"Seed","Category":"","Description":"","Attributes":0,"ValueType":"System.String"},"Value":"1779791401"}]},"Attachments":[],"Outcome":1,"ErrorMessage":null,"ErrorStackTrace":null,"DisplayName":"DeletePatient_WithPatientIdNotFoundException","Messages":[],"ComputerName":"J9GCBX3","Duration":"00:00:00.0001860","StartTime":"2024-04-23T12:53:15.2931876+00:00","EndTime":"2024-04-23T12:53:15.2933734+00:00","Properties":[{"Key":{"Id":"NUnit.Seed","Label":"Seed","Category":"","Description":"","Attributes":0,"ValueType":"System.String"},"Value":"1779791401"}]},{"TestCase":{"Id":"eda55b6e-b055-871d-edb8-cc4a816dd296","FullyQualifiedName":"HospitalBLTest.patientBLUnitTest.DeletePatientFailure","DisplayName":"DeletePatientFailure","ExecutorUri":"executor://NUnit3TestExecutor","Source":"C:\\Users\\VC\\codestack\\GenSpark\\HospitalSolution\\HospitalBLTest\\bin\\Debug\\net6.0\\fine-code-coverage\\build-output\\HospitalBLTest.dll","CodeFilePath":null,"LineNumber":0,"Properties":[{"Key":{"Id":"NUnit.Seed","Label":"Seed","Category":"","Description":"","Attributes":0,"ValueType":"System.String"},"Value":"1088966355"}]},"Attachments":[],"Outcome":1,"ErrorMessage":null,"ErrorStackTrace":null,"DisplayName":"DeletePatientFailure","Messages":[],"ComputerName":"J9GCBX3","Duration":"00:00:00.0000820","StartTime":"2024-04-23T12:53:15.2933815+00:00","EndTime":"2024-04-23T12:53:15.2934629+00:00","Properties":[{"Key":{"Id":"NUnit.Seed","Label":"Seed","Category":"","Description":"","Attributes":0,"ValueType":"System.String"},"Value":"1088966355"}]},{"TestCase":{"Id":"b0aa99e9-1a72-1344-ea1f-8b8952a4cbb0","FullyQualifiedName":"HospitalBLTest.patientBLUnitTest.GetAllPatient","DisplayName":"GetAllPatient","ExecutorUri":"executor://NUnit3TestExecutor","Source":"C:\\Users\\VC\\codestack\\GenSpark\\HospitalSolution\\HospitalBLTest\\bin\\Debug\\net6.0\\fine-code-coverage\\build-output\\HospitalBLTest.dll","CodeFilePath":null,"LineNumber":0,"Properties":[{"Key":{"Id":"NUnit.Seed","Label":"Seed","Category":"","Description":"","Attributes":0,"ValueType":"System.String"},"Value":"1999761049"}]},"Attachments":[],"Outcome":1,"ErrorMessage":null,"ErrorStackTrace":null,"DisplayName":"GetAllPatient","Messages":[],"ComputerName":"J9GCBX3","Duration":"00:00:00.0002970","StartTime":"2024-04-23T12:53:15.2934699+00:00","EndTime":"2024-04-23T12:53:15.2937663+00:00","Properties":[{"Key":{"Id":"NUnit.Seed","Label":"Seed","Category":"","Description":"","Attributes":0,"ValueType":"System.String"},"Value":"1999761049"}]},{"TestCase":{"Id":"4aece9d0-f423-52a5-1661-fe189746e398","FullyQualifiedName":"HospitalBLTest.patientBLUnitTest.GetAllPatient_WithEmptyDataBaseException","DisplayName":"GetAllPatient_WithEmptyDataBaseException","ExecutorUri":"executor://NUnit3TestExecutor","Source":"C:\\Users\\VC\\codestack\\GenSpark\\HospitalSolution\\HospitalBLTest\\bin\\Debug\\net6.0\\fine-code-coverage\\build-output\\HospitalBLTest.dll","CodeFilePath":null,"LineNumber":0,"Properties":[{"Key":{"Id":"NUnit.Seed","Label":"Seed","Category":"","Description":"","Attributes":0,"ValueType":"System.String"},"Value":"1649557814"}]},"Attachments":[],"Outcome":1,"ErrorMessage":null,"ErrorStackTrace":null,"DisplayName":"GetAllPatient_WithEmptyDataBaseException","Messages":[],"ComputerName":"J9GCBX3","Duration":"00:00:00.0002220","StartTime":"2024-04-23T12:53:15.2937749+00:00","EndTime":"2024-04-23T12:53:15.2939969+00:00","Properties":[{"Key":{"Id":"NUnit.Seed","Label":"Seed","Category":"","Description":"","Attributes":0,"ValueType":"System.String"},"Value":"1649557814"}]},{"TestCase":{"Id":"41a3a1fc-e063-9dcc-4fbc-62c8126e2147","FullyQualifiedName":"HospitalBLTest.patientBLUnitTest.GetPatientByID","DisplayName":"GetPatientByID","ExecutorUri":"executor://NUnit3TestExecutor","Source":"C:\\Users\\VC\\codestack\\GenSpark\\HospitalSolution\\HospitalBLTest\\bin\\Debug\\net6.0\\fine-code-coverage\\build-output\\HospitalBLTest.dll","CodeFilePath":null,"LineNumber":0,"Properties":[{"Key":{"Id":"NUnit.Seed","Label":"Seed","Category":"","Description":"","Attributes":0,"ValueType":"System.String"},"Value":"239603241"}]},"Attachments":[],"Outcome":1,"ErrorMessage":null,"ErrorStackTrace":null,"DisplayName":"GetPatientByID","Messages":[],"ComputerName":"J9GCBX3","Duration":"00:00:00.0002340","StartTime":"2024-04-23T12:53:15.2940056+00:00","EndTime":"2024-04-23T12:53:15.2942396+00:00","Properties":[{"Key":{"Id":"NUnit.Seed","Label":"Seed","Category":"","Description":"","Attributes":0,"ValueType":"System.String"},"Value":"239603241"}]},{"TestCase":{"Id":"b79ac6be-a300-953b-ac3f-28767858a40a","FullyQualifiedName":"HospitalBLTest.patientBLUnitTest.GetPatientByID_WithKeyNotFoundException","DisplayName":"GetPatientByID_WithKeyNotFoundException","ExecutorUri":"executor://NUnit3TestExecutor","Source":"C:\\Users\\VC\\codestack\\GenSpark\\HospitalSolution\\HospitalBLTest\\bin\\Debug\\net6.0\\fine-code-coverage\\build-output\\HospitalBLTest.dll","CodeFilePath":null,"LineNumber":0,"Properties":[{"Key":{"Id":"NUnit.Seed","Label":"Seed","Category":"","Description":"","Attributes":0,"ValueType":"System.String"},"Value":"757818272"}]},"Attachments":[],"Outcome":1,"ErrorMessage":null,"ErrorStackTrace":null,"DisplayName":"GetPatientByID_WithKeyNotFoundException","Messages":[],"ComputerName":"J9GCBX3","Duration":"00:00:00.0001499","StartTime":"2024-04-23T12:53:15.2942478+00:00","EndTime":"2024-04-23T12:53:15.2943978+00:00","Properties":[{"Key":{"Id":"NUnit.Seed","Label":"Seed","Category":"","Description":"","Attributes":0,"ValueType":"System.String"},"Value":"757818272"}]}],"TestRunStatistics":{"ExecutedTests":25,"Stats":{"Passed":25}},"ActiveTests":[]},"RunAttachments":[],"ExecutorUris":["executor://nunit3testexecutor/"]}}
TpTrace Verbose: 0 : 15196, 13, 2024/04/23, 18:23:15.429, 5086811852790, vstest.console.dll, TestRequestSender.EndSession: Sending end session.
TpTrace Verbose: 0 : 15196, 13, 2024/04/23, 18:23:15.430, 5086811854700, vstest.console.dll, ProxyOperationManager.Close: waiting for test host to exit for 100 ms
TpTrace Verbose: 0 : 15196, 12, 2024/04/23, 18:23:15.473, 5086812288949, vstest.console.dll, TestHostManagerCallbacks.ctor: Experimental forwarding output is disabled.
TpTrace Warning: 0 : 15196, 12, 2024/04/23, 18:23:15.473, 5086812291247, vstest.console.dll, TestHostManagerCallbacks.ErrorReceivedCallback Test host standard error line: 
TpTrace Verbose: 0 : 15196, 12, 2024/04/23, 18:23:15.483, 5086812388947, vstest.console.dll, TestHostProvider.ExitCallBack: Host exited starting callback.
TpTrace Information: 0 : 15196, 12, 2024/04/23, 18:23:15.483, 5086812390779, vstest.console.dll, TestHostManagerCallbacks.ExitCallBack: Testhost processId: 22616 exited with exitcode: 0 error: ''
TpTrace Verbose: 0 : 15196, 12, 2024/04/23, 18:23:15.483, 5086812391248, vstest.console.dll, DotnetTestHostManager.OnHostExited: invoking OnHostExited callback
TpTrace Verbose: 0 : 15196, 12, 2024/04/23, 18:23:15.483, 5086812391858, vstest.console.dll, CrossPlatEngine.TestHostManagerHostExited: calling on client process exit callback.
TpTrace Information: 0 : 15196, 12, 2024/04/23, 18:23:15.483, 5086812392421, vstest.console.dll, TestRequestSender.OnClientProcessExit: Test host process exited. Standard error: 
TpTrace Information: 0 : 15196, 12, 2024/04/23, 18:23:15.483, 5086812392878, vstest.console.dll, SocketServer.Stop: Stop server endPoint: 127.0.0.1:61574
TpTrace Information: 0 : 15196, 12, 2024/04/23, 18:23:15.483, 5086812393221, vstest.console.dll, SocketServer.Stop: Cancellation requested. Stopping message loop.
TpTrace Information: 0 : 15196, 13, 2024/04/23, 18:23:15.483, 5086812393180, vstest.console.dll, SocketServer.Stop: Stop server endPoint: 127.0.0.1:61574
TpTrace Information: 0 : 15196, 13, 2024/04/23, 18:23:15.484, 5086812394419, vstest.console.dll, SocketServer.Stop: Cancellation requested. Stopping message loop.
TpTrace Verbose: 0 : 15196, 12, 2024/04/23, 18:23:15.484, 5086812394413, vstest.console.dll, MulticastDelegateUtilities.SafeInvoke: HostProviderEvents.OnHostExited: Invoking callback 1/1 for Microsoft.VisualStudio.TestPlatform.CrossPlatEngine.Client.ProxyOperationManager., took 0 ms.
TpTrace Information: 0 : 15196, 13, 2024/04/23, 18:23:15.484, 5086812398646, vstest.console.dll, Closing the connection
TpTrace Verbose: 0 : 15196, 13, 2024/04/23, 18:23:15.484, 5086812400740, vstest.console.dll, ProxyDataCollectionManager.InvokeDataCollectionServiceAction: Starting.
TpTrace Information: 0 : 15196, 13, 2024/04/23, 18:23:15.484, 5086812401278, vstest.console.dll, ProxyDataCollectionManager.AfterTestRunEnd: Get attachment set and invoked data collectors processId: 12068 port: 61571
TpTrace Verbose: 0 : 15196, 13, 2024/04/23, 18:23:15.484, 5086812401841, vstest.console.dll, DataCollectionRequestSender.SendAfterTestRunStartAndGetResult: Send AfterTestRunEnd message with isCancelled: False
TpTrace Verbose: 0 : 15196, 13, 2024/04/23, 18:23:15.491, 5086812474058, vstest.console.dll, DataCollectionRequestSender.SendAfterTestRunStartAndGetResult: Received message: (DataCollection.AfterTestRunEndResult) -> {"MessageType":"DataCollection.AfterTestRunEndResult","Payload":{"AttachmentSets":[],"InvokedDataCollectors":[{"Uri":"datacollector://Microsoft/TestPlatform/Extensions/Blame/v1","FriendlyName":"Blame","AssemblyQualifiedName":"Microsoft.TestPlatform.Extensions.BlameDataCollector.BlameCollector, Microsoft.TestPlatform.Extensions.BlameDataCollector, Version=15.0.0.0, Culture=neutral, PublicKeyToken=b03f5f7f11d50a3a","FilePath":"C:\\Program Files\\dotnet\\sdk\\8.0.202\\Extensions\\Microsoft.TestPlatform.Extensions.BlameDataCollector.dll","HasAttachmentProcessor":false}],"Metrics":{}}}
TpTrace Information: 0 : 15196, 13, 2024/04/23, 18:23:15.496, 5086812516302, vstest.console.dll, ProxyDataCollectionManager.InvokeDataCollectionServiceAction: Completed.
TpTrace Warning: 0 : 15196, 10, 2024/04/23, 18:23:15.522, 5086812782119, vstest.console.dll, DataCollectionLauncher.ErrorReceivedCallback datacollector standard error line: 
TpTrace Verbose: 0 : 15196, 13, 2024/04/23, 18:23:15.526, 5086812816723, vstest.console.dll, TestRunRequest:SendTestRunStatsChange: Starting.
TpTrace Verbose: 0 : 15196, 13, 2024/04/23, 18:23:15.526, 5086812818647, vstest.console.dll, MulticastDelegateUtilities.SafeInvoke: TestRun.RunStatsChanged: Invoking callbacks was skipped because there are no subscribers.
TpTrace Information: 0 : 15196, 13, 2024/04/23, 18:23:15.526, 5086812818950, vstest.console.dll, TestRunRequest:SendTestRunStatsChange: Completed.
TpTrace Verbose: 0 : 15196, 4, 2024/04/23, 18:23:15.526, 5086812819922, vstest.console.dll, MulticastDelegateUtilities.SafeInvoke: InternalTestLoggerEvents.SendTestResult: Invoking callback 1/1 for Microsoft.VisualStudio.TestPlatform.CommandLine.Internal.ConsoleLogger., took 0 ms.
TpTrace Verbose: 0 : 15196, 4, 2024/04/23, 18:23:15.526, 5086812820762, vstest.console.dll, MulticastDelegateUtilities.SafeInvoke: InternalTestLoggerEvents.SendTestResult: Invoking callback 1/1 for Microsoft.VisualStudio.TestPlatform.CommandLine.Internal.ConsoleLogger., took 0 ms.
TpTrace Verbose: 0 : 15196, 4, 2024/04/23, 18:23:15.526, 5086812821270, vstest.console.dll, MulticastDelegateUtilities.SafeInvoke: InternalTestLoggerEvents.SendTestResult: Invoking callback 1/1 for Microsoft.VisualStudio.TestPlatform.CommandLine.Internal.ConsoleLogger., took 0 ms.
TpTrace Verbose: 0 : 15196, 4, 2024/04/23, 18:23:15.526, 5086812821750, vstest.console.dll, MulticastDelegateUtilities.SafeInvoke: InternalTestLoggerEvents.SendTestResult: Invoking callback 1/1 for Microsoft.VisualStudio.TestPlatform.CommandLine.Internal.ConsoleLogger., took 0 ms.
TpTrace Verbose: 0 : 15196, 4, 2024/04/23, 18:23:15.526, 5086812822308, vstest.console.dll, MulticastDelegateUtilities.SafeInvoke: InternalTestLoggerEvents.SendTestResult: Invoking callback 1/1 for Microsoft.VisualStudio.TestPlatform.CommandLine.Internal.ConsoleLogger., took 0 ms.
TpTrace Verbose: 0 : 15196, 13, 2024/04/23, 18:23:15.526, 5086812822386, vstest.console.dll, ParallelProxyExecutionManager: HandlePartialRunComplete: Total workloads = 1, Total started clients = 1 Total completed clients = 1, Run complete = True, Run canceled: False.
TpTrace Verbose: 0 : 15196, 4, 2024/04/23, 18:23:15.526, 5086812822721, vstest.console.dll, MulticastDelegateUtilities.SafeInvoke: InternalTestLoggerEvents.SendTestResult: Invoking callback 1/1 for Microsoft.VisualStudio.TestPlatform.CommandLine.Internal.ConsoleLogger., took 0 ms.
TpTrace Verbose: 0 : 15196, 13, 2024/04/23, 18:23:15.526, 5086812823017, vstest.console.dll, ParallelProxyExecutionManager: HandlePartialRunComplete: All runs completed stopping all managers.
TpTrace Verbose: 0 : 15196, 4, 2024/04/23, 18:23:15.526, 5086812823657, vstest.console.dll, MulticastDelegateUtilities.SafeInvoke: InternalTestLoggerEvents.SendTestResult: Invoking callback 1/1 for Microsoft.VisualStudio.TestPlatform.CommandLine.Internal.ConsoleLogger., took 0 ms.
TpTrace Verbose: 0 : 15196, 13, 2024/04/23, 18:23:15.527, 5086812824510, vstest.console.dll, ParallelOperationManager.StopAllManagers: Stopping all managers.
TpTrace Verbose: 0 : 15196, 13, 2024/04/23, 18:23:15.527, 5086812824995, vstest.console.dll, ParallelOperationManager.ClearSlots: Clearing all slots. Slots should accept more work: False
TpTrace Verbose: 0 : 15196, 13, 2024/04/23, 18:23:15.527, 5086812825435, vstest.console.dll, ParallelOperationManager.SetOccupiedSlotCount: Setting slot counts AvailableSlotCount = 1, OccupiedSlotCount = 0.
TpTrace Verbose: 0 : 15196, 13, 2024/04/23, 18:23:15.527, 5086812825987, vstest.console.dll, Occupied slots:

TpTrace Information: 0 : 15196, 10, 2024/04/23, 18:23:15.531, 5086812870831, vstest.console.dll, DataCollectionLauncher.ExitCallBack: Data collector exited with exitcode: 0 error: ''
TpTrace Verbose: 0 : 15196, 4, 2024/04/23, 18:23:15.536, 5086812922471, vstest.console.dll, MulticastDelegateUtilities.SafeInvoke: InternalTestLoggerEvents.SendTestRunComplete: Invoking callback 1/2 for Microsoft.TestPlatform.Extensions.BlameDataCollector.BlameLogger., took 0 ms.
TpTrace Verbose: 0 : 15196, 4, 2024/04/23, 18:23:15.542, 5086812983713, vstest.console.dll, MulticastDelegateUtilities.SafeInvoke: InternalTestLoggerEvents.SendTestRunComplete: Invoking callback 2/2 for Microsoft.VisualStudio.TestPlatform.CommandLine.Internal.ConsoleLogger., took 5 ms.
TpTrace Verbose: 0 : 15196, 13, 2024/04/23, 18:23:15.543, 5086812988832, vstest.console.dll, TestRunRequest:TestRunComplete: Starting. IsAborted:False IsCanceled:False.
TpTrace Verbose: 0 : 15196, 13, 2024/04/23, 18:23:15.543, 5086812990663, vstest.console.dll, ParallelOperationManager.DoActionOnAllManagers: Calling an action on all managers.
TpTrace Verbose: 0 : 15196, 13, 2024/04/23, 18:23:15.544, 5086813001384, vstest.console.dll, TestLoggerManager.HandleTestRunComplete: Ignoring as the object is disposed.
TpTrace Verbose: 0 : 15196, 13, 2024/04/23, 18:23:15.545, 5086813005159, vstest.console.dll, MulticastDelegateUtilities.SafeInvoke: TestRun.TestRunComplete: Invoking callback 1/2 for Microsoft.VisualStudio.TestPlatform.CommandLine.TestRunResultAggregator., took 0 ms.
TpTrace Verbose: 0 : 15196, 13, 2024/04/23, 18:23:15.545, 5086813007061, vstest.console.dll, MulticastDelegateUtilities.SafeInvoke: TestRun.TestRunComplete: Invoking callback 2/2 for Microsoft.VisualStudio.TestPlatform.CommandLine.Processors.RunTestsArgumentExecutor+TestRunRequestEventsRegistrar., took 0 ms.
TpTrace Information: 0 : 15196, 13, 2024/04/23, 18:23:15.545, 5086813008452, vstest.console.dll, TestRunRequest:TestRunComplete: Completed.
TpTrace Verbose: 0 : 15196, 13, 2024/04/23, 18:23:15.545, 5086813008986, vstest.console.dll, TestRequestSender.SetOperationComplete: Setting operation complete.
TpTrace Verbose: 0 : 15196, 1, 2024/04/23, 18:23:15.545, 5086813009364, vstest.console.dll, TestRunRequest.Dispose: Starting.
TpTrace Information: 0 : 15196, 13, 2024/04/23, 18:23:15.545, 5086813009513, vstest.console.dll, SocketServer.Stop: Stop server endPoint: 127.0.0.1:61574
TpTrace Information: 0 : 15196, 1, 2024/04/23, 18:23:15.545, 5086813010249, vstest.console.dll, TestRunRequest.Dispose: Completed.
TpTrace Information: 0 : 15196, 13, 2024/04/23, 18:23:15.545, 5086813010545, vstest.console.dll, SocketServer.Stop: Cancellation requested. Stopping message loop.
TpTrace Information: 0 : 15196, 1, 2024/04/23, 18:23:15.545, 5086813011062, vstest.console.dll, TestRequestManager.RunTests: run tests completed.
TpTrace Verbose: 0 : 15196, 13, 2024/04/23, 18:23:15.545, 5086813011354, vstest.console.dll, MulticastDelegateUtilities.SafeInvoke: LengthPrefixCommunicationChannel: MessageReceived: Invoking callback 1/1 for Microsoft.VisualStudio.TestPlatform.CommunicationUtilities.TestRequestSender+<>c__DisplayClass34_0., took 116 ms.
TpTrace Information: 0 : 15196, 1, 2024/04/23, 18:23:15.545, 5086813012172, vstest.console.dll, RunTestsArgumentProcessor:Execute: Test run is completed.
TpTrace Information: 0 : 15196, 13, 2024/04/23, 18:23:15.545, 5086813012324, vstest.console.dll, SocketServer.PrivateStop: Stopping server endPoint: 127.0.0.1:61574 error: 
TpTrace Verbose: 0 : 15196, 1, 2024/04/23, 18:23:15.546, 5086813015063, vstest.console.dll, Executor.Execute: Exiting with exit code of 0
TpTrace Verbose: 0 : 15196, 13, 2024/04/23, 18:23:15.547, 5086813025077, vstest.console.dll, LengthPrefixCommunicationChannel.Dispose: Dispose reader and writer.
TpTrace Information: 0 : 15196, 13, 2024/04/23, 18:23:15.547, 5086813026706, vstest.console.dll, SocketServer.Stop: Raise disconnected event endPoint: 127.0.0.1:61574 error: 
TpTrace Verbose: 0 : 15196, 13, 2024/04/23, 18:23:15.547, 5086813028299, vstest.console.dll, TestRequestSender: OnTestRunAbort: Operation is already complete. Skip error message.
TpTrace Verbose: 0 : 15196, 13, 2024/04/23, 18:23:15.547, 5086813028946, vstest.console.dll, MulticastDelegateUtilities.SafeInvoke: SocketServer: ClientDisconnected: Invoking callback 1/1 for Microsoft.VisualStudio.TestPlatform.CommunicationUtilities.TestRequestSender., took 0 ms.
TpTrace Verbose: 0 : 15196, 13, 2024/04/23, 18:23:15.547, 5086813029317, vstest.console.dll, TcpClientExtensions.MessageLoopAsync: exiting MessageLoopAsync remoteEndPoint: 127.0.0.1:61575 localEndPoint: 127.0.0.1:61574
