TpTrace Verbose: 0 : 25300, 1, 2024/05/21, 10:55:44.675, 4209013715568, vstest.console.dll, Version: 17.9.0-release-24072-02 Current process architecture: X64
TpTrace Verbose: 0 : 25300, 1, 2024/05/21, 10:55:44.678, 4209013747334, vstest.console.dll, Runtime location: C:\Program Files\dotnet\shared\Microsoft.NETCore.App\8.0.3
TpTrace Verbose: 0 : 25300, 1, 2024/05/21, 10:55:44.680, 4209013771924, vstest.console.dll, ArtifactProcessingPostProcessModeProcessorExecutor.Initialize: ArtifactProcessingMode.Collect
TpTrace Verbose: 0 : 25300, 1, 2024/05/21, 10:55:44.680, 4209013773408, vstest.console.dll, TestSessionCorrelationIdProcessorModeProcessorExecutor.Initialize: TestSessionCorrelationId '1532_b696af01-3713-47fb-97c0-f3547fcfee8d'
TpTrace Information: 0 : 25300, 1, 2024/05/21, 10:55:44.689, 4209013857431, vstest.console.dll, FilePatternParser: The given file C:\Users\VC\codestack\GenSpark\day29\UTPizzaHutSolution\UnitTest\bin\Debug\net6.0\fine-code-coverage\build-output\UnitTest.dll is a full path.
TpTrace Verbose: 0 : 25300, 1, 2024/05/21, 10:55:44.693, 4209013897483, vstest.console.dll, TestPluginCache.DiscoverTestExtensions: finding test extensions in assemblies ends with: RuntimeProvider.dll TPluginInfo: Microsoft.VisualStudio.TestPlatform.Common.ExtensionFramework.Utilities.TestRuntimePluginInformation TExtension: Microsoft.VisualStudio.TestPlatform.ObjectModel.Host.ITestRuntimeProvider
TpTrace Verbose: 0 : 25300, 1, 2024/05/21, 10:55:44.693, 4209013902137, vstest.console.dll, TestPluginCache.GetExtensionPaths: Filtered extension paths: 
TpTrace Verbose: 0 : 25300, 1, 2024/05/21, 10:55:44.693, 4209013903219, vstest.console.dll, TestPluginCache.GetExtensionPaths: Added default extension paths: C:\Program Files\dotnet\sdk\8.0.202\Extensions\Microsoft.Diagnostics.NETCore.Client.dll
C:\Program Files\dotnet\sdk\8.0.202\Extensions\Microsoft.TestPlatform.Extensions.BlameDataCollector.dll
C:\Program Files\dotnet\sdk\8.0.202\Extensions\Microsoft.TestPlatform.Extensions.EventLogCollector.dll
C:\Program Files\dotnet\sdk\8.0.202\Extensions\Microsoft.TestPlatform.TestHostRuntimeProvider.dll
C:\Program Files\dotnet\sdk\8.0.202\Extensions\Microsoft.VisualStudio.TestPlatform.Extensions.Html.TestLogger.dll
C:\Program Files\dotnet\sdk\8.0.202\Extensions\Microsoft.VisualStudio.TestPlatform.Extensions.Trx.TestLogger.dll
TpTrace Verbose: 0 : 25300, 1, 2024/05/21, 10:55:44.693, 4209013903529, vstest.console.dll, TestPluginCache.GetExtensionPaths: Added unfilterableExtensionPaths: 
TpTrace Information: 0 : 25300, 1, 2024/05/21, 10:55:44.694, 4209013909888, vstest.console.dll, AssemblyResolver.ctor: Creating AssemblyResolver with searchDirectories C:\Program Files\dotnet\sdk\8.0.202\Extensions,C:\Program Files\dotnet\sdk\8.0.202
TpTrace Verbose: 0 : 25300, 1, 2024/05/21, 10:55:44.696, 4209013928922, vstest.console.dll, TestPluginCache.DiscoverTestExtensions: Discovering the extensions using extension path.
TpTrace Verbose: 0 : 25300, 1, 2024/05/21, 10:55:44.696, 4209013930510, vstest.console.dll, TestPluginCache.GetExtensionPaths: Filtered extension paths: 
TpTrace Verbose: 0 : 25300, 1, 2024/05/21, 10:55:44.696, 4209013930932, vstest.console.dll, TestPluginCache.GetExtensionPaths: Added default extension paths: C:\Program Files\dotnet\sdk\8.0.202\Extensions\Microsoft.Diagnostics.NETCore.Client.dll
C:\Program Files\dotnet\sdk\8.0.202\Extensions\Microsoft.TestPlatform.Extensions.BlameDataCollector.dll
C:\Program Files\dotnet\sdk\8.0.202\Extensions\Microsoft.TestPlatform.Extensions.EventLogCollector.dll
C:\Program Files\dotnet\sdk\8.0.202\Extensions\Microsoft.TestPlatform.TestHostRuntimeProvider.dll
C:\Program Files\dotnet\sdk\8.0.202\Extensions\Microsoft.VisualStudio.TestPlatform.Extensions.Html.TestLogger.dll
C:\Program Files\dotnet\sdk\8.0.202\Extensions\Microsoft.VisualStudio.TestPlatform.Extensions.Trx.TestLogger.dll
TpTrace Verbose: 0 : 25300, 1, 2024/05/21, 10:55:44.696, 4209013931188, vstest.console.dll, TestPluginCache.GetExtensionPaths: Added unfilterableExtensionPaths: 
TpTrace Verbose: 0 : 25300, 1, 2024/05/21, 10:55:44.696, 4209013931749, vstest.console.dll, TestPluginCache.DiscoverTestExtensions: Discovering the extensions using allExtensionPaths: C:\Program Files\dotnet\sdk\8.0.202\Extensions\Microsoft.Diagnostics.NETCore.Client.dll
C:\Program Files\dotnet\sdk\8.0.202\Extensions\Microsoft.TestPlatform.Extensions.BlameDataCollector.dll
C:\Program Files\dotnet\sdk\8.0.202\Extensions\Microsoft.TestPlatform.Extensions.EventLogCollector.dll
C:\Program Files\dotnet\sdk\8.0.202\Extensions\Microsoft.TestPlatform.TestHostRuntimeProvider.dll
C:\Program Files\dotnet\sdk\8.0.202\Extensions\Microsoft.VisualStudio.TestPlatform.Extensions.Html.TestLogger.dll
C:\Program Files\dotnet\sdk\8.0.202\Extensions\Microsoft.VisualStudio.TestPlatform.Extensions.Trx.TestLogger.dll
TpTrace Information: 0 : 25300, 1, 2024/05/21, 10:55:44.696, 4209013933079, vstest.console.dll, AssemblyResolver.AddSearchDirectories: Adding more searchDirectories C:\Program Files\dotnet\sdk\8.0.202\Extensions,C:\Program Files\dotnet\sdk\8.0.202
TpTrace Information: 0 : 25300, 1, 2024/05/21, 10:55:44.696, 4209013933570, vstest.console.dll, AssemblyResolver.AddSearchDirectories: Adding more searchDirectories C:\Program Files\dotnet\sdk\8.0.202\Extensions,C:\Program Files\dotnet\sdk\8.0.202
TpTrace Information: 0 : 25300, 1, 2024/05/21, 10:55:44.696, 4209013933879, vstest.console.dll, AssemblyResolver.AddSearchDirectories: Adding more searchDirectories C:\Program Files\dotnet\sdk\8.0.202\Extensions,C:\Program Files\dotnet\sdk\8.0.202
TpTrace Information: 0 : 25300, 1, 2024/05/21, 10:55:44.696, 4209013934120, vstest.console.dll, AssemblyResolver.AddSearchDirectories: Adding more searchDirectories C:\Program Files\dotnet\sdk\8.0.202\Extensions,C:\Program Files\dotnet\sdk\8.0.202
TpTrace Information: 0 : 25300, 1, 2024/05/21, 10:55:44.696, 4209013934358, vstest.console.dll, AssemblyResolver.AddSearchDirectories: Adding more searchDirectories C:\Program Files\dotnet\sdk\8.0.202\Extensions,C:\Program Files\dotnet\sdk\8.0.202
TpTrace Information: 0 : 25300, 1, 2024/05/21, 10:55:44.696, 4209013934633, vstest.console.dll, AssemblyResolver.AddSearchDirectories: Adding more searchDirectories C:\Program Files\dotnet\sdk\8.0.202\Extensions,C:\Program Files\dotnet\sdk\8.0.202
TpTrace Information: 0 : 25300, 1, 2024/05/21, 10:55:44.697, 4209013938773, vstest.console.dll, AssemblyResolver.OnResolve: Microsoft.Diagnostics.NETCore.Client: Resolving assembly.
TpTrace Information: 0 : 25300, 1, 2024/05/21, 10:55:44.697, 4209013939473, vstest.console.dll, AssemblyResolver.OnResolve: Microsoft.Diagnostics.NETCore.Client: Searching in: 'C:\Program Files\dotnet\sdk\8.0.202\Extensions'.
TpTrace Information: 0 : 25300, 1, 2024/05/21, 10:55:44.705, 4209014015263, vstest.console.dll, AssemblyResolver.OnResolve: Microsoft.Diagnostics.NETCore.Client: Loading assembly 'C:\Program Files\dotnet\sdk\8.0.202\Extensions\Microsoft.Diagnostics.NETCore.Client.dll'.
TpTrace Information: 0 : 25300, 1, 2024/05/21, 10:55:44.706, 4209014028542, vstest.console.dll, AssemblyResolver.OnResolve: Resolved assembly: Microsoft.Diagnostics.NETCore.Client, from path: C:\Program Files\dotnet\sdk\8.0.202\Extensions\Microsoft.Diagnostics.NETCore.Client.dll
TpTrace Verbose: 0 : 25300, 1, 2024/05/21, 10:55:44.711, 4209014084044, vstest.console.dll, MetadataReaderExtensionsHelper: Discovering extensions inside assembly 'Microsoft.Diagnostics.NETCore.Client, Version=0.2.9.2401, Culture=neutral, PublicKeyToken=31bf3856ad364e35' file path 'C:\Program Files\dotnet\sdk\8.0.202\Extensions\Microsoft.Diagnostics.NETCore.Client.dll'
TpTrace Information: 0 : 25300, 1, 2024/05/21, 10:55:44.716, 4209014130084, vstest.console.dll, AssemblyResolver.OnResolve: Microsoft.Bcl.AsyncInterfaces: Resolving assembly.
TpTrace Information: 0 : 25300, 1, 2024/05/21, 10:55:44.716, 4209014131440, vstest.console.dll, AssemblyResolver.OnResolve: Microsoft.Bcl.AsyncInterfaces: Searching in: 'C:\Program Files\dotnet\sdk\8.0.202\Extensions'.
TpTrace Information: 0 : 25300, 1, 2024/05/21, 10:55:44.716, 4209014132494, vstest.console.dll, AssemblyResolver.OnResolve: Microsoft.Bcl.AsyncInterfaces: Assembly path does not exist: 'C:\Program Files\dotnet\sdk\8.0.202\Extensions\Microsoft.Bcl.AsyncInterfaces.dll', returning.
TpTrace Information: 0 : 25300, 1, 2024/05/21, 10:55:44.716, 4209014133516, vstest.console.dll, AssemblyResolver.OnResolve: Microsoft.Bcl.AsyncInterfaces: Assembly path does not exist: 'C:\Program Files\dotnet\sdk\8.0.202\Extensions\Microsoft.Bcl.AsyncInterfaces.exe', returning.
TpTrace Information: 0 : 25300, 1, 2024/05/21, 10:55:44.716, 4209014133886, vstest.console.dll, AssemblyResolver.OnResolve: Microsoft.Bcl.AsyncInterfaces: Searching in: 'C:\Program Files\dotnet\sdk\8.0.202'.
TpTrace Information: 0 : 25300, 1, 2024/05/21, 10:55:44.716, 4209014134386, vstest.console.dll, AssemblyResolver.OnResolve: Microsoft.Bcl.AsyncInterfaces: Assembly path does not exist: 'C:\Program Files\dotnet\sdk\8.0.202\Microsoft.Bcl.AsyncInterfaces.dll', returning.
TpTrace Information: 0 : 25300, 1, 2024/05/21, 10:55:44.717, 4209014134802, vstest.console.dll, AssemblyResolver.OnResolve: Microsoft.Bcl.AsyncInterfaces: Assembly path does not exist: 'C:\Program Files\dotnet\sdk\8.0.202\Microsoft.Bcl.AsyncInterfaces.exe', returning.
TpTrace Information: 0 : 25300, 1, 2024/05/21, 10:55:44.717, 4209014135042, vstest.console.dll, AssemblyResolver.OnResolve: Microsoft.Bcl.AsyncInterfaces: Failed to load assembly.
TpTrace Verbose: 0 : 25300, 1, 2024/05/21, 10:55:44.717, 4209014135397, vstest.console.dll, CurrentDomainAssemblyResolve: Resolving assembly 'Microsoft.Bcl.AsyncInterfaces'.
TpTrace Information: 0 : 25300, 1, 2024/05/21, 10:55:44.717, 4209014136037, vstest.console.dll, AssemblyResolver.OnResolve: Microsoft.Bcl.AsyncInterfaces: Resolving assembly.
TpTrace Information: 0 : 25300, 1, 2024/05/21, 10:55:44.717, 4209014136395, vstest.console.dll, AssemblyResolver.OnResolve: Microsoft.Bcl.AsyncInterfaces: Resolved from cache.
TpTrace Verbose: 0 : 25300, 1, 2024/05/21, 10:55:44.717, 4209014136630, vstest.console.dll, CurrentDomainAssemblyResolve: Resolving assembly 'Microsoft.Bcl.AsyncInterfaces'.
TpTrace Verbose: 0 : 25300, 1, 2024/05/21, 10:55:44.717, 4209014136939, vstest.console.dll, CurrentDomainAssemblyResolve: Failed to resolve assembly 'Microsoft.Bcl.AsyncInterfaces'.
TpTrace Verbose: 0 : 25300, 1, 2024/05/21, 10:55:44.717, 4209014143273, vstest.console.dll, CurrentDomainAssemblyResolve: Failed to resolve assembly 'Microsoft.Bcl.AsyncInterfaces'.
TpTrace Warning: 0 : 25300, 1, 2024/05/21, 10:55:44.728, 4209014250897, vstest.console.dll, TestPluginDiscoverer: Failed to get types from assembly 'Microsoft.Diagnostics.NETCore.Client, Version=0.2.9.2401, Culture=neutral, PublicKeyToken=31bf3856ad364e35'. Error: System.Reflection.ReflectionTypeLoadException: Unable to load one or more of the requested types.
Could not load file or assembly 'Microsoft.Bcl.AsyncInterfaces, Version=6.0.0.0, Culture=neutral, PublicKeyToken=cc7b13ffcd2ddd51'. The system cannot find the file specified.
   at System.Reflection.RuntimeModule.GetTypes(RuntimeModule module)
   at System.Reflection.RuntimeModule.GetTypes()
   at Microsoft.VisualStudio.TestPlatform.Common.ExtensionFramework.TestPluginDiscoverer.GetTestExtensionsFromAssembly[TPluginInfo,TExtension](Assembly assembly, Dictionary`2 pluginInfos, String filePath) in /_/src/Microsoft.TestPlatform.Common/ExtensionFramework/TestPluginDiscoverer.cs:line 158
System.IO.FileNotFoundException: Could not load file or assembly 'Microsoft.Bcl.AsyncInterfaces, Version=6.0.0.0, Culture=neutral, PublicKeyToken=cc7b13ffcd2ddd51'. The system cannot find the file specified.
File name: 'Microsoft.Bcl.AsyncInterfaces, Version=6.0.0.0, Culture=neutral, PublicKeyToken=cc7b13ffcd2ddd51'
 ---> System.IO.FileNotFoundException: Could not load file or assembly 'Microsoft.Bcl.AsyncInterfaces, Culture=neutral, PublicKeyToken=null'. The system cannot find the file specified.
File name: 'Microsoft.Bcl.AsyncInterfaces, Culture=neutral, PublicKeyToken=null'
   at System.Reflection.RuntimeAssembly.InternalLoad(AssemblyName assemblyName, StackCrawlMark& stackMark, AssemblyLoadContext assemblyLoadContext, RuntimeAssembly requestingAssembly, Boolean throwOnFileNotFound)
   at System.Reflection.Assembly.Load(AssemblyName assemblyRef)
   at Microsoft.VisualStudio.TestPlatform.Common.ExtensionFramework.TestPluginCache.CurrentDomainAssemblyResolve(Object sender, AssemblyResolveEventArgs args) in /_/src/Microsoft.TestPlatform.Common/ExtensionFramework/TestPluginCache.cs:line 513
   at System.Runtime.Loader.AssemblyLoadContext.GetFirstResolvedAssemblyFromResolvingEvent(AssemblyName assemblyName)
   at System.Runtime.Loader.AssemblyLoadContext.ResolveUsingEvent(AssemblyName assemblyName)
   at System.Runtime.Loader.AssemblyLoadContext.ResolveUsingResolvingEvent(IntPtr gchManagedAssemblyLoadContext, AssemblyName assemblyName)
TpTrace Warning: 0 : 25300, 1, 2024/05/21, 10:55:44.728, 4209014254574, vstest.console.dll, LoaderExceptions: System.IO.FileNotFoundException: Could not load file or assembly 'Microsoft.Bcl.AsyncInterfaces, Version=6.0.0.0, Culture=neutral, PublicKeyToken=cc7b13ffcd2ddd51'. The system cannot find the file specified.
File name: 'Microsoft.Bcl.AsyncInterfaces, Version=6.0.0.0, Culture=neutral, PublicKeyToken=cc7b13ffcd2ddd51'
 ---> System.IO.FileNotFoundException: Could not load file or assembly 'Microsoft.Bcl.AsyncInterfaces, Culture=neutral, PublicKeyToken=null'. The system cannot find the file specified.
File name: 'Microsoft.Bcl.AsyncInterfaces, Culture=neutral, PublicKeyToken=null'
   at System.Reflection.RuntimeAssembly.InternalLoad(AssemblyName assemblyName, StackCrawlMark& stackMark, AssemblyLoadContext assemblyLoadContext, RuntimeAssembly requestingAssembly, Boolean throwOnFileNotFound)
   at System.Reflection.Assembly.Load(AssemblyName assemblyRef)
   at Microsoft.VisualStudio.TestPlatform.Common.ExtensionFramework.TestPluginCache.CurrentDomainAssemblyResolve(Object sender, AssemblyResolveEventArgs args) in /_/src/Microsoft.TestPlatform.Common/ExtensionFramework/TestPluginCache.cs:line 513
   at System.Runtime.Loader.AssemblyLoadContext.GetFirstResolvedAssemblyFromResolvingEvent(AssemblyName assemblyName)
   at System.Runtime.Loader.AssemblyLoadContext.ResolveUsingEvent(AssemblyName assemblyName)
   at System.Runtime.Loader.AssemblyLoadContext.ResolveUsingResolvingEvent(IntPtr gchManagedAssemblyLoadContext, AssemblyName assemblyName)
TpTrace Information: 0 : 25300, 1, 2024/05/21, 10:55:44.729, 4209014256150, vstest.console.dll, AssemblyResolver.OnResolve: Microsoft.TestPlatform.Extensions.BlameDataCollector: Resolving assembly.
TpTrace Information: 0 : 25300, 1, 2024/05/21, 10:55:44.729, 4209014256563, vstest.console.dll, AssemblyResolver.OnResolve: Microsoft.TestPlatform.Extensions.BlameDataCollector: Searching in: 'C:\Program Files\dotnet\sdk\8.0.202\Extensions'.
TpTrace Information: 0 : 25300, 1, 2024/05/21, 10:55:44.729, 4209014260102, vstest.console.dll, AssemblyResolver.OnResolve: Microsoft.TestPlatform.Extensions.BlameDataCollector: Loading assembly 'C:\Program Files\dotnet\sdk\8.0.202\Extensions\Microsoft.TestPlatform.Extensions.BlameDataCollector.dll'.
TpTrace Information: 0 : 25300, 1, 2024/05/21, 10:55:44.730, 4209014266210, vstest.console.dll, AssemblyResolver.OnResolve: Resolved assembly: Microsoft.TestPlatform.Extensions.BlameDataCollector, from path: C:\Program Files\dotnet\sdk\8.0.202\Extensions\Microsoft.TestPlatform.Extensions.BlameDataCollector.dll
TpTrace Verbose: 0 : 25300, 1, 2024/05/21, 10:55:44.730, 4209014267014, vstest.console.dll, MetadataReaderExtensionsHelper: Discovering extensions inside assembly 'Microsoft.TestPlatform.Extensions.BlameDataCollector, Version=15.0.0.0, Culture=neutral, PublicKeyToken=b03f5f7f11d50a3a' file path 'C:\Program Files\dotnet\sdk\8.0.202\Extensions\Microsoft.TestPlatform.Extensions.BlameDataCollector.dll'
TpTrace Information: 0 : 25300, 1, 2024/05/21, 10:55:44.731, 4209014279710, vstest.console.dll, AssemblyResolver.OnResolve: Microsoft.TestPlatform.Extensions.EventLogCollector: Resolving assembly.
TpTrace Information: 0 : 25300, 1, 2024/05/21, 10:55:44.731, 4209014280364, vstest.console.dll, AssemblyResolver.OnResolve: Microsoft.TestPlatform.Extensions.EventLogCollector: Searching in: 'C:\Program Files\dotnet\sdk\8.0.202\Extensions'.
TpTrace Information: 0 : 25300, 1, 2024/05/21, 10:55:44.731, 4209014283203, vstest.console.dll, AssemblyResolver.OnResolve: Microsoft.TestPlatform.Extensions.EventLogCollector: Loading assembly 'C:\Program Files\dotnet\sdk\8.0.202\Extensions\Microsoft.TestPlatform.Extensions.EventLogCollector.dll'.
TpTrace Information: 0 : 25300, 1, 2024/05/21, 10:55:44.732, 4209014287916, vstest.console.dll, AssemblyResolver.OnResolve: Resolved assembly: Microsoft.TestPlatform.Extensions.EventLogCollector, from path: C:\Program Files\dotnet\sdk\8.0.202\Extensions\Microsoft.TestPlatform.Extensions.EventLogCollector.dll
TpTrace Verbose: 0 : 25300, 1, 2024/05/21, 10:55:44.732, 4209014288540, vstest.console.dll, MetadataReaderExtensionsHelper: Discovering extensions inside assembly 'Microsoft.TestPlatform.Extensions.EventLogCollector, Version=15.0.0.0, Culture=neutral, PublicKeyToken=b03f5f7f11d50a3a' file path 'C:\Program Files\dotnet\sdk\8.0.202\Extensions\Microsoft.TestPlatform.Extensions.EventLogCollector.dll'
TpTrace Information: 0 : 25300, 1, 2024/05/21, 10:55:44.734, 4209014308500, vstest.console.dll, AssemblyResolver.OnResolve: Microsoft.TestPlatform.TestHostRuntimeProvider: Resolving assembly.
TpTrace Information: 0 : 25300, 1, 2024/05/21, 10:55:44.734, 4209014309820, vstest.console.dll, AssemblyResolver.OnResolve: Microsoft.TestPlatform.TestHostRuntimeProvider: Searching in: 'C:\Program Files\dotnet\sdk\8.0.202\Extensions'.
TpTrace Information: 0 : 25300, 1, 2024/05/21, 10:55:44.735, 4209014315652, vstest.console.dll, AssemblyResolver.OnResolve: Microsoft.TestPlatform.TestHostRuntimeProvider: Loading assembly 'C:\Program Files\dotnet\sdk\8.0.202\Extensions\Microsoft.TestPlatform.TestHostRuntimeProvider.dll'.
TpTrace Information: 0 : 25300, 1, 2024/05/21, 10:55:44.736, 4209014330064, vstest.console.dll, AssemblyResolver.OnResolve: Resolved assembly: Microsoft.TestPlatform.TestHostRuntimeProvider, from path: C:\Program Files\dotnet\sdk\8.0.202\Extensions\Microsoft.TestPlatform.TestHostRuntimeProvider.dll
TpTrace Verbose: 0 : 25300, 1, 2024/05/21, 10:55:44.736, 4209014332072, vstest.console.dll, MetadataReaderExtensionsHelper: Discovering extensions inside assembly 'Microsoft.TestPlatform.TestHostRuntimeProvider, Version=15.0.0.0, Culture=neutral, PublicKeyToken=b03f5f7f11d50a3a' file path 'C:\Program Files\dotnet\sdk\8.0.202\Extensions\Microsoft.TestPlatform.TestHostRuntimeProvider.dll'
TpTrace Information: 0 : 25300, 1, 2024/05/21, 10:55:44.738, 4209014354628, vstest.console.dll, GetTestExtensionFromType: Register extension with identifier data 'HostProvider://DefaultTestHost' and type 'Microsoft.VisualStudio.TestPlatform.CrossPlatEngine.Hosting.DefaultTestHostManager, Microsoft.TestPlatform.TestHostRuntimeProvider, Version=15.0.0.0, Culture=neutral, PublicKeyToken=b03f5f7f11d50a3a' inside file 'C:\Program Files\dotnet\sdk\8.0.202\Extensions\Microsoft.TestPlatform.TestHostRuntimeProvider.dll'
TpTrace Information: 0 : 25300, 1, 2024/05/21, 10:55:44.739, 4209014358244, vstest.console.dll, GetTestExtensionFromType: Register extension with identifier data 'HostProvider://DotnetTestHost' and type 'Microsoft.VisualStudio.TestPlatform.CrossPlatEngine.Hosting.DotnetTestHostManager, Microsoft.TestPlatform.TestHostRuntimeProvider, Version=15.0.0.0, Culture=neutral, PublicKeyToken=b03f5f7f11d50a3a' inside file 'C:\Program Files\dotnet\sdk\8.0.202\Extensions\Microsoft.TestPlatform.TestHostRuntimeProvider.dll'
TpTrace Information: 0 : 25300, 1, 2024/05/21, 10:55:44.739, 4209014359420, vstest.console.dll, AssemblyResolver.OnResolve: Microsoft.VisualStudio.TestPlatform.Extensions.Html.TestLogger: Resolving assembly.
TpTrace Information: 0 : 25300, 1, 2024/05/21, 10:55:44.739, 4209014359856, vstest.console.dll, AssemblyResolver.OnResolve: Microsoft.VisualStudio.TestPlatform.Extensions.Html.TestLogger: Searching in: 'C:\Program Files\dotnet\sdk\8.0.202\Extensions'.
TpTrace Information: 0 : 25300, 1, 2024/05/21, 10:55:44.739, 4209014363508, vstest.console.dll, AssemblyResolver.OnResolve: Microsoft.VisualStudio.TestPlatform.Extensions.Html.TestLogger: Loading assembly 'C:\Program Files\dotnet\sdk\8.0.202\Extensions\Microsoft.VisualStudio.TestPlatform.Extensions.Html.TestLogger.dll'.
TpTrace Information: 0 : 25300, 1, 2024/05/21, 10:55:44.740, 4209014369963, vstest.console.dll, AssemblyResolver.OnResolve: Resolved assembly: Microsoft.VisualStudio.TestPlatform.Extensions.Html.TestLogger, from path: C:\Program Files\dotnet\sdk\8.0.202\Extensions\Microsoft.VisualStudio.TestPlatform.Extensions.Html.TestLogger.dll
TpTrace Verbose: 0 : 25300, 1, 2024/05/21, 10:55:44.740, 4209014370805, vstest.console.dll, MetadataReaderExtensionsHelper: Discovering extensions inside assembly 'Microsoft.VisualStudio.TestPlatform.Extensions.Html.TestLogger, Version=15.0.0.0, Culture=neutral, PublicKeyToken=b03f5f7f11d50a3a' file path 'C:\Program Files\dotnet\sdk\8.0.202\Extensions\Microsoft.VisualStudio.TestPlatform.Extensions.Html.TestLogger.dll'
TpTrace Information: 0 : 25300, 1, 2024/05/21, 10:55:44.741, 4209014378163, vstest.console.dll, AssemblyResolver.OnResolve: Microsoft.VisualStudio.TestPlatform.Extensions.Trx.TestLogger: Resolving assembly.
TpTrace Information: 0 : 25300, 1, 2024/05/21, 10:55:44.741, 4209014378773, vstest.console.dll, AssemblyResolver.OnResolve: Microsoft.VisualStudio.TestPlatform.Extensions.Trx.TestLogger: Searching in: 'C:\Program Files\dotnet\sdk\8.0.202\Extensions'.
TpTrace Information: 0 : 25300, 1, 2024/05/21, 10:55:44.741, 4209014383803, vstest.console.dll, AssemblyResolver.OnResolve: Microsoft.VisualStudio.TestPlatform.Extensions.Trx.TestLogger: Loading assembly 'C:\Program Files\dotnet\sdk\8.0.202\Extensions\Microsoft.VisualStudio.TestPlatform.Extensions.Trx.TestLogger.dll'.
TpTrace Information: 0 : 25300, 1, 2024/05/21, 10:55:44.742, 4209014392660, vstest.console.dll, AssemblyResolver.OnResolve: Resolved assembly: Microsoft.VisualStudio.TestPlatform.Extensions.Trx.TestLogger, from path: C:\Program Files\dotnet\sdk\8.0.202\Extensions\Microsoft.VisualStudio.TestPlatform.Extensions.Trx.TestLogger.dll
TpTrace Verbose: 0 : 25300, 1, 2024/05/21, 10:55:44.742, 4209014393594, vstest.console.dll, MetadataReaderExtensionsHelper: Discovering extensions inside assembly 'Microsoft.VisualStudio.TestPlatform.Extensions.Trx.TestLogger, Version=15.0.0.0, Culture=neutral, PublicKeyToken=b03f5f7f11d50a3a' file path 'C:\Program Files\dotnet\sdk\8.0.202\Extensions\Microsoft.VisualStudio.TestPlatform.Extensions.Trx.TestLogger.dll'
TpTrace Verbose: 0 : 25300, 1, 2024/05/21, 10:55:44.743, 4209014404244, vstest.console.dll, TestPluginCache: Discovered the extensions using extension path ''.
TpTrace Verbose: 0 : 25300, 1, 2024/05/21, 10:55:44.744, 4209014405528, vstest.console.dll, TestPluginCache: Discoverers are ''.
TpTrace Verbose: 0 : 25300, 1, 2024/05/21, 10:55:44.744, 4209014405937, vstest.console.dll, TestPluginCache: Executors are ''.
TpTrace Verbose: 0 : 25300, 1, 2024/05/21, 10:55:44.744, 4209014406283, vstest.console.dll, TestPluginCache: Executors2 are ''.
TpTrace Verbose: 0 : 25300, 1, 2024/05/21, 10:55:44.744, 4209014406622, vstest.console.dll, TestPluginCache: Setting providers are ''.
TpTrace Verbose: 0 : 25300, 1, 2024/05/21, 10:55:44.744, 4209014406968, vstest.console.dll, TestPluginCache: Loggers are ''.
TpTrace Verbose: 0 : 25300, 1, 2024/05/21, 10:55:44.744, 4209014409126, vstest.console.dll, TestPluginCache: TestHosts are 'HostProvider://DefaultTestHost,HostProvider://DotnetTestHost'.
TpTrace Verbose: 0 : 25300, 1, 2024/05/21, 10:55:44.744, 4209014409646, vstest.console.dll, TestPluginCache: DataCollectors are ''.
TpTrace Information: 0 : 25300, 1, 2024/05/21, 10:55:44.759, 4209014559779, vstest.console.dll, RunTestsArgumentProcessor:Execute: Test run is starting.
TpTrace Verbose: 0 : 25300, 1, 2024/05/21, 10:55:44.759, 4209014561186, vstest.console.dll, RunTestsArgumentProcessor:Execute: Queuing Test run.
TpTrace Information: 0 : 25300, 1, 2024/05/21, 10:55:44.760, 4209014565548, vstest.console.dll, TestRequestManager.RunTests: run tests started.
TpTrace Information: 0 : 25300, 1, 2024/05/21, 10:55:44.761, 4209014577922, vstest.console.dll, AssemblyMetadataProvider.GetFrameworkName: Determined framework:'.NETCoreApp,Version=v6.0' for source: 'C:\Users\VC\codestack\GenSpark\day29\UTPizzaHutSolution\UnitTest\bin\Debug\net6.0\fine-code-coverage\build-output\UnitTest.dll'
TpTrace Information: 0 : 25300, 1, 2024/05/21, 10:55:44.761, 4209014579353, vstest.console.dll, Determined framework for all sources: .NETCoreApp,Version=v6.0
TpTrace Verbose: 0 : 25300, 1, 2024/05/21, 10:55:44.761, 4209014582132, vstest.console.dll, TestRequestManager.UpdateRunSettingsIfRequired: Default architecture: X64 IsDefaultTargetArchitecture: True, Current process architecture: X64 OperatingSystem: Windows.
TpTrace Information: 0 : 25300, 1, 2024/05/21, 10:55:44.763, 4209014595656, vstest.console.dll, AssemblyMetadataProvider.GetArchitecture: Determined architecture:AnyCPU info for assembly: C:\Users\VC\codestack\GenSpark\day29\UTPizzaHutSolution\UnitTest\bin\Debug\net6.0\fine-code-coverage\build-output\UnitTest.dll
TpTrace Information: 0 : 25300, 1, 2024/05/21, 10:55:44.763, 4209014596209, vstest.console.dll, Determined platform for source 'C:\Users\VC\codestack\GenSpark\day29\UTPizzaHutSolution\UnitTest\bin\Debug\net6.0\fine-code-coverage\build-output\UnitTest.dll' was AnyCPU and it will use the default plaform X64.
TpTrace Information: 0 : 25300, 1, 2024/05/21, 10:55:44.763, 4209014596454, vstest.console.dll, None of the sources provided any runnable platform, using the default platform: X64
TpTrace Information: 0 : 25300, 1, 2024/05/21, 10:55:44.763, 4209014597157, vstest.console.dll, Platform was updated to 'X64'.
TpTrace Information: 0 : 25300, 1, 2024/05/21, 10:55:44.765, 4209014624550, vstest.console.dll, InferRunSettingsHelper.IsTestSettingsEnabled: Unable to navigate to RunSettings/MSTest. Current node: RunSettings
TpTrace Information: 0 : 25300, 1, 2024/05/21, 10:55:44.766, 4209014630522, vstest.console.dll, AssemblyResolver.OnResolve: Microsoft.VisualStudio.TestPlatform.Fakes: Resolving assembly.
TpTrace Information: 0 : 25300, 1, 2024/05/21, 10:55:44.766, 4209014631263, vstest.console.dll, AssemblyResolver.OnResolve: Microsoft.VisualStudio.TestPlatform.Fakes: Searching in: 'C:\Program Files\dotnet\sdk\8.0.202\Extensions'.
TpTrace Information: 0 : 25300, 1, 2024/05/21, 10:55:44.766, 4209014632283, vstest.console.dll, AssemblyResolver.OnResolve: Microsoft.VisualStudio.TestPlatform.Fakes: Assembly path does not exist: 'C:\Program Files\dotnet\sdk\8.0.202\Extensions\Microsoft.VisualStudio.TestPlatform.Fakes.dll', returning.
TpTrace Information: 0 : 25300, 1, 2024/05/21, 10:55:44.766, 4209014632764, vstest.console.dll, AssemblyResolver.OnResolve: Microsoft.VisualStudio.TestPlatform.Fakes: Assembly path does not exist: 'C:\Program Files\dotnet\sdk\8.0.202\Extensions\Microsoft.VisualStudio.TestPlatform.Fakes.exe', returning.
TpTrace Information: 0 : 25300, 1, 2024/05/21, 10:55:44.766, 4209014633008, vstest.console.dll, AssemblyResolver.OnResolve: Microsoft.VisualStudio.TestPlatform.Fakes: Searching in: 'C:\Program Files\dotnet\sdk\8.0.202'.
TpTrace Information: 0 : 25300, 1, 2024/05/21, 10:55:44.766, 4209014633573, vstest.console.dll, AssemblyResolver.OnResolve: Microsoft.VisualStudio.TestPlatform.Fakes: Assembly path does not exist: 'C:\Program Files\dotnet\sdk\8.0.202\Microsoft.VisualStudio.TestPlatform.Fakes.dll', returning.
TpTrace Information: 0 : 25300, 1, 2024/05/21, 10:55:44.766, 4209014634075, vstest.console.dll, AssemblyResolver.OnResolve: Microsoft.VisualStudio.TestPlatform.Fakes: Assembly path does not exist: 'C:\Program Files\dotnet\sdk\8.0.202\Microsoft.VisualStudio.TestPlatform.Fakes.exe', returning.
TpTrace Information: 0 : 25300, 1, 2024/05/21, 10:55:44.766, 4209014634318, vstest.console.dll, AssemblyResolver.OnResolve: Microsoft.VisualStudio.TestPlatform.Fakes: Failed to load assembly.
TpTrace Information: 0 : 25300, 1, 2024/05/21, 10:55:44.767, 4209014636691, vstest.console.dll, Failed to load assembly Microsoft.VisualStudio.TestPlatform.Fakes, Version=17.0.0.0, Culture=neutral. Reason:System.IO.FileNotFoundException: Could not load file or assembly 'Microsoft.VisualStudio.TestPlatform.Fakes, Version=17.0.0.0, Culture=neutral, PublicKeyToken=null'. The system cannot find the file specified.
File name: 'Microsoft.VisualStudio.TestPlatform.Fakes, Version=17.0.0.0, Culture=neutral, PublicKeyToken=null'
   at System.Reflection.RuntimeAssembly.InternalLoad(AssemblyName assemblyName, StackCrawlMark& stackMark, AssemblyLoadContext assemblyLoadContext, RuntimeAssembly requestingAssembly, Boolean throwOnFileNotFound)
   at System.Reflection.Assembly.Load(AssemblyName assemblyRef)
   at Microsoft.VisualStudio.TestPlatform.Common.Utilities.FakesUtilities.LoadTestPlatformAssembly() in /_/src/Microsoft.TestPlatform.Common/Utilities/FakesUtilities.cs:line 272
TpTrace Verbose: 0 : 25300, 1, 2024/05/21, 10:55:44.770, 4209014668953, vstest.console.dll, TestPluginCache.DiscoverTestExtensions: finding test extensions in assemblies ends with: TestLogger.dll TPluginInfo: Microsoft.VisualStudio.TestPlatform.Common.ExtensionFramework.Utilities.TestLoggerPluginInformation TExtension: Microsoft.VisualStudio.TestPlatform.ObjectModel.Client.ITestLogger
TpTrace Verbose: 0 : 25300, 1, 2024/05/21, 10:55:44.770, 4209014670396, vstest.console.dll, TestPluginCache.GetExtensionPaths: Filtered extension paths: 
TpTrace Verbose: 0 : 25300, 1, 2024/05/21, 10:55:44.770, 4209014670702, vstest.console.dll, TestPluginCache.GetExtensionPaths: Added default extension paths: C:\Program Files\dotnet\sdk\8.0.202\Extensions\Microsoft.Diagnostics.NETCore.Client.dll
C:\Program Files\dotnet\sdk\8.0.202\Extensions\Microsoft.TestPlatform.Extensions.BlameDataCollector.dll
C:\Program Files\dotnet\sdk\8.0.202\Extensions\Microsoft.TestPlatform.Extensions.EventLogCollector.dll
C:\Program Files\dotnet\sdk\8.0.202\Extensions\Microsoft.TestPlatform.TestHostRuntimeProvider.dll
C:\Program Files\dotnet\sdk\8.0.202\Extensions\Microsoft.VisualStudio.TestPlatform.Extensions.Html.TestLogger.dll
C:\Program Files\dotnet\sdk\8.0.202\Extensions\Microsoft.VisualStudio.TestPlatform.Extensions.Trx.TestLogger.dll
TpTrace Verbose: 0 : 25300, 1, 2024/05/21, 10:55:44.770, 4209014670956, vstest.console.dll, TestPluginCache.GetExtensionPaths: Added unfilterableExtensionPaths: 
TpTrace Information: 0 : 25300, 1, 2024/05/21, 10:55:44.770, 4209014672561, vstest.console.dll, AssemblyResolver.AddSearchDirectories: Adding more searchDirectories C:\Program Files\dotnet\sdk\8.0.202\Extensions,C:\Program Files\dotnet\sdk\8.0.202
TpTrace Verbose: 0 : 25300, 1, 2024/05/21, 10:55:44.770, 4209014672985, vstest.console.dll, TestPluginCache.DiscoverTestExtensions: Discovering the extensions using extension path.
TpTrace Verbose: 0 : 25300, 1, 2024/05/21, 10:55:44.770, 4209014673283, vstest.console.dll, TestPluginCache.GetExtensionPaths: Filtered extension paths: 
TpTrace Verbose: 0 : 25300, 1, 2024/05/21, 10:55:44.770, 4209014673572, vstest.console.dll, TestPluginCache.GetExtensionPaths: Added default extension paths: C:\Program Files\dotnet\sdk\8.0.202\Extensions\Microsoft.Diagnostics.NETCore.Client.dll
C:\Program Files\dotnet\sdk\8.0.202\Extensions\Microsoft.TestPlatform.Extensions.BlameDataCollector.dll
C:\Program Files\dotnet\sdk\8.0.202\Extensions\Microsoft.TestPlatform.Extensions.EventLogCollector.dll
C:\Program Files\dotnet\sdk\8.0.202\Extensions\Microsoft.TestPlatform.TestHostRuntimeProvider.dll
C:\Program Files\dotnet\sdk\8.0.202\Extensions\Microsoft.VisualStudio.TestPlatform.Extensions.Html.TestLogger.dll
C:\Program Files\dotnet\sdk\8.0.202\Extensions\Microsoft.VisualStudio.TestPlatform.Extensions.Trx.TestLogger.dll
TpTrace Verbose: 0 : 25300, 1, 2024/05/21, 10:55:44.770, 4209014673827, vstest.console.dll, TestPluginCache.GetExtensionPaths: Added unfilterableExtensionPaths: 
TpTrace Verbose: 0 : 25300, 1, 2024/05/21, 10:55:44.770, 4209014674112, vstest.console.dll, TestPluginCache.DiscoverTestExtensions: Discovering the extensions using allExtensionPaths: C:\Program Files\dotnet\sdk\8.0.202\Extensions\Microsoft.Diagnostics.NETCore.Client.dll
C:\Program Files\dotnet\sdk\8.0.202\Extensions\Microsoft.TestPlatform.Extensions.BlameDataCollector.dll
C:\Program Files\dotnet\sdk\8.0.202\Extensions\Microsoft.TestPlatform.Extensions.EventLogCollector.dll
C:\Program Files\dotnet\sdk\8.0.202\Extensions\Microsoft.TestPlatform.TestHostRuntimeProvider.dll
C:\Program Files\dotnet\sdk\8.0.202\Extensions\Microsoft.VisualStudio.TestPlatform.Extensions.Html.TestLogger.dll
C:\Program Files\dotnet\sdk\8.0.202\Extensions\Microsoft.VisualStudio.TestPlatform.Extensions.Trx.TestLogger.dll
TpTrace Information: 0 : 25300, 1, 2024/05/21, 10:55:44.771, 4209014675035, vstest.console.dll, AssemblyResolver.AddSearchDirectories: Adding more searchDirectories C:\Program Files\dotnet\sdk\8.0.202\Extensions,C:\Program Files\dotnet\sdk\8.0.202
TpTrace Information: 0 : 25300, 1, 2024/05/21, 10:55:44.771, 4209014675390, vstest.console.dll, AssemblyResolver.AddSearchDirectories: Adding more searchDirectories C:\Program Files\dotnet\sdk\8.0.202\Extensions,C:\Program Files\dotnet\sdk\8.0.202
TpTrace Information: 0 : 25300, 1, 2024/05/21, 10:55:44.771, 4209014675639, vstest.console.dll, AssemblyResolver.AddSearchDirectories: Adding more searchDirectories C:\Program Files\dotnet\sdk\8.0.202\Extensions,C:\Program Files\dotnet\sdk\8.0.202
TpTrace Information: 0 : 25300, 1, 2024/05/21, 10:55:44.771, 4209014675878, vstest.console.dll, AssemblyResolver.AddSearchDirectories: Adding more searchDirectories C:\Program Files\dotnet\sdk\8.0.202\Extensions,C:\Program Files\dotnet\sdk\8.0.202
TpTrace Information: 0 : 25300, 1, 2024/05/21, 10:55:44.771, 4209014676114, vstest.console.dll, AssemblyResolver.AddSearchDirectories: Adding more searchDirectories C:\Program Files\dotnet\sdk\8.0.202\Extensions,C:\Program Files\dotnet\sdk\8.0.202
TpTrace Information: 0 : 25300, 1, 2024/05/21, 10:55:44.771, 4209014676452, vstest.console.dll, AssemblyResolver.AddSearchDirectories: Adding more searchDirectories C:\Program Files\dotnet\sdk\8.0.202\Extensions,C:\Program Files\dotnet\sdk\8.0.202
TpTrace Verbose: 0 : 25300, 1, 2024/05/21, 10:55:44.771, 4209014677472, vstest.console.dll, MetadataReaderExtensionsHelper: Discovering extensions inside assembly 'Microsoft.Diagnostics.NETCore.Client, Version=0.2.9.2401, Culture=neutral, PublicKeyToken=31bf3856ad364e35' file path 'C:\Program Files\dotnet\sdk\8.0.202\Extensions\Microsoft.Diagnostics.NETCore.Client.dll'
TpTrace Information: 0 : 25300, 1, 2024/05/21, 10:55:44.771, 4209014684642, vstest.console.dll, AssemblyResolver.OnResolve: Microsoft.Bcl.AsyncInterfaces: Resolving assembly.
TpTrace Information: 0 : 25300, 1, 2024/05/21, 10:55:44.772, 4209014685396, vstest.console.dll, AssemblyResolver.OnResolve: Microsoft.Bcl.AsyncInterfaces: Resolved from cache.
TpTrace Verbose: 0 : 25300, 1, 2024/05/21, 10:55:44.772, 4209014685661, vstest.console.dll, CurrentDomainAssemblyResolve: Resolving assembly 'Microsoft.Bcl.AsyncInterfaces'.
TpTrace Information: 0 : 25300, 1, 2024/05/21, 10:55:44.772, 4209014686057, vstest.console.dll, AssemblyResolver.OnResolve: Microsoft.Bcl.AsyncInterfaces: Resolving assembly.
TpTrace Information: 0 : 25300, 1, 2024/05/21, 10:55:44.772, 4209014686347, vstest.console.dll, AssemblyResolver.OnResolve: Microsoft.Bcl.AsyncInterfaces: Resolved from cache.
TpTrace Verbose: 0 : 25300, 1, 2024/05/21, 10:55:44.772, 4209014686575, vstest.console.dll, CurrentDomainAssemblyResolve: Resolving assembly 'Microsoft.Bcl.AsyncInterfaces'.
TpTrace Verbose: 0 : 25300, 1, 2024/05/21, 10:55:44.772, 4209014686796, vstest.console.dll, CurrentDomainAssemblyResolve: Failed to resolve assembly 'Microsoft.Bcl.AsyncInterfaces'.
TpTrace Verbose: 0 : 25300, 1, 2024/05/21, 10:55:44.772, 4209014687954, vstest.console.dll, CurrentDomainAssemblyResolve: Failed to resolve assembly 'Microsoft.Bcl.AsyncInterfaces'.
TpTrace Warning: 0 : 25300, 1, 2024/05/21, 10:55:44.772, 4209014691518, vstest.console.dll, TestPluginDiscoverer: Failed to get types from assembly 'Microsoft.Diagnostics.NETCore.Client, Version=0.2.9.2401, Culture=neutral, PublicKeyToken=31bf3856ad364e35'. Error: System.Reflection.ReflectionTypeLoadException: Unable to load one or more of the requested types.
Could not load file or assembly 'Microsoft.Bcl.AsyncInterfaces, Version=6.0.0.0, Culture=neutral, PublicKeyToken=cc7b13ffcd2ddd51'. The system cannot find the file specified.
   at System.Reflection.RuntimeModule.GetTypes(RuntimeModule module)
   at System.Reflection.RuntimeModule.GetTypes()
   at Microsoft.VisualStudio.TestPlatform.Common.ExtensionFramework.TestPluginDiscoverer.GetTestExtensionsFromAssembly[TPluginInfo,TExtension](Assembly assembly, Dictionary`2 pluginInfos, String filePath) in /_/src/Microsoft.TestPlatform.Common/ExtensionFramework/TestPluginDiscoverer.cs:line 158
System.IO.FileNotFoundException: Could not load file or assembly 'Microsoft.Bcl.AsyncInterfaces, Version=6.0.0.0, Culture=neutral, PublicKeyToken=cc7b13ffcd2ddd51'. The system cannot find the file specified.
File name: 'Microsoft.Bcl.AsyncInterfaces, Version=6.0.0.0, Culture=neutral, PublicKeyToken=cc7b13ffcd2ddd51'
 ---> System.IO.FileNotFoundException: Could not load file or assembly 'Microsoft.Bcl.AsyncInterfaces, Culture=neutral, PublicKeyToken=null'. The system cannot find the file specified.
File name: 'Microsoft.Bcl.AsyncInterfaces, Culture=neutral, PublicKeyToken=null'
   at System.Reflection.RuntimeAssembly.InternalLoad(AssemblyName assemblyName, StackCrawlMark& stackMark, AssemblyLoadContext assemblyLoadContext, RuntimeAssembly requestingAssembly, Boolean throwOnFileNotFound)
   at System.Reflection.Assembly.Load(AssemblyName assemblyRef)
   at Microsoft.VisualStudio.TestPlatform.Common.ExtensionFramework.TestPluginCache.CurrentDomainAssemblyResolve(Object sender, AssemblyResolveEventArgs args) in /_/src/Microsoft.TestPlatform.Common/ExtensionFramework/TestPluginCache.cs:line 513
   at System.Runtime.Loader.AssemblyLoadContext.GetFirstResolvedAssemblyFromResolvingEvent(AssemblyName assemblyName)
   at System.Runtime.Loader.AssemblyLoadContext.ResolveUsingEvent(AssemblyName assemblyName)
   at System.Runtime.Loader.AssemblyLoadContext.ResolveUsingResolvingEvent(IntPtr gchManagedAssemblyLoadContext, AssemblyName assemblyName)
TpTrace Warning: 0 : 25300, 1, 2024/05/21, 10:55:44.772, 4209014693661, vstest.console.dll, LoaderExceptions: System.IO.FileNotFoundException: Could not load file or assembly 'Microsoft.Bcl.AsyncInterfaces, Version=6.0.0.0, Culture=neutral, PublicKeyToken=cc7b13ffcd2ddd51'. The system cannot find the file specified.
File name: 'Microsoft.Bcl.AsyncInterfaces, Version=6.0.0.0, Culture=neutral, PublicKeyToken=cc7b13ffcd2ddd51'
 ---> System.IO.FileNotFoundException: Could not load file or assembly 'Microsoft.Bcl.AsyncInterfaces, Culture=neutral, PublicKeyToken=null'. The system cannot find the file specified.
File name: 'Microsoft.Bcl.AsyncInterfaces, Culture=neutral, PublicKeyToken=null'
   at System.Reflection.RuntimeAssembly.InternalLoad(AssemblyName assemblyName, StackCrawlMark& stackMark, AssemblyLoadContext assemblyLoadContext, RuntimeAssembly requestingAssembly, Boolean throwOnFileNotFound)
   at System.Reflection.Assembly.Load(AssemblyName assemblyRef)
   at Microsoft.VisualStudio.TestPlatform.Common.ExtensionFramework.TestPluginCache.CurrentDomainAssemblyResolve(Object sender, AssemblyResolveEventArgs args) in /_/src/Microsoft.TestPlatform.Common/ExtensionFramework/TestPluginCache.cs:line 513
   at System.Runtime.Loader.AssemblyLoadContext.GetFirstResolvedAssemblyFromResolvingEvent(AssemblyName assemblyName)
   at System.Runtime.Loader.AssemblyLoadContext.ResolveUsingEvent(AssemblyName assemblyName)
   at System.Runtime.Loader.AssemblyLoadContext.ResolveUsingResolvingEvent(IntPtr gchManagedAssemblyLoadContext, AssemblyName assemblyName)
TpTrace Verbose: 0 : 25300, 1, 2024/05/21, 10:55:44.772, 4209014694579, vstest.console.dll, MetadataReaderExtensionsHelper: Discovering extensions inside assembly 'Microsoft.TestPlatform.Extensions.BlameDataCollector, Version=15.0.0.0, Culture=neutral, PublicKeyToken=b03f5f7f11d50a3a' file path 'C:\Program Files\dotnet\sdk\8.0.202\Extensions\Microsoft.TestPlatform.Extensions.BlameDataCollector.dll'
TpTrace Information: 0 : 25300, 1, 2024/05/21, 10:55:44.774, 4209014708075, vstest.console.dll, GetTestExtensionFromType: Register extension with identifier data 'logger://Microsoft/TestPlatform/Extensions/Blame/v1' and type 'Microsoft.TestPlatform.Extensions.BlameDataCollector.BlameLogger, Microsoft.TestPlatform.Extensions.BlameDataCollector, Version=15.0.0.0, Culture=neutral, PublicKeyToken=b03f5f7f11d50a3a' inside file 'C:\Program Files\dotnet\sdk\8.0.202\Extensions\Microsoft.TestPlatform.Extensions.BlameDataCollector.dll'
TpTrace Verbose: 0 : 25300, 1, 2024/05/21, 10:55:44.774, 4209014711628, vstest.console.dll, MetadataReaderExtensionsHelper: Discovering extensions inside assembly 'Microsoft.TestPlatform.Extensions.EventLogCollector, Version=15.0.0.0, Culture=neutral, PublicKeyToken=b03f5f7f11d50a3a' file path 'C:\Program Files\dotnet\sdk\8.0.202\Extensions\Microsoft.TestPlatform.Extensions.EventLogCollector.dll'
TpTrace Verbose: 0 : 25300, 1, 2024/05/21, 10:55:44.775, 4209014722300, vstest.console.dll, MetadataReaderExtensionsHelper: Discovering extensions inside assembly 'Microsoft.TestPlatform.TestHostRuntimeProvider, Version=15.0.0.0, Culture=neutral, PublicKeyToken=b03f5f7f11d50a3a' file path 'C:\Program Files\dotnet\sdk\8.0.202\Extensions\Microsoft.TestPlatform.TestHostRuntimeProvider.dll'
TpTrace Verbose: 0 : 25300, 1, 2024/05/21, 10:55:44.777, 4209014742829, vstest.console.dll, MetadataReaderExtensionsHelper: Discovering extensions inside assembly 'Microsoft.VisualStudio.TestPlatform.Extensions.Html.TestLogger, Version=15.0.0.0, Culture=neutral, PublicKeyToken=b03f5f7f11d50a3a' file path 'C:\Program Files\dotnet\sdk\8.0.202\Extensions\Microsoft.VisualStudio.TestPlatform.Extensions.Html.TestLogger.dll'
TpTrace Information: 0 : 25300, 1, 2024/05/21, 10:55:44.778, 4209014752142, vstest.console.dll, GetTestExtensionFromType: Register extension with identifier data 'logger://Microsoft/TestPlatform/HtmlLogger/v1' and type 'Microsoft.VisualStudio.TestPlatform.Extensions.HtmlLogger.HtmlLogger, Microsoft.VisualStudio.TestPlatform.Extensions.Html.TestLogger, Version=15.0.0.0, Culture=neutral, PublicKeyToken=b03f5f7f11d50a3a' inside file 'C:\Program Files\dotnet\sdk\8.0.202\Extensions\Microsoft.VisualStudio.TestPlatform.Extensions.Html.TestLogger.dll'
TpTrace Verbose: 0 : 25300, 1, 2024/05/21, 10:55:44.778, 4209014753177, vstest.console.dll, MetadataReaderExtensionsHelper: Discovering extensions inside assembly 'Microsoft.VisualStudio.TestPlatform.Extensions.Trx.TestLogger, Version=15.0.0.0, Culture=neutral, PublicKeyToken=b03f5f7f11d50a3a' file path 'C:\Program Files\dotnet\sdk\8.0.202\Extensions\Microsoft.VisualStudio.TestPlatform.Extensions.Trx.TestLogger.dll'
TpTrace Information: 0 : 25300, 1, 2024/05/21, 10:55:44.779, 4209014756758, vstest.console.dll, GetTestExtensionFromType: Register extension with identifier data 'logger://Microsoft/TestPlatform/TrxLogger/v1' and type 'Microsoft.VisualStudio.TestPlatform.Extensions.TrxLogger.TrxLogger, Microsoft.VisualStudio.TestPlatform.Extensions.Trx.TestLogger, Version=15.0.0.0, Culture=neutral, PublicKeyToken=b03f5f7f11d50a3a' inside file 'C:\Program Files\dotnet\sdk\8.0.202\Extensions\Microsoft.VisualStudio.TestPlatform.Extensions.Trx.TestLogger.dll'
TpTrace Verbose: 0 : 25300, 1, 2024/05/21, 10:55:44.779, 4209014757643, vstest.console.dll, TestPluginCache: Discovered the extensions using extension path ''.
TpTrace Verbose: 0 : 25300, 1, 2024/05/21, 10:55:44.779, 4209014757996, vstest.console.dll, TestPluginCache: Discoverers are ''.
TpTrace Verbose: 0 : 25300, 1, 2024/05/21, 10:55:44.779, 4209014758258, vstest.console.dll, TestPluginCache: Executors are ''.
TpTrace Verbose: 0 : 25300, 1, 2024/05/21, 10:55:44.779, 4209014758534, vstest.console.dll, TestPluginCache: Executors2 are ''.
TpTrace Verbose: 0 : 25300, 1, 2024/05/21, 10:55:44.779, 4209014758858, vstest.console.dll, TestPluginCache: Setting providers are ''.
TpTrace Verbose: 0 : 25300, 1, 2024/05/21, 10:55:44.779, 4209014760342, vstest.console.dll, TestPluginCache: Loggers are 'logger://Microsoft/TestPlatform/Extensions/Blame/v1,logger://Microsoft/TestPlatform/HtmlLogger/v1,logger://Microsoft/TestPlatform/TrxLogger/v1'.
TpTrace Verbose: 0 : 25300, 1, 2024/05/21, 10:55:44.779, 4209014760930, vstest.console.dll, TestPluginCache: TestHosts are 'HostProvider://DefaultTestHost,HostProvider://DotnetTestHost'.
TpTrace Verbose: 0 : 25300, 1, 2024/05/21, 10:55:44.779, 4209014761164, vstest.console.dll, TestPluginCache: DataCollectors are ''.
TpTrace Information: 0 : 25300, 1, 2024/05/21, 10:55:44.780, 4209014768219, vstest.console.dll, TestPluginManager.CreateTestExtension: Attempting to load test extension: Microsoft.TestPlatform.Extensions.BlameDataCollector.BlameLogger
TpTrace Verbose: 0 : 25300, 1, 2024/05/21, 10:55:44.787, 4209014842224, vstest.console.dll, TestEngine: Initializing Parallel Execution as MaxCpuCount is set to: 1
TpTrace Information: 0 : 25300, 1, 2024/05/21, 10:55:44.789, 4209014856837, vstest.console.dll, TestPluginManager.CreateTestExtension: Attempting to load test extension: Microsoft.VisualStudio.TestPlatform.CrossPlatEngine.Hosting.DefaultTestHostManager
TpTrace Information: 0 : 25300, 1, 2024/05/21, 10:55:44.790, 4209014866930, vstest.console.dll, TestPluginManager.CreateTestExtension: Attempting to load test extension: Microsoft.VisualStudio.TestPlatform.CrossPlatEngine.Hosting.DotnetTestHostManager
TpTrace Information: 0 : 25300, 1, 2024/05/21, 10:55:44.790, 4209014871413, vstest.console.dll, InferRunSettingsHelper.IsTestSettingsEnabled: Unable to navigate to RunSettings/MSTest. Current node: RunSettings
TpTrace Verbose: 0 : 25300, 1, 2024/05/21, 10:55:44.791, 4209014880248, vstest.console.dll, ParallelOperationManager.ClearSlots: Clearing all slots. Slots should accept more work: True
TpTrace Verbose: 0 : 25300, 1, 2024/05/21, 10:55:44.792, 4209014885371, vstest.console.dll, ParallelOperationManager.SetOccupiedSlotCount: Setting slot counts AvailableSlotCount = 1, OccupiedSlotCount = 0.
TpTrace Verbose: 0 : 25300, 1, 2024/05/21, 10:55:44.792, 4209014887768, vstest.console.dll, Occupied slots:

TpTrace Verbose: 0 : 25300, 1, 2024/05/21, 10:55:44.796, 4209014926031, vstest.console.dll, TestEngine.GetExecutionManager: Chosen execution manager 'Microsoft.VisualStudio.TestPlatform.CrossPlatEngine.Client.Parallel.ParallelProxyExecutionManager, Microsoft.TestPlatform.CrossPlatEngine, Version=15.0.0.0, Culture=neutral, PublicKeyToken=b03f5f7f11d50a3a' ParallelLevel '1'.
TpTrace Verbose: 0 : 25300, 1, 2024/05/21, 10:55:44.796, 4209014927938, vstest.console.dll, TestRunRequest.ExecuteAsync: Creating test run request.
TpTrace Verbose: 0 : 25300, 1, 2024/05/21, 10:55:44.796, 4209014929906, vstest.console.dll, TestRunRequest.ExecuteAsync: Starting.
TpTrace Information: 0 : 25300, 1, 2024/05/21, 10:55:44.797, 4209014940262, vstest.console.dll, TestRunRequest.ExecuteAsync: Starting run with settings:TestRunCriteria:
   KeepAlive=False,FrequencyOfRunStatsChangeEvent=10,RunStatsChangeEventTimeout=00:00:01.5000000,TestCaseFilter=,TestExecutorLauncher=
   Settingsxml=<RunSettings>
  <RunConfiguration>
    <ResultsDirectory>C:\Users\VC\codestack\GenSpark\day29\UTPizzaHutSolution\UnitTest\bin\Debug\net6.0\fine-code-coverage\coverage-tool-output</ResultsDirectory>
    <TargetPlatform>X64</TargetPlatform>
    <TargetFrameworkVersion>.NETCoreApp,Version=v6.0</TargetFrameworkVersion>
    <DesignMode>False</DesignMode>
    <CollectSourceInformation>False</CollectSourceInformation>
  </RunConfiguration>
  <LoggerRunSettings>
    <Loggers>
      <Logger friendlyName="blame" enabled="True" />
      <Logger friendlyName="Console" uri="logger://microsoft/TestPlatform/ConsoleLogger/v1" assemblyQualifiedName="Microsoft.VisualStudio.TestPlatform.CommandLine.Internal.ConsoleLogger, vstest.console, Version=15.0.0.0, Culture=neutral, PublicKeyToken=b03f5f7f11d50a3a" codeBase="C:\Program Files\dotnet\sdk\8.0.202\vstest.console.dll" enabled="True" />
    </Loggers>
  </LoggerRunSettings>
  <DataCollectionRunSettings>
    <DataCollectors>
      <DataCollector friendlyName="blame" enabled="True">
        <Configuration>
          <ResultsDirectory>C:\Users\VC\codestack\GenSpark\day29\UTPizzaHutSolution\UnitTest\bin\Debug\net6.0\fine-code-coverage\coverage-tool-output</ResultsDirectory>
        </Configuration>
      </DataCollector>
    </DataCollectors>
  </DataCollectionRunSettings>
</RunSettings>

TpTrace Verbose: 0 : 25300, 1, 2024/05/21, 10:55:44.797, 4209014941496, vstest.console.dll, TestRunRequest.ExecuteAsync: Wait for the first run request is over.
TpTrace Verbose: 0 : 25300, 1, 2024/05/21, 10:55:44.797, 4209014944541, vstest.console.dll, MulticastDelegateUtilities.SafeInvoke: TestRun.TestRunStart: Invoking callbacks was skipped because there are no subscribers.
TpTrace Verbose: 0 : 25300, 4, 2024/05/21, 10:55:44.798, 4209014946411, vstest.console.dll, MulticastDelegateUtilities.SafeInvoke: InternalTestLoggerEvents.SendTestRunStart: Invoking callback 1/1 for Microsoft.VisualStudio.TestPlatform.CommandLine.Internal.ConsoleLogger., took 0 ms.
TpTrace Verbose: 0 : 25300, 1, 2024/05/21, 10:55:44.798, 4209014954044, vstest.console.dll, ParallelProxyExecutionManager: Start execution. Total sources: 1
TpTrace Verbose: 0 : 25300, 1, 2024/05/21, 10:55:44.799, 4209014956676, vstest.console.dll, ParallelOperationManager.StartWork: Starting adding 1 workloads.
TpTrace Verbose: 0 : 25300, 1, 2024/05/21, 10:55:44.799, 4209014957240, vstest.console.dll, ParallelOperationManager.ClearSlots: Clearing all slots. Slots should accept more work: True
TpTrace Verbose: 0 : 25300, 1, 2024/05/21, 10:55:44.799, 4209014957794, vstest.console.dll, ParallelOperationManager.SetOccupiedSlotCount: Setting slot counts AvailableSlotCount = 1, OccupiedSlotCount = 0.
TpTrace Verbose: 0 : 25300, 1, 2024/05/21, 10:55:44.799, 4209014958172, vstest.console.dll, Occupied slots:

TpTrace Verbose: 0 : 25300, 1, 2024/05/21, 10:55:44.800, 4209014969155, vstest.console.dll, TestRequestSender is acting as server.
TpTrace Verbose: 0 : 25300, 1, 2024/05/21, 10:55:44.801, 4209014981845, vstest.console.dll, ParallelOperationManager.RunWorkInParallel: Adding 1 workload to slot, remaining workloads 0.
TpTrace Verbose: 0 : 25300, 1, 2024/05/21, 10:55:44.801, 4209014982472, vstest.console.dll, ParallelOperationManager.SetOccupiedSlotCount: Setting slot counts AvailableSlotCount = 0, OccupiedSlotCount = 1.
TpTrace Verbose: 0 : 25300, 1, 2024/05/21, 10:55:44.801, 4209014983390, vstest.console.dll, Occupied slots:
0: C:\Users\VC\codestack\GenSpark\day29\UTPizzaHutSolution\UnitTest\bin\Debug\net6.0\fine-code-coverage\build-output\UnitTest.dll
TpTrace Verbose: 0 : 25300, 1, 2024/05/21, 10:55:44.802, 4209014993474, vstest.console.dll, ParallelOperationManager.RunWorkInParallel: Started host in slot number 0 for work (source): C:\Users\VC\codestack\GenSpark\day29\UTPizzaHutSolution\UnitTest\bin\Debug\net6.0\fine-code-coverage\build-output\UnitTest.dll.
TpTrace Verbose: 0 : 25300, 1, 2024/05/21, 10:55:44.803, 4209015003755, vstest.console.dll, ParallelOperationManager.RunWorkInParallel: We started 1 work items, which is the max parallel level. Won't start more work.
TpTrace Verbose: 0 : 25300, 1, 2024/05/21, 10:55:44.803, 4209015004735, vstest.console.dll, ParallelOperationManager.RunWorkInParallel: We started 1 work items in here, returning True.
TpTrace Information: 0 : 25300, 1, 2024/05/21, 10:55:44.804, 4209015005322, vstest.console.dll, TestRunRequest.ExecuteAsync: Started.
TpTrace Verbose: 0 : 25300, 5, 2024/05/21, 10:55:44.804, 4209015006235, vstest.console.dll, ParallelProxyExecutionManager.StartTestRunOnConcurrentManager: Initializing uninitialized client. Started clients: 0
TpTrace Verbose: 0 : 25300, 5, 2024/05/21, 10:55:44.804, 4209015008253, vstest.console.dll, DataCollectionRequestSender.InitializeCommunication : Initialize communication. 
TpTrace Verbose: 0 : 25300, 1, 2024/05/21, 10:55:44.804, 4209015011155, vstest.console.dll, TestRunRequest.WaitForCompletion: Waiting with timeout -1.
TpTrace Information: 0 : 25300, 5, 2024/05/21, 10:55:44.811, 4209015083260, vstest.console.dll, Listening on Endpoint : 127.0.0.1:59355
TpTrace Verbose: 0 : 25300, 5, 2024/05/21, 10:55:44.817, 4209015139169, vstest.console.dll, DotnetDataCollectionLauncher: Adding  --runtimeconfig "C:\Program Files\dotnet\sdk\8.0.202\datacollector.runtimeconfig.json" in args
TpTrace Verbose: 0 : 25300, 5, 2024/05/21, 10:55:44.817, 4209015140421, vstest.console.dll, DotnetDataCollectionLauncher: Adding  --depsfile "C:\Program Files\dotnet\sdk\8.0.202\datacollector.deps.json" in args
TpTrace Verbose: 0 : 25300, 5, 2024/05/21, 10:55:44.818, 4209015146011, vstest.console.dll, DotnetDataCollectionLauncher: Full path of dotnet.exe is C:\Program Files\dotnet\dotnet.exe
TpTrace Information: 0 : 25300, 5, 2024/05/21, 10:55:44.824, 4209015211547, vstest.console.dll, ProxyDataCollectionManager.Initialize: Launched datacollector processId: 10248 port: 59355
TpTrace Information: 0 : 25300, 5, 2024/05/21, 10:55:44.824, 4209015214530, vstest.console.dll, ProxyDataCollectionManager.Initialize: waiting for connection with timeout: 90 seconds
TpTrace Verbose: 0 : 25300, 5, 2024/05/21, 10:55:44.825, 4209015215550, vstest.console.dll, DataCollectionRequestSender.WaitForRequestHandlerConnection : Waiting for connection with timeout: 90000
TpTrace Verbose: 0 : 25300, 5, 2024/05/21, 10:55:45.089, 4209017862084, vstest.console.dll, SocketCommunicationManager.WaitForClientConnection took: 264 ms, with 90000 ms timeout, and finished with True.
TpTrace Information: 0 : 25300, 7, 2024/05/21, 10:55:45.089, 4209017862049, vstest.console.dll, Using the buffer size of 16384 bytes
TpTrace Verbose: 0 : 25300, 5, 2024/05/21, 10:55:45.089, 4209017864227, vstest.console.dll, ProxyDataCollectionManager.InvokeDataCollectionServiceAction: Starting.
TpTrace Information: 0 : 25300, 7, 2024/05/21, 10:55:45.090, 4209017864776, vstest.console.dll, Accepted Client request and set the flag
TpTrace Information: 0 : 25300, 5, 2024/05/21, 10:55:45.090, 4209017866091, vstest.console.dll, ProxyDataCollectionManager.BeforeTestRunStart: Get environment variable and port for datacollector processId: 10248 port: 59355
TpTrace Verbose: 0 : 25300, 5, 2024/05/21, 10:55:45.090, 4209017867690, vstest.console.dll, DataCollectionRequestSender.SendBeforeTestRunStartAndGetResult: Send BeforeTestRunStart message with settingsXml <RunSettings><RunConfiguration><ResultsDirectory>C:\Users\VC\codestack\GenSpark\day29\UTPizzaHutSolution\UnitTest\bin\Debug\net6.0\fine-code-coverage\coverage-tool-output</ResultsDirectory><TargetPlatform>X64</TargetPlatform><TargetFrameworkVersion>.NETCoreApp,Version=v6.0</TargetFrameworkVersion><DesignMode>False</DesignMode><CollectSourceInformation>False</CollectSourceInformation><TestAdaptersPaths>C:\Program Files\dotnet\sdk\8.0.202\Extensions</TestAdaptersPaths></RunConfiguration><LoggerRunSettings><Loggers><Logger friendlyName="blame" enabled="True" /><Logger friendlyName="Console" uri="logger://microsoft/TestPlatform/ConsoleLogger/v1" assemblyQualifiedName="Microsoft.VisualStudio.TestPlatform.CommandLine.Internal.ConsoleLogger, vstest.console, Version=15.0.0.0, Culture=neutral, PublicKeyToken=b03f5f7f11d50a3a" codeBase="C:\Program Files\dotnet\sdk\8.0.202\vstest.console.dll" enabled="True" /></Loggers></LoggerRunSettings><DataCollectionRunSettings><DataCollectors><DataCollector friendlyName="blame" enabled="True"><Configuration><ResultsDirectory>C:\Users\VC\codestack\GenSpark\day29\UTPizzaHutSolution\UnitTest\bin\Debug\net6.0\fine-code-coverage\coverage-tool-output</ResultsDirectory></Configuration></DataCollector></DataCollectors></DataCollectionRunSettings></RunSettings> and sources System.Collections.Generic.List`1[System.String]: 
TpTrace Verbose: 0 : 25300, 5, 2024/05/21, 10:55:45.161, 4209018577999, vstest.console.dll, DataCollectionRequestSender.SendBeforeTestRunStartAndGetResult: Received message: (DataCollection.SendMessage) -> {"MessageType":"DataCollection.SendMessage","Payload":{"FriendlyName":null,"Uri":null,"TestCaseId":"00000000-0000-0000-0000-000000000000","Message":"Logging DataCollector Diagnostics in file: C:\\Users\\VC\\codestack\\GenSpark\\day29\\UTPizzaHutSolution\\UnitTest\\bin\\Debug\\net6.0\\fine-code-coverage\\coverage-tool-output\\diagnostics.datacollector.24-05-21_10-55-44_81718_5.log","Level":0}}
TpTrace Verbose: 0 : 25300, 5, 2024/05/21, 10:55:45.283, 4209019803856, vstest.console.dll, DataCollectionRequestSender.SendBeforeTestRunStartAndGetResult: Received message: (DataCollection.BeforeTestRunStartResult) -> {"MessageType":"DataCollection.BeforeTestRunStartResult","Payload":{"EnvironmentVariables":{},"DataCollectionEventsPort":59357}}
TpTrace Information: 0 : 25300, 5, 2024/05/21, 10:55:45.295, 4209019922822, vstest.console.dll, ProxyDataCollectionManager.BeforeTestRunStart: SendBeforeTestRunStartAndGetResult successful, env variable from datacollector:   and testhost port: 59357
TpTrace Information: 0 : 25300, 5, 2024/05/21, 10:55:45.295, 4209019924428, vstest.console.dll, ProxyDataCollectionManager.InvokeDataCollectionServiceAction: Completed.
TpTrace Verbose: 0 : 25300, 5, 2024/05/21, 10:55:45.296, 4209019924987, vstest.console.dll, ParallelProxyExecutionManager.StartTestRunOnConcurrentManager: Initializing test run. Started clients: 0
TpTrace Verbose: 0 : 25300, 5, 2024/05/21, 10:55:45.296, 4209019925838, vstest.console.dll, ProxyExecutionManager: Test host is always Lazy initialize.
TpTrace Verbose: 0 : 25300, 5, 2024/05/21, 10:55:45.296, 4209019927713, vstest.console.dll, TestRequestSender.InitializeCommunication: initialize communication. 
TpTrace Information: 0 : 25300, 5, 2024/05/21, 10:55:45.296, 4209019932534, vstest.console.dll, SocketServer.Start: Listening on endpoint : 127.0.0.1:59358
TpTrace Verbose: 0 : 25300, 5, 2024/05/21, 10:55:45.297, 4209019940274, vstest.console.dll, DotnetTestHostmanager.GetTestHostProcessStartInfo: Platform environment 'X64' target architecture 'X64' framework '.NETCoreApp,Version=v6.0' OS 'Windows'
TpTrace Verbose: 0 : 25300, 5, 2024/05/21, 10:55:45.297, 4209019942563, vstest.console.dll, DotnetTestHostmanager: Adding  --runtimeconfig "C:\Users\VC\codestack\GenSpark\day29\UTPizzaHutSolution\UnitTest\bin\Debug\net6.0\fine-code-coverage\build-output\UnitTest.runtimeconfig.json" in args
TpTrace Verbose: 0 : 25300, 5, 2024/05/21, 10:55:45.297, 4209019943399, vstest.console.dll, DotnetTestHostmanager: Adding  --depsfile "C:\Users\VC\codestack\GenSpark\day29\UTPizzaHutSolution\UnitTest\bin\Debug\net6.0\fine-code-coverage\build-output\UnitTest.deps.json" in args
TpTrace Verbose: 0 : 25300, 5, 2024/05/21, 10:55:45.298, 4209019946162, vstest.console.dll, DotnetTestHostmanager.IsWinOnArm: Current PROCESSOR_ARCHITECTURE from environment variable 'AMD64'
TpTrace Verbose: 0 : 25300, 5, 2024/05/21, 10:55:45.298, 4209019947058, vstest.console.dll, DotnetTestHostmanager.IsWinOnArm: Is Windows on ARM 'False'
TpTrace Verbose: 0 : 25300, 5, 2024/05/21, 10:55:45.298, 4209019948434, vstest.console.dll, DotnetTestHostManager: testhost.exe found at path: C:\Users\VC\codestack\GenSpark\day29\UTPizzaHutSolution\UnitTest\bin\Debug\net6.0\fine-code-coverage\build-output\testhost.exe
TpTrace Verbose: 0 : 25300, 5, 2024/05/21, 10:55:45.298, 4209019948932, vstest.console.dll, DotnetTestHostmanager: Full path of host exe is C:\Users\VC\codestack\GenSpark\day29\UTPizzaHutSolution\UnitTest\bin\Debug\net6.0\fine-code-coverage\build-output\testhost.exe
TpTrace Verbose: 0 : 25300, 5, 2024/05/21, 10:55:45.298, 4209019950325, vstest.console.dll, DotnetTestHostmanager.LaunchTestHostAsync: Found 'VSTEST_WINAPPHOST_DOTNET_ROOT' in env variables, value 'C:\Program Files\dotnet', forwarding to 'DOTNET_ROOT'
TpTrace Verbose: 0 : 25300, 5, 2024/05/21, 10:55:45.298, 4209019951767, vstest.console.dll, DotnetTestHostManager: Starting process 'C:\Users\VC\codestack\GenSpark\day29\UTPizzaHutSolution\UnitTest\bin\Debug\net6.0\fine-code-coverage\build-output\testhost.exe' with command line ' --runtimeconfig "C:\Users\VC\codestack\GenSpark\day29\UTPizzaHutSolution\UnitTest\bin\Debug\net6.0\fine-code-coverage\build-output\UnitTest.runtimeconfig.json" --depsfile "C:\Users\VC\codestack\GenSpark\day29\UTPizzaHutSolution\UnitTest\bin\Debug\net6.0\fine-code-coverage\build-output\UnitTest.deps.json" --port 59358 --endpoint 127.0.0.1:059358 --role client --parentprocessid 25300 --diag "C:\Users\VC\codestack\GenSpark\day29\UTPizzaHutSolution\UnitTest\bin\Debug\net6.0\fine-code-coverage\coverage-tool-output\diagnostics.host.24-05-21_10-55-45_29717_5.log" --tracelevel 4 --datacollectionport 59357 --telemetryoptedin false'
TpTrace Verbose: 0 : 25300, 5, 2024/05/21, 10:55:45.307, 4209020041514, vstest.console.dll, MulticastDelegateUtilities.SafeInvoke: HostProviderEvents.OnHostLaunched: Invoking callback 1/2 for Microsoft.VisualStudio.TestPlatform.CrossPlatEngine.Client.ProxyExecutionManagerWithDataCollection., took 1 ms.
TpTrace Verbose: 0 : 25300, 5, 2024/05/21, 10:55:45.308, 4209020046371, vstest.console.dll, Test Runtime launched
TpTrace Verbose: 0 : 25300, 5, 2024/05/21, 10:55:45.308, 4209020047361, vstest.console.dll, MulticastDelegateUtilities.SafeInvoke: HostProviderEvents.OnHostLaunched: Invoking callback 2/2 for Microsoft.VisualStudio.TestPlatform.CrossPlatEngine.Client.ProxyOperationManager., took 0 ms.
TpTrace Verbose: 0 : 25300, 5, 2024/05/21, 10:55:45.308, 4209020048837, vstest.console.dll, TestRequestSender.WaitForRequestHandlerConnection: waiting for connection with timeout: 90000.
TpTrace Verbose: 0 : 25300, 7, 2024/05/21, 10:55:45.549, 4209022464578, vstest.console.dll, MulticastDelegateUtilities.SafeInvoke: SocketServer: ClientConnected: Invoking callback 1/1 for Microsoft.VisualStudio.TestPlatform.CommunicationUtilities.TestRequestSender., took 0 ms.
TpTrace Verbose: 0 : 25300, 5, 2024/05/21, 10:55:45.549, 4209022464577, vstest.console.dll, TestRequestSender.WaitForRequestHandlerConnection: waiting took 241 ms, with timeout 90000 ms, and result 0, which is success.
TpTrace Verbose: 0 : 25300, 7, 2024/05/21, 10:55:45.550, 4209022466632, vstest.console.dll, SocketServer.OnClientConnected: Client connected for endPoint: 127.0.0.1:59358, starting MessageLoopAsync:
TpTrace Verbose: 0 : 25300, 13, 2024/05/21, 10:55:45.550, 4209022474188, vstest.console.dll, TcpClientExtensions.MessageLoopAsync: Polling on remoteEndPoint: 127.0.0.1:59359 localEndPoint: 127.0.0.1:59358 after 0 ms
TpTrace Verbose: 0 : 25300, 5, 2024/05/21, 10:55:45.551, 4209022477161, vstest.console.dll, TestRequestSender.CheckVersionWithTestHost: Sending check version message: {"MessageType":"ProtocolVersion","Payload":7}
TpTrace Verbose: 0 : 25300, 13, 2024/05/21, 10:55:45.720, 4209024166939, vstest.console.dll, TcpClientExtensions.MessageLoopAsync: NotifyDataAvailable remoteEndPoint: 127.0.0.1:59359 localEndPoint: 127.0.0.1:59358
TpTrace Verbose: 0 : 25300, 13, 2024/05/21, 10:55:45.720, 4209024169938, vstest.console.dll, TestRequestSender.CheckVersionWithTestHost: onMessageReceived received message: (ProtocolVersion) -> {"MessageType":"ProtocolVersion","Payload":7}
TpTrace Verbose: 0 : 25300, 13, 2024/05/21, 10:55:45.721, 4209024177521, vstest.console.dll, MulticastDelegateUtilities.SafeInvoke: LengthPrefixCommunicationChannel: MessageReceived: Invoking callback 1/1 for Microsoft.VisualStudio.TestPlatform.CommunicationUtilities.TestRequestSender+<>c__DisplayClass29_0., took 0 ms.
TpTrace Verbose: 0 : 25300, 13, 2024/05/21, 10:55:45.721, 4209024178806, vstest.console.dll, TcpClientExtensions.MessageLoopAsync: Polling on remoteEndPoint: 127.0.0.1:59359 localEndPoint: 127.0.0.1:59358 after 170 ms
TpTrace Verbose: 0 : 25300, 5, 2024/05/21, 10:55:45.721, 4209024179161, vstest.console.dll, TestPluginCache.GetExtensionPaths: Filtered extension paths: 
TpTrace Verbose: 0 : 25300, 5, 2024/05/21, 10:55:45.721, 4209024180188, vstest.console.dll, TestPluginCache.GetExtensionPaths: Added default extension paths: C:\Program Files\dotnet\sdk\8.0.202\Extensions\Microsoft.Diagnostics.NETCore.Client.dll
C:\Program Files\dotnet\sdk\8.0.202\Extensions\Microsoft.TestPlatform.Extensions.BlameDataCollector.dll
C:\Program Files\dotnet\sdk\8.0.202\Extensions\Microsoft.TestPlatform.Extensions.EventLogCollector.dll
C:\Program Files\dotnet\sdk\8.0.202\Extensions\Microsoft.TestPlatform.TestHostRuntimeProvider.dll
C:\Program Files\dotnet\sdk\8.0.202\Extensions\Microsoft.VisualStudio.TestPlatform.Extensions.Html.TestLogger.dll
C:\Program Files\dotnet\sdk\8.0.202\Extensions\Microsoft.VisualStudio.TestPlatform.Extensions.Trx.TestLogger.dll
TpTrace Verbose: 0 : 25300, 5, 2024/05/21, 10:55:45.721, 4209024180770, vstest.console.dll, TestPluginCache.GetExtensionPaths: Added unfilterableExtensionPaths: 
TpTrace Verbose: 0 : 25300, 5, 2024/05/21, 10:55:45.725, 4209024219988, vstest.console.dll, TestRequestSender.InitializeExecution: Sending initialize execution with message: {"Version":7,"MessageType":"TestExecution.Initialize","Payload":["C:\\Users\\VC\\codestack\\GenSpark\\day29\\UTPizzaHutSolution\\UnitTest\\bin\\Debug\\net6.0\\fine-code-coverage\\build-output\\NUnit3.TestAdapter.dll"]}
TpTrace Verbose: 0 : 25300, 5, 2024/05/21, 10:55:45.725, 4209024223346, vstest.console.dll, ParallelProxyExecutionManager.StartTestRunOnConcurrentManager: Execution starting. Started clients: 1
TpTrace Verbose: 0 : 25300, 5, 2024/05/21, 10:55:45.726, 4209024227164, vstest.console.dll, TestRunRequest:SendTestRunMessage: Starting.
TpTrace Verbose: 0 : 25300, 5, 2024/05/21, 10:55:45.726, 4209024229604, vstest.console.dll, MulticastDelegateUtilities.SafeInvoke: TestRun.LogMessages: Invoking callback 1/1 for Microsoft.VisualStudio.TestPlatform.CommandLine.TestRunResultAggregator., took 0 ms.
TpTrace Information: 0 : 25300, 5, 2024/05/21, 10:55:45.726, 4209024230313, vstest.console.dll, TestRunRequest:SendTestRunMessage: Completed.
TpTrace Verbose: 0 : 25300, 4, 2024/05/21, 10:55:45.726, 4209024231553, vstest.console.dll, MulticastDelegateUtilities.SafeInvoke: InternalTestLoggerEvents.SendTestRunMessage: Invoking callback 1/1 for Microsoft.VisualStudio.TestPlatform.CommandLine.Internal.ConsoleLogger., took 0 ms.
TpTrace Warning: 0 : 25300, 5, 2024/05/21, 10:55:45.727, 4209024235378, vstest.console.dll, InferRunSettingsHelper.MakeRunsettingsCompatible: Removing the following settings: TargetPlatform from RunSettings file. To use those settings please move to latest version of Microsoft.NET.Test.Sdk
TpTrace Verbose: 0 : 25300, 13, 2024/05/21, 10:55:45.727, 4209024237102, vstest.console.dll, TcpClientExtensions.MessageLoopAsync: NotifyDataAvailable remoteEndPoint: 127.0.0.1:59359 localEndPoint: 127.0.0.1:59358
TpTrace Verbose: 0 : 25300, 13, 2024/05/21, 10:55:45.727, 4209024243109, vstest.console.dll, TestRequestSender.OnExecutionMessageReceived: Received message: {"Version":7,"MessageType":"TestSession.Message","Payload":{"MessageLevel":0,"Message":"Logging TestHost Diagnostics in file: C:\\Users\\VC\\codestack\\GenSpark\\day29\\UTPizzaHutSolution\\UnitTest\\bin\\Debug\\net6.0\\fine-code-coverage\\coverage-tool-output\\diagnostics.host.24-05-21_10-55-45_29717_5.log"}}
TpTrace Verbose: 0 : 25300, 13, 2024/05/21, 10:55:45.729, 4209024264560, vstest.console.dll, TestRunRequest:SendTestRunMessage: Starting.
TpTrace Verbose: 0 : 25300, 13, 2024/05/21, 10:55:45.730, 4209024266214, vstest.console.dll, MulticastDelegateUtilities.SafeInvoke: TestRun.LogMessages: Invoking callback 1/1 for Microsoft.VisualStudio.TestPlatform.CommandLine.TestRunResultAggregator., took 0 ms.
TpTrace Information: 0 : 25300, 13, 2024/05/21, 10:55:45.730, 4209024266528, vstest.console.dll, TestRunRequest:SendTestRunMessage: Completed.
TpTrace Verbose: 0 : 25300, 4, 2024/05/21, 10:55:45.730, 4209024266498, vstest.console.dll, MulticastDelegateUtilities.SafeInvoke: InternalTestLoggerEvents.SendTestRunMessage: Invoking callback 1/1 for Microsoft.VisualStudio.TestPlatform.CommandLine.Internal.ConsoleLogger., took 0 ms.
TpTrace Verbose: 0 : 25300, 13, 2024/05/21, 10:55:45.730, 4209024266987, vstest.console.dll, MulticastDelegateUtilities.SafeInvoke: LengthPrefixCommunicationChannel: MessageReceived: Invoking callback 1/1 for Microsoft.VisualStudio.TestPlatform.CommunicationUtilities.TestRequestSender+<>c__DisplayClass34_0., took 2 ms.
TpTrace Verbose: 0 : 25300, 13, 2024/05/21, 10:55:45.730, 4209024268080, vstest.console.dll, TcpClientExtensions.MessageLoopAsync: Polling on remoteEndPoint: 127.0.0.1:59359 localEndPoint: 127.0.0.1:59358 after 8 ms
TpTrace Verbose: 0 : 25300, 5, 2024/05/21, 10:55:45.740, 4209024366373, vstest.console.dll, TestRequestSender.StartTestRun: Sending test run with message: {"Version":7,"MessageType":"TestExecution.StartWithSources","Payload":{"AdapterSourceMap":{"_none_":["C:\\Users\\VC\\codestack\\GenSpark\\day29\\UTPizzaHutSolution\\UnitTest\\bin\\Debug\\net6.0\\fine-code-coverage\\build-output\\UnitTest.dll"]},"RunSettings":"<RunSettings>\r\n  <RunConfiguration>\r\n    <ResultsDirectory>C:\\Users\\VC\\codestack\\GenSpark\\day29\\UTPizzaHutSolution\\UnitTest\\bin\\Debug\\net6.0\\fine-code-coverage\\coverage-tool-output</ResultsDirectory>\r\n    <TargetFrameworkVersion>.NETCoreApp,Version=v6.0</TargetFrameworkVersion>\r\n    <DesignMode>False</DesignMode>\r\n    <CollectSourceInformation>False</CollectSourceInformation>\r\n  </RunConfiguration>\r\n  <LoggerRunSettings>\r\n    <Loggers>\r\n      <Logger friendlyName=\"blame\" enabled=\"True\" />\r\n      <Logger friendlyName=\"Console\" uri=\"logger://microsoft/TestPlatform/ConsoleLogger/v1\" assemblyQualifiedName=\"Microsoft.VisualStudio.TestPlatform.CommandLine.Internal.ConsoleLogger, vstest.console, Version=15.0.0.0, Culture=neutral, PublicKeyToken=b03f5f7f11d50a3a\" codeBase=\"C:\\Program Files\\dotnet\\sdk\\8.0.202\\vstest.console.dll\" enabled=\"True\" />\r\n    </Loggers>\r\n  </LoggerRunSettings>\r\n  <DataCollectionRunSettings>\r\n    <DataCollectors>\r\n      <DataCollector friendlyName=\"blame\" enabled=\"True\">\r\n        <Configuration>\r\n          <ResultsDirectory>C:\\Users\\VC\\codestack\\GenSpark\\day29\\UTPizzaHutSolution\\UnitTest\\bin\\Debug\\net6.0\\fine-code-coverage\\coverage-tool-output</ResultsDirectory>\r\n        </Configuration>\r\n      </DataCollector>\r\n    </DataCollectors>\r\n  </DataCollectionRunSettings>\r\n</RunSettings>","TestExecutionContext":{"FrequencyOfRunStatsChangeEvent":10,"RunStatsChangeEventTimeout":"00:00:01.5000000","InIsolation":false,"KeepAlive":false,"AreTestCaseLevelEventsRequired":false,"IsDebug":false,"TestCaseFilter":null,"FilterOptions":null},"Package":null}}
TpTrace Verbose: 0 : 25300, 5, 2024/05/21, 10:55:45.740, 4209024369435, vstest.console.dll, ParallelProxyExecutionManager.StartTestRunOnConcurrentManager: Execution started. Started clients: 1
TpTrace Verbose: 0 : 25300, 13, 2024/05/21, 10:55:45.960, 4209026569233, vstest.console.dll, TcpClientExtensions.MessageLoopAsync: NotifyDataAvailable remoteEndPoint: 127.0.0.1:59359 localEndPoint: 127.0.0.1:59358
TpTrace Verbose: 0 : 25300, 13, 2024/05/21, 10:55:45.960, 4209026571191, vstest.console.dll, TestRequestSender.OnExecutionMessageReceived: Received message: {"Version":7,"MessageType":"TestSession.Message","Payload":{"MessageLevel":0,"Message":"NUnit Adapter 4.4.0.0: Test execution started"}}
TpTrace Verbose: 0 : 25300, 13, 2024/05/21, 10:55:45.960, 4209026573613, vstest.console.dll, TestRunRequest:SendTestRunMessage: Starting.
TpTrace Verbose: 0 : 25300, 13, 2024/05/21, 10:55:45.960, 4209026574574, vstest.console.dll, MulticastDelegateUtilities.SafeInvoke: TestRun.LogMessages: Invoking callback 1/1 for Microsoft.VisualStudio.TestPlatform.CommandLine.TestRunResultAggregator., took 0 ms.
TpTrace Information: 0 : 25300, 13, 2024/05/21, 10:55:45.961, 4209026574872, vstest.console.dll, TestRunRequest:SendTestRunMessage: Completed.
TpTrace Verbose: 0 : 25300, 4, 2024/05/21, 10:55:45.961, 4209026575017, vstest.console.dll, MulticastDelegateUtilities.SafeInvoke: InternalTestLoggerEvents.SendTestRunMessage: Invoking callback 1/1 for Microsoft.VisualStudio.TestPlatform.CommandLine.Internal.ConsoleLogger., took 0 ms.
TpTrace Verbose: 0 : 25300, 13, 2024/05/21, 10:55:45.961, 4209026575201, vstest.console.dll, MulticastDelegateUtilities.SafeInvoke: LengthPrefixCommunicationChannel: MessageReceived: Invoking callback 1/1 for Microsoft.VisualStudio.TestPlatform.CommunicationUtilities.TestRequestSender+<>c__DisplayClass34_0., took 0 ms.
TpTrace Verbose: 0 : 25300, 13, 2024/05/21, 10:55:45.961, 4209026578043, vstest.console.dll, TcpClientExtensions.MessageLoopAsync: Polling on remoteEndPoint: 127.0.0.1:59359 localEndPoint: 127.0.0.1:59358 after 230 ms
TpTrace Verbose: 0 : 25300, 13, 2024/05/21, 10:55:45.987, 4209026840951, vstest.console.dll, TcpClientExtensions.MessageLoopAsync: NotifyDataAvailable remoteEndPoint: 127.0.0.1:59359 localEndPoint: 127.0.0.1:59358
TpTrace Verbose: 0 : 25300, 13, 2024/05/21, 10:55:45.987, 4209026842816, vstest.console.dll, TestRequestSender.OnExecutionMessageReceived: Received message: {"Version":7,"MessageType":"TestSession.Message","Payload":{"MessageLevel":0,"Message":"Running all tests in C:\\Users\\VC\\codestack\\GenSpark\\day29\\UTPizzaHutSolution\\UnitTest\\bin\\Debug\\net6.0\\fine-code-coverage\\build-output\\UnitTest.dll"}}
TpTrace Verbose: 0 : 25300, 13, 2024/05/21, 10:55:45.988, 4209026845175, vstest.console.dll, TestRunRequest:SendTestRunMessage: Starting.
TpTrace Verbose: 0 : 25300, 13, 2024/05/21, 10:55:45.988, 4209026845846, vstest.console.dll, MulticastDelegateUtilities.SafeInvoke: TestRun.LogMessages: Invoking callback 1/1 for Microsoft.VisualStudio.TestPlatform.CommandLine.TestRunResultAggregator., took 0 ms.
TpTrace Information: 0 : 25300, 13, 2024/05/21, 10:55:45.988, 4209026846198, vstest.console.dll, TestRunRequest:SendTestRunMessage: Completed.
TpTrace Verbose: 0 : 25300, 4, 2024/05/21, 10:55:45.988, 4209026846249, vstest.console.dll, MulticastDelegateUtilities.SafeInvoke: InternalTestLoggerEvents.SendTestRunMessage: Invoking callback 1/1 for Microsoft.VisualStudio.TestPlatform.CommandLine.Internal.ConsoleLogger., took 0 ms.
TpTrace Verbose: 0 : 25300, 13, 2024/05/21, 10:55:45.988, 4209026847221, vstest.console.dll, MulticastDelegateUtilities.SafeInvoke: LengthPrefixCommunicationChannel: MessageReceived: Invoking callback 1/1 for Microsoft.VisualStudio.TestPlatform.CommunicationUtilities.TestRequestSender+<>c__DisplayClass34_0., took 0 ms.
TpTrace Verbose: 0 : 25300, 13, 2024/05/21, 10:55:45.988, 4209026847586, vstest.console.dll, TcpClientExtensions.MessageLoopAsync: Polling on remoteEndPoint: 127.0.0.1:59359 localEndPoint: 127.0.0.1:59358 after 26 ms
TpTrace Verbose: 0 : 25300, 13, 2024/05/21, 10:55:46.162, 4209028590742, vstest.console.dll, TcpClientExtensions.MessageLoopAsync: NotifyDataAvailable remoteEndPoint: 127.0.0.1:59359 localEndPoint: 127.0.0.1:59358
TpTrace Verbose: 0 : 25300, 13, 2024/05/21, 10:55:46.162, 4209028592618, vstest.console.dll, TestRequestSender.OnExecutionMessageReceived: Received message: {"Version":7,"MessageType":"TestSession.Message","Payload":{"MessageLevel":0,"Message":"   NUnit3TestExecutor discovered 2 of 2 NUnit test cases using Current Discovery mode, Non-Explicit run"}}
TpTrace Verbose: 0 : 25300, 13, 2024/05/21, 10:55:46.162, 4209028593909, vstest.console.dll, TestRunRequest:SendTestRunMessage: Starting.
TpTrace Verbose: 0 : 25300, 13, 2024/05/21, 10:55:46.162, 4209028594490, vstest.console.dll, MulticastDelegateUtilities.SafeInvoke: TestRun.LogMessages: Invoking callback 1/1 for Microsoft.VisualStudio.TestPlatform.CommandLine.TestRunResultAggregator., took 0 ms.
TpTrace Information: 0 : 25300, 13, 2024/05/21, 10:55:46.163, 4209028594782, vstest.console.dll, TestRunRequest:SendTestRunMessage: Completed.
TpTrace Verbose: 0 : 25300, 13, 2024/05/21, 10:55:46.163, 4209028595065, vstest.console.dll, MulticastDelegateUtilities.SafeInvoke: LengthPrefixCommunicationChannel: MessageReceived: Invoking callback 1/1 for Microsoft.VisualStudio.TestPlatform.CommunicationUtilities.TestRequestSender+<>c__DisplayClass34_0., took 0 ms.
TpTrace Verbose: 0 : 25300, 13, 2024/05/21, 10:55:46.163, 4209028595383, vstest.console.dll, TcpClientExtensions.MessageLoopAsync: Polling on remoteEndPoint: 127.0.0.1:59359 localEndPoint: 127.0.0.1:59358 after 174 ms
TpTrace Verbose: 0 : 25300, 4, 2024/05/21, 10:55:46.163, 4209028595661, vstest.console.dll, MulticastDelegateUtilities.SafeInvoke: InternalTestLoggerEvents.SendTestRunMessage: Invoking callback 1/1 for Microsoft.VisualStudio.TestPlatform.CommandLine.Internal.ConsoleLogger., took 0 ms.
TpTrace Verbose: 0 : 25300, 13, 2024/05/21, 10:55:47.168, 4209038652133, vstest.console.dll, TcpClientExtensions.MessageLoopAsync: Polling on remoteEndPoint: 127.0.0.1:59359 localEndPoint: 127.0.0.1:59358 after 1005 ms
TpTrace Verbose: 0 : 25300, 13, 2024/05/21, 10:55:47.217, 4209039138025, vstest.console.dll, TcpClientExtensions.MessageLoopAsync: NotifyDataAvailable remoteEndPoint: 127.0.0.1:59359 localEndPoint: 127.0.0.1:59358
TpTrace Verbose: 0 : 25300, 13, 2024/05/21, 10:55:47.217, 4209039141897, vstest.console.dll, TestRequestSender.OnExecutionMessageReceived: Received message: {"Version":7,"MessageType":"TestSession.Message","Payload":{"MessageLevel":1,"Message":"1\r\n"}}
TpTrace Verbose: 0 : 25300, 13, 2024/05/21, 10:55:47.217, 4209039144318, vstest.console.dll, TestRunRequest:SendTestRunMessage: Starting.
TpTrace Verbose: 0 : 25300, 13, 2024/05/21, 10:55:47.218, 4209039145347, vstest.console.dll, MulticastDelegateUtilities.SafeInvoke: TestRun.LogMessages: Invoking callback 1/1 for Microsoft.VisualStudio.TestPlatform.CommandLine.TestRunResultAggregator., took 0 ms.
TpTrace Information: 0 : 25300, 13, 2024/05/21, 10:55:47.218, 4209039145777, vstest.console.dll, TestRunRequest:SendTestRunMessage: Completed.
TpTrace Verbose: 0 : 25300, 13, 2024/05/21, 10:55:47.218, 4209039146194, vstest.console.dll, MulticastDelegateUtilities.SafeInvoke: LengthPrefixCommunicationChannel: MessageReceived: Invoking callback 1/1 for Microsoft.VisualStudio.TestPlatform.CommunicationUtilities.TestRequestSender+<>c__DisplayClass34_0., took 0 ms.
TpTrace Verbose: 0 : 25300, 13, 2024/05/21, 10:55:47.218, 4209039146660, vstest.console.dll, TcpClientExtensions.MessageLoopAsync: Polling on remoteEndPoint: 127.0.0.1:59359 localEndPoint: 127.0.0.1:59358 after 49 ms
TpTrace Verbose: 0 : 25300, 4, 2024/05/21, 10:55:47.218, 4209039147143, vstest.console.dll, MulticastDelegateUtilities.SafeInvoke: InternalTestLoggerEvents.SendTestRunMessage: Invoking callback 1/1 for Microsoft.VisualStudio.TestPlatform.CommandLine.Internal.ConsoleLogger., took 0 ms.
TpTrace Verbose: 0 : 25300, 13, 2024/05/21, 10:55:47.366, 4209040632685, vstest.console.dll, TcpClientExtensions.MessageLoopAsync: NotifyDataAvailable remoteEndPoint: 127.0.0.1:59359 localEndPoint: 127.0.0.1:59358
TpTrace Verbose: 0 : 25300, 13, 2024/05/21, 10:55:47.366, 4209040634728, vstest.console.dll, TestRequestSender.OnExecutionMessageReceived: Received message: {"Version":7,"MessageType":"TestSession.Message","Payload":{"MessageLevel":0,"Message":"NUnit Adapter 4.4.0.0: Test execution complete"}}
TpTrace Verbose: 0 : 25300, 13, 2024/05/21, 10:55:47.367, 4209040636142, vstest.console.dll, TestRunRequest:SendTestRunMessage: Starting.
TpTrace Verbose: 0 : 25300, 13, 2024/05/21, 10:55:47.367, 4209040636746, vstest.console.dll, MulticastDelegateUtilities.SafeInvoke: TestRun.LogMessages: Invoking callback 1/1 for Microsoft.VisualStudio.TestPlatform.CommandLine.TestRunResultAggregator., took 0 ms.
TpTrace Information: 0 : 25300, 13, 2024/05/21, 10:55:47.367, 4209040637028, vstest.console.dll, TestRunRequest:SendTestRunMessage: Completed.
TpTrace Verbose: 0 : 25300, 13, 2024/05/21, 10:55:47.367, 4209040637300, vstest.console.dll, MulticastDelegateUtilities.SafeInvoke: LengthPrefixCommunicationChannel: MessageReceived: Invoking callback 1/1 for Microsoft.VisualStudio.TestPlatform.CommunicationUtilities.TestRequestSender+<>c__DisplayClass34_0., took 0 ms.
TpTrace Verbose: 0 : 25300, 13, 2024/05/21, 10:55:47.367, 4209040637677, vstest.console.dll, TcpClientExtensions.MessageLoopAsync: Polling on remoteEndPoint: 127.0.0.1:59359 localEndPoint: 127.0.0.1:59358 after 149 ms
TpTrace Verbose: 0 : 25300, 4, 2024/05/21, 10:55:47.367, 4209040637880, vstest.console.dll, MulticastDelegateUtilities.SafeInvoke: InternalTestLoggerEvents.SendTestRunMessage: Invoking callback 1/1 for Microsoft.VisualStudio.TestPlatform.CommandLine.Internal.ConsoleLogger., took 0 ms.
TpTrace Verbose: 0 : 25300, 13, 2024/05/21, 10:55:47.397, 4209040939101, vstest.console.dll, TcpClientExtensions.MessageLoopAsync: NotifyDataAvailable remoteEndPoint: 127.0.0.1:59359 localEndPoint: 127.0.0.1:59358
TpTrace Verbose: 0 : 25300, 13, 2024/05/21, 10:55:47.397, 4209040941468, vstest.console.dll, TestRequestSender.OnExecutionMessageReceived: Received message: {"Version":7,"MessageType":"TestExecution.StatsChange","Payload":{"NewTestResults":[{"TestCase":{"Id":"3e979309-b40f-d81c-b189-c1758ef67dcb","FullyQualifiedName":"UnitTest.PizzaServicesTest.GetPizza","DisplayName":"GetPizza","ExecutorUri":"executor://NUnit3TestExecutor","Source":"C:\\Users\\VC\\codestack\\GenSpark\\day29\\UTPizzaHutSolution\\UnitTest\\bin\\Debug\\net6.0\\fine-code-coverage\\build-output\\UnitTest.dll","CodeFilePath":null,"LineNumber":0,"Properties":[{"Key":{"Id":"NUnit.Seed","Label":"Seed","Category":"","Description":"","Attributes":0,"ValueType":"System.String"},"Value":"1753947352"}]},"Attachments":[],"Outcome":1,"ErrorMessage":null,"ErrorStackTrace":null,"DisplayName":"GetPizza","Messages":[{"Category":"StdOutMsgs","Text":"1\r\n"}],"ComputerName":"J9GCBX3","Duration":"00:00:01.0072360","StartTime":"2024-05-21T05:25:46.197057+00:00","EndTime":"2024-05-21T05:25:47.204181+00:00","Properties":[{"Key":{"Id":"NUnit.Seed","Label":"Seed","Category":"","Description":"","Attributes":0,"ValueType":"System.String"},"Value":"1753947352"}]},{"TestCase":{"Id":"545240e1-59e3-2de3-b73a-12904988d948","FullyQualifiedName":"UnitTest.TokenServiceTest.Test1","DisplayName":"Test1","ExecutorUri":"executor://NUnit3TestExecutor","Source":"C:\\Users\\VC\\codestack\\GenSpark\\day29\\UTPizzaHutSolution\\UnitTest\\bin\\Debug\\net6.0\\fine-code-coverage\\build-output\\UnitTest.dll","CodeFilePath":null,"LineNumber":0,"Properties":[{"Key":{"Id":"NUnit.Seed","Label":"Seed","Category":"","Description":"","Attributes":0,"ValueType":"System.String"},"Value":"407956715"}]},"Attachments":[],"Outcome":1,"ErrorMessage":null,"ErrorStackTrace":null,"DisplayName":"Test1","Messages":[],"ComputerName":"J9GCBX3","Duration":"00:00:00.1523990","StartTime":"2024-05-21T05:25:47.2084265+00:00","EndTime":"2024-05-21T05:25:47.3608246+00:00","Properties":[{"Key":{"Id":"NUnit.Seed","Label":"Seed","Category":"","Description":"","Attributes":0,"ValueType":"System.String"},"Value":"407956715"}]}],"TestRunStatistics":{"ExecutedTests":2,"Stats":{"Passed":2}},"ActiveTests":[]}}
TpTrace Verbose: 0 : 25300, 13, 2024/05/21, 10:55:47.428, 4209041253958, vstest.console.dll, TestRunRequest:SendTestRunStatsChange: Starting.
TpTrace Verbose: 0 : 25300, 13, 2024/05/21, 10:55:47.429, 4209041258287, vstest.console.dll, MulticastDelegateUtilities.SafeInvoke: TestRun.RunStatsChanged: Invoking callbacks was skipped because there are no subscribers.
TpTrace Information: 0 : 25300, 13, 2024/05/21, 10:55:47.429, 4209041259072, vstest.console.dll, TestRunRequest:SendTestRunStatsChange: Completed.
TpTrace Verbose: 0 : 25300, 13, 2024/05/21, 10:55:47.429, 4209041259462, vstest.console.dll, MulticastDelegateUtilities.SafeInvoke: LengthPrefixCommunicationChannel: MessageReceived: Invoking callback 1/1 for Microsoft.VisualStudio.TestPlatform.CommunicationUtilities.TestRequestSender+<>c__DisplayClass34_0., took 31 ms.
TpTrace Verbose: 0 : 25300, 13, 2024/05/21, 10:55:47.429, 4209041259895, vstest.console.dll, TcpClientExtensions.MessageLoopAsync: Polling on remoteEndPoint: 127.0.0.1:59359 localEndPoint: 127.0.0.1:59358 after 62 ms
TpTrace Verbose: 0 : 25300, 13, 2024/05/21, 10:55:47.429, 4209041260451, vstest.console.dll, TcpClientExtensions.MessageLoopAsync: NotifyDataAvailable remoteEndPoint: 127.0.0.1:59359 localEndPoint: 127.0.0.1:59358
TpTrace Verbose: 0 : 25300, 13, 2024/05/21, 10:55:47.429, 4209041261557, vstest.console.dll, TestRequestSender.OnExecutionMessageReceived: Received message: {"Version":7,"MessageType":"TestExecution.Completed","Payload":{"TestRunCompleteArgs":{"TestRunStatistics":{"ExecutedTests":2,"Stats":{"Passed":2}},"IsCanceled":false,"IsAborted":false,"Error":null,"AttachmentSets":[],"InvokedDataCollectors":[],"ElapsedTimeInRunningTests":"00:00:01.4661202","Metrics":{},"DiscoveredExtensions":{"TestDiscoverers":["NUnit.VisualStudio.TestAdapter.NUnit3TestDiscoverer, NUnit3.TestAdapter, Version=4.4.0.0, Culture=neutral, PublicKeyToken=4cb40d35494691ac"],"TestExecutors":["executor://NUnit3TestExecutor"],"TestExecutors2":[],"TestSettingsProviders":[]}},"LastRunTests":{"NewTestResults":[],"TestRunStatistics":{"ExecutedTests":2,"Stats":{"Passed":2}},"ActiveTests":[]},"RunAttachments":[],"ExecutorUris":["executor://nunit3testexecutor/"]}}
TpTrace Verbose: 0 : 25300, 13, 2024/05/21, 10:55:47.429, 4209041262412, vstest.console.dll, TestRequestSender.EndSession: Sending end session.
TpTrace Verbose: 0 : 25300, 13, 2024/05/21, 10:55:47.429, 4209041264538, vstest.console.dll, ProxyOperationManager.Close: waiting for test host to exit for 100 ms
TpTrace Verbose: 0 : 25300, 4, 2024/05/21, 10:55:47.431, 4209041276624, vstest.console.dll, MulticastDelegateUtilities.SafeInvoke: InternalTestLoggerEvents.SendTestResult: Invoking callback 1/1 for Microsoft.VisualStudio.TestPlatform.CommandLine.Internal.ConsoleLogger., took 1 ms.
TpTrace Verbose: 0 : 25300, 4, 2024/05/21, 10:55:47.431, 4209041283425, vstest.console.dll, MulticastDelegateUtilities.SafeInvoke: InternalTestLoggerEvents.SendTestResult: Invoking callback 1/1 for Microsoft.VisualStudio.TestPlatform.CommandLine.Internal.ConsoleLogger., took 0 ms.
TpTrace Verbose: 0 : 25300, 12, 2024/05/21, 10:55:47.447, 4209041441957, vstest.console.dll, TestHostManagerCallbacks.ctor: Experimental forwarding output is disabled.
TpTrace Warning: 0 : 25300, 12, 2024/05/21, 10:55:47.447, 4209041443490, vstest.console.dll, TestHostManagerCallbacks.ErrorReceivedCallback Test host standard error line: 
TpTrace Verbose: 0 : 25300, 12, 2024/05/21, 10:55:47.458, 4209041549758, vstest.console.dll, TestHostProvider.ExitCallBack: Host exited starting callback.
TpTrace Information: 0 : 25300, 12, 2024/05/21, 10:55:47.458, 4209041551165, vstest.console.dll, TestHostManagerCallbacks.ExitCallBack: Testhost processId: 24836 exited with exitcode: 0 error: ''
TpTrace Verbose: 0 : 25300, 12, 2024/05/21, 10:55:47.458, 4209041551501, vstest.console.dll, DotnetTestHostManager.OnHostExited: invoking OnHostExited callback
TpTrace Verbose: 0 : 25300, 12, 2024/05/21, 10:55:47.458, 4209041551977, vstest.console.dll, CrossPlatEngine.TestHostManagerHostExited: calling on client process exit callback.
TpTrace Information: 0 : 25300, 12, 2024/05/21, 10:55:47.458, 4209041552482, vstest.console.dll, TestRequestSender.OnClientProcessExit: Test host process exited. Standard error: 
TpTrace Information: 0 : 25300, 12, 2024/05/21, 10:55:47.458, 4209041552798, vstest.console.dll, SocketServer.Stop: Stop server endPoint: 127.0.0.1:59358
TpTrace Information: 0 : 25300, 12, 2024/05/21, 10:55:47.458, 4209041553039, vstest.console.dll, SocketServer.Stop: Cancellation requested. Stopping message loop.
TpTrace Information: 0 : 25300, 13, 2024/05/21, 10:55:47.458, 4209041553589, vstest.console.dll, SocketServer.Stop: Stop server endPoint: 127.0.0.1:59358
TpTrace Information: 0 : 25300, 13, 2024/05/21, 10:55:47.458, 4209041554272, vstest.console.dll, SocketServer.Stop: Cancellation requested. Stopping message loop.
TpTrace Verbose: 0 : 25300, 12, 2024/05/21, 10:55:47.458, 4209041553818, vstest.console.dll, MulticastDelegateUtilities.SafeInvoke: HostProviderEvents.OnHostExited: Invoking callback 1/1 for Microsoft.VisualStudio.TestPlatform.CrossPlatEngine.Client.ProxyOperationManager., took 0 ms.
TpTrace Information: 0 : 25300, 13, 2024/05/21, 10:55:47.458, 4209041554695, vstest.console.dll, Closing the connection
TpTrace Verbose: 0 : 25300, 13, 2024/05/21, 10:55:47.459, 4209041557855, vstest.console.dll, ProxyDataCollectionManager.InvokeDataCollectionServiceAction: Starting.
TpTrace Information: 0 : 25300, 13, 2024/05/21, 10:55:47.459, 4209041558283, vstest.console.dll, ProxyDataCollectionManager.AfterTestRunEnd: Get attachment set and invoked data collectors processId: 10248 port: 59355
TpTrace Verbose: 0 : 25300, 13, 2024/05/21, 10:55:47.459, 4209041558703, vstest.console.dll, DataCollectionRequestSender.SendAfterTestRunStartAndGetResult: Send AfterTestRunEnd message with isCancelled: False
TpTrace Verbose: 0 : 25300, 13, 2024/05/21, 10:55:47.475, 4209041724325, vstest.console.dll, DataCollectionRequestSender.SendAfterTestRunStartAndGetResult: Received message: (DataCollection.AfterTestRunEndResult) -> {"MessageType":"DataCollection.AfterTestRunEndResult","Payload":{"AttachmentSets":[],"InvokedDataCollectors":[{"Uri":"datacollector://Microsoft/TestPlatform/Extensions/Blame/v1","FriendlyName":"Blame","AssemblyQualifiedName":"Microsoft.TestPlatform.Extensions.BlameDataCollector.BlameCollector, Microsoft.TestPlatform.Extensions.BlameDataCollector, Version=15.0.0.0, Culture=neutral, PublicKeyToken=b03f5f7f11d50a3a","FilePath":"C:\\Program Files\\dotnet\\sdk\\8.0.202\\Extensions\\Microsoft.TestPlatform.Extensions.BlameDataCollector.dll","HasAttachmentProcessor":false}],"Metrics":{}}}
TpTrace Warning: 0 : 25300, 10, 2024/05/21, 10:55:47.482, 4209041787184, vstest.console.dll, DataCollectionLauncher.ErrorReceivedCallback datacollector standard error line: 
TpTrace Information: 0 : 25300, 13, 2024/05/21, 10:55:47.483, 4209041797044, vstest.console.dll, ProxyDataCollectionManager.InvokeDataCollectionServiceAction: Completed.
TpTrace Information: 0 : 25300, 10, 2024/05/21, 10:55:47.491, 4209041879375, vstest.console.dll, DataCollectionLauncher.ExitCallBack: Data collector exited with exitcode: 0 error: ''
TpTrace Verbose: 0 : 25300, 13, 2024/05/21, 10:55:47.512, 4209042088499, vstest.console.dll, TestRunRequest:SendTestRunStatsChange: Starting.
TpTrace Verbose: 0 : 25300, 13, 2024/05/21, 10:55:47.512, 4209042089784, vstest.console.dll, MulticastDelegateUtilities.SafeInvoke: TestRun.RunStatsChanged: Invoking callbacks was skipped because there are no subscribers.
TpTrace Information: 0 : 25300, 13, 2024/05/21, 10:55:47.512, 4209042090079, vstest.console.dll, TestRunRequest:SendTestRunStatsChange: Completed.
TpTrace Verbose: 0 : 25300, 13, 2024/05/21, 10:55:47.512, 4209042092937, vstest.console.dll, ParallelProxyExecutionManager: HandlePartialRunComplete: Total workloads = 1, Total started clients = 1 Total completed clients = 1, Run complete = True, Run canceled: False.
TpTrace Verbose: 0 : 25300, 13, 2024/05/21, 10:55:47.512, 4209042093294, vstest.console.dll, ParallelProxyExecutionManager: HandlePartialRunComplete: All runs completed stopping all managers.
TpTrace Verbose: 0 : 25300, 13, 2024/05/21, 10:55:47.512, 4209042093578, vstest.console.dll, ParallelOperationManager.StopAllManagers: Stopping all managers.
TpTrace Verbose: 0 : 25300, 13, 2024/05/21, 10:55:47.512, 4209042093831, vstest.console.dll, ParallelOperationManager.ClearSlots: Clearing all slots. Slots should accept more work: False
TpTrace Verbose: 0 : 25300, 13, 2024/05/21, 10:55:47.512, 4209042094224, vstest.console.dll, ParallelOperationManager.SetOccupiedSlotCount: Setting slot counts AvailableSlotCount = 1, OccupiedSlotCount = 0.
TpTrace Verbose: 0 : 25300, 13, 2024/05/21, 10:55:47.512, 4209042094656, vstest.console.dll, Occupied slots:

TpTrace Verbose: 0 : 25300, 4, 2024/05/21, 10:55:47.522, 4209042185863, vstest.console.dll, MulticastDelegateUtilities.SafeInvoke: InternalTestLoggerEvents.SendTestRunComplete: Invoking callback 1/2 for Microsoft.TestPlatform.Extensions.BlameDataCollector.BlameLogger., took 0 ms.
TpTrace Verbose: 0 : 25300, 4, 2024/05/21, 10:55:47.530, 4209042274003, vstest.console.dll, MulticastDelegateUtilities.SafeInvoke: InternalTestLoggerEvents.SendTestRunComplete: Invoking callback 2/2 for Microsoft.VisualStudio.TestPlatform.CommandLine.Internal.ConsoleLogger., took 8 ms.
TpTrace Verbose: 0 : 25300, 13, 2024/05/21, 10:55:47.531, 4209042280348, vstest.console.dll, TestRunRequest:TestRunComplete: Starting. IsAborted:False IsCanceled:False.
TpTrace Verbose: 0 : 25300, 13, 2024/05/21, 10:55:47.531, 4209042283342, vstest.console.dll, ParallelOperationManager.DoActionOnAllManagers: Calling an action on all managers.
TpTrace Verbose: 0 : 25300, 13, 2024/05/21, 10:55:47.533, 4209042295326, vstest.console.dll, TestLoggerManager.HandleTestRunComplete: Ignoring as the object is disposed.
TpTrace Verbose: 0 : 25300, 13, 2024/05/21, 10:55:47.533, 4209042298929, vstest.console.dll, MulticastDelegateUtilities.SafeInvoke: TestRun.TestRunComplete: Invoking callback 1/2 for Microsoft.VisualStudio.TestPlatform.CommandLine.TestRunResultAggregator., took 0 ms.
TpTrace Verbose: 0 : 25300, 13, 2024/05/21, 10:55:47.533, 4209042301246, vstest.console.dll, MulticastDelegateUtilities.SafeInvoke: TestRun.TestRunComplete: Invoking callback 2/2 for Microsoft.VisualStudio.TestPlatform.CommandLine.Processors.RunTestsArgumentExecutor+TestRunRequestEventsRegistrar., took 0 ms.
TpTrace Information: 0 : 25300, 13, 2024/05/21, 10:55:47.533, 4209042302978, vstest.console.dll, TestRunRequest:TestRunComplete: Completed.
TpTrace Verbose: 0 : 25300, 13, 2024/05/21, 10:55:47.533, 4209042303487, vstest.console.dll, TestRequestSender.SetOperationComplete: Setting operation complete.
TpTrace Verbose: 0 : 25300, 1, 2024/05/21, 10:55:47.533, 4209042303557, vstest.console.dll, TestRunRequest.Dispose: Starting.
TpTrace Information: 0 : 25300, 13, 2024/05/21, 10:55:47.533, 4209042303932, vstest.console.dll, SocketServer.Stop: Stop server endPoint: 127.0.0.1:59358
TpTrace Information: 0 : 25300, 1, 2024/05/21, 10:55:47.534, 4209042305575, vstest.console.dll, TestRunRequest.Dispose: Completed.
TpTrace Information: 0 : 25300, 13, 2024/05/21, 10:55:47.534, 4209042305864, vstest.console.dll, SocketServer.Stop: Cancellation requested. Stopping message loop.
TpTrace Information: 0 : 25300, 1, 2024/05/21, 10:55:47.534, 4209042306935, vstest.console.dll, TestRequestManager.RunTests: run tests completed.
TpTrace Verbose: 0 : 25300, 13, 2024/05/21, 10:55:47.534, 4209042307116, vstest.console.dll, MulticastDelegateUtilities.SafeInvoke: LengthPrefixCommunicationChannel: MessageReceived: Invoking callback 1/1 for Microsoft.VisualStudio.TestPlatform.CommunicationUtilities.TestRequestSender+<>c__DisplayClass34_0., took 104 ms.
TpTrace Information: 0 : 25300, 13, 2024/05/21, 10:55:47.534, 4209042308094, vstest.console.dll, SocketServer.PrivateStop: Stopping server endPoint: 127.0.0.1:59358 error: 
TpTrace Information: 0 : 25300, 1, 2024/05/21, 10:55:47.534, 4209042308337, vstest.console.dll, RunTestsArgumentProcessor:Execute: Test run is completed.
TpTrace Verbose: 0 : 25300, 1, 2024/05/21, 10:55:47.534, 4209042312063, vstest.console.dll, Executor.Execute: Exiting with exit code of 0
TpTrace Verbose: 0 : 25300, 13, 2024/05/21, 10:55:47.534, 4209042314071, vstest.console.dll, LengthPrefixCommunicationChannel.Dispose: Dispose reader and writer.
TpTrace Information: 0 : 25300, 13, 2024/05/21, 10:55:47.535, 4209042315162, vstest.console.dll, SocketServer.Stop: Raise disconnected event endPoint: 127.0.0.1:59358 error: 
TpTrace Verbose: 0 : 25300, 13, 2024/05/21, 10:55:47.535, 4209042316496, vstest.console.dll, TestRequestSender: OnTestRunAbort: Operation is already complete. Skip error message.
TpTrace Verbose: 0 : 25300, 13, 2024/05/21, 10:55:47.535, 4209042317011, vstest.console.dll, MulticastDelegateUtilities.SafeInvoke: SocketServer: ClientDisconnected: Invoking callback 1/1 for Microsoft.VisualStudio.TestPlatform.CommunicationUtilities.TestRequestSender., took 0 ms.
TpTrace Verbose: 0 : 25300, 13, 2024/05/21, 10:55:47.535, 4209042317384, vstest.console.dll, TcpClientExtensions.MessageLoopAsync: exiting MessageLoopAsync remoteEndPoint: 127.0.0.1:59359 localEndPoint: 127.0.0.1:59358
